ARM GAS  /tmp/ccHaZVfu.s 			page 1


   1              		.syntax unified
   2              		.cpu cortex-m0
   3              		.fpu softvfp
   4              		.eabi_attribute 20, 1
   5              		.eabi_attribute 21, 1
   6              		.eabi_attribute 23, 3
   7              		.eabi_attribute 24, 1
   8              		.eabi_attribute 25, 1
   9              		.eabi_attribute 26, 1
  10              		.eabi_attribute 30, 6
  11              		.eabi_attribute 34, 0
  12              		.eabi_attribute 18, 4
  13              		.thumb
  14              		.syntax unified
  15              		.file	"board.c"
  16              		.text
  17              	.Ltext0:
  18              		.section	.gnu.lto_.inline.f796eb2f6987427,"",%progbits
  19 0000 789C6361 		.ascii	"x\234ca`d\000\001m\006\004`b``\341\001RL\013\344\031"
  19      60640001 
  19      6D060460 
  19      626060E1 
  19      01524C0B 
  20 0016 58403C06 		.ascii	"X@<\006\006F.\020\301\300\314\204*\314\000\0001\332"
  20      06462E10 
  20      C1C0CC84 
  20      2ACC0000 
  20      31DA
  21 0028 01E6     		.ascii	"\001\346"
  22              		.text
  23              		.section	.gnu.lto___early_init.f796eb2f6987427,"",%progbits
  24 0000 789C6361 		.ascii	"x\234ca`d\000\201%@\314\005\304\242 \0163\003#\023\003"
  24      60640081 
  24      2540CC05 
  24      C4A2200E 
  24      33032313 
  25 0015 103382E4 		.ascii	"\0203\202\344\030\031\352\231\030\353\031\2772\375e"
  25      1819EA99 
  25      18EB19BF 
  25      32FD65
  26 0024 623CD4FE 		.ascii	"b<\324\376l'\223\346\362\006 x\360\364\231A\303\212"
  26      6C2793E6 
  26      F2062078 
  26      F0F49941 
  26      C38A
  27 0036 038CADCC 		.ascii	"\003\214\255\314\014\014\377\231\300f00.g\324d\000*"
  27      0C0CFF99 
  27      C0663030 
  27      2E67D464 
  27      002A
  28 0048 7BB4F1DF 		.ascii	"{\264\361\337T^\266\026\2202\005\210$\343\012F6\220"
  28      545EB616 
  28      90320588 
  28      24E30A46 
  28      3690
  29 005a 61EB830E 		.ascii	"a\353\203\0164\374\377\337\334\320\360\331`\2362P\347"
  29      34FCFFDF 
ARM GAS  /tmp/ccHaZVfu.s 			page 2


  29      DCD0F0D9 
  29      609E3250 
  29      E7
  30 006b 07B0CE8F 		.ascii	"\007\260\316\217L@\212\371\005c\363\201\335\307\030"
  30      4C408AF9 
  30      0563F381 
  30      DDC718
  31 007a 414A4186 		.ascii	"AJA\206\354\334\371\3466{\375\337\206\216\206\006\201"
  31      ECDCF9E6 
  31      367BFDDF 
  31      868E8606 
  31      81
  32 008b 5666C6FF 		.ascii	"Vf\306\377L@\375\214+\031\353\031Z\231\231\030^16\035"
  32      4C40FD8C 
  32      2B19EB19 
  32      5A999918 
  32      5E31361D 
  33 009f D8EB0656 		.ascii	"\330\353\006V\012\002\037@\222@38\222\362\023\213R\364"
  33      0A021F40 
  33      92403338 
  33      92F2138B 
  33      52F4
  34 00b1 92190067 		.ascii	"\222\031\000g79\260"
  34      3739B0
  35              		.text
  36              		.section	.gnu.lto_boardInit.f796eb2f6987427,"",%progbits
  37 0000 789C6361 		.ascii	"x\234ca`d\000\201R \346\002bQ\020\207\231\201\221\211"
  37      60640081 
  37      5220E602 
  37      62511087 
  37      99819189 
  38 0014 01881941 		.ascii	"\001\210\031Ar\214\014\365L\214\365\214_\231\37621\036"
  38      728C0CF5 
  38      4C8CF58C 
  38      5F99FE32 
  38      311E
  39 0026 6A7FB693 		.ascii	"j\177\266\223Isy\003\020<8\372\315\240a\305\001\306"
  39      49737903 
  39      103C38FA 
  39      CDA061C5 
  39      01C6
  40 0038 56660686 		.ascii	"Vf\006\206\377L`3\030\030\2273j2\000\225=\332\370o*"
  40      FF4C6033 
  40      18189733 
  40      6A320095 
  40      3DDAF86F 
  41 004d 2F5B0B48 		.ascii	"/[\013H\231\002D\222q\005#\033\310\260\365A\007\032"
  41      99024492 
  41      7105231B 
  41      C8B0F541 
  41      071A
  42 005f FEFF6F6E 		.ascii	"\376\377onh\270kp[\031(\361\001\254\363#\023\220b~\005"
  42      68B86B70 
  42      5B1928F1 
  42      01ACF323 
  42      1390627E 
  43 0074 B410A80C 		.ascii	"\264\020\250\014l\322\007&\240j\240 GR~bQ\212^2\003"
ARM GAS  /tmp/ccHaZVfu.s 			page 3


  43      6CD20726 
  43      A06AA020 
  43      47527E62 
  43      518A5E32 
  44 0089 001BD227 		.ascii	"\000\033\322'\343"
  44      E3
  45              		.text
  46              		.section	.gnu.lto_pal_default_config.f796eb2f6987427,"",%progbits
  47 0000 789C6361 		.ascii	"x\234ca`d\000\001\001&\006(\213\201\341/\023\343\372"
  47      60640001 
  47      01260628 
  47      8B81E12F 
  47      13E3FA
  48 0013 373B7FF2 		.ascii	"7;\177\362~aje\006\012\002\271\037\247\336<\311\016"
  48      7E616A65 
  48      060A02B9 
  48      1FA7DE3C 
  48      C90E
  49 0025 E1FEF9CF 		.ascii	"\341\376\371\317\014\024\270\264ni\007\013D\340\352"
  49      0C14B8B4 
  49      6E69070B 
  49      44E0EA
  50 0034 AAABAB58 		.ascii	"\252\253\253X\201BwO\254\\\315\014\021\372\017\004\374"
  50      8142774F 
  50      AC5CCD0C 
  50      11FA0F04 
  50      FC
  51 0045 40A1934B 		.ascii	"@\241\223Kv\375\341\201\010\201T\264M]\377\231\313b"
  51      76FDE181 
  51      088154B4 
  51      4D5DFF99 
  51      CB62
  52 0057 5B43C782 		.ascii	"[C\307\202\206\202Vf\306\177L\014\214\253\031e\3761"
  52      86825666 
  52      C67F4C0C 
  52      8CAB1965 
  52      FE31
  53 0069 31322E07 		.ascii	"12.\007QL\214\253@\0243\343J\020\305\302\270\002D\261"
  53      514C8CAB 
  53      401433E3 
  53      4A10C5C2 
  53      B80244B1 
  54 007d 42E4D840 		.ascii	"B\344\330@\024\310%K\177\375\376\000\267\005\344\222"
  54      14C8254B 
  54      7FFDFE00 
  54      B705E492 
  55 008d 87175FCC 		.ascii	"\207\027_\314\347G5t9\036C\327b3\364\322\2073s\271!"
  55      E7473574 
  55      391E43D7 
  55      6233F4D2 
  55      873373B9 
  56 00a2 860A00B9 		.ascii	"\206\012\000\271\263v\1779\305\012\341r\000\271\363"
  56      B3767F39 
  56      C50AE172 
  56      00B9F3
  57 00b1 D6FEFACB 		.ascii	"\326\376\372\313\212j\303\006\3026\254G\261\341\367"
  57      8A6AC306 
ARM GAS  /tmp/ccHaZVfu.s 			page 4


  57      C236AC47 
  57      B1E1F7
  58 00c0 8F453319 		.ascii	"\217E3\031!F.jh\350`\004\012Mx\336\275\002\352\223\367"
  58      21462E6A 
  58      68E86004 
  58      0A4D78DE 
  58      BD02EA93 
  59 00d5 609FAC5E 		.ascii	"`\237\254^s\264\227\007\021\246l@\241UG\016\331CD\272"
  59      73B49707 
  59      11A66C40 
  59      A155470E 
  59      D94344BA 
  60 00e9 0E351D60 		.ascii	"\0165\035`\002\212l\276\370\362\011Z\030n\305\346\230"
  60      028A6CBE 
  60      F8F2095A 
  60      186EC5E6 
  60      98
  61 00fa 2D10C76C 		.ascii	"-\020\307l\2068f\023\212c\216\177=t\213\011b\206C+3"
  61      86386613 
  61      8A638E7F 
  61      3D748B09 
  61      6286432B 
  62 010f D33F2676 		.ascii	"\323?&v\306m\214\026\377\2308\0307\202(N\306u \212\213"
  62      C66D8C16 
  62      FF983818 
  62      3782284E 
  62      C675208A 
  63 0124 710DA305 		.ascii	"q\015\243\005\003\343v \001\000J\235\273P"
  63      03E37620 
  63      01004A9D 
  63      BB50
  64              		.text
  65              		.section	.gnu.lto_.symbol_nodes.f796eb2f6987427,"",%progbits
  66 0000 789C6361 		.ascii	"x\234ca`d\360`\000\002\246\215\214\365\014\014\023\316"
  66      6064F060 
  66      0002A68D 
  66      8CF50C0C 
  66      13CE
  67 0012 313000A9 		.ascii	"10\000\251U\215\212@\221M\214\365\214(\"\254\033\030"
  67      558D8A40 
  67      914D8CF5 
  67      8C2822AC 
  67      1B18
  68 0024 195A8580 		.ascii	"\031Z\205\200\212\03173\3263\201\245\030\030\032\032"
  68      8A193733 
  68      D63381A5 
  68      18181A1A 
  69 0034 14181898 		.ascii	"\024\030\030\230\201p\311\203\177\216\014\000lV\020"
  69      8170C983 
  69      7F8E0C00 
  69      6C5610
  70 0043 D2       		.ascii	"\322"
  71              		.text
  72              		.section	.gnu.lto_.refs.f796eb2f6987427,"",%progbits
  73 0000 789C6361 		.ascii	"x\234ca`\004B \000\000\0009\000\007"
  73      60044220 
  73      00000039 
ARM GAS  /tmp/ccHaZVfu.s 			page 5


  73      0007
  74              		.text
  75              		.section	.gnu.lto_.decls.f796eb2f6987427,"",%progbits
  76 0000 789C9555 		.ascii	"x\234\225UmLSW\030\276oO)\245\024!\260,\376 \03135\342"
  76      6D4C5357 
  76      18BE6F4F 
  76      29A51421 
  76      B02CFE20 
  77 0018 16B913FD 		.ascii	"\026\271\023\375\261\237s\030\225\304M2\235\177\233"
  77      B19F7318 
  77      95C44D32 
  77      9D7F9B
  78 0027 42AB342B 		.ascii	"B\2534+m\323\226M\263\037\273\010\302tSa\030\243\250"
  78      6DD3964D 
  78      B31FBB08 
  78      C2745361 
  78      18A3A8
  79 003a 1B7E4454 		.ascii	"\033~DT\024p~\014a\314:\277P\001k\253h\345\253Sa.\303"
  79      14707E0C 
  79      61CC3ABF 
  79      50016BAB 
  79      68E5AB53 
  80 0051 F93915A3 		.ascii	"\3719\025\243s\3579\347\266\267\324\352\262\223<\367"
  80      73EF39E7 
  80      B6B7D4EA 
  80      B2933CF7 
  81 0061 9EF79CE7 		.ascii	"\236\367\234\347}\336\367\274\357i\257Z\000\201\216"
  81      7DDEF7BC 
  81      EF69AF5A 
  81      00818E
  82 0070 F55A4158 		.ascii	"\365ZAX\215\323[8\177\201C\215\357\305\2022\010b?\242"
  82      8DD35B38 
  82      7F81438D 
  82      EFC58232 
  82      08623FA2 
  83 0084 19710041 		.ascii	"\031q\000A\275\206\205\361c\277\314\243~#\210}\362\272"
  83      BD8685F1 
  83      63BFCCA3 
  83      7E23887D 
  83      F2BA
  84 0096 4ADE3B20 		.ascii	"J\336; \274<\232e\255p,\220\327b\307\260\254=\005q\005"
  84      BC3C9A65 
  84      AD702C90 
  84      D762C7B0 
  84      AC3D0571 
  85 00ab 7113918C 		.ascii	"q\023\221\214\270\204\350F\364 |\210.D\000q\021\021"
  85      B884E846 
  85      F4207C88 
  85      2E440071 
  85      1111
  86 00bd 42F42386 		.ascii	"B\364#\206\020\203q4\351x\256\202\306\337;z\265}\020"
  86      10837134 
  86      E978AE82 
  86      C6DF3B7A 
  86      B57D10
  87 00d0 A4A1210D 		.ascii	"\244\241!\015\000\004\271&\221\001\034\000\221\343("
  87      0004B926 
ARM GAS  /tmp/ccHaZVfu.s 			page 6


  87      91011C00 
  87      91E328
  88 00df 0C88E186 		.ascii	"\014\210\341\206\211\240l\2000\316\203\325\227\015e"
  88      89A06C80 
  88      30CE83D5 
  88      970D65
  89 00ee 09D8909D 		.ascii	"\011\330\220\235\242\025\303\2411,\237\202\020\311\""
  89      A215C3A1 
  89      312C9F82 
  89      10C922
  90 00fd CC8DD293 		.ascii	"\314\215\322\223\263\2078y\261A\302\207\276w{]O*AM\234"
  90      B3873879 
  90      B141C287 
  90      BE777B5D 
  90      4F2A414D 
  91 0112 0F8DED9E 		.ascii	"\017\215\355\236\223\263O\302Q-I\252\267\224\312\\\254"
  91      93B34FC2 
  91      512D49AA 
  91      B794CA5C 
  91      AC
  92 0123 68D9421E 		.ascii	"h\331B\036\252 ]\007j\352\323]wc\002\232o\350 \013\315"
  92      AA205D07 
  92      6AEAD35D 
  92      7763029A 
  92      6FE8200B 
  93 0138 E76737D7 		.ascii	"\347g7\327\251&n`~\345R\226\032\026\277\011\215\220"
  93      A9266E60 
  93      7EE55296 
  93      1A16BF09 
  93      8D90
  94 014a 097B2113 		.ascii	"\011{!\023\303\357\203\211\370,Ts\245\025\376[=\023"
  94      C3EF8389 
  94      F82C5473 
  94      A515FE5B 
  94      3D13
  95 015c 26D54BF5 		.ascii	"&\325K\365\365R\350\336\250~C\271\324\211nY\224\005"
  95      F552E8DE 
  95      A87E43B9 
  95      D4896E59 
  95      9405
  96 016e BB81C01E 		.ascii	"\273\201\300\036\310\241\207\301)}5@\037\236a?LB\317"
  96      C8A187C1 
  96      297D3540 
  96      1F9E613F 
  96      4C42CF
  97 0181 AE91812F 		.ascii	"\256\221\201/\311\333,\317o\353\266z\011\027\361\036"
  97      C9DB2CCF 
  97      6FEBB67A 
  97      0917F11E 
  98 0191 3AA397AA 		.ascii	":\243\227\252\313$\351\003&\321\244H4EK43\011\351V{"
  98      CB24E903 
  98      26D1A448 
  98      34454B34 
  98      3309E956 
  99 01a6 7F2A7997 		.ascii	"\177*y\227i\034i>\370 \0055B\222\024\032\353\370\242"
  99      691C693E 
  99      F8200535 
ARM GAS  /tmp/ccHaZVfu.s 			page 7


  99      4292141A 
  99      EBF8A2
 100 01b9 6C47A5B7 		.ascii	"lG\245\267\032X\266\320\242\210\264\000/\024\034`\002"
 100      1A58B6D0 
 100      A288B400 
 100      2F141C60 
 100      02
 101 01ca 9D279A1E 		.ascii	"\235'\232\036%\023\007\023x\361GpG\022\257\311]jW6\\"
 101      25130713 
 101      78F14770 
 101      4712AFC9 
 101      5D6A5736 
 102 01df 5B437851 		.ascii	"[CxQ\244D\264\003#\333*\364|\337G\367[;n\347r3\023\255"
 102      A444B403 
 102      23DB2AF4 
 102      7CDF47F7 
 102      5B3B6EE7 
 103 01f7 B6817BDE 		.ascii	"\266\201{\336d\316\016\001\332\273G\266\254\225\331"
 103      64CE0E01 
 103      DABB47B6 
 103      AC95D9
 104 0206 EFA379B8 		.ascii	"\357\243y\270\273u0\201\254\000\026\351\257\212\341"
 104      BB753081 
 104      AC0016E9 
 104      AF8AE1
 105 0215 5032DF9B 		.ascii	"P2\337\233\210\246\377n\327V\331LC\263\177U\345\367"
 105      88A6FF6E 
 105      D756D94C 
 105      43B37F55 
 105      E5F7
 106 0227 1AB28A53 		.ascii	"\032\262\212S\007:\3674\322$\246\350\200\336\203T\\"
 106      073AF734 
 106      D224A6E8 
 106      80DE8354 
 106      5C
 107 0238 6A1E3D3A 		.ascii	"j\036=:\226\302\227(\303\277\356\376\316D\262\226\321"
 107      96C29728 
 107      C3BFEEFE 
 107      CE44B296 
 107      D1
 108 0249 558D357F 		.ascii	"U\2155\177\372\223 [\267\213\366.\364\340\334\354\232"
 108      FA93205B 
 108      B78BF62E 
 108      F4E0DCEC 
 108      9A
 109 025a 2A6C3C1C 		.ascii	"*l<\034\007\035\034S\2120E\207\317\257%i\005mo\372<"
 109      071D1C53 
 109      8A304587 
 109      CFAF2569 
 109      056D6FFA 
 110 026f 21D25CF0 		.ascii	"!\322\\\360B6\325\245<\370\005\027;p\021c\354\331Y\263"
 110      4236D5A5 
 110      3CF80517 
 110      3B701163 
 110      ECD959B3 
 111 0283 5D437A78 		.ascii	"]Czx\214\275M\027N'\202.;\256\300\3118\002<\231\241"
 111      8CBD4D17 
ARM GAS  /tmp/ccHaZVfu.s 			page 8


 111      4E27822E 
 111      3BAEC0C9 
 111      38023C99 
 112 0298 B533F126 		.ascii	"\2653\361&\246\301\011\314\345W%\027L\215_\244\353m"
 112      A6C109CC 
 112      E5572517 
 112      4C8D5FA4 
 112      EB6D
 113 02aa FD652A52 		.ascii	"\375e*R\306/n]\373\303s\011\274$Z4\357\324\236\352V"
 113      C62F6E5D 
 113      FBC37309 
 113      BC245A34 
 113      EFD49EEA 
 114 02bf 91957C6F 		.ascii	"\221\225|o\344j\371&\015\371\206\033\325\317\203\222"
 114      E46AF926 
 114      0DF9861B 
 114      D5CF8392 
 115 02cf 86D47263 		.ascii	"\206\324rc\315\235'\333\324\244\216\033\301\362\307"
 115      CD9D27DB 
 115      D4A48E1B 
 115      C1F2C7
 116 02de BD29A49E 		.ascii	"\275)\244\236\031I[\017\366\236L\004\203\301\220a0d"
 116      19495B0F 
 116      F69E4C04 
 116      83C19061 
 116      3064
 117 02f0 1B0CDB69 		.ascii	"\033\014\333i\352\241\315\201\257j\033*\245j\023\313"
 117      EAA1CD81 
 117      AF6A1B2A 
 117      A56A13CB 
 118 0300 E914E674 		.ascii	"\351\024\346t\0012\224\243\264\263\333>\035\037\002"
 118      013294A3 
 118      B4B3DB3E 
 118      1D1F02
 119 030f E37BEF5F 		.ascii	"\343{\357_\320\207\311gc\311\"\3456\202B~\244\220;c"
 119      D087C967 
 119      63C922E5 
 119      3682427E 
 119      A4903B63 
 120 0323 C9A715E5 		.ascii	"\311\247\025\345\032\371\307)\201Z\200\237\220p\204"
 120      1AF9C729 
 120      815A809F 
 120      907084
 121 0332 ED513A16 		.ascii	"\355Q:\026\010\374X\316K`\200nD\017\302\207\350B\004"
 121      08FC58CE 
 121      4B60806E 
 121      440FC287 
 121      E84204
 122 0345 1017C1C0 		.ascii	"\020\027\301\300\2562\217\367T\211w&~\274\350\3546\370"
 122      AE328FF7 
 122      54897726 
 122      7EBCE8EC 
 122      36F8
 123 0357 23ECF3B1 		.ascii	"#\354\363\261\3546%;\3269o\037JKZJ\022\344\256)ak\375"
 123      EC36253B 
 123      D6396F1F 
 123      4A4B5A4A 
ARM GAS  /tmp/ccHaZVfu.s 			page 9


 123      12E4AE29 
 124 036e 999B246F 		.ascii	"\231\233$o\005aR?\307/at\340A%\315sqk\310\342b\373\216"
 124      0561523F 
 124      C72F6174 
 124      E04125CD 
 124      73716BC8 
 125 0386 FD53E1D3 		.ascii	"\375S\341\323\220 k\237\252\366\316\221v-dg\360|6\371"
 125      90206B9F 
 125      AAF6CE91 
 125      762D6467 
 125      F07C36F9 
 126 039a 81E67305 		.ascii	"\201\346s\005}/+\027\211\246\367\212zB/\226\361\377"
 126      7D2F2B17 
 126      89A6F78A 
 126      7A422F96 
 126      F1FF
 127 03ac 9494FE0A 		.ascii	"\224\224\376\012\357\367V%\223Q~\227\232\237\255o\320"
 127      EFF75625 
 127      93517E97 
 127      9A9FAD6F 
 127      D0
 128 03bd 9007DC08 		.ascii	"\220\007\334\010<\366U\351\310Sfh\236U\355\372!\005"
 128      3CF655E9 
 128      C8536668 
 128      9E55EDFA 
 128      2105
 129 03cf 32E8A532 		.ascii	"2\350\2452\214\213}\010c\037d\307\357\223\003\017`\340"
 129      8C8B7D08 
 129      631F64C7 
 129      EF93030F 
 129      60E0
 130 03e1 1006E947 		.ascii	"\020\006\351G\014!\006\225\376\341\241\202\376\3142"
 130      0C210695 
 130      FEE1A182 
 130      FECC32
 131 03f0 56487AAC 		.ascii	"VHz\254\253x,\352\0269@[T!y\021\332\375\254)}/5\205"
 131      AB782CEA 
 131      1639405B 
 131      54217911 
 131      DAFDAC29 
 132 0408 162810A5 		.ascii	"\026(\020\245u-V\353\360\370\246 \377\356'\264'\224"
 132      752D56EB 
 132      F0F8A620 
 132      FFEE27B4 
 132      2794
 133 041a 7C3496DC 		.ascii	"|4\226\334:\356G\200\\_\204\033\214\345\216\353\337"
 133      3AEE4780 
 133      5C5F841B 
 133      8CE58EEB 
 133      DF
 134 042b F1B1D195 		.ascii	"\361\261\321\225\251\244\214\260\376\371:;\036\246D"
 134      A9A48CB0 
 134      FEF93A3B 
 134      1EA644
 135 043a FAF77780 		.ascii	"\372\367w\200\365\357\006\372\376\246\364\257\357\345"
 135      F5EF06FA 
 135      FEA6F4AF 
ARM GAS  /tmp/ccHaZVfu.s 			page 10


 135      EFE5
 136 0448 FE856B08 		.ascii	"\376\205k\010\327\261t\377UF\214\271q\343\345w2d\005"
 136      D7B174FF 
 136      55468CB9 
 136      71E3E577 
 136      326405
 137 045b EF2B1584 		.ascii	"\357+\025\204W\271o+\177\326O&\357\220Z\350\247\354"
 137      57B96F2B 
 137      7FD64F26 
 137      EF905AE8 
 137      A7EC
 138 046d 49FE7792 		.ascii	"I\376w\2224\017n\242\317\217<\311\250\226\322\225E*"
 138      340F6EA2 
 138      CF8F3CC9 
 138      A896D295 
 138      452A
 139 047f 01866132 		.ascii	"\001\206a2\375\263\012n9\257\325\257\216\374\035\262"
 139      FDB30A6E 
 139      39AFD5AF 
 139      8EFC1DB2 
 140 048f 6F8EF2BD 		.ascii	"o\216\362\275\034\001=\373\342\320\267\336h\264\230"
 140      1C013DFB 
 140      E2D0B7DE 
 140      68B498
 141 049e 5CB6E546 		.ascii	"\\\266\345F\253\335\352\321\316\375\370\323\254\274"
 141      ABDDEAD1 
 141      CEFDF8D3 
 141      ACBC
 142 04ac E9D3056D 		.ascii	"\351\323\005m\241\303\3442\347\024\011Il\222\217{in"
 142      A1C3E432 
 142      E7140949 
 142      6C928F7B 
 142      696E
 143 04be 4FC98C5C 		.ascii	"O\311\214\\c\221\315Q\364\031#\347\346\344\210y\305"
 143      6391CD51 
 143      F41923E7 
 143      E6E48879 
 143      C5
 144 04cf D642EB82 		.ascii	"\326B\353\202\205\242\303-\026\233l\242\323\341\362"
 144      85A2C32D 
 144      169B6CA2 
 144      D3E1F2
 145 04de B8C5858B 		.ascii	"\270\305\205\213>\232\221\313\237s\336[\266\214\356"
 145      3E9A91CB 
 145      9F73DE5B 
 145      B68CEE
 146 04ed 186D3673 		.ascii	"\030m6sN\261\220\356\304\251\331\262\304Tj\363\030\213"
 146      4EB190EE 
 146      C4A9D9B2 
 146      C4546AF3 
 146      188B
 147 04ff 1CF625D6 		.ascii	"\034\366%\326\245\232\202\274\331&\217ImZ\342\262\351"
 147      A59A82BC 
 147      D9268F49 
 147      6D5AE2B2 
 147      E9
 148 0510 8CC652AB 		.ascii	"\214\306R\253\335\203Q<3\305R\267K4\271J\246\331\035"
ARM GAS  /tmp/ccHaZVfu.s 			page 11


 148      DD83513C 
 148      33C552B7 
 148      4B34B94A 
 148      A6D91D
 149 0523 76CB348B 		.ascii	"v\3134\213\251\320*Z\355E\266R\263E,1\025\025[\355\026"
 149      A9D02A5A 
 149      ED45B652 
 149      B3452C31 
 149      15155BED 
 150 0538 31A2E459 		.ascii	"1\242\344Y\356\264\270Q^\033\366\236\372\032o\367r\267"
 150      EEB4B851 
 150      5E1BF69E 
 150      FA1A6FF7 
 150      72B7
 151 054a 68747BCC 		.ascii	"ht{\314HE\027\3420\273\022\234\245N\263+\321\341vZ,"
 151      484517E2 
 151      30BB129C 
 151      A54EB32B 
 151      D1E1765A 
 152 055f 6697C641 		.ascii	"f\227\306A\345\\\011%\016\263\305E\323*\236\361\372"
 152      E55C0925 
 152      0EB3C545 
 152      D32A9EF1 
 152      FA
 153 0570 83CE9F3F 		.ascii	"\203\316\237?[\234[\220\277\340\363\\\321\251\234\224"
 153      5B9C5B90 
 153      BFE0F35C 
 153      D1A99C94 
 154 0580 576BA9D3 		.ascii	"Wk\251\323\3520\272-\236R\247\321\243)\370\220\236T"
 154      EA30BA2D 
 154      9E52A7D1 
 154      A329F890 
 154      9E54
 155 0592 53308BBF 		.ascii	"S0\213\277\346\320WR\301\254\371y\254\020\377\002n\332"
 155      E6D05752 
 155      C1ACF979 
 155      AC10FF02 
 155      6EDA
 156 05a4 FC39     		.ascii	"\3749"
 157              		.text
 158              		.section	.gnu.lto_.symtab.f796eb2f6987427,"",%progbits
 159 0000 5F5F6561 		.ascii	"__early_init\000"
 159      726C795F 
 159      696E6974 
 159      00
 160 000d 00       		.ascii	"\000"
 161 000e 00       		.ascii	"\000"
 162 000f 00       		.ascii	"\000"
 163 0010 00000000 		.ascii	"\000\000\000\000\000\000\000\000"
 163      00000000 
 164 0018 AD000000 		.ascii	"\255\000\000\000"
 165 001c 626F6172 		.ascii	"boardInit\000"
 165      64496E69 
 165      7400
 166 0026 00       		.ascii	"\000"
 167 0027 00       		.ascii	"\000"
 168 0028 00       		.ascii	"\000"
ARM GAS  /tmp/ccHaZVfu.s 			page 12


 169 0029 00000000 		.ascii	"\000\000\000\000\000\000\000\000"
 169      00000000 
 170 0031 AF000000 		.ascii	"\257\000\000\000"
 171 0035 70616C5F 		.ascii	"pal_default_config\000"
 171      64656661 
 171      756C745F 
 171      636F6E66 
 171      696700
 172 0048 00       		.ascii	"\000"
 173 0049 00       		.ascii	"\000"
 174 004a 00       		.ascii	"\000"
 175 004b 00000000 		.ascii	"\000\000\000\000\000\000\000\000"
 175      00000000 
 176 0053 E5000000 		.ascii	"\345\000\000\000"
 177 0057 73746D33 		.ascii	"stm32_clock_init\000"
 177      325F636C 
 177      6F636B5F 
 177      696E6974 
 177      00
 178 0068 00       		.ascii	"\000"
 179 0069 02       		.ascii	"\002"
 180 006a 00       		.ascii	"\000"
 181 006b 00000000 		.ascii	"\000\000\000\000\000\000\000\000"
 181      00000000 
 182 0073 B1000000 		.ascii	"\261\000\000\000"
 183              		.text
 184              		.section	.gnu.lto_.opts,"",%progbits
 185 0000 272D666D 		.ascii	"'-fmath-errno' '-fsigned-zeros' '-ftrapping-math' '"
 185      6174682D 
 185      6572726E 
 185      6F272027 
 185      2D667369 
 186 0033 2D666E6F 		.ascii	"-fno-trapv' '-fno-strict-overflow' '-fno-openmp' '-"
 186      2D747261 
 186      70762720 
 186      272D666E 
 186      6F2D7374 
 187 0066 666E6F2D 		.ascii	"fno-openacc' '-mcpu=cortex-m0' '-mno-thumb-interwor"
 187      6F70656E 
 187      61636327 
 187      20272D6D 
 187      6370753D 
 188 0099 6B272027 		.ascii	"k' '-mthumb' '-ggdb' '-O0' '-fomit-frame-pointer' '"
 188      2D6D7468 
 188      756D6227 
 188      20272D67 
 188      67646227 
 189 00cc 2D66616C 		.ascii	"-falign-functions=16' '-ffunction-sections' '-fdata"
 189      69676E2D 
 189      66756E63 
 189      74696F6E 
 189      733D3136 
 190 00ff 2D736563 		.ascii	"-sections' '-fno-common' '-flto'\000"
 190      74696F6E 
 190      73272027 
 190      2D666E6F 
 190      2D636F6D 
ARM GAS  /tmp/ccHaZVfu.s 			page 13


 191              		.text
 192              		.comm	__gnu_lto_v1,1,1
 193              		.comm	__gnu_lto_slim,1,1
 194              		.ident	"GCC: (GNU Tools for ARM Embedded Processors) 5.4.1 20160609 (release) [ARM/embedded-5-bran
ARM GAS  /tmp/ccHaZVfu.s 			page 14


DEFINED SYMBOLS
                            *ABS*:0000000000000000 board.c
                            *COM*:0000000000000001 __gnu_lto_v1
                            *COM*:0000000000000001 __gnu_lto_slim

NO UNDEFINED SYMBOLS
