ARM GAS  /tmp/ccw7IIhb.s 			page 1


   1              		.syntax unified
   2              		.cpu cortex-m0
   3              		.fpu softvfp
   4              		.eabi_attribute 20, 1
   5              		.eabi_attribute 21, 1
   6              		.eabi_attribute 23, 3
   7              		.eabi_attribute 24, 1
   8              		.eabi_attribute 25, 1
   9              		.eabi_attribute 26, 1
  10              		.eabi_attribute 30, 6
  11              		.eabi_attribute 34, 0
  12              		.eabi_attribute 18, 4
  13              		.thumb
  14              		.syntax unified
  15              		.file	"chcore_v6m.c"
  16              		.text
  17              	.Ltext0:
  18              		.section	.gnu.lto_.inline.30dbc640990a8be3,"",%progbits
  19 0000 789C6361 		.ascii	"x\234ca`d\000\201\016\006\004`c``af``b\371\240\307\300"
  19      60640081 
  19      0E060460 
  19      63606061 
  19      66606062 
  20 0018 C2C00412 		.ascii	"\302\300\004\022b\304\020ab`\341\001\222L\013\344\341"
  20      62C41061 
  20      6260E101 
  20      924C0BE4 
  20      E1
  21 0029 6AB88004 		.ascii	"j\270\200\0043va\026\006NA\2400\317\206\\\024aV\006"
  21      33766116 
  21      064E41A0 
  21      30CF865C 
  21      14615606 
  22 003d 2165A0B0 		.ascii	"!e\240\260\324\203[\214ps\271a\222\014\000i\\\010M"
  22      D4835B8C 
  22      7073B961 
  22      920C0069 
  22      5C084D
  23              		.text
  24              		.section	.gnu.lto_port_lock.30dbc640990a8be3,"",%progbits
  25 0000 789C6361 		.ascii	"x\234ca`d\000\201\307@\234\013\304\242 \0163\003#\023"
  25      60640081 
  25      C7409C0B 
  25      C4A2200E 
  25      33032313 
  26 0014 03103382 		.ascii	"\003\0203\202\344\030\031\352\231\030\353\031\2772\375"
  26      E41819EA 
  26      9918EB19 
  26      BF32FD
  27 0023 65623CD4 		.ascii	"eb<\324\376l'\223\346\362\006 xp\364YRSC\253D+3\003"
  27      FE6C2793 
  27      E6F20620 
  27      7870F459 
  27      525343AB 
  28 003b C37F26B0 		.ascii	"\303\177&\260\031\014\214\313\0315\031\200\312\036m"
  28      190C8CCB 
  28      19351980 
ARM GAS  /tmp/ccw7IIhb.s 			page 2


  28      CA1E6D
  29 004a FC379597 		.ascii	"\3747\225\227\255\005\244L\001\"\311\270\202\221\015"
  29      AD05A44C 
  29      0122C9B8 
  29      82910D
  30 0059 64D8FAA0 		.ascii	"d\330\372\240\003\015\377\377774\3144\234\253\015\324"
  30      030DFFFF 
  30      373734CC 
  30      349CAB0D 
  30      D4
  31 006a F901ACF3 		.ascii	"\371\001\254\363#\023\220b~\316\330\370h\357\303\265"
  31      23139062 
  31      7ECED8F8 
  31      68EFC3B5 
  32 007a CCA8061C 		.ascii	"\314\250\006\034\350<\307\012\326\376\237\211\021\303"
  32      E83CC70A 
  32      D6FE9F89 
  32      11C3
  33 0088 6CC6958C 		.ascii	"l\306\225\214l@\303W\201I\206X\240\364\212}\207\237"
  33      6C40C357 
  33      81498658 
  33      A0F48A7D 
  33      879F
  34 009a F228A6CD 		.ascii	"\362(\246\315o\230\241\320\312\014\326\360i\335\246"
  34      6F98A1D0 
  34      CA0CD6F0 
  34      69DDA6
  35 00a9 ABDC2C20 		.ascii	"\253\334, \377\254fT\004\222k\030Y\030^16\035\330\035"
  35      FFAC6654 
  35      04926B18 
  35      59185E31 
  35      361DD81D 
  36 00bd 063215EC 		.ascii	"\0062\025\354\356\017@\243\031\200*\264\365\364\364"
  36      EE0F40A3 
  36      19802AB4 
  36      F5F4F4
  37 00cc 9D333293 		.ascii	"\23532\2232\375\203\365\363\213\365\213J\364\013\362"
  37      32FD83F5 
  37      F38BF58B 
  37      4AF40BF2 
  38 00dc 8B4A8AF5 		.ascii	"\213J\212\365\035\203|\235}+\364\2233\222\363\213R\343"
  38      1D837C9D 
  38      7D2BF493 
  38      3392F38B 
  38      52E3
  39 00ee CBCC72F5 		.ascii	"\313\314r\3652\030\364P\325\246V\224\350;\373\006{\006"
  39      3218F450 
  39      D5A65694 
  39      E83BFB06 
  39      7B06
  40 0100 EB67E625 		.ascii	"\353g\346%\347\224\246\244\352\203\325&\347\272\225"
  40      E794A6A4 
  40      EA83D526 
  40      E7BA95
  41 010f E6250395 		.ascii	"\346%\003\225s$\027\024g\246(d2\260\347\246\346\346"
  41      73241714 
  41      67A62864 
ARM GAS  /tmp/ccw7IIhb.s 			page 3


  41      32B0E7A6 
  41      E6E6
  42 0121 17553200 		.ascii	"\027U2\000\000+\362o\304"
  42      002BF26F 
  42      C4
  43              		.text
  44              		.section	.gnu.lto_port_unlock.30dbc640990a8be3,"",%progbits
  45 0000 789C6361 		.ascii	"x\234ca`d\000\201\307@\234\013\304\242 \0163\003#\023"
  45      60640081 
  45      C7409C0B 
  45      C4A2200E 
  45      33032313 
  46 0014 03103382 		.ascii	"\003\0203\202\344\030\031\352\231\030\353\031\2772\375"
  46      E41819EA 
  46      9918EB19 
  46      BF32FD
  47 0023 65623CD4 		.ascii	"eb<\324\376l'\223\346\362\006 x\360\364URSC\253D+3\003"
  47      FE6C2793 
  47      E6F20620 
  47      78F0F455 
  47      525343AB 
  48 003b C37F26B0 		.ascii	"\303\177&\260\031\014\214\313\0315\031\200\312\036m"
  48      190C8CCB 
  48      19351980 
  48      CA1E6D
  49 004a FC379597 		.ascii	"\3747\225\227\255\005\244L\001\"\311\270\202\221\015"
  49      AD05A44C 
  49      0122C9B8 
  49      82910D
  50 0059 64D8FAA0 		.ascii	"d\330\372\240\003\015\377\377774\3145\\\247\015\324"
  50      030DFFFF 
  50      373734CC 
  50      355CA70D 
  50      D4
  51 006a F901ACF3 		.ascii	"\371\001\254\363#\023\220b~\316\330\370h\357\3275\314"
  51      23139062 
  51      7ECED8F8 
  51      68EFD735 
  51      CC
  52 007b A8061C38 		.ascii	"\250\006\0348y\215\025\254\375?\023#\206\331\214+\031"
  52      798D15AC 
  52      FD3F1323 
  52      86D98C2B 
  52      19
  53 008c D98086AF 		.ascii	"\331\200\206\257\002\223\014\261@\351\025\373\016?\345"
  53      02930CB1 
  53      40E915FB 
  53      0E3FE5
  54 009b 514C9BDF 		.ascii	"QL\233\3370C\241\225\031\254\341\323\272MW\271Y@\376"
  54      3043A195 
  54      19ACE1D3 
  54      BA4D57B9 
  54      5940FE
  55 00ae 59CDA808 		.ascii	"Y\315\250\010$\3270\2620\274bl:p7\014d*\330\335\037"
  55      24D730B2 
  55      30BC626C 
  55      3A70370C 
ARM GAS  /tmp/ccw7IIhb.s 			page 4


  55      642AD8DD 
  56 00c3 80463300 		.ascii	"\200F3\000Uh\353\351\351;gd&e\372\007\353\347\027\353"
  56      5568EBE9 
  56      E93B6764 
  56      2665FA07 
  56      EBE717EB 
  57 00d7 1795E817 		.ascii	"\027\225\350\027\344\027\225\024\353;\006\371:\373V"
  57      E4179514 
  57      EB3B06F9 
  57      3AFB56
  58 00e6 E8276724 		.ascii	"\350'g$\347\027\245\306\227\231\345\352e0\350\241\252"
  58      E717A5C6 
  58      9799E5EA 
  58      6530E8A1 
  58      AA
  59 00f7 4DAD28D1 		.ascii	"M\255(\321w\366\015\366\014\326\317\314K\316)MI\325"
  59      77F60DF6 
  59      0CD6CFCC 
  59      4BCE294D 
  59      49D5
  60 0109 07AB4DCE 		.ascii	"\007\253M\316u+\315K\006*\347H.(\316LU\310d`\317M\315"
  60      752BCD4B 
  60      062AE748 
  60      2E28CE4C 
  60      55C86460 
  61 0120 CD2FAA64 		.ascii	"\315/\252d\000\000\314cp{"
  61      0000CC63 
  61      707B
  62              		.text
  63              		.section	.gnu.lto_port_lock_from_isr.30dbc640990a8be3,"",%progbits
  64 0000 789C6361 		.ascii	"x\234ca`d\000\201%@\254\013\304\242 \0163\003#\023\003"
  64      60640081 
  64      2540AC0B 
  64      C4A2200E 
  64      33032313 
  65 0015 103382E4 		.ascii	"\0203\202\344\030\031\352\231\030\353\031\2772\375e"
  65      1819EA99 
  65      18EB19BF 
  65      32FD65
  66 0024 623CD4FE 		.ascii	"b<\324\376l'\223\346\362\006 x\260\364}RSC\253D+3\003"
  66      6C2793E6 
  66      F2062078 
  66      B0F47D52 
  66      5343AB44 
  67 003b C37F26B0 		.ascii	"\303\177&\260\031\014\214\313\0315\031\200\312\036m"
  67      190C8CCB 
  67      19351980 
  67      CA1E6D
  68 004a FC379597 		.ascii	"\3747\225\227\255\005\244L\001\"\311\270\202\221\015"
  68      AD05A44C 
  68      0122C9B8 
  68      82910D
  69 0059 64D8FAA0 		.ascii	"d\330\372\240\003\015\377\377774\3546<\241\015\324\371"
  69      030DFFFF 
  69      373734EC 
  69      363CA10D 
  69      D4F9
ARM GAS  /tmp/ccw7IIhb.s 			page 5


  70 006b 01ACF323 		.ascii	"\001\254\363#\023\220b~\301\330|\340\3775F\220R\220"
  70      1390627E 
  70      C1D87CE0 
  70      FF354690 
  70      5290
  71 007d 213B77BE 		.ascii	"!;w\276\271\315^\377\267\241\243\241A\240\225\231\361"
  71      B9CD5EFF 
  71      B7A1A3A1 
  71      41A09599 
  71      F1
  72 008e 3F13503F 		.ascii	"?\023P?\343J\306z\206Vf&\206W\214M\007&\206\203\225"
  72      E34AC67A 
  72      86566626 
  72      86578C4D 
  72      07268683 
  73 00a3 82C00790 		.ascii	"\202\300\007\220$\320\014m==}\347\214\314\244L\377`"
  73      24D00C6D 
  73      3D3D7DE7 
  73      8CCCA44C 
  73      FF60
  74 00b5 FDFC62FD 		.ascii	"\375\374b\375\242\022\375\202\374\242\222b}\307 _g\337"
  74      A212FD82 
  74      FCA29262 
  74      7DC7205F 
  74      67DF
  75 00c7 0AFDE48C 		.ascii	"\012\375\344\214\344\374\242\324\3702\263\\\275\014"
  75      E4FCA2D4 
  75      F832B35C 
  75      BD0C
  76 00d5 060020E4 		.ascii	"\006\000 \344E\243"
  76      45A3
  77              		.text
  78              		.section	.gnu.lto_port_unlock_from_isr.30dbc640990a8be3,"",%progbits
  79 0000 789C6361 		.ascii	"x\234ca`d\000\201%@\254\013\304\242 \0163\003#\023\003"
  79      60640081 
  79      2540AC0B 
  79      C4A2200E 
  79      33032313 
  80 0015 103382E4 		.ascii	"\0203\202\344\030\031\352\231\030\353\031\2772\375e"
  80      1819EA99 
  80      18EB19BF 
  80      32FD65
  81 0024 623CD4FE 		.ascii	"b<\324\376l'\223\346\362\006 x\360\364sRSC\253D+3\003"
  81      6C2793E6 
  81      F2062078 
  81      F0F47352 
  81      5343AB44 
  82 003b C37F26B0 		.ascii	"\303\177&\260\031\014\214\313\0315\031\200\312\036m"
  82      190C8CCB 
  82      19351980 
  82      CA1E6D
  83 004a FC379597 		.ascii	"\3747\225\227\255\005\244L\001\"\311\270\202\221\015"
  83      AD05A44C 
  83      0122C9B8 
  83      82910D
  84 0059 64D8FAA0 		.ascii	"d\330\372\240\003\015\377\377774\3547\274\245\015\324"
  84      030DFFFF 
ARM GAS  /tmp/ccw7IIhb.s 			page 6


  84      373734EC 
  84      37BCA50D 
  84      D4
  85 006a F901ACF3 		.ascii	"\371\001\254\363#\023\220b~\301\330|`\363uF\220R\220"
  85      23139062 
  85      7EC1D87C 
  85      60F37546 
  85      905290
  86 007d 213B77BE 		.ascii	"!;w\276\271\315^\377\267\241\243\241A\240\225\231\361"
  86      B9CD5EFF 
  86      B7A1A3A1 
  86      41A09599 
  86      F1
  87 008e 3F13503F 		.ascii	"?\023P?\343J\306z\206Vf&\206W\214M\007\266\206\203\225"
  87      E34AC67A 
  87      86566626 
  87      86578C4D 
  87      07B68683 
  88 00a3 82C00790 		.ascii	"\202\300\007\220$\320\014m==}\347\214\314\244L\377`"
  88      24D00C6D 
  88      3D3D7DE7 
  88      8CCCA44C 
  88      FF60
  89 00b5 FDFC62FD 		.ascii	"\375\374b\375\242\022\375\202\374\242\222b}\307 _g\337"
  89      A212FD82 
  89      FCA29262 
  89      7DC7205F 
  89      67DF
  90 00c7 0AFDE48C 		.ascii	"\012\375\344\214\344\374\242\324\3702\263\\\275\014"
  90      E4FCA2D4 
  90      F832B35C 
  90      BD0C
  91 00d5 0600486A 		.ascii	"\006\000HjE\326"
  91      45D6
  92              		.text
  93              		.section	.gnu.lto_NMI_Handler.30dbc640990a8be3,"",%progbits
  94 0000 789C6D53 		.ascii	"x\234mS\355KSQ\030?\317=ww/.\355[_\204\346\207}\210"
  94      ED4B5351 
  94      183FCF3D 
  94      77772F2E 
  94      ED5B5F84 
  95 0018 625708FC 		.ascii	"bW\010\374\020\004\205\020\030\014\303\375\001Q\267"
  95      10048510 
  95      180CC3FD 
  95      0151B7
  96 0027 8592BAB1 		.ascii	"\205\222\272\261\315\360\333\216\233\263\264\027\214"
  96      CDF0DB8E 
  96      9BB3B417 
  96      8C
  97 0034 CA548A95 		.ascii	"\312T\212\225!\331\213\331\324\312\331\333\325j\021"
  97      21D98BD9 
  97      D4CAD9DB 
  97      D56A11
  98 0043 59644514 		.ascii	"YdE\024\366A\246id\230\213\202\240\346z\316\331\010"
  98      F641A669 
  98      64988B82 
  98      A0E67ACE 
ARM GAS  /tmp/ccw7IIhb.s 			page 7


  98      D908
  99 0055 DF2EECDC 		.ascii	"\337.\354\334\235\347\374\236\337\3579\277\347\2712"
  99      9DE7FC9E 
  99      DFEF39BF 
  99      E7B932
 100 0064 01C21FA7 		.ascii	"\001\302\037\247LH7\276\013\371F& \021\374\001\305\225"
 100      4C4837BE 
 100      0BF94626 
 100      2011FC01 
 100      C595
 101 0076 02470009 		.ascii	"\002G\000\011J\024\202\360KJK0zd&.m\272\302\360\231"
 101      4A1482F0 
 101      4B4A4B30 
 101      7A64262E 
 101      6DBAC2F0 
 102 008b EC8E52D6 		.ascii	"\354\216R\326\243C\004\241\031IP\021\270\002\233\010"
 102      A34304A1 
 102      19495011 
 102      B8029B08 
 103 009b C2C61B6F 		.ascii	"\302\306\033o\235\247?\245\0102\310\270M\275\354\234"
 103      9DA73FA5 
 103      0832C8B8 
 103      4DBDEC9C 
 104 00ab CAE75B09 		.ascii	"\312\347[\011l\270my>\335U@\035\300\221\363\213\237"
 104      6CB86D79 
 104      3EDD5540 
 104      1DC091F3 
 104      8B9F
 105 00bd 5AACF6CB 		.ascii	"Z\254\366\313\214\205\230~:\261\241\203\351\215\266"
 105      8C85987E 
 105      3AB1A183 
 105      E98DB6
 106 00cc 08A5700D 		.ascii	"\010\245p\015(\222\302U(\204\036\020\245qt2\266xv\235"
 106      2892C255 
 106      28841E10 
 106      A5717432 
 106      B678769D 
 107 00e0 D2C8E56D 		.ascii	"\322\310\345mp\035\354Ya\270\001\012VjD@Gl2e\310\322"
 107      701DEC59 
 107      61B8010A 
 107      566A4440 
 107      476C3265 
 108 00f6 B18F9F2F 		.ascii	"\261\217\237/\002k\336\021\2412YI\005\275`\347\350\324"
 108      026BDE11 
 108      A1325949 
 108      05BD60E7 
 108      E8D4
 109 0108 DB8442B7 		.ascii	"\333\204B\267\212B\372\222\347b\371\271Bb\011\350\350"
 109      8A42FA92 
 109      E762F9B9 
 109      426209E8 
 109      E8
 110 0119 1185C870 		.ascii	"\021\205\310psu!\320\007v\256\216Y\317\346\246/\230"
 110      737521D0 
 110      0776AE8E 
 110      59CFE6A6 
 110      2F98
ARM GAS  /tmp/ccw7IIhb.s 			page 8


 111 012b E836C130 		.ascii	"\3506\30107\235z\234\227c\370\363\321\312Z\033L\021"
 111      379D7A9C 
 111      9763F8F3 
 111      D1CA5A1B 
 111      4C11
 112 013d 6A805B6B 		.ascii	"j\200[k\020\304D\362\361\023\351\237\005<\241\205\261"
 112      10C444F2 
 112      F113E99F 
 112      053CA185 
 112      B1
 113 014e FED70CB8 		.ascii	"\376\327\014\270\240au\255\375\002<s\354\351C#-\023"
 113      A06175AD 
 113      FD023C73 
 113      ECE94323 
 113      2D13
 114 0160 4A7AF7ED 		.ascii	"Jz\367\355\367\220U\232\034o\252}\337\335\304ZG\204"
 114      F790559A 
 114      1C6FAA7D 
 114      DFDDC45A 
 114      4784
 115 0172 D8C01A62 		.ascii	"\330\300\032b\203+\305\364G\023\326\334\375\326\220"
 115      832BC5F4 
 115      4713D6DC 
 115      FDD690
 116 0181 BB0DF6BE 		.ascii	"\273\015\366\276\012\235e2al\361\306\241\366YS\236$"
 116      0A9D6532 
 116      616CF1C6 
 116      A1F65953 
 116      9E24
 117 0193 8AA004FD 		.ascii	"\212\240\004\375\300\001\301\233\033\304\252\360\200"
 117      C001C19B 
 117      1BC4AAF0 
 117      80
 118 01a0 510898C5 		.ascii	"Q\010\230\305\235,\2043\222\0051\015)\011_t\026\032"
 118      9D2C8433 
 118      9205310D 
 118      29095F74 
 118      161A
 119 01b2 92E34DDF 		.ascii	"\222\343M\337K\2267O\177\361d\004{\206\244\242y\031"
 119      4B96374F 
 119      7FF16404 
 119      7B86A4A2 
 119      7919
 120 01c4 09567577 		.ascii	"\011Vuw\220\237\335\001\005+\272\213+\3667\210\220\266"
 120      909FDD01 
 120      052BBA8B 
 120      2BF63788 
 120      90B6
 121 01d6 936D51B9 		.ascii	"\223mQ\271\350\004DY;V\257\360\254t22e\226\371\324\016"
 121      E8044459 
 121      3B56AFF0 
 121      AC743232 
 121      6596F9D4 
 122 01eb 41919892 		.ascii	"A\221\230\222Dr`X\301\010\304A\016S#\236\014\203Lf "
 122      44726058 
 122      C108C441 
 122      0E53239E 
ARM GAS  /tmp/ccw7IIhb.s 			page 9


 122      0C834C66 
 123 0200 D4167F97 		.ascii	"\324\026\177\227\232ps\2760\265\210\023\254\022\307"
 123      9A7073BE 
 123      30B58813 
 123      AC12C7
 124 020f 974E43C3 		.ascii	"\227NC\303z\302\360\037\202\336\354&a*! \233\361\274"
 124      7AC2F01F 
 124      82DEEC26 
 124      612A2120 
 124      9BF1BC
 125 0222 FD03F01A 		.ascii	"\375\003\360\032\303\224b\230\307~\034\371+e#\310N1"
 125      C3946298 
 125      C77E1CF9 
 125      2B6523C8 
 125      4E31
 126 0234 123EDF34 		.ascii	"\022>\3374\337\236\237\015\0310\272t\342\001lp\017\255"
 126      DF9E9F0D 
 126      1930BA74 
 126      E2016C70 
 126      0FAD
 127 0246 1579890E 		.ascii	"\025y\211\016%\213\342\300\377Zf\334\223Y\010%_'\322"
 127      258BE2C0 
 127      FF5A66DC 
 127      93590825 
 127      5F27D2
 128 0259 CA0A9F9A 		.ascii	"\312\012\237\232\307\200\033\233sIZ\351\022\201\373"
 128      C7801B9B 
 128      73495AE9 
 128      1281FB
 129 0268 C2A107FC 		.ascii	"\302\241\007\374\003\000r\012\360\274+\332\377\333R"
 129      0300720A 
 129      F0BC2BDA 
 129      FFDB52
 130 0277 14CD5964 		.ascii	"\024\315Yd\344)\275S\367\230IX\3640g\321\247\316\341"
 130      E429BD53 
 130      F7984958 
 130      F43067D1 
 130      A7CEE1
 131 028a 33166ED1 		.ascii	"3\026n\321#n\221\031Ot\361\245^\216\205\306\254E]K\375"
 131      236E9119 
 131      4F74F1A5 
 131      5E8E85C6 
 131      AC455D4B 
 132 029f 7D753274 		.ascii	"}u2t\311*\222Gx2\214\242\227_ \254\337\021w\341\210"
 132      C92A9247 
 132      78328CA2 
 132      975F20AC 
 132      DF1177E1 
 133 02b4 78FCDB84 		.ascii	"x\374\333\2041\230fG\031[\037\241\246\014\267\024\036"
 133      31986647 
 133      195B1FA1 
 133      A60CB714 
 133      1E
 134 02c5 4310A7C1 		.ascii	"C\020\247\301L\276BH\217\357\022P\376,`\253\011\222"
 134      4CBE4248 
 134      8FEF1250 
 134      FE2C60AB 
ARM GAS  /tmp/ccw7IIhb.s 			page 10


 134      0992
 135 02d7 6D7638D4 		.ascii	"mv8\324\322\312\252\375U\345.\325\343W}\001\325\353"
 135      D2CAAAFD 
 135      55E52ED5 
 135      E3577D01 
 135      D5EB
 136 02e9 F105FCEA 		.ascii	"\361\005\374\352\316\012g\251\263^\325*5\217\317\275"
 136      CE0A67A9 
 136      B35ED52A 
 136      358FCFBD 
 137 02f9 F770498D 		.ascii	"\367pI\215C#\262\026\250\367*|q\024\347\007<\336\362"
 137      4323B216 
 137      A8F72A7C 
 137      7114E707 
 137      3CDEF2
 138 030c 837B7C1E 		.ascii	"\203{|\036\315\025\330\247\035R|n\177]u\300\261\234"
 138      CD15D8A7 
 138      1D527C6E 
 138      7F5D75C0 
 138      B19C
 139 031e CD5D1F50 		.ascii	"\315]\037PK\235\2562\227ZU\253U\327\035p\253\202M\253"
 139      4B9DAE32 
 139      975A55AB 
 139      55D71D70 
 139      AB824DAB 
 140 0332 D95557AB 		.ascii	"\331UW\2539*\311:g\205\313f/\336b\363\372\275\026B\267"
 140      392AC93A 
 140      6785CB66 
 140      2FDE62F3 
 140      FABD1642 
 141 0347 FB30E2AA 		.ascii	"\3730\342\252\340\273-\030\266\020\311G\250\337K\376"
 141      E0BB2D18 
 141      B610C947 
 141      A8DF4BFE 
 142 0357 0175AC91 		.ascii	"\001u\254\221\354"
 142      EC
 143              		.text
 144              		.section	.gnu.lto__port_irq_epilogue.30dbc640990a8be3,"",%progbits
 145 0000 789C9555 		.ascii	"x\234\225U[L\\U\024=\373\236{\357<:<\3527\037\360AH"
 145      5B4C5C55 
 145      143DFB9E 
 145      7BEF3C3A 
 145      3CEA371F 
 146 0017 639D4BDB 		.ascii	"c\235K\333\244\365\247\037\006cb#ie\376\3741v\034\003"
 146      A4F5A71F 
 146      06636223 
 146      6965FEFC 
 146      31761C03 
 147 002b B185C930 		.ascii	"\261\205\3110\030\374\3422\303@\245\266b\002Xj\353\244"
 147      18FCE232 
 147      C340A5B6 
 147      6202586A 
 147      EBA4
 148 003d 9009835A 		.ascii	"\220\011\203Z\012T\254\320\327-\005\306\322\007mA0\201"
 148      0A54ACD0 
 148      D72D05C6 
 148      D2076D41 
ARM GAS  /tmp/ccw7IIhb.s 			page 11


 148      3081
 149 004f 34BC4463 		.ascii	"4\274DcM\355\030\024\255\201q\3573\267\224\227&N\340"
 149      4DED1814 
 149      AD8171EF 
 149      33B79497 
 149      264EE0
 150 0062 DC39FBEC 		.ascii	"\3349\373\354\265\327:\353\354sGf\300\350\023Q\031\213"
 150      B5D73AEB 
 150      EC734766 
 150      C0E81351 
 150      198B
 151 0074 E2F3659A 		.ascii	"\342\363e\232X\031H\014\377%\316\230.Yp\2209\310\030"
 151      5819480C 
 151      FF25CE98 
 151      2E597090 
 151      39C818
 152 0087 91258522 		.ascii	"\221%\205\"*E\024\300\005P\305h\001\252\002\254B\342"
 152      2A4514C0 
 152      0550C568 
 152      01AA02AC 
 152      42E2
 153 0099 B2A25AA0 		.ascii	"\262\242Z\240\002~\227\226$\350\253\231\357\221\266"
 153      027E9796 
 153      24E8AB99 
 153      EF91B6
 154 00a8 B5EAF899 		.ascii	"\265\352\370\231\032X\314\325\243\006\204\260dB\022"
 154      1A58CCD5 
 154      A30684B0 
 154      644212
 155 00b7 940C5A61 		.ascii	"\224\014Za\033f\335\253\3528\305\027\244\020\007\220"
 155      1B66DDAB 
 155      EA38C517 
 155      A4100790 
 156 00c7 711ABF7D 		.ascii	"q\032\277}r6\225\246\022d\342\364A\373\362%\225;\201"
 156      723695A6 
 156      1264E2F4 
 156      41FBF225 
 156      953B81
 157 00da E1F74FBF 		.ascii	"\341\367O\277\257\311\311\211\350z@\327\033<\272-\304"
 157      AFC9C989 
 157      E87A40D7 
 157      1B3CBA2D 
 157      C4
 158 00eb 397C0E1C 		.ascii	"9|\016\034\313A\033d@\0242\030\206\030|\0019\224=\323"
 158      CB411B64 
 158      40143218 
 158      86187C01 
 158      39943DD3 
 159 00ff B9DC90A2 		.ascii	"\271\334\220\242V\021{f\222\023\276D\275\270=\\l\352"
 159      56117B66 
 159      9213BE44 
 159      BDB83D5C 
 159      6CEA
 160 0111 9C8A2BD9 		.ascii	"\234\212+\331-T\313\230\2149j\353*\255!.\263\325\265"
 160      2D54CB98 
 160      8C396AEB 
 160      2AAD212E 
ARM GAS  /tmp/ccw7IIhb.s 			page 12


 160      B3D5B5
 161 0124 84C4B390 		.ascii	"\204\304\263\220\215\331\335\243\307\336\340;\204\206"
 161      8DD9DDA3 
 161      C7DEE03B 
 161      8486
 162 0132 58D3E3AE 		.ascii	"X\323\343\256\247\300\277cRS\324\250\312D$\264\257\025"
 162      A7C0BF63 
 162      5253D4A8 
 162      CA4424B4 
 162      AF15
 163 0144 22C0E704 		.ascii	"\"\300\347\0048\361q\233\327\0044\0159>\211\032\225"
 163      38F1719B 
 163      D704340D 
 163      393E891A 
 163      95
 164 0155 085004D5 		.ascii	"\010P\004\325\256\014\3105s;Dn\355\215\271\3464\376"
 164      AE0CC835 
 164      733B446E 
 164      ED8DB9E6 
 164      34FE
 165 0167 A2607AB4 		.ascii	"\242`z\264<Y\3530\201#\261\214&]0\251\320\271\011S\227"
 165      3C59EB30 
 165      8123B18C 
 165      265D30A9 
 165      D0B90953 
 166 017c 40C71ECE 		.ascii	"@\307\036\316\235\266\362\275\002\375p.~}\213\211\276"
 166      9DB6F2BD 
 166      02FD702E 
 166      7E7D8B89 
 166      BE
 167 018d 5CC34DB4 		.ascii	"\\\303M\264\005\316o\202\376J\240?<\266\264\220F\210"
 167      05CE6F82 
 167      FE4AA03F 
 167      3CB6B490 
 167      4688
 168 019f 5A5DEFBA 		.ascii	"Z]\357\272\253\203\310\337\350H\267H\236?:p\305\302"
 168      AB83C8DF 
 168      E848B748 
 168      9E3F3A70 
 168      C5C2
 169 01b1 5F135446 		.ascii	"_\023TF\244{\014\222TS\343\325\305c\221j\275\356\232"
 169      A47B0C92 
 169      5453E3D5 
 169      C563916A 
 169      BDEE9A
 170 01c4 95C8BEDE 		.ascii	"\225\310\276\336\204\354\302z2\343\352\204\303\264q"
 170      84ECC27A 
 170      32E3EA84 
 170      C3B471
 171 01d3 13BA6F20 		.ascii	"\023\272o \373\\\201\241'\022A\354\241=\323\037\264"
 171      FB5C81A1 
 171      271241EC 
 171      A13DD31F 
 171      B4
 172 01e4 36C07312 		.ascii	"6\300s\022\320\031+B\213\212g.[\204\003V1\332(`\027"
 172      D0192B42 
 172      8B8A672E 
ARM GAS  /tmp/ccw7IIhb.s 			page 13


 172      5B840356 
 172      31DA2860 
 173 01f9 3C29F855 		.ascii	"<)\370UI\027\373\333\312\250:{,Z/.\341\203OC\325D\260"
 173      4917FBDB 
 173      CAA83A7B 
 173      2C5A2F2E 
 173      E1834F43 
 174 0210 E52395BA 		.ascii	"\345#\225\272\"\310\251_\253kC\375\012\265\236\025\342"
 174      22C8A95F 
 174      AB6B43FD 
 174      0AB59E15 
 174      E2
 175 0221 8944220D 		.ascii	"\211D\"\015zL\025q\272\011\374'\010\032\3431i]k\021"
 175      7A4C1571 
 175      BA09FC27 
 175      081AE331 
 175      695D6B11 
 176 0235 A7E82C14 		.ascii	"\247\350,\024\333\213#.\367\364\3742a\251X\322\217\350"
 176      DB8B232E 
 176      F7F4FC32 
 176      61A958D2 
 176      8FE8
 177 0247 7A7A88DB 		.ascii	"zz\210\333\022\0226\035\\\204\012\324`g?B\345\314x\365"
 177      1212361D 
 177      5C840AD4 
 177      60673F42 
 177      E5CC78F5 
 178 025b AFBBD796 		.ascii	"\257\273\327\2261\216.\236\001\2316$\252$P\341z\236"
 178      318E2E9E 
 178      01993624 
 178      AA2450E1 
 178      7A9E
 179 026d 0BB47649 		.ascii	"\013\264vI\360\\\306\021k\006\000s\032\2177\206\345"
 179      F05CC611 
 179      6B060073 
 179      1A8F3786 
 179      E5
 180 027e AC3A08EB 		.ascii	"\254:\010\353'\320\301-\004[\232\011\315\332d\272\302"
 180      27D0C12D 
 180      045B9A09 
 180      CDDA64BA 
 180      C2
 181 028f 57208B51 		.ascii	"W \213Qdp\346|\257\212\021\270\012r\020E00\360B\317"
 181      6470E67C 
 181      AF8A11B8 
 181      0A721045 
 181      3030F042 
 182 02a4 43A0F1AF 		.ascii	"C\240\361\257\357\342\023\036*\030\344[\305\012n\026"
 182      EFE2131E 
 182      2A18E45B 
 182      C50A6E16 
 183 02b4 AF3A9F83 		.ascii	"\257:\237\203\312t\246\343\2661\351\376>\026\344\012"
 183      CA74A6E3 
 183      B631E9FE 
 183      3E16E40A 
 184 02c4 2608444F 		.ascii	"&\010DO\374\263z \221A\216\177\012\305~\253\0315#\026"
 184      FCB37A20 
ARM GAS  /tmp/ccw7IIhb.s 			page 14


 184      91418E7F 
 184      0AC57EAB 
 184      19352316 
 185 02d8 0C622478 		.ascii	"\014b$x\252z,\2743\031\262b\024%\214L\3677*\311k>%\314"
 185      AA7A2CBC 
 185      3319B262 
 185      14258C4C 
 185      F7372AC9 
 186 02f0 BD86E60A 		.ascii	"\275\206\346\012\354\243\260=\231i\303\344\025\276t"
 186      ECA3B03D 
 186      9969C3E4 
 186      15BE74
 187 02ff 9CA35981 		.ascii	"\234\243Y\201\231\361\301\245\365f\335\\~\235\016\325"
 187      99F1C1A5 
 187      F566DD5C 
 187      7E9D0ED5 
 188 030f B48A6FB8 		.ascii	"\264\212o\270\355\320'l\272N\327\035X=\331\324\034\356"
 188      EDD0276C 
 188      BA4ED71D 
 188      583DD9D4 
 188      1CEE
 189 0321 FAD39ED5 		.ascii	"\372\323\236\325l\332\344 \310\331\331\213\272U\330"
 189      6CDAE420 
 189      C8D9D98B 
 189      BA55D8
 190 0330 D46FDA34 		.ascii	"\324o\3324y\262\267\336N6\015\220M\351\2702(\336I-\235"
 190      79B2B7DE 
 190      4E360D90 
 190      4DE9B832 
 190      28DE492D 
 191 0345 815B8EAC 		.ascii	"\201[\216\254\310j\217\357\034\017\234q\010p\214\300"
 191      C86A8FEF 
 191      1C0F9C71 
 191      08708CC0 
 192 0355 F06DD2CF 		.ascii	"\360m\322\317\205\216\376\200B\262\350dB}\303\026\332"
 192      858EFE80 
 192      42B2E864 
 192      427DC316 
 192      DA
 193 0366 B12AAEC9 		.ascii	"\261*\256\311bl\350\210#\014\247+I\343.\354\205\024"
 193      626CE888 
 193      230CA72B 
 193      49E32EEC 
 193      8514
 194 0378 DC2EDCA0 		.ascii	"\334.\334\240\026\303\325\310\\\240\335\242\275@\357"
 194      16C3D5C8 
 194      5CA0DDA2 
 194      BD40EF
 195 0387 B42108C3 		.ascii	"\264!\010\303\262hT\270\011\032\275!\177x2lK\366%B\255"
 195      B26854B8 
 195      091ABD21 
 195      7F78326C 
 195      4BF62542 
 196 039c 700B31D4 		.ascii	"p\0131\324\214'L\337R6\364\\j\202\016\021n\213\236K"
 196      8C274CDF 
 196      5236F45C 
 196      6A820E11 
ARM GAS  /tmp/ccw7IIhb.s 			page 15


 196      6E8B9E4B 
 197 03b0 63A2D50F 		.ascii	"c\242\325\017>K^Q\246\240?wV\232\034_\356\034\367\360"
 197      3E4B5E51 
 197      A6A03F77 
 197      569A1C5F 
 197      EE1CF7F0 
 198 03c4 A4E68FE8 		.ascii	"\244\346\217\350\001s\017kD\357\371\017\321\303B\264"
 198      01730F6B 
 198      44EFF90F 
 198      D1C342B4 
 199 03d4 F819B82B 		.ascii	"\370\031\270+D\257\022\244\277/n\001\226\207{\250\210"
 199      44AF12A4 
 199      BF2F6E01 
 199      96877BA8 
 199      88
 200 03e5 A8D4A754 		.ascii	"\250\324\247T\017\332\3767\325\375gT#\377BE\247?jR\341"
 200      0FDAFE37 
 200      D5FD6754 
 200      23FF4245 
 200      A73F6A52 
 201 03fa B5E73F43 		.ascii	"\265\347?C\300\030\331\227\274\245\214^\003\210F\207"
 201      C018D997 
 201      BCA58C5E 
 201      03884687 
 202 040a 9F773AB5 		.ascii	"\237w:\265\274\302\242\203E\373]ZI\251\346\363k\336"
 202      BCC2A283 
 202      45FB5D5A 
 202      49A9E6F3 
 202      6BDE
 203 041c 129FBF54 		.ascii	"\022\237\277T{\251 ?/\277\\s\027\272K|\2367\337\333"
 203      7BA9203F 
 203      2FBF5C73 
 203      17BA4B7C 
 203      9E37DFDB 
 204 0430 7DD8E966 		.ascii	"}\330\351f\322!\237\352\366\227{\235;dz\244\372K\274"
 204      D2219FEA 
 204      F6977B9D 
 204      3B647AA4 
 204      FA4BBC
 205 0443 FBDF39E0 		.ascii	"\373\3379\340+q\273\374o\271\337U}\236\322\262C~\347"
 205      2B71BBFC 
 205      6FB9DF55 
 205      7D9ED2B2 
 205      437EE7
 206 0456 DA829E72 		.ascii	"\332\202\236r\277\226\227\357z\325\245\025\025\273\017"
 206      BF9697EF 
 206      7AD5A515 
 206      15BB0F
 207 0465 95BDEDD1 		.ascii	"\225\275\355\321DA\367\341W\312\212\335\316B\226\222"
 207      4441F7E1 
 207      57CA8ADD 
 207      CE429692 
 208 0475 5FE0CACC 		.ascii	"_\340\312\314\316\335\236\351-\365\332\031\337\353\303"
 208      CEDD9EE9 
 208      2DF5DA19 
 208      DFEBC3
 209 0484 88AB8066 		.ascii	"\210\253\200f\3331lg\222\217\361R/\373\007\324\336`"
ARM GAS  /tmp/ccw7IIhb.s 			page 16


 209      DB316C67 
 209      928FF152 
 209      2FFB07D4 
 209      DE60
 210 0496 33       		.ascii	"3"
 211              		.text
 212              		.section	.gnu.lto_.symbol_nodes.30dbc640990a8be3,"",%progbits
 213 0000 789C5DC8 		.ascii	"x\234]\310;\022AA\024E\321s\372v\323\303 \361\031\206"
 213      3B124141 
 213      1445D173 
 213      FA76D3C3 
 213      20F11986 
 214 0014 919D9690 		.ascii	"\221\235\226\220\370\274\031\240DL\203\230)\250\222"
 214      F8BC19A0 
 214      444C8398 
 214      29A892
 215 0023 1A837251 		.ascii	"\032\203rQ/x\275\223]\265\"\210;\2740\022\320\334\000"
 215      2F78BD93 
 215      5DB52288 
 215      3BBC3012 
 215      D0DC00
 216 0036 DFA91C8A 		.ascii	"\337\251\034\2129\215\305\232&\0125Me5\255\250\330\332"
 216      398DC59A 
 216      260A354D 
 216      6535ADA8 
 216      D8DA
 217 0048 793E7459 		.ascii	"y>tYS\251#\334R\275\237\000e?ph\250~\0076Tn\2418X\000"
 217      53A923DC 
 217      52BD9F00 
 217      653F7068 
 217      A87E0736 
 218 0062 8E8FF7CC 		.ascii	"\216\217\367\314\214\377G\303s\361\332eK\001\227/\244"
 218      8CFF47C3 
 218      73F1DA65 
 218      4B01972F 
 218      A4
 219 0073 8CEBD201 		.ascii	"\214\353\322\001\037Q\2046\014"
 219      1F518436 
 219      0C
 220              		.text
 221              		.section	.gnu.lto_.refs.30dbc640990a8be3,"",%progbits
 222 0000 789C6361 		.ascii	"x\234ca`d\340d```beb\023`b\027d\000\000\001\324\000"
 222      6064E064 
 222      60606062 
 222      65621360 
 222      62176400 
 223 0018 48       		.ascii	"H"
 224              		.text
 225              		.section	.gnu.lto_.decls.30dbc640990a8be3,"",%progbits
 226 0000 789C8D56 		.ascii	"x\234\215VkP\024\331\025\356\323=\302\3140<\012\331"
 226      6B5014D9 
 226      15EED33D 
 226      C2CC303C 
 226      0AD9
 227 0012 94A9E207 		.ascii	"\224\251\342\007\245\246$\225,#\353V*?R\311nLm\364\007"
 227      A5A62495 
 227      2C23EB56 
ARM GAS  /tmp/ccw7IIhb.s 			page 17


 227      2A3F52C9 
 227      6E4C6DF4 
 228 0027 1B6B2937 		.ascii	"\033k)7?\222\252\016\016\243Le\230ag\206,\376J\363P"
 228      3F92AA0E 
 228      0EA34C65 
 228      98616786 
 228      2CFE4AF3 
 229 003c 101305AD 		.ascii	"\020\023\005\255u\021\011\013\270A\001y\257\256o\007"
 229      7511090B 
 229      B8410179 
 229      AFAE6F07 
 230 004c 51414456 		.ascii	"QADVp\005\001\025\010.\276\330\025\204  \204\234{o\367"
 230      70050115 
 230      082EBED8 
 230      15842020 
 230      849C7B6F 
 231 0061 7433C2D6 		.ascii	"t3\302\326\336\2523\323\347\366w\276\363\270\367\236"
 231      DEAA33D3 
 231      E7F677BE 
 231      F3B8F79E 
 232 0071 DB3A0E38 		.ascii	"\333:\01682~\023\314qv\236\343&Q]\300\021\210s\037r"
 232      327E13CC 
 232      71769EE3 
 232      26515DC0 
 232      1188731F 
 233 0086 EA30A054 		.ascii	"\3520\240T\243\324\242\324\2434\242\234D9\217r\021\305"
 233      A3D4A2D4 
 233      A334A29C 
 233      44398F72 
 233      11C5
 234 0098 8BD2CABD 		.ascii	"\213\322\312\275>\210\015/su\311s\274<\337\275\004\276"
 234      3E880D2F 
 234      7375C973 
 234      BC3CDFBD 
 234      04BE
 235 00aa 76193C99 		.ascii	"v\031<\231\357]\002Ob\021d|\037\312\011\215M\275\354"
 235      EF5D024F 
 235      6211647C 
 235      1FCA098D 
 235      4DBDEC
 236 00bd C77F347E 		.ascii	"\307\1774~\217M\243\354\313\177\220\\\215\262M8J\004"
 236      8F4DA3EC 
 236      CB7F905C 
 236      8DB24D38 
 236      4A04
 237 00cf CA04CA3A 		.ascii	"\312\004\312:\224Y\002\300\272\011\260\230O'\333\005"
 237      945902C0 
 237      BA09B098 
 237      4F27DB05 
 238 00df E2BC0918 		.ascii	"\342\274\011\0307\251v0,\346&5\014\363\343>-s7\313~"
 238      37A97630 
 238      2CE62635 
 238      0CF3E33E 
 238      2D7337CB 
 239 00f4 888FADDA 		.ascii	"\210\217\255\332xe\177c\370\030\202\377-r\374OQF\211"
 239      78657F63 
 239      F81882FF 
ARM GAS  /tmp/ccw7IIhb.s 			page 18


 239      2D72FC4F 
 239      514689
 240 0107 4F99B75E 		.ascii	"O\231\267^\343\237\254\217\262V$\204P\2778\346y\250"
 240      E39FAC8F 
 240      B2562484 
 240      50BF38E6 
 240      79A8
 241 0119 7A74A15B 		.ascii	"zt\241[\337\017\275\344\015\204\001\000\307\371\201"
 241      DF0FBDE4 
 241      0D840100 
 241      C7F981
 242 0128 800980AF 		.ascii	"\200\011\200\257d*\002\374\260\012\020\324\027\300-"
 242      642A02FC 
 242      B00A10D4 
 242      17C02D
 243 0137 B2A07B8D 		.ascii	"\262\240{\215\016u\012\350\220\215\264\214\212kt\313"
 243      0E750AE8 
 243      908DB48C 
 243      8A6B74CB 
 244 0147 1E81F345 		.ascii	"\036\201\363E\241`5|r\364\260D\\t\010J\322\345/\247"
 244      A160357C 
 244      72F4B044 
 244      5C74084A 
 244      D2E52FA7 
 245 015b F78608C8 		.ascii	"\367\206\010\310\211\317\0033\307\337\2139!\341\310"
 245      89CF0333 
 245      C7DF8B39 
 245      21E1C8
 246 016a 93243E52 		.ascii	"\223$>R\255LgV]\2210\311C\270\021t\250\216\337,\034"
 246      AD4C6756 
 246      5D9130C9 
 246      43B81174 
 246      A88EDF2C 
 247 017f 0E4135C2 		.ascii	"\016A5\302\010Q\250\316_?R\310\257:D\3552\245(\035|"
 247      0851A8CE 
 247      5F3F52C8 
 247      AF3A44ED 
 247      32A5281D 
 248 0194 F823A882 		.ascii	"\370#\250\202H\250\004\244\200\023\260\012\177\267\351"
 248      48A804A4 
 248      8013B00A 
 248      7FB7E9
 249 01a3 18D374E7 		.ascii	"\030\323t\347\203\354\320\325%\222\267D\032\354\177"
 249      83ECD0D5 
 249      2592B744 
 249      1AEC7F
 250 01b2 FCF3130D 		.ascii	"\374\363\023\015\222\264G\222\274:\002\203\343 @\005"
 250      92B44792 
 250      BC3A0283 
 250      E3204005 
 251 01c2 C4906CF0 		.ascii	"\304\220l\360\221\374\035\203~L\242\032V\243\351\340"
 251      91FC1D83 
 251      7E4CA21A 
 251      56A3E9E0 
 252 01d2 678F0E06 		.ascii	"g\217\016\006\013\357\322HO]<}%\210\321x\273\273MR^"
 252      0BEFD248 
 252      4F5D3C7D 
ARM GAS  /tmp/ccw7IIhb.s 			page 19


 252      2588D178 
 252      BBBB4D52 
 253 01e7 BA246DA2 		.ascii	"\272$m\242\0345*G\215\226\243\226r4OuW\007\012q\224"
 253      1C352A47 
 253      8D96A396 
 253      72344F75 
 253      57070A71 
 254 01fc A3EDCEFC 		.ascii	"\243\355\316\374-\275\3141\273\210\243N\345\250\323"
 254      2DBDCC31 
 254      BB88A34E 
 254      E5A8D3
 255 020b 72D4538E 		.ascii	"r\324S\216\353\017\253/\207\010\177\241\034\343\275"
 255      EB0FAB2F 
 255      87087FA1 
 255      1CE3BD
 256 021a 8FC70264 		.ascii	"\217\307\002d\216\342\036-G\203\312\321\240\345h\244"
 256      8EE21E2D 
 256      4783CAD1 
 256      A0E568A4 
 257 022a 1CCF2F0F 		.ascii	"\034\317/\017\027\363B*\345X\230\227\272t\310Q\202%"
 257      17F3422A 
 257      E5589897 
 257      BA74C851 
 257      8225
 258 023c 39D8F6EB 		.ascii	"9\330\366\353C\231R+V2\212\262|\241\262|\241e9IY\006"
 258      4399522B 
 258      56328AB2 
 258      7CA1B27C 
 258      A1653949 
 259 0252 C6265A82 		.ascii	"\306&Z\202\204j\2404\237\335\033\307\324\274T\341\233"
 259      846AA034 
 259      9FDD1BC7 
 259      D4BC54E1 
 259      9B
 260 0263 E71A9B74 		.ascii	"\347\032\233t`\212\316\225\244\014\262(\341\233\264"
 260      608ACE95 
 260      A40CB228 
 260      E19BB4
 261 0272 8B026720 		.ascii	"\213\002g \032\266\232d\346r\262p\203\215\035\333\307"
 261      1AB69A64 
 261      E672B270 
 261      838D1DDB 
 261      C7
 262 0283 3371D5E1 		.ascii	"3q\325\3414\230\340K\325\355V\023[\270;M\205\231:\035"
 262      3498E04B 
 262      D5ED5613 
 262      5BB83B4D 
 262      85993A1D 
 263 0297 D96C0480 		.ascii	"\331l\004\200\313\211s\336\234\366.a\331\205?G\027\376"
 263      CB8973DE 
 263      9CF62E61 
 263      D9853F47 
 263      17FE
 264 02a9 2CC82BFF 		.ascii	",\310+\377d\337\302\333J\226\271\316!\266\360\222\216"
 264      64DFC2DB 
 264      4A96B9CE 
 264      21B6F092 
ARM GAS  /tmp/ccw7IIhb.s 			page 20


 264      8E
 265 02ba C0E094EA 		.ascii	"\300\340\224\352\357\2246\315\3634\315oo64\204\012\343"
 265      EF9436CD 
 265      F334CD6F 
 265      6F363484 
 265      0AE3
 266 02cc 2CCDF2C3 		.ascii	",\315\362\303s\027\311\312\017b\314\375%?)h\220\262"
 266      7317C9CA 
 266      0F62CCFD 
 266      253F2968 
 266      90B2
 267 02de 0CB45417 		.ascii	"\014\264T\027T\216\013\300\2667\\\244\366C\203\377~"
 267      548E0BC0 
 267      B6375CA4 
 267      F64383FF 
 267      7E
 268 02ef 112464B3 		.ascii	"\021$d\263=>\336\343}\025\314\354\275]]&o\036P\353K"
 268      3D3EDEE3 
 268      7D15CCEC 
 268      BD5D5D26 
 268      6F1E50EB 
 269 0304 AAF525C5 		.ascii	"\252\365%\305\332K\255K\012\246\236\004\010G\230\365"
 269      DA4BAD4B 
 269      0AA69E04 
 269      084798F5 
 270 0314 CDABB70B 		.ascii	"\315\253\267\013\002\205\223T\321=\251-=d\004C$`\312"
 270      02859354 
 270      D13DA92D 
 270      3D640443 
 270      2460CA
 271 0327 109D4D4A 		.ascii	"\020\235MJ=\226Q\022\205qo\210\204\365X\346kX\346f\300"
 271      3D965112 
 271      85716F88 
 271      84F558E6 
 271      6B58E666 
 272 033c DB03AE20 		.ascii	"\333\003\256 \344*V\245P\322\323\231B)G\222\302\350"
 272      E42A56A5 
 272      50D2D399 
 272      42294792 
 272      C2E8
 273 034e 63B972DE 		.ascii	"c\271r\3368\242\302e\331;+\332\354\331\214\226EG\213"
 273      38A2C265 
 273      D93B2BDA 
 273      ECD98C96 
 273      45478B
 274 0361 40D412B7 		.ascii	"@\324\022\267,:[#\225\245\005rj\203S\007\377\314J\203"
 274      2C3A5B23 
 274      95A50572 
 274      6A835307 
 274      FFCC4A83 
 275 0375 10685293 		.ascii	"\020hR\223kR\222k\245\311=|U}6\204\035\354\000T+\272"
 275      6B52926B 
 275      A5C93D7C 
 275      557D3684 
 275      1DEC0054 
 276 038b 66CA028D 		.ascii	"f\312\002\2159\262;\33448\257zk\003\274\004\300\034"
 276      39B23BDC 
ARM GAS  /tmp/ccw7IIhb.s 			page 21


 276      3438AF7A 
 276      6B03BC04 
 276      C01C
 277 039d 09D75145 		.ascii	"\011\327QE\364d\356\256\227rW\010D\365\370H\321>\023"
 277      F464EEAE 
 277      97725708 
 277      44F5F848 
 277      D13E13
 278 03b0 EB0ABF24 		.ascii	"\353\012\277$\033f\372\302\254Ix\300J\325\2301P\032"
 278      1B66FAC2 
 278      AC4978C0 
 278      4AD59831 
 278      501A
 279 03c2 02D1AC54 		.ascii	"\002\321\254TFM\312\235`\204\233j\312\264.c\177'\323"
 279      464DCA9D 
 279      60849B6A 
 279      CAB42E63 
 279      7F27D3
 280 03d5 B456E43F 		.ascii	"\264V\344?\207\026\266L\012X\345+l\007\026\266\223F"
 280      8716B64C 
 280      0A58E52B 
 280      6C0716B6 
 280      9346
 281 03e7 730B09BF 		.ascii	"s\013\011\277b\341\334\335?\361\210\017\317\223\271"
 281      62E1DCDD 
 281      3FF1880F 
 281      CF93B9
 282 03f6 DF01CADD 		.ascii	"\337\001\312\335\216\357o\320\350\273 \\\311\201*$\201"
 282      8EEF6FD0 
 282      E8BB205C 
 282      C9812A24 
 282      81
 283 0407 F483B57A 		.ascii	"\364\203\265za\230-meuq]\2100\316\224\275\227\233\213"
 283      61982D6D 
 283      6575715D 
 283      8830CE94 
 283      BD979B8B 
 284 041b 0270B7C3 		.ascii	"\002p\267\303\32746\234\271_\336\261'Pn\\\013\237\376"
 284      D734369C 
 284      B95FDEB1 
 284      27506E5C 
 284      0B9FFE
 285 042e F193DADD 		.ascii	"\361\223\332\335\344\260\227lb\333\347\266Ra\270\003"
 285      E4B0976C 
 285      62DBE7B6 
 285      5261B803 
 286 043e 3AA2A97B 		.ascii	":\242\251{\270\233\026\372\330\320\276\317\003\205\032"
 286      B89B16FA 
 286      D8D0BECF 
 286      03851A
 287 044d 6119F69E 		.ascii	"a\031\366\236/\237O\254\220\373\310)\326\213JZyJ\335"
 287      2F9F4FAC 
 287      90FBC829 
 287      D68B4A5A 
 287      794ADD
 288 0460 E3A3BE8B 		.ascii	"\343\243\276\213\324=Z\352^J]\330[tCo\322\234tb\245"
 288      D43D5AEA 
ARM GAS  /tmp/ccw7IIhb.s 			page 22


 288      5E4A5DD8 
 288      5B74436F 
 288      D29C7462 
 289 0475 AE5A1F98 		.ascii	"\256Z\037\230\350\202\343?\202\277\313\372f0\210\255"
 289      E882E33F 
 289      82BFCBFA 
 289      663088AD 
 290 0485 D92A54D3 		.ascii	"\331*T\323O\036\335o\022\316\261\260\016}Zy\327 x\231"
 290      4F1EDD6F 
 290      12CEB1B0 
 290      0E7D5A79 
 290      D7207899 
 291 0499 D235D6FE 		.ascii	"\3225\326\376/\031\030\206\352\263\242\276>\223\320"
 291      2F191886 
 291      EAB3A2BE 
 291      3E93D0
 292 04a8 CCDE35B6 		.ascii	"\314\3365\266\214\267\030\2046\246\024\236\233l[\301"
 292      8CB71884 
 292      36A6149E 
 292      9B6C5BC1 
 293 04b8 807A547B 		.ascii	"\200zT{o\325\341}\322\301\336\355>\332<\023,t2\345\370"
 293      6FD5E17D 
 293      D2C1DEED 
 293      3EDA3C13 
 293      2C7432E5 
 294 04cd D3813941 		.ascii	"\323\2019A\370\232)\257\316\\\225\364B\017S\216\265"
 294      F89A29AF 
 294      CE5C95F4 
 294      420F538E 
 294      B5
 295 04de F4B6840A 		.ascii	"\364\266\204\012}LQ.\227pv\271\324<\276Tdd\273J\342"
 295      7D4C512E 
 295      977076B9 
 295      D43CBE54 
 295      6464BB4A 
 296 04f3 E7796379 		.ascii	"\347ycy\316\363~\003\254ec\345\332\3502\222\367`\377"
 296      CEF37E03 
 296      AC6563E5 
 296      DAE83292 
 296      F760FF
 297 0506 DC1B15A4 		.ascii	"\334\033\025\244\243\004\320\3564\200%\033\203\225j"
 297      A304D0EE 
 297      3480251B 
 297      83956A
 298 0515 BF7B402B 		.ascii	"\277{@+QE~9j\340=p\003\213\234@\321\367\374\321\375"
 298      51457E39 
 298      6AE03D70 
 298      038B9C40 
 298      D1F7FCD1 
 299 052a AFA167DB 		.ascii	"\257\241g\333|\350\377\370\243\207^C\347\251\334\367"
 299      7CE8FFF8 
 299      A3875E43 
 299      E7A9DCF7 
 300 053a 97E68E55 		.ascii	"\227\346\216U\301s*\365\340\322ak\300\223*\370\033\177"
 300      C1732AF5 
 300      E0D2616B 
 300      C0932AF8 
ARM GAS  /tmp/ccw7IIhb.s 			page 23


 300      1B7F
 301 054c B0D90F3B 		.ascii	"\260\331\017;\245b\037.\211e!\347\313\347E\302>\015"
 301      A5621F2E 
 301      896521E7 
 301      CBE745C2 
 301      3E0D
 302 055e 8F11F088 		.ascii	"\217\021\360\210\000Fd\013\334x\360\002\017\333w\260"
 302      0046640B 
 302      DC78F002 
 302      0FDB77B0 
 303 056e 169EA38C 		.ascii	"\026\236\243\214\243<C\371\026\345\011\312(\312SXK\317"
 303      A33C43F9 
 303      16E509CA 
 303      28CA5358 
 303      4BCF
 304 0580 2E733BAD 		.ascii	".s;\255\272\035^\272T4F\332\002\274\023\271&\011O9\202"
 304      BA1D5EBA 
 304      543446DA 
 304      02BC13B9 
 304      26094F39 
 305 0595 38B941C9 		.ascii	"8\271A\311}\257\254\360A\231A\273\247\265<\034L\310"
 305      7DAFACF0 
 305      419941BB 
 305      A7B53C1C 
 305      4CC8
 306 05a7 7B7A82EE 		.ascii	"{z\202\356\351\373\255\025U\244\017\2553\002\371\370"
 306      E9FBAD15 
 306      55A40FAD 
 306      3302F9F8 
 307 05b7 09C5A9DA 		.ascii	"\011\305\251\332\32133\301l\212n\346\375/\360\364\215"
 307      D13333C1 
 307      6C8A6EE6 
 307      FD2FF0F4 
 307      8D
 308 05c8 D00DC657 		.ascii	"\320\015\306W\345?\3532@4\353B\203\267\007~\227\237"
 308      E53FEB32 
 308      4034EB42 
 308      83B7077E 
 308      979F
 309 05da 4DEEBD69 		.ascii	"M\356\275i\354\026Sj\243\\G\372D\216/\000N\315\342%"
 309      EC16536A 
 309      A35C47FA 
 309      448E2F00 
 309      4ECDE225 
 310 05ee D6037909 		.ascii	"\326\003y\011\016\376\213\223\223\254\375T|\236_\026"
 310      0EFE8B93 
 310      93ACFD54 
 310      7C9E5F16 
 311 05fe 2094EBA8 		.ascii	" \224\353\250\217\312\232\257\256\005\2021zI\202WK\020"
 311      8FCA9AAF 
 311      AE058231 
 311      7A498257 
 311      4B10
 312 0610 B0602E0D 		.ascii	"\260`.\015\277sm\027\011f\026\203\231Q\203\231f]\013"
 312      BF736D17 
 312      09661683 
 312      99518399 
ARM GAS  /tmp/ccw7IIhb.s 			page 24


 312      665D0B
 313 0623 67D1D1D5 		.ascii	"g\321\321\325\205\227\336Pv@\360@\300\201\306\372n~"
 313      8597DE50 
 313      7640F040 
 313      C081C6FA 
 313      6E7E
 314 0635 D99E3DAF 		.ascii	"\331\236=\257\364\3549\026\345\345\027u\307L\314X\320"
 314      F4EC3916 
 314      E5E51775 
 314      C74CCC58 
 314      D0
 315 0646 B48308D6 		.ascii	"\264\203\010\326\016\006Ff\372t\376-t\001\311\376G\311"
 315      0E064666 
 315      FA74FE2D 
 315      7401C9FE 
 315      47C9
 316 0658 243E5CA1 		.ascii	"$>\\\241\244\012Z\264\227\037M7,\353=\235\227\275\257"
 316      A40A5AB4 
 316      971F4D37 
 316      2CEB3D9D 
 316      97BDAF
 317 066b 8FD4F694 		.ascii	"\217\324\366\224\010\326S\332:\237\266\007\312\336\274"
 317      08D653DA 
 317      3A9FB607 
 317      CADEBC
 318 067a 8AB70C9E 		.ascii	"\212\267\014\236\305\312A&\365F)\250\202\026\335\367"
 318      C5CA4126 
 318      F54629A8 
 318      8216DDF7 
 319 068a BA0A0C42 		.ascii	"\272\012\014B\257n\231.\332|}\272Q\247\275-I\031\325"
 319      AF6E992E 
 319      DA7C7DBA 
 319      51A7BD2D 
 319      4919D5
 320 069d 6876F3DA 		.ascii	"hv\363\332\333\262\351J\307\201 _CO\356V\033:\342 \213"
 320      DBB2E94A 
 320      C781205F 
 320      434FEE56 
 320      1B3AE220 
 321 06b2 57BAEE2E 		.ascii	"W\272\356.^G4\265\353f\363\244\353\216\226\367\204\011"
 321      5E4734B5 
 321      EB66F3A4 
 321      EB8E96F7 
 321      8409
 322 06c4 C3CB4532 		.ascii	"\303\313E2\324\374\211\024B\277\226H\010\354k\351\326"
 322      D4FC8914 
 322      42BF9648 
 322      08EC6BE9 
 322      D6
 323 06d5 D0E923A6 		.ascii	"\320\351#\246e\277\226\366\322\340ry\345./)\316W>,'"
 323      65BF96F6 
 323      D2E07279 
 323      E52E2F29 
 323      CE573E2C 
 324 06ea FA7F7558 		.ascii	"\372\177uX\362fIR\251\221\300 \307\027\333\036\214-"
 324      F2664952 
 324      A991C020 
ARM GAS  /tmp/ccw7IIhb.s 			page 25


 324      C717DB1E 
 324      8C2D
 325 06fc 471BDB3F 		.ascii	"G\033\333?hl\207\263\237\345\301\232Rz\304:\377$\345"
 325      686C87B3 
 325      9FE5C19A 
 325      527AC43A 
 325      FF24E5
 326 070f E8D115FD 		.ascii	"\350\321\025\375fdW\377?\3715\364\366>\327$h\217X\313"
 326      666457FF 
 326      3FF935F4 
 326      F63ED724 
 326      688F58CB 
 327 0723 A26B631F 		.ascii	"\242kc\037\317\216\030\376#\2708\177\364\250\300\030"
 327      CF8E18FE 
 327      23B8387F 
 327      F4A8C018 
 328 0733 31FA308E 		.ascii	"1\3720\216\022\236W\010\367\363k8C\212\323\345\021\355"
 328      129E5708 
 328      F7F36B38 
 328      438AD3E5 
 328      11ED
 329 0745 4ECB5FF5 		.ascii	"N\313_\365\277\177\177k\324\306\330X\356g11\346\215"
 329      BF7F7F6B 
 329      D4C6D858 
 329      EE673131 
 329      E68D
 330 0757 49B66DB6 		.ascii	"I\266m\266?\304\233\235n\263\313c&\030\267\371\335\017"
 330      3FC49B9D 
 330      6EB3CB63 
 330      2618B7F9 
 330      DD0F
 331 0769 E236C6A5 		.ascii	"\3426\306\245\231-I\026\247\313*\376\355\027\3111I\\"
 331      992D4916 
 331      A7CB2AFE 
 331      ED17C931 
 331      495C
 332 077b 10354F75 		.ascii	"\0205Ou\020\202p\037\225\270\335\345L\026mnW\204\346"
 332      1082701F 
 332      95B8DDE5 
 332      4C166D6E 
 332      5784E6
 333 078e B56F32E8 		.ascii	"\265o2\350\375\270\315\342\246\004G\242\335\352\372"
 333      FDB8CDE2 
 333      A60447A2 
 333      DDEAFA
 334 079d E1BE2C5C 		.ascii	"\341\276,\\\270H\331l\256\217Dk\212\315\356\334\221"
 334      B848D96C 
 334      AE8F446B 
 334      8ACDEEDC 
 334      91
 335 07ae 6AD5BBAC 		.ascii	"j\325\273\254;\022\\\311\242g\335\017\341\301x\337`"
 335      3B125CC9 
 335      A267DD0F 
 335      E1C178DF 
 335      60
 336 07bf 1CEE8F6D 		.ascii	"\034\356\217m\036K\222/\242\225l\326\232f\363\370\346"
 336      1E4B922F 
ARM GAS  /tmp/ccw7IIhb.s 			page 26


 336      A2956CD6 
 336      9A66F3F8 
 336      E6
 337 07d0 7E6C498A 		.ascii	"~lI\212\267$mvoqY\255\311)\036\233\323\361\201\365\243"
 337      B7246D76 
 337      6F7159AD 
 337      C9291E9B 
 337      D3F181F5 
 338 07e5 549BCB9A 		.ascii	"T\233\313\232\270B\374\255\323i_\375\232G\233\303bO"
 338      B842FCAD 
 338      D3695FFD 
 338      9A479BC3 
 338      624F
 339 07f7 4DB4A233 		.ascii	"M\264\2423\267%)\021\235\351,I\011\256`QL\264\271\023"
 339      B7252911 
 339      9DE92C49 
 339      09AE6051 
 339      4CB4B913 
 340 080b B6D9AD24 		.ascii	"\266\331\255$\362\340\004\373\307\011;\335\242\315a"
 340      F2E004FB 
 340      C7093BDD 
 340      A2CD61
 341 081a B739AC31 		.ascii	"\2679\2541\2139\254i\036\363\306\270\370\315\361*\025"
 341      8B39AC69 
 341      1EF3C6B8 
 341      F8CDF12A 
 341      15
 342 082b C9DE92FC 		.ascii	"\311\336\222\374^\252\303\202|&Q\264:\024&]Z\212\333"
 342      5EAAC382 
 342      7C2651B4 
 342      3A14265D 
 342      5A8ADB
 343 083e C5A75802 		.ascii	"\305\247X\002\354.\321\223\224(\270b\337\342]\033x\027"
 343      EC2ED193 
 343      9428B862 
 343      DFE25D1B 
 343      7817
 344 0850 FEC6F2AE 		.ascii	"\376\306\362\256\365ArF\036\213'\315(\212\2516\207g"
 344      F5417246 
 344      1E8B27CD 
 344      288AA936 
 344      8767
 345 0862 C35BA2E7 		.ascii	"\303[\242\347ms\252\333e\306\222\275\351p:\254oZ\023"
 345      6D73AADB 
 345      65C692BD 
 345      E9703AAC 
 345      6F5A13
 346 0875 B6D97CCE 		.ascii	"\266\331|\316\222\023,I\030\224YL\264nOH\265{D\317\316"
 346      92132C49 
 346      1894594C 
 346      B46E4F48 
 346      B57B44CF 
 347 088a 14AB1BFD 		.ascii	"\024\253\033\375\352\025\353\237~\217\265{\247\333,"
 347      EA15EB9F 
 347      7E8FB57B 
 347      A7DB2C
 348 0899 BA3D8908 		.ascii	"\272=\211\010E\023\203(\356\260z\304-\361[\360\311\315"
ARM GAS  /tmp/ccw7IIhb.s 			page 27


 348      45138328 
 348      EEB07AC4 
 348      2DF15BF0 
 348      C9CD
 349 08ab 9EFE0F44 		.ascii	"\236\376\017Dw\335P"
 349      77DD50
 350              		.text
 351              		.section	.gnu.lto_.symtab.30dbc640990a8be3,"",%progbits
 352 0000 4E4D495F 		.ascii	"NMI_Handler\000"
 352      48616E64 
 352      6C657200 
 353 000c 00       		.ascii	"\000"
 354 000d 00       		.ascii	"\000"
 355 000e 00       		.ascii	"\000"
 356 000f 00000000 		.ascii	"\000\000\000\000\000\000\000\000"
 356      00000000 
 357 0017 B5000000 		.ascii	"\265\000\000\000"
 358 001b 5F706F72 		.ascii	"_port_irq_epilogue\000"
 358      745F6972 
 358      715F6570 
 358      696C6F67 
 358      756500
 359 002e 00       		.ascii	"\000"
 360 002f 00       		.ascii	"\000"
 361 0030 00       		.ascii	"\000"
 362 0031 00000000 		.ascii	"\000\000\000\000\000\000\000\000"
 362      00000000 
 363 0039 BC000000 		.ascii	"\274\000\000\000"
 364 003d 5F706F72 		.ascii	"_port_switch_from_isr\000"
 364      745F7377 
 364      69746368 
 364      5F66726F 
 364      6D5F6973 
 365 0053 00       		.ascii	"\000"
 366 0054 02       		.ascii	"\002"
 367 0055 00       		.ascii	"\000"
 368 0056 00000000 		.ascii	"\000\000\000\000\000\000\000\000"
 368      00000000 
 369 005e BE000000 		.ascii	"\276\000\000\000"
 370 0062 5F706F72 		.ascii	"_port_exit_from_isr\000"
 370      745F6578 
 370      69745F66 
 370      726F6D5F 
 370      69737200 
 371 0076 00       		.ascii	"\000"
 372 0077 02       		.ascii	"\002"
 373 0078 00       		.ascii	"\000"
 374 0079 00000000 		.ascii	"\000\000\000\000\000\000\000\000"
 374      00000000 
 375 0081 C0000000 		.ascii	"\300\000\000\000"
 376 0085 63685363 		.ascii	"chSchIsPreemptionRequired\000"
 376      68497350 
 376      7265656D 
 376      7074696F 
 376      6E526571 
 377 009f 00       		.ascii	"\000"
 378 00a0 02       		.ascii	"\002"
ARM GAS  /tmp/ccw7IIhb.s 			page 28


 379 00a1 00       		.ascii	"\000"
 380 00a2 00000000 		.ascii	"\000\000\000\000\000\000\000\000"
 380      00000000 
 381 00aa C8000000 		.ascii	"\310\000\000\000"
 382              		.text
 383              		.section	.gnu.lto_.opts,"",%progbits
 384 0000 272D666D 		.ascii	"'-fmath-errno' '-fsigned-zeros' '-ftrapping-math' '"
 384      6174682D 
 384      6572726E 
 384      6F272027 
 384      2D667369 
 385 0033 2D666E6F 		.ascii	"-fno-trapv' '-fno-strict-overflow' '-fno-openmp' '-"
 385      2D747261 
 385      70762720 
 385      272D666E 
 385      6F2D7374 
 386 0066 666E6F2D 		.ascii	"fno-openacc' '-mcpu=cortex-m0' '-mno-thumb-interwor"
 386      6F70656E 
 386      61636327 
 386      20272D6D 
 386      6370753D 
 387 0099 6B272027 		.ascii	"k' '-mthumb' '-ggdb' '-O0' '-fomit-frame-pointer' '"
 387      2D6D7468 
 387      756D6227 
 387      20272D67 
 387      67646227 
 388 00cc 2D66616C 		.ascii	"-falign-functions=16' '-ffunction-sections' '-fdata"
 388      69676E2D 
 388      66756E63 
 388      74696F6E 
 388      733D3136 
 389 00ff 2D736563 		.ascii	"-sections' '-fno-common' '-flto'\000"
 389      74696F6E 
 389      73272027 
 389      2D666E6F 
 389      2D636F6D 
 390              		.text
 391              		.comm	__gnu_lto_v1,1,1
 392              		.comm	__gnu_lto_slim,1,1
 393              		.ident	"GCC: (GNU Tools for ARM Embedded Processors) 5.4.1 20160609 (release) [ARM/embedded-5-bran
ARM GAS  /tmp/ccw7IIhb.s 			page 29


DEFINED SYMBOLS
                            *ABS*:0000000000000000 chcore_v6m.c
                            *COM*:0000000000000001 __gnu_lto_v1
                            *COM*:0000000000000001 __gnu_lto_slim

NO UNDEFINED SYMBOLS
