ARM GAS  /tmp/ccSLArj0.s 			page 1


   1              		.syntax unified
   2              		.cpu cortex-m0
   3              		.fpu softvfp
   4              		.eabi_attribute 20, 1
   5              		.eabi_attribute 21, 1
   6              		.eabi_attribute 23, 3
   7              		.eabi_attribute 24, 1
   8              		.eabi_attribute 25, 1
   9              		.eabi_attribute 26, 1
  10              		.eabi_attribute 30, 6
  11              		.eabi_attribute 34, 0
  12              		.eabi_attribute 18, 4
  13              		.thumb
  14              		.syntax unified
  15              		.file	"chmempools.c"
  16              		.text
  17              	.Ltext0:
  18              		.section	.gnu.lto_.inline.c0a60be7a5dfb0ee,"",%progbits
  19 0000 789C6361 		.ascii	"x\234ca`d\000\001\001\010\005\006\334\014\014,\314\014"
  19      60640001 
  19      01080506 
  19      DC0C0C2C 
  19      CC0C
  20 0012 0C4C2C1F 		.ascii	"\014L,\037\364\030X\030\230@B\214\030\"L\014,<@\222"
  20      F4185818 
  20      9840428C 
  20      18224C0C 
  20      2C3C4092 
  21 0026 69813C5C 		.ascii	"i\201<\\\015\027\220`\306.\314\302\300\306\012\024\346"
  21      0D179060 
  21      C62ECCC2 
  21      C0C60A14 
  21      E6
  22 0037 98E00713 		.ascii	"\230\340\007\023fe\020\226\003\212HL8\315\010\027\022"
  22      66651096 
  22      038A484C 
  22      38CD0817 
  22      12
  23 0048 04AA9EE0 		.ascii	"\004\252\236\340\307\306\300\241\204\315d\036\260,\230"
  23      C7C6C0A1 
  23      84CD641E 
  23      B02C98
  24 0057 CD8E611C 		.ascii	"\315\216a\034\007nML\023\374\240\3328\031\330\370P\025"
  24      076E4D4C 
  24      13FCA0DA 
  24      3819D8F8 
  24      5015
  25 0069 C1E5B918 		.ascii	"\301\345\271\030\270\205\201L\236\015\271\010)F\210"
  25      B885814C 
  25      9E0DB908 
  25      294688
  26 0078 1403000D 		.ascii	"\024\003\000\015\350\023\253"
  26      E813AB
  27              		.text
  28              		.section	.gnu.lto_port_lock.c0a60be7a5dfb0ee,"",%progbits
  29 0000 789C6361 		.ascii	"x\234ca`d\000\201\307@\234\013\304\242 \0163\003#\023"
  29      60640081 
ARM GAS  /tmp/ccSLArj0.s 			page 2


  29      C7409C0B 
  29      C4A2200E 
  29      33032313 
  30 0014 03103382 		.ascii	"\003\0203\202\344\030\031\352\231\030\353\031\2772\375"
  30      E41819EA 
  30      9918EB19 
  30      BF32FD
  31 0023 65623CD4 		.ascii	"eb<\324\376l'\223\346\362\006 xp\364YRSC\253D+3\003"
  31      FE6C2793 
  31      E6F20620 
  31      7870F459 
  31      525343AB 
  32 003b C37F26B0 		.ascii	"\303\177&\260\031\014\214\313\0315\031\200\312\036m"
  32      190C8CCB 
  32      19351980 
  32      CA1E6D
  33 004a FC379597 		.ascii	"\3747\225\227\255\005\244L\001\"\311\270\202\221\015"
  33      AD05A44C 
  33      0122C9B8 
  33      82910D
  34 0059 64D8FAA0 		.ascii	"d\330\372\240\003\015\377\377774\3144\234\253\015\324"
  34      030DFFFF 
  34      373734CC 
  34      349CAB0D 
  34      D4
  35 006a F901ACF3 		.ascii	"\371\001\254\363#\023\220b~\316\330\370h\357\303\265"
  35      23139062 
  35      7ECED8F8 
  35      68EFC3B5 
  36 007a CCA8061C 		.ascii	"\314\250\006\034\350<\307\012\326\376\237\211\021\303"
  36      E83CC70A 
  36      D6FE9F89 
  36      11C3
  37 0088 6CC6958C 		.ascii	"l\306\225\214l@\303W\201I\206X\240\364\212}\207\237"
  37      6C40C357 
  37      81498658 
  37      A0F48A7D 
  37      879F
  38 009a F228A6CD 		.ascii	"\362(\246\315o\230\241\320\312\014\326\360i\335\246"
  38      6F98A1D0 
  38      CA0CD6F0 
  38      69DDA6
  39 00a9 ABDC2C20 		.ascii	"\253\334, \377\254fT\004\222k\030Y\030^16\035\330\035"
  39      FFAC6654 
  39      04926B18 
  39      59185E31 
  39      361DD81D 
  40 00bd 063215EC 		.ascii	"\0062\025\354\356\017@\243\031\200*\264\365\364\364"
  40      EE0F40A3 
  40      19802AB4 
  40      F5F4F4
  41 00cc 9D333293 		.ascii	"\23532\2232\375\203\365\363\213\365\213J\364\013\362"
  41      32FD83F5 
  41      F38BF58B 
  41      4AF40BF2 
  42 00dc 8B4A8AF5 		.ascii	"\213J\212\365\035\203|\235}+\364\2233\222\363\213R\343"
  42      1D837C9D 
ARM GAS  /tmp/ccSLArj0.s 			page 3


  42      7D2BF493 
  42      3392F38B 
  42      52E3
  43 00ee CBCC72F5 		.ascii	"\313\314r\3652\030\364P\325\246V\224\350;\373\006{\006"
  43      3218F450 
  43      D5A65694 
  43      E83BFB06 
  43      7B06
  44 0100 EB67E625 		.ascii	"\353g\346%\347\224\246\244\352\203\325&\347\272\225"
  44      E794A6A4 
  44      EA83D526 
  44      E7BA95
  45 010f E6250395 		.ascii	"\346%\003\225s$\027\024g\246(d2\260\347\246\346\346"
  45      73241714 
  45      67A62864 
  45      32B0E7A6 
  45      E6E6
  46 0121 17553200 		.ascii	"\027U2\000\000+\362o\304"
  46      002BF26F 
  46      C4
  47              		.text
  48              		.section	.gnu.lto_port_unlock.c0a60be7a5dfb0ee,"",%progbits
  49 0000 789C6361 		.ascii	"x\234ca`d\000\201\307@\234\013\304\242 \0163\003#\023"
  49      60640081 
  49      C7409C0B 
  49      C4A2200E 
  49      33032313 
  50 0014 03103382 		.ascii	"\003\0203\202\344\030\031\352\231\030\353\031\2772\375"
  50      E41819EA 
  50      9918EB19 
  50      BF32FD
  51 0023 65623CD4 		.ascii	"eb<\324\376l'\223\346\362\006 x\360\364URSC\253D+3\003"
  51      FE6C2793 
  51      E6F20620 
  51      78F0F455 
  51      525343AB 
  52 003b C37F26B0 		.ascii	"\303\177&\260\031\014\214\313\0315\031\200\312\036m"
  52      190C8CCB 
  52      19351980 
  52      CA1E6D
  53 004a FC379597 		.ascii	"\3747\225\227\255\005\244L\001\"\311\270\202\221\015"
  53      AD05A44C 
  53      0122C9B8 
  53      82910D
  54 0059 64D8FAA0 		.ascii	"d\330\372\240\003\015\377\377774\3145\\\247\015\324"
  54      030DFFFF 
  54      373734CC 
  54      355CA70D 
  54      D4
  55 006a F901ACF3 		.ascii	"\371\001\254\363#\023\220b~\316\330\370h\357\3275\314"
  55      23139062 
  55      7ECED8F8 
  55      68EFD735 
  55      CC
  56 007b A8061C38 		.ascii	"\250\006\0348y\215\025\254\375?\023#\206\331\214+\031"
  56      798D15AC 
  56      FD3F1323 
ARM GAS  /tmp/ccSLArj0.s 			page 4


  56      86D98C2B 
  56      19
  57 008c D98086AF 		.ascii	"\331\200\206\257\002\223\014\261@\351\025\373\016?\345"
  57      02930CB1 
  57      40E915FB 
  57      0E3FE5
  58 009b 514C9BDF 		.ascii	"QL\233\3370C\241\225\031\254\341\323\272MW\271Y@\376"
  58      3043A195 
  58      19ACE1D3 
  58      BA4D57B9 
  58      5940FE
  59 00ae 59CDA808 		.ascii	"Y\315\250\010$\3270\2620\274bl:p7\014d*\330\335\037"
  59      24D730B2 
  59      30BC626C 
  59      3A70370C 
  59      642AD8DD 
  60 00c3 80463300 		.ascii	"\200F3\000Uh\353\351\351;gd&e\372\007\353\347\027\353"
  60      5568EBE9 
  60      E93B6764 
  60      2665FA07 
  60      EBE717EB 
  61 00d7 1795E817 		.ascii	"\027\225\350\027\344\027\225\024\353;\006\371:\373V"
  61      E4179514 
  61      EB3B06F9 
  61      3AFB56
  62 00e6 E8276724 		.ascii	"\350'g$\347\027\245\306\227\231\345\352e0\350\241\252"
  62      E717A5C6 
  62      9799E5EA 
  62      6530E8A1 
  62      AA
  63 00f7 4DAD28D1 		.ascii	"M\255(\321w\366\015\366\014\326\317\314K\316)MI\325"
  63      77F60DF6 
  63      0CD6CFCC 
  63      4BCE294D 
  63      49D5
  64 0109 07AB4DCE 		.ascii	"\007\253M\316u+\315K\006*\347H.(\316LU\310d`\317M\315"
  64      752BCD4B 
  64      062AE748 
  64      2E28CE4C 
  64      55C86460 
  65 0120 CD2FAA64 		.ascii	"\315/\252d\000\000\314cp{"
  65      0000CC63 
  65      707B
  66              		.text
  67              		.section	.gnu.lto_chSysLock.c0a60be7a5dfb0ee,"",%progbits
  68 0000 789C6361 		.ascii	"x\234ca`d\000\201%@\254\014\304\242 \0163\003#\023\003"
  68      60640081 
  68      2540AC0C 
  68      C4A2200E 
  68      33032313 
  69 0015 103382E4 		.ascii	"\0203\202\344\030\031\352\231\030\353\031\2772\375e"
  69      1819EA99 
  69      18EB19BF 
  69      32FD65
  70 0024 623CD4FE 		.ascii	"b<\324\376l'\223\346\362\006 xp\364]RSC\253D+3\003\303"
  70      6C2793E6 
  70      F2062078 
ARM GAS  /tmp/ccSLArj0.s 			page 5


  70      70F45D52 
  70      5343AB44 
  71 003c 7F26B019 		.ascii	"\177&\260\031\014\214\313\0315\031\200\312\036m\374"
  71      0C8CCB19 
  71      351980CA 
  71      1E6DFC
  72 004b 379597AD 		.ascii	"7\225\227\255\005\244L\001\"\311\270\202\221\015d\330"
  72      05A44C01 
  72      22C9B882 
  72      910D64D8 
  73 005b FAA0030D 		.ascii	"\372\240\003\015\377\377774\3144\334\257\015\324\371"
  73      FFFF3737 
  73      34CC34DC 
  73      AF0DD4F9 
  74 006b 01ACF323 		.ascii	"\001\254\363#\023\220b~\301\330|\340\3475F\220R\220"
  74      1390627E 
  74      C1D87CE0 
  74      E7354690 
  74      5290
  75 007d 213B77BE 		.ascii	"!;w\276\271\315^\377\267\241\243\241A\240\225\231\361"
  75      B9CD5EFF 
  75      B7A1A3A1 
  75      41A09599 
  75      F1
  76 008e 3F13503F 		.ascii	"?\023P?\343J\306z\206Vf&\206W\214M\007\376\207\201\225"
  76      E34AC67A 
  76      86566626 
  76      86578C4D 
  76      07FE8781 
  77 00a3 82C00790 		.ascii	"\202\300\007\220$\320\014E==}\347\214\314\244L\377`"
  77      24D00C45 
  77      3D3D7DE7 
  77      8CCCA44C 
  77      FF60
  78 00b5 FDFC62FD 		.ascii	"\375\374b\375\242\022\375\314\274\344\234\322\224T\375"
  78      A212FDCC 
  78      BCE49CD2 
  78      9454FD
  79 00c4 E48CE2CA 		.ascii	"\344\214\342\312b\275\014\006\000\204*B\275"
  79      62BD0C06 
  79      00842A42 
  79      BD
  80              		.text
  81              		.section	.gnu.lto_chSysUnlock.c0a60be7a5dfb0ee,"",%progbits
  82 0000 789C6361 		.ascii	"x\234ca`d\000\201\315@J\031H\313\2008,\014\214L\014"
  82      60640081 
  82      CD404A19 
  82      48CB8038 
  82      2C0C8C4C 
  83 0015 40CCC80C 		.ascii	"@\314\310\014$\231\031A*\030\031\352\231\230\031\353"
  83      24991941 
  83      2A1819EA 
  83      999819EB 
  84 0025 19BF32FD 		.ascii	"\031\2772\375eb<\324\376l'\223\346\362\006 xp\364sR"
  84      65623CD4 
  84      FE6C2793 
  84      E6F20620 
ARM GAS  /tmp/ccSLArj0.s 			page 6


  84      7870F473 
  85 003a 5343AB44 		.ascii	"SC\253D+P\351\177&\260Q\014\214\313\0315\031\200\312"
  85      2B50E97F 
  85      26B0510C 
  85      8CCB1935 
  85      1980CA
  86 004d 1E6DFC37 		.ascii	"\036m\3747\225\227\255\005\244L\241\023&\317\270\202"
  86      9597AD05 
  86      A44CA113 
  86      26CFB882 
  87 005d 910D6820 		.ascii	"\221\015h \033P\376b\313\2069\314_\230Z\2016\260\000"
  87      1B50FE62 
  87      CB8639CC 
  87      5F985A81 
  87      36B000
  88 0070 B91FCFCE 		.ascii	"\271\037\317\316z\314\007\34221*\000\271\323\027n\375"
  88      7ACC07E2 
  88      32312A00 
  88      B9D3176E 
  88      FD
  89 0081 C1ADBAB8 		.ascii	"\301\255\272\270\241\241\251\341\300\376\353\2143W\034"
  89      A1A1A9E1 
  89      C0FEEB8C 
  89      33571C
  90 0090 68516865 		.ascii	"hQhef\006\231\302\270\212Q\206q%\243\014\304\266\325"
  90      660699C2 
  90      B88A5186 
  90      7125A30C 
  90      C4B6D5
  91 00a3 8CAAA8CA 		.ascii	"\214\252\250\312\0336]h`\304\241x\015X\361\314\215\017"
  91      1B365D68 
  91      60C4A178 
  91      0D58F1CC 
  91      8D0F
  92 00b5 3EB2A229 		.ascii	">\262\242)f\301T\274\226\024\223\327\221b\362zFU`\210"
  92      66C154BC 
  92      961493D7 
  92      9162F27A 
  92      46556088 
  93 00c9 AC0F3AD0 		.ascii	"\254\017:\320\360\377\177s\303\201\271\342\347f\374"
  93      F0FF7F73 
  93      C381B9E2 
  93      E766FC
  94 00d8 E60206D1 		.ascii	"\346\002\006\321\007p\020~`\002R\314\037\231\200\002"
  94      0770107E 
  94      600252CC 
  94      1F998002 
  95 00e8 CC2F189B 		.ascii	"\314/\030\233\017\\\277\316\010\0126P\230\356\334\371"
  95      0F5CBFCE 
  95      080A3650 
  95      98EEDCF9 
  96 00f8 E6367BFD 		.ascii	"\3466{\375\337\206\216\206\006\201Vf\326\377L\300\260"
  96      DF868E86 
  96      06815666 
  96      D6FF4CC0 
  96      B0
  97 0109 64DCC058 		.ascii	"d\334\300X\317\320\312\314\306\360\212\261\351\300\315"
ARM GAS  /tmp/ccSLArj0.s 			page 7


  97      CFD0CACC 
  97      C6F08AB1 
  97      E9C0CD
  98 0118 70B05288 		.ascii	"p\260R\2101@I\240I\212zz\372\316\031\231I\231\376\301"
  98      314049A0 
  98      498A7A7A 
  98      FACE1999 
  98      4999FEC1 
  99 012c FAF9C5FA 		.ascii	"\372\371\305\372E%\372\231y\3119\245)\251\372\311\031"
  99      4525FA99 
  99      79C939A5 
  99      29A9FAC9 
  99      19
 100 013d C595C57A 		.ascii	"\305\225\305z\031\014\000\223\256\230\310"
 100      190C0093 
 100      AE98C8
 101              		.text
 102              		.section	.gnu.lto_chPoolObjectInit.c0a60be7a5dfb0ee,"",%progbits
 103 0000 789C9591 		.ascii	"x\234\225\221MK[A\024\206\347\235\271\367&b\314/HA\204"
 103      4D4B5B41 
 103      1486E79D 
 103      B9F72662 
 103      CC2F4841 
 104 0015 125D98DB 		.ascii	"\022]\230\333M\177\201\340\266\320\356\2730\015$\320"
 104      4D7F81E0 
 104      B6D0EEBB 
 104      300D24D0 
 105 0025 9090888B 		.ascii	"\220\220\210\213n\034\023/\352B\250\320\012\015~@!$"
 105      6E1C132F 
 105      EA42A8D0 
 105      0A0D7E40 
 105      2124
 106 0037 D6FA11BF 		.ascii	"\326\372\021\277]\010\301E\004K\221R]u\243m\015\325"
 106      5D08C145 
 106      044B9152 
 106      5D75A36D 
 106      0DD5
 107 0049 552E445C 		.ascii	"U.D\\izfLA\262\262\263\2703g\346\274\3179\347\275\006"
 107      697A664C 
 107      41B2B2B3 
 107      B83367E6 
 107      BCCF39E7 
 108 005f 0353EB25 		.ascii	"\003S\353%g\354)\355\001\025\030\014\024\202C\320W@"
 108      67EC29ED 
 108      0115180C 
 108      148243D0 
 108      5740
 109 0071 65800D73 		.ascii	"e\200\015s\201a\\\361\033\216\375\261\352.\357)HZ\247"
 109      81615CF1 
 109      1B8EFDB1 
 109      EA2EEF29 
 109      485AA7
 110 0084 E7D527B2 		.ascii	"\347\325'\262X\206C\251\015\256Q\014\005\364P\326\267"
 110      588643A9 
 110      0DAE510C 
 110      05F450D6 
 110      B7
ARM GAS  /tmp/ccSLArj0.s 			page 8


 111 0095 D1D51951 		.ascii	"\321\325\031Q\347\016\001\014\012\335\257\271_~\025"
 111      E70E010C 
 111      0ADDAFB9 
 111      5F7E15
 112 00a4 727452F8 		.ascii	"rtR\370g\2472\356\025\217\301\350|v\352>\012\346\245"
 112      67A732EE 
 112      158FC1E8 
 112      7C76EA3E 
 112      0AE6A5
 113 00b7 CC48391B 		.ascii	"\314H9\033\221m\216\020\370\004A8, \200\"\002\214\256"
 113      916D8E10 
 113      F8044138 
 113      2C208022 
 113      028CAE
 114 00ca 181611A4 		.ascii	"\030\026\021\244\344\217#'_:D\267\026\216-\355]\370"
 114      E48F2327 
 114      5F3A44B7 
 114      168E2DED 
 114      5DF8
 115 00dc 9BCAEF5A 		.ascii	"\233\312\357Zi\340s\253\222\246Y\322\312\037s\225\013"
 115      69E073AB 
 115      92A659D2 
 115      CA1F7395 
 115      0B
 116 00ed 9FE8D5CA 		.ascii	"\237\350\325\312\313wS\347fS\371\241\342\223oi\002\023"
 116      CB7753E7 
 116      6653F9A1 
 116      E2936F69 
 116      0213
 117 00ff CBAD5A93 		.ascii	"\313\255Z\223a\005A%\370Y\272}\337a\215\252\231;'\376"
 117      61054125 
 117      F859BA7D 
 117      DF618DAA 
 117      993B27FE 
 118 0113 0D8B5558 		.ascii	"\015\213UX\344\016\350b\345yY6\032Y)\367\254\305Ix9"
 118      E40EE862 
 118      E5795936 
 118      1A5929F7 
 118      ACC54978 
 119 0128 54BB0654 		.ascii	"T\273\006Ti\013\032\302j\332\237\032\247M\270\234\030"
 119      690B1AC2 
 119      6ADA9F1A 
 119      A74DB89C 
 119      18
 120 0139 A28A4CBD 		.ascii	"\242\212L\275v\344\012\305\241\032\323\316\376\221G"
 120      76E40AC5 
 120      A11AD3CE 
 120      FE9147
 121 0148 5924748F 		.ascii	"Y$t\217\327\007\207\343\276y\314\216\250\242\355\216"
 121      D70787E3 
 121      BE79CC8E 
 121      A8A2ED8E 
 122 0158 B0B2E45D 		.ascii	"\260\262\344]\211\372R\217\371\337\231e\217\335\353"
 122      89FA528F 
 122      F9DF9965 
 122      8FDDEB
 123 0167 080FD630 		.ascii	"\010\017\3260\217[\315\306:\354\373\034\017\0306H@u"
ARM GAS  /tmp/ccSLArj0.s 			page 9


 123      8F5BCDC6 
 123      3AECFB1C 
 123      0F183648 
 123      4075
 124 0179 72A5E333 		.ascii	"r\245\3433\263Y\347a`\003\233\032\254\177\377\026\354"
 124      B359E761 
 124      60039B1A 
 124      AC7FFF16 
 124      EC
 125 018a 2C39A940 		.ascii	",9\251@\356q\351\377@&\2665H;\266\243@\026\273D\246"
 125      EE71E9FF 
 125      4026B635 
 125      483BB6A3 
 125      4016BB44 
 126 019f 7CD2AF30 		.ascii	"|\322\2570\354\316\024\252B\357]\241\220\335\027\215"
 126      ECCE14AA 
 126      42EF5DA1 
 126      90DD178D 
 127 01af 0DC49EBD 		.ascii	"\015\304\236\275\260\023i;5h\247Sa;\034\215G\342\311"
 127      B013693B 
 127      3568A753 
 127      613B1C8D 
 127      47E2C9
 128 01c2 44E2753A 		.ascii	"D\342u:\024f<\2364\322\2617\021o2\225\030\212\275\212"
 128      14663C9E 
 128      34D2B137 
 128      116F3295 
 128      188ABD8A 
 129 01d6 A4FE0285 		.ascii	"\244\376\002\205&\322\\"
 129      26D25C
 130              		.text
 131              		.section	.gnu.lto_chPoolAllocI.c0a60be7a5dfb0ee,"",%progbits
 132 0000 789C8D54 		.ascii	"x\234\215TKOSA\024\236s\347\276\332\322\326\205q\205"
 132      4B4F5341 
 132      149E73E7 
 132      BEDAD2D6 
 132      857185
 133 0013 91983448 		.ascii	"\221\2304H\242\275+\023\335\231\270ta\242\177\300@H"
 133      A2BD2B13 
 133      DD99B874 
 133      61A27FC0 
 133      4048
 134 0025 C08825E0 		.ascii	"\300\210%\340\3260mo\023\350\302`T\020\242AB\020|\360"
 134      D6306D6F 
 134      13E8C260 
 134      5410A241 
 134      42107CF0 
 135 0039 A88A0282 		.ascii	"\250\212\002\202\\\221GB0\210[7-\022E\342\302\372\210"
 135      5C914742 
 135      30885B37 
 135      2D1245E2 
 135      C2FA88
 136 004c BA807A66 		.ascii	"\272\200zf\356\275\026ZH\230\244g\356\314|\347;\337"
 136      EEBD165A 
 136      4898A467 
 136      EECC7CE7 
 136      3BDF
ARM GAS  /tmp/ccSLArj0.s 			page 10


 137 005e 3967A632 		.ascii	"9g\2462\001\302G\271B\310Q\234\317\360\205\207\200D"
 137      01C247B9 
 137      42C8519C 
 137      CFF08587 
 137      8044
 138 0070 F007142D 		.ascii	"\360\007\024-\225dB\230\204\347L\226A\303\035ER\371"
 138      95644298 
 138      84E74C96 
 138      41C31D45 
 138      52F9
 139 0082 8EC67754 		.ascii	"\216\306wT\261\243\201\216V\007\316\005\244I\242\262"
 139      B1A3818E 
 139      5607CE05 
 139      A449A2B2 
 140 0092 A26A3A34 		.ascii	"\242j:4\301/iC\202es\370\016\375)%(\001\031\227\331"
 140      C12F6943 
 140      826573F8 
 140      0EFD2925 
 140      28011997 
 141 00a7 B79D1F03 		.ascii	"\267\235\037\003|\011P\306O\327?\233\276\212>\306b,"
 141      7C0950C6 
 141      4FD73F9B 
 141      BE8A3EC6 
 141      622C
 142 00b9 9DD83CD1 		.ascii	"\235\330<\321\321o\311\011*\221\234D\240\037J\241\017"
 142      D16FC909 
 142      2A919C44 
 142      A01F4AA1 
 142      0F
 143 00ca 4A39E903 		.ascii	"J9\351\003\250@\354\332\350\\\263NC@\360;\223\316\036"
 143      A840ECDA 
 143      E85CB34E 
 143      4340F03B 
 143      93CE1E
 144 00dd 2CEFE56E 		.ascii	",\357\345n\254\275\232y\022\224\302C\240[\335p\213\300"
 144      ACBD9A79 
 144      1294C243 
 144      A05BDD70 
 144      8BC0
 145 00ef 2328E7E8 		.ascii	"#(\347\350/fks\220\036\021\236\335\235\177\323\201P"
 145      2F666B73 
 145      901E119E 
 145      DD9D7FD3 
 145      8150
 146 0101 0F77B57E 		.ascii	"\017w\265~\314\227t0\313,\303\220\360x\273;\037\210"
 146      CC977430 
 146      CB2CC390 
 146      F078BB3B 
 146      1F88
 147 0113 5E496DDE 		.ascii	"^Im\336\362\253&\303Q\006\003\020j\301\242 \0145\015"
 147      F2AB26C3 
 147      51060310 
 147      6AC1A220 
 147      0C350D
 148 0126 828A09EB 		.ascii	"\202\212\011\353\210i\357\036\371\343s\030o,\034\300"
 148      8869EF1E 
 148      F9E37318 
ARM GAS  /tmp/ccSLArj0.s 			page 11


 148      6F2C1CC0 
 149 0136 1C38A34C 		.ascii	"\0348\243L\012\351`\010B\333\341lc\365\036\260\226S"
 149      0AE96008 
 149      42DBE16C 
 149      63F51EB0 
 149      9653
 150 0148 3BA2870B 		.ascii	";\242\207\013\321V{2\350\220+\305\360T\021\374\366B"
 150      D1567B32 
 150      E8902BC5 
 150      F05411FC 
 150      F642
 151 015a 49B235AA 		.ascii	"I\2625\252\357\210~\"\320\035\251tVq\244\214\271R\324"
 151      EF887E22 
 151      D01DA974 
 151      5671A48C 
 151      B952D4
 152 016d 62F45381 		.ascii	"b\364S\201~7ym\302\313\321If\245\222~GJa\263\020\376"
 152      7E37796D 
 152      C2CBD149 
 152      66A5927E 
 152      474A61B3 
 153 0183 0C424EAD 		.ascii	"\014BN\255\206\316Y,\227\2133+\253-\215\336\367\004"
 153      86CE592C 
 153      978B332B 
 153      AB2D8DDE 
 153      F704
 154 0195 81F00319 		.ascii	"\201\360\003\031xc\024\361\255b\243d\215\033\017\032"
 154      786314F1 
 154      AD62A364 
 154      8D1B0F1A 
 155 01a5 C5CB8D0F 		.ascii	"\305\313\215\017\215\352\027\307\001\302#\220o\274\344"
 155      8DEA17C7 
 155      01C22390 
 155      6FBCE4
 156 01b4 6871A259 		.ascii	"hq\242Y\011{@?Al<\225\213R\336\2078UP^[bzI\3437\213"
 156      097B403F 
 156      416C3C95 
 156      8B52DE87 
 156      3855505E 
 157 01cf 8A3EFF9E 		.ascii	"\212>\377\236_h.\351\202\273Q\336\273\223H\243\305\251"
 157      5F682EE9 
 157      82BB51DE 
 157      BB9348A3 
 157      C5A9
 158 01e1 0C235C23 		.ascii	"\014#\\#\236\366\256\306\0065\343\030\206\205\347\320"
 158      9EF6AEC6 
 158      0635E318 
 158      8685E7D0 
 159 01f1 059B821F 		.ascii	"\005\233\202\037^\200A2`~\210\367\334T\035b\010\333"
 159      5E804132 
 159      607E88F7 
 159      DC541D62 
 159      08DB
 160 0203 4965F943 		.ascii	"Ie\371C\020Q\2633\357\025\373P\335\022\006v\0170\232"
 160      1051B333 
 160      EF15FB50 
 160      DD120676 
ARM GAS  /tmp/ccSLArj0.s 			page 12


 160      0F309A
 161 0216 0F308601 		.ascii	"\0170\206\0018G\367!\233A\333\252[\336\246\033\011u"
 161      3847F721 
 161      9B41DBAA 
 161      5BDEA61B 
 161      0975
 162 0228 0C01E3C5 		.ascii	"\014\001\343\305\204/\005\241xn\0236a[f?',L;\270\273"
 162      842F05A1 
 162      786E1336 
 162      615B663F 
 162      272C4C3B 
 163 023e A8C9BCA8 		.ascii	"\250\311\274\250W`\240\022\221\243\342\3468\273\342"
 163      5760A012 
 163      91A3E2E6 
 163      38BBE2
 164 024d 54D6B397 		.ascii	"T\326\263\227\034=0%\350\304\303\260\334\"^\3163\374"
 164      1C3D3025 
 164      E8C4C3B0 
 164      DC225ECE 
 164      33FC
 165 025f CFD18337 		.ascii	"\317\321\2037\3405\270%U\335F\316\271\341\274{\0137"
 165      E035B825 
 165      55DD46CE 
 165      B9E1BC7B 
 165      0B37
 166 0271 9D0FF7C6 		.ascii	"\235\017\367\306-i\300f\360\025\026\341\352\316\275"
 166      2D69C066 
 166      F01516E1 
 166      EACEBD
 167 0280 1F60E262 		.ascii	"\037`\342b$\250\027f\004\033\345l\263\310\266\006&;"
 167      24A81766 
 167      041BE56C 
 167      B3C8B606 
 167      263B
 168 0292 6E93F951 		.ascii	"n\223\371Q\021A\316\004\365\011\301\232-\270\355\372"
 168      1141CE04 
 168      F509C19A 
 168      2DB8EDFA 
 169 02a2 A2640302 		.ascii	"\242d\003\002q\274m\344;\000^\025\371\353\324\005\234"
 169      71BC6DE4 
 169      3B005E15 
 169      F9EBD405 
 169      9C
 170 02b3 1474F0AB 		.ascii	"\024t\360\253\213\3135\210\307?F\272\012\321}\204!l"
 170      8BCB3588 
 170      C73F46BA 
 170      0AD17D84 
 170      216C
 171 02c5 1D62D6B0 		.ascii	"\035b\326\260\327\361\263\3573\372b\022\207\303a\343"
 171      D7F1B3EF 
 171      33FA6212 
 171      87C361E3 
 172 02d5 744D6D65 		.ascii	"tMme\355\331\363F\244\321h\270b46T\031U5u\325u\365\221"
 172      EDD9F346 
 172      A4D168B8 
 172      62343654 
 172      19553575 
ARM GAS  /tmp/ccSLArj0.s 			page 13


 173 02ed C8A5C670 		.ascii	"\310\245\306p\025\221\352\352\345H\345\305\372\177\215"
 173      1591EAEA 
 173      E548E5C5 
 173      FA7F8D
 174 02fc 8C9E0D   		.ascii	"\214\236\015"
 175              		.text
 176              		.section	.gnu.lto_chPoolAlloc.c0a60be7a5dfb0ee,"",%progbits
 177 0000 789C7D52 		.ascii	"x\234}RKK\033Q\024>\337=\223\304\267\376\000\205 \004"
 177      4B4B1B51 
 177      143EDF3D 
 177      93C4B7FE 
 177      00852004 
 178 0014 2B94CCBA 		.ascii	"+\224\314\272\353\376\200\202\376\003\203\240bH0\356"
 178      EBFE8082 
 178      FE0383A0 
 178      624830EE 
 179 0024 736B6620 		.ascii	"skf dQ\272\261\240tS%hkk\214+\005\013\263\352BPt-J|"
 179      6451BAB1 
 179      A0745325 
 179      686B6B8C 
 179      2B050BB3 
 180 003f A0A97461 		.ascii	"\240\251ta\260.\\\330\3519\261\213\252\340]\314\275"
 180      B02E5CD8 
 180      E939B18B 
 180      AAE05DCC 
 180      BD
 181 0050 67CEF73A 		.ascii	"g\316\367:3\327!\220\256\210!z){\257\026\016AJ\030\260"
 181      33D72190 
 181      AE88217A 
 181      297BAF16 
 181      0E414A18 
 182 0065 3C198A00 		.ascii	"<\031\212\000\345\015#\217\033sg\260\357\255}\344\337"
 182      E50D238F 
 182      1B7367B0 
 182      EFAD7DE4 
 182      DF
 183 0076 C6678223 		.ascii	"\306g\202#ecg\376\264KK \256\335\313\013\257}p\311\332"
 183      656367FE 
 183      B44B4B20 
 183      AEDDCB0B 
 183      AF7D70C9 
 184 008b 195B2BAF 		.ascii	"\031[+\257\274\232[\016\034\237\015\205\206\260\214"
 184      BC9A5B0E 
 184      1C9F0D85 
 184      86B08C
 185 009a 5E2C413D 		.ascii	"^,A=\360\031\203\202\255o\374(\266p\002$\347\343Z\243"
 185      F0198382 
 185      AD6FFC28 
 185      B6700224 
 185      E7E35AA3 
 186 00ae 6FA0AC34 		.ascii	"o\240\2544;;j[}f|\001\377O\223W\204\025\014(\372\247"
 186      3B3B6A5B 
 186      7D667C01 
 186      FF4F9357 
 186      84150C28 
 187 00c4 F7BED8CD 		.ascii	"\367\276\330\315/\232\314O\363\267\265\256\304\242R"
 187      2F9ACC4F 
ARM GAS  /tmp/ccSLArj0.s 			page 14


 187      F3B7B5AE 
 187      C4A252
 188 00d3 83C3ED8E 		.ascii	"\203\303\355\2169\033xq\261\304\327\207t]\202>\251\376"
 188      391B7871 
 188      B1C4D787 
 188      745D823E 
 188      A9FE
 189 00e5 99ED8C7A 		.ascii	"\231\355\214zVV\034\337\220\320d\022h\025Q\031T\307"
 189      56561CDF 
 189      90D06412 
 189      68155119 
 189      54C7
 190 00f7 DBFBFE6E 		.ascii	"\333\373\376n\253M\345J6\270-u\312\000M9z\254\205\012"
 190      AB4DE54A 
 190      36B82D75 
 190      CA004D39 
 190      7AAC850A 
 191 010b 122A5019 		.ascii	"\022*P\031\012l\030\026lp\320\266\273Qim\221\357 !#"
 191      0A6C1816 
 191      6C70D0B6 
 191      BB51696D 
 191      91EF2021 
 192 0120 A4BD1829 		.ascii	"\244\275\030)\223\256\324\202\032F6\256\243\0204\266"
 192      93AED482 
 192      1A4636AE 
 192      A31034B6 
 193 0130 A1861A67 		.ascii	"\241\206\032gs\363\327A,\177g\213\326\366\370\354\204"
 193      73F3D741 
 193      2C7F678B 
 193      D6F6F8EC 
 193      84
 194 0141 4652600D 		.ascii	"FR`\015y!F\250\016/\270.u(\266\300\221'\350h\250\212"
 194      792146A8 
 194      0E2FB82E 
 194      7528B6C0 
 194      9127E868 
 195 0157 A80ABAC0 		.ascii	"\250\012\272\300\354s\214T\374\346\031q\375\243\353"
 195      EC738C54 
 195      FCE61971 
 195      FDA3EB
 196 0166 FFC4CF31 		.ascii	"\377\304\3171\363\241z\264\300\367\35211hf\024\010\237"
 196      F3A17AB4 
 196      C0F7EA31 
 196      31686614 
 196      089F
 197 0178 E16D0F59 		.ascii	"\341m\017Y9]\312-\270o\353\000W\032N\034\373\223I\367"
 197      395DCA2D 
 197      B86FEB00 
 197      571A4E1C 
 197      FB9349F7 
 198 018c F5D8F8C8 		.ascii	"\365\330\370\310\370\233a7\223s\247\246\335\334T\312"
 198      F89B6137 
 198      9373A7A6 
 198      DDDC54CA 
 199 019c 4D8DA547 		.ascii	"M\215\245G\323\331Lf2\227L\221Ig\235\314\310D\366/#"
 199      D3D94C66 
 199      32974C91 
ARM GAS  /tmp/ccSLArj0.s 			page 15


 199      49679DCC 
 199      C844F62F 
 200 01b1 AEB3D6   		.ascii	"\256\263\326"
 201              		.text
 202              		.section	.gnu.lto_chPoolFreeI.c0a60be7a5dfb0ee,"",%progbits
 203 0000 789C7592 		.ascii	"x\234u\222\317k\023A\024\307\347;o\267IM\253\027\321"
 203      CF6B1341 
 203      14C7E73B 
 203      6FB7494D 
 203      AB17D1
 204 0013 4B842084 		.ascii	"K\204 \204\330C\263\3727x\354A\320\377\240\241\220\212"
 204      D843B3FA 
 204      3778EC41 
 204      D0FFA0A1 
 204      908A
 205 0025 21A1F1DE 		.ascii	"!\241\361\3361\311b\304\213 \255\264XJ\221\332h\265"
 205      31C962C4 
 205      8B20ADB4 
 205      584A91DA 
 205      68B5
 206 0037 6DD43649 		.ascii	"m\3246I\361\260\344\240\240\210\210\240\210\020\352"
 206      F1B0E4A0 
 206      A08888A0 
 206      8810EA
 207 0046 AF623D48 		.ascii	"\257b=HSZ\332\213\215o\246+5\025\347\260\263o\336\367"
 207      535ADA8B 
 207      8D6FA62B 
 207      3515E7B0 
 207      B36FDEF7 
 208 005a 7DE6FBDE 		.ascii	"}\346\373\336\256% \364\272+\2058\315{X\007\226\000"
 208      AE2520F4 
 208      BA2B8538 
 208      CD7B5807 
 208      9600
 209 006c 8790207E 		.ascii	"\207\220 ~\022\264\002bX\022\206\261%\177I\324\257\256"
 209      12B40262 
 209      581286B1 
 209      257F49D4 
 209      AFAE
 210 007e D664CF8C 		.ascii	"\326d\317\214\342\265\362m\351\214*ypY\332\222\006%"
 210      E2B5F26D 
 210      E98C2A79 
 210      7059DA92 
 210      0625
 211 0090 30831E56 		.ascii	"0\203\036V\275),\334\246M\3512\300\342\260\371j\374"
 211      BD292CDC 
 211      A64DE932 
 211      C0E2B0F9 
 211      6AFC
 212 00a2 CB611D4A 		.ascii	"\313a\035JD8\374^}V\014R\024\202\337?\2554O\304\246"
 212      4438FC5E 
 212      7D560C52 
 212      1482DF3F 
 212      AD344FC4 
 213 00b7 95CA2975 		.ascii	"\225\312)us@u\272D\270\017b\034\356!\214\022\302\202"
 213      734075BA 
 213      44B80F62 
ARM GAS  /tmp/ccSLArj0.s 			page 16


 213      1CEE218C 
 213      12C282
 214 00ca 8F046611 		.ascii	"\217\004f\021c\361Z\341F\361\010\2352\205\357&\032O"
 214      63F15AE1 
 214      46F1089D 
 214      3285EF26 
 214      1A4F
 215 00dc 0FF99515 		.ascii	"\017\371\225\025Si\341\301\301J\356\346!bZ\376\361C"
 215      5369E1C1 
 215      C14AEEE6 
 215      21625AFE 
 215      F143
 216 00ee A3DA45BD 		.ascii	"\243\332E\275\246t\244\341\315\006\243wt\251W{y|Ly\205"
 216      A674A4E1 
 216      CD06A377 
 216      74A9577B 
 216      797C4C79 
 217 0103 884B36E6 		.ascii	"\210K6\346\332\313\365b\365\347\362\356HwGAw\034\301"
 217      DACBF562 
 217      F5E7F2EE 
 217      48774741 
 217      771CC1
 218 0116 3CA2D7FE 		.ascii	"<\242\327\376\264\213\005t\360|\2105\267\246\026wB>"
 218      B48B0574 
 218      F07C8835 
 218      B7A61677 
 218      423E
 219 0128 F1EDF563 		.ascii	"\361\355\365cc\245=\2428\210C\031Q\2371\177\336S\255"
 219      63A53DA2 
 219      38884319 
 219      519F317F 
 219      DE53AD
 220 013b 565E7995 		.ascii	"V^y\225\320\332\316rg\020\320VY\317i\013\272a[h\204"
 220      D0DACE72 
 220      6710D056 
 220      59CF690B 
 220      BA615B68 
 221 0150 5837A36D 		.ascii	"X7\243mJ\336h\025\271\361\362\317\015[_\235'\231'\230"
 221      4ADE6815 
 221      B9F1F2CF 
 221      0D5B5F9D 
 221      27992798 
 222 0164 14EDA596 		.ascii	"\024\355\245\226\233\233u?e\263\251Q\267\376:\240\247"
 222      9B9B753F 
 222      65B3A951 
 222      B7FE3AA0 
 222      A7
 223 0175 4EA6EBED 		.ascii	"N\246\353\355\347/\212]\223\230\340\357\305\002\013"
 223      E72F8A5D 
 223      9398E0EF 
 223      C5020B
 224 0184 8FB4273E 		.ascii	"\217\264'>\237\376\232\233\0138\275z\000\2171\211]s"
 224      9FFE9A9B 
 224      0B38BD7A 
 224      008F3189 
 224      5D73
 225 0196 1D9EC011 		.ascii	"\035\236\300\021\214\034\235:\252\201\177\323\3546\332"
ARM GAS  /tmp/ccSLArj0.s 			page 17


 225      8C1C9D3A 
 225      AA817FD3 
 225      EC36DA
 226 01a5 153D976E 		.ascii	"\025=\227n\227\002l\007\213\377\"\227\014\322\374F\025"
 226      97026C07 
 226      8BFF2297 
 226      0CD2FC46 
 226      15
 227 01b6 386CCC50 		.ascii	"8l\314P\313[\033\344s\333@\241\377{\253\356{\253i\220"
 227      CB5B1BE4 
 227      73DB40A1 
 227      FF7BABEE 
 227      7BAB6990 
 228 01ca 143F90F3 		.ascii	"\024?\220\363\336\367i\214\231\355\272\276\205\005'"
 228      DEF7698C 
 228      99EDBABE 
 228      850527
 229 01d9 E371E76C 		.ascii	"\343q\347lr\260\177\360\334\005'\235u\206.;\331\241"
 229      72B07FF0 
 229      DC05279D 
 229      75862E3B 
 229      D9A1
 230 01eb 849348A6 		.ascii	"\204\223H\246\006R\231t\372R6\236\0202\225\261\322\375"
 230      06529974 
 230      FA52369E 
 230      103295B1 
 230      D2FD
 231 01fd 17339449 		.ascii	"\0273\224If~\003\010\207\345\261"
 231      667E0308 
 231      87E5B1
 232              		.text
 233              		.section	.gnu.lto_chPoolFree.c0a60be7a5dfb0ee,"",%progbits
 234 0000 789C7590 		.ascii	"x\234u\220OKBA\024\305\347\314\274\324\202\254M;\003"
 234      4F4B4241 
 234      14C5E7CC 
 234      BCD482AC 
 234      4D3B03
 235 0013 09E22584 		.ascii	"\011\342%\204\017?C\373\202\372\006\212\240\221(\332"
 235      0F3F43FB 
 235      82FA068A 
 235      A09128DA 
 236 0023 DE417DE4 		.ascii	"\336A}\344*j\021\205\344R\264\277\352\"Hh\361h\321\256"
 236      2A6A1185 
 236      E452B4BF 
 236      EA224868 
 236      F168D1AE 
 237 0037 C04D9B20 		.ascii	"\300M\233 \314 ,Z(\324\322^w^\256\242.\014w\356\314"
 237      CC202C5A 
 237      28D4D25E 
 237      775EAEA2 
 237      2E0C77EE 
 238 004c 39BF7B67 		.ascii	"9\277{g4\006\246\242Li\221\362\214*\004\003g\264\240"
 238      3406A6A2 
 238      4C6991F2 
 238      8C2A0403 
 238      67B4A0
 239 005f EEC0B21C 		.ascii	"\356\300\262\034Y|\362!\307\365\326K\213\007\252\222"
ARM GAS  /tmp/ccSLArj0.s 			page 18


 239      597CF221 
 239      C7F5D64B 
 239      8B07AA92 
 240 006f A253E986 		.ascii	"\242S\351\206d\315\202)\030\263\271\303`\250\"@\252"
 240      64CD8229 
 240      18B3B9C3 
 240      60A82240 
 240      AA
 241 0080 76A17128 		.ascii	"v\241q(>\270)\000\215\312\301m\351\331\253J\016?\225"
 241      3EB82900 
 241      8DCAC16D 
 241      E9D9AB4A 
 241      0E3F95
 242 0093 BDCB9BA2 		.ascii	"\275\313\233\242G\314\203\321\376\2513\230\325+R\346"
 242      47CC83D1 
 242      FEA93398 
 242      D52B52E6 
 243 00a3 A4DC8DCA 		.ascii	"\244\334\215\312qS\010\034C\020\016G\360\241\006\037"
 243      7153081C 
 243      43100E47 
 243      F0A1061F 
 244 00b3 A3238613 		.ascii	"\243#\206\023\350$~-\354\024\247\304\202c\274/?^M\214"
 244      E8247E2D 
 244      EC14A7C4 
 244      8263BC2F 
 244      3F5E4D8C 
 245 00c7 9C178E53 		.ascii	"\234\027\216S\303\351o\247\306p\006]\311\273\315\257"
 245      C3E96FA7 
 245      C670065D 
 245      C9BBCDAF 
 246 00d7 BD495741 		.ascii	"\275IWA\315\355\377\231\026\347p\251\327\325W-i\333"
 246      CDEDFF99 
 246      16E770A9 
 246      D7D5572D 
 246      69DB
 247 00e9 7929DBA1 		.ascii	"y)\333\241m\335M\023S/\015\216\217\365\235g\0158%\321"
 247      6DDD4D13 
 247      532F0D8E 
 247      8FF59D67 
 247      0D3825D1 
 248 00fd 43DEDABF 		.ascii	"C\336\332\277\203\262)`\253\365\376\340\316\016eQ\312"
 248      83B22960 
 248      ABF5FEE0 
 248      CE0E6551 
 248      CA
 249 010e 69538CD9 		.ascii	"iS\214\331\234X\250#K]]\254\007\323:\360\376-u\333\012"
 249      9C58A823 
 249      4B5D5DAC 
 249      07D33AF0 
 249      FE2D75DB 
 250 0123 870649F3 		.ascii	"\207\006I\363B\344\205f\012\017S\360\322?\006b\323\017"
 250      42E48566 
 250      0A0F53F0 
 250      D23F0662 
 250      D30F
 251 0135 A33962BF 		.ascii	"\2439b\277!g\225\227\035\251\212\276jL\300\271`\320"
 251      21679597 
ARM GAS  /tmp/ccSLArj0.s 			page 19


 251      1DA98ABE 
 251      6A4CC0B9 
 251      60D0
 252 0147 588AC5C3 		.ascii	"X\212\305\303\361\2255#\2311\322\233F&\0351\"\261D4"
 252      F1953523 
 252      9931D29B 
 252      46261D31 
 252      22B14434 
 253 015b 914A2637 		.ascii	"\221J&72\301\010\343\211\224\226\014\257\247\276\001"
 253      32C108E3 
 253      8994960C 
 253      AFA7BE01 
 254 016b 31CF940A 		.ascii	"1\317\224\012"
 255              		.text
 256              		.section	.gnu.lto_chPoolAdd.c0a60be7a5dfb0ee,"",%progbits
 257 0000 789C5D8F 		.ascii	"x\234]\217\275KBQ\030\306\337\347\234\253}@\037K\320"
 257      BD4B4251 
 257      18C6DFE7 
 257      9CAB7D40 
 257      1F4BD0
 258 0013 60E05222 		.ascii	"`\340R\"\204\267\376\206\206\240%\250\277 M\320\320"
 258      84B7FE86 
 258      86A025A8 
 258      BF204DD0 
 258      D0
 259 0024 AE64CDF7 		.ascii	"\256d\315\367\240^rli\011\033\315\276\255\251\244\006"
 259      A05E726C 
 259      69091BCD 
 259      BEADA9A4 
 259      06
 260 0035 6968081A 		.ascii	"ih\010\032ZZ\202\262\202\260hP\250)\314\336sk\352\205"
 260      5A5A82B2 
 260      82B06850 
 260      A829CCDE 
 260      736BEA85 
 261 0049 CB7B9E73 		.ascii	"\313{\236s\236\337s\337\327 \220\256Inc\334\007\264"
 261      9EDF73DF 
 261      D72090AE 
 261      496E63DC 
 261      07B4
 262 005b 900441FC 		.ascii	"\220\004A\374A\277\201l\001\033\237\242%p\261\372R\021"
 262      41BF816C 
 262      011B9FA2 
 262      2570B1FA 
 262      5211
 263 006d C192E2AA 		.ascii	"\301\222\342\252\025\267\3462\312\031t$Q[\270\031\204"
 263      15B7E632 
 263      CA197424 
 263      515BB819 
 263      84
 264 007e 1282ECBA 		.ascii	"\022\202\354\272\311\035\025\344\207p$`\260l^o<\367"
 264      C91D15E4 
 264      87702460 
 264      B06C5E6F 
 264      3CF7
 265 0090 6A29E067 		.ascii	"j)\340gY?\275\314w\312 \210\317\217\265\346P\240\250"
 265      593FBDCC 
ARM GAS  /tmp/ccSLArj0.s 			page 20


 265      77CA2088 
 265      CF8FB5E6 
 265      50A0A8
 266 00a3 5446A9B3 		.ascii	"TF\251\263\250\352r\244\304.$\307a\007>l\303G|E\330"
 266      A8EA72A4 
 266      C42E24C7 
 266      61073E6C 
 266      C3477C45 
 267 00b8 4380CDAF 		.ascii	"C\200\315\257\271\265|\237\034u\301\333\315\373\363"
 267      B9B57C9F 
 267      1C75C1DB 
 267      CDFBF3
 268 00c7 EE3FF2C1 		.ascii	"\356?\362\301%\015\354\377'\015\302\001\002\332\376"
 268      250DECFF 
 268      270DC201 
 268      02DAFE
 269 00d6 74FCBDDE 		.ascii	"t\374\275\336\343\315\351\271\375\277\323\342\020^\275"
 269      E3CDE9B9 
 269      FDBFD3E2 
 269      105EBD
 270 00e5 5D79A6AA 		.ascii	"]y\246\252\332\355\254R_\343\205a\017o\314\377\342\271"
 270      DAEDAC52 
 270      5FE38561 
 270      0F6FCCFF 
 270      E2B9
 271 00f7 35470D77 		.ascii	"5G\015w\255\246\340&\353p\252'W\320\230\016\254T\336"
 271      ADA6E026 
 271      EB70AA27 
 271      57D0980E 
 271      AC54DE
 272 010a EF3AEC96 		.ascii	"\357:\354\226\312+\325\357HO[p\026\312\260)+EVJGz\351"
 272      CA2BD5EF 
 272      484F5B70 
 272      16CAB029 
 272      2B45564A 
 273 0121 0D996A65 		.ascii	"\015\231je\312\005t5\264\205\223FB!s\"\026\017\307\247"
 273      CA057435 
 273      B4859346 
 273      42217322 
 273      160FC7A7 
 274 0135 674D2B6D 		.ascii	"gM+m.-\233\361\305Hbe>jFb\311h2eY\211t(F\"\2312\254"
 274      2E2D9BF1 
 274      C5486265 
 274      3E6A4662 
 274      C9683265 
 275 0152 F042EA07 		.ascii	"\360B\352\007\020Dxi"
 275      10447869 
 276              		.text
 277              		.section	.gnu.lto_chPoolLoadArray.c0a60be7a5dfb0ee,"",%progbits
 278 0000 789C5D52 		.ascii	"x\234]R\317KTQ\024\276\337\275\357\307\3148Z\313\002"
 278      CF4B5451 
 278      14BEDFBD 
 278      EFC7CC38 
 278      5ACB02
 279 0013 0309C42C 		.ascii	"\003\011\304,\360\365\007\004-Z\264\014\352?H\004\205"
 279      F0F50704 
 279      2D5AB40C 
ARM GAS  /tmp/ccSLArj0.s 			page 21


 279      EA3F4804 
 279      85
 280 0024 4CD1F673 		.ascii	"L\321\366s\2337\317\024\"\010S2\035f\021\203V\3528\375"
 280      9B37CF14 
 280      22085332 
 280      1D661183 
 280      56EA38FD 
 281 0038 B2D1A0C7 		.ascii	"\262\321\240\307,\022\"\2116Q\270\031+D\312\305\214"
 281      2C122289 
 281      3651B819 
 281      2B44CAC5 
 281      8C
 282 0049 156ED2E9 		.ascii	"\025n\322\351\234\373\014\304\2638\367\236{\317w\316"
 282      9CFB0CC4 
 282      B338F79E 
 282      7BCF77CE 
 283 0059 77BE7B2D 		.ascii	"w\276{-\001\301\366E\012q\206\326\363\034\270\002\024"
 283      01C1F645 
 283      0A7186D6 
 283      F31CB802 
 283      14
 284 006a 42429157 		.ascii	"BB\221W\260\311[\306\333\322\022BK\207\234\345\200\221"
 284      B0C95BC6 
 284      DBD21242 
 284      4B879CE5 
 284      8091
 285 007c 1029A92C 		.ascii	"\020)\251,\333AJ\332\"\262?rW\242|k\243$\333\2475Y%"
 285      DB414ADA 
 285      22B23F72 
 285      57A27C6B 
 285      A324DBA7 
 286 0093 BF7D56CF 		.ascii	"\277}V\317\204\010\250Z]F9\230F;e}\314,L\251\3372P\200"
 286      8408A85A 
 286      5D463998 
 286      463B657D 
 286      CC2C4CA9 
 287 00ab 45616DF5 		.ascii	"Eam\365\301\267&\016%Z(\334|\365v8\246Z!h\277^\251\235"
 287      C1B7260E 
 287      255A28DC 
 287      7CF57638 
 287      A65A2168 
 288 00c3 68CB6B9D 		.ascii	"h\313k\235\326z\262K\307\003\245\360\030\212\312\341"
 288      D67AB24B 
 288      C703A5F0 
 288      188ACAE1 
 289 00d3 119A3183 		.ascii	"\021\2321\203fAG\002O\320F\311\357\303\221BB\2352\300"
 289      66414702 
 289      4FD046C9 
 289      EFC39142 
 289      429D32C0 
 290 00e7 4A6E6935 		.ascii	"Jni5\276\217|c\220\026f\017#-\2019\203\334\325\367\306"
 290      BE8F7C63 
 290      9016660F 
 290      232D8139 
 290      83DCD5F7 
 291 00fc 9BD46983 		.ascii	"\233\324i\203\234(\217\2555\356#\177\031\244\215\371"
 291      9C288FAD 
ARM GAS  /tmp/ccSLArj0.s 			page 22


 291      35EE237F 
 291      19A48DF9 
 292 010c C3485BA0 		.ascii	"\303H[\240\2006N\377Z\334\033kt2<q\313\310\377Q\261"
 292      80364EFF 
 292      5ADC1B6B 
 292      74323C71 
 292      CBC8FF51 
 293 0121 00876462 		.ascii	"\000\207dbE&\212\225\232\335\372\220\313\205\305\225"
 293      45268A95 
 293      9ADDFA90 
 293      CB85C595 
 294 0131 E4C44C98 		.ascii	"\344\304L\230i\011\224#\016\3263\322\024\321J\370\302"
 294      69099423 
 294      0ED633D2 
 294      14D14AF8 
 294      C2
 295 0142 E550D7EB 		.ascii	"\345P\327\353\276\016G\335\277\367wbI\030\212\322\264"
 295      BE0E47DD 
 295      BFF77762 
 295      49188AD2 
 295      B4
 296 0153 B3C07B1B 		.ascii	"\263\300{\033\274w\301C\307\211\212\2230)\015\021#Q"
 296      BC77C143 
 296      C7898A93 
 296      30290D11 
 296      2351
 297 0165 35525725 		.ascii	"5RW%-\252*\211\220\252\361\353\251M\004avE23\246]*m"
 297      2DAA2A89 
 297      90AAF1EB 
 297      A94D0461 
 297      76453233 
 298 017d ADB9A95D 		.ascii	"\255\271\251]=\254\365\321@\271uIt\361\024)\341+\327"
 298      3DACF5D1 
 298      40B97549 
 298      74F11429 
 298      E12BD7
 299 0190 57F46831 		.ascii	"W\364h1\261\201\364Rq\353n\234!\276\212\023h<(\177p"
 299      B181F452 
 299      71EB6E9C 
 299      21BE8A13 
 299      683C287F 
 300 01a5 F9A19451 		.ascii	"\371\241\224Qjg\345\335p2\207\354M\036~\022\304%Nh<"
 300      6A67E5DD 
 300      703287EC 
 300      4D1E7E12 
 300      C4254E68 
 301 01ba E389E83A 		.ascii	"\343\211\350:\377==\357zs|\251G\3012>G\016{\206\037"
 301      FF3D3DEF 
 301      7A737CA9 
 301      47C1323E 
 301      470E7B86 
 302 01cf 5EC0A306 		.ascii	"^\300\243\006\376\324\320\271\250|\202\232R\023>\033"
 302      FED4D0B9 
 302      A87C829A 
 302      52133E1B 
 303 01df 1FFA944D 		.ascii	"\037\372\224MF\247\015\276b\015\177\276^\370ls_\033"
 303      46A70DBE 
ARM GAS  /tmp/ccSLArj0.s 			page 23


 303      620D7FBE 
 303      5EF86C73 
 303      5F1B
 304 01f1 75B22378 		.ascii	"u\262#xiD\253\361\337S\353\310\254\371\213w\216G\010"
 304      6944ABF1 
 304      DF53EBC8 
 304      ACF98B77 
 304      8E4708
 305 0204 7990A64D 		.ascii	"y\220\246M\352-F\372n\203\312[\334#a\335^n\336\206\364"
 305      EA2D46FA 
 305      6E83CA5B 
 305      DC2361DD 
 305      5E6EDE86 
 306 0219 95CD6183 		.ascii	"\225\315a\2035\273|\214J\321\347V?\220\016K\027\215"
 306      35BB7C8C 
 306      4AD1E756 
 306      3F900E4B 
 306      178D
 307 022b 449188FC 		.ascii	"D\221\210\374\206B\234\354\350\360.t\367\\\355\271t"
 307      86429CEC 
 307      E8F02E74 
 307      F75CEDB9 
 307      74
 308 023c C5EB1BF4 		.ascii	"\305\353\033\364\006nx\203\003\235^gwoWo\177_\337\265"
 308      066E7883 
 308      039D5E67 
 308      776F576F 
 308      7F5FDFB5 
 309 0250 C18E4E21 		.ascii	"\301\216N!{\373\321\217\353\377\000S\323\356b"
 309      7BFBD18F 
 309      EBFF0053 
 309      D3EE62
 310              		.text
 311              		.section	.gnu.lto_.symbol_nodes.c0a60be7a5dfb0ee,"",%progbits
 312 0000 789C5DCD 		.ascii	"x\234]\315\275\015\3020\020\206\341\357|vr\316\0264"
 312      BD0DC230 
 312      1086E1EF 
 312      7C7672CE 
 312      1634
 313 0012 20C660B2 		.ascii	" \306`\2623\015\025?a\002\204\250`\214\244\247a\001"
 313      330D153F 
 313      610284A8 
 313      608CA4A7 
 313      6101
 314 0024 245A6640 		.ascii	"$Zf@\030;\024v\365J\317}\322Y\020\226\004\300\314\025"
 314      183B1476 
 314      F54ACF7D 
 314      D2591096 
 314      04C0CC15 
 315 0038 E8EF40CC 		.ascii	"\350\357@\3145\234\003GZ(\3254@Mm#\224k\333\222\332"
 315      359C0347 
 315      5A28D534 
 315      404D6D23 
 315      946BDB92 
 316 004d BFDDD6B3 		.ascii	"\277\335\326\263({RW\312\201\264)\245'mK9\222J)\201"
 316      287B5257 
 316      CA81B429 
ARM GAS  /tmp/ccSLArj0.s 			page 24


 316      A5276D4B 
 316      39924A29 
 317 0062 D4D7DF76 		.ascii	"\324\327\337v\244]\261b\003\\\236\237\0253\245Z\207"
 317      A45DB162 
 317      035C9E9F 
 317      1533A55A 
 317      87
 318 0073 C7E67D12 		.ascii	"\307\346}\022pc\362\241q\030S\031\257_eri\263\313\344"
 318      7063F2A1 
 318      71185319 
 318      AF5F6572 
 318      69B3CBE4 
 319 0087 5EB2773E 		.ascii	"^\262w>\025_\312\220S;"
 319      155FCA90 
 319      533B
 320              		.text
 321              		.section	.gnu.lto_.refs.c0a60be7a5dfb0ee,"",%progbits
 322 0000 789C6361 		.ascii	"x\234ca`\004B \000\000\0009\000\007"
 322      60044220 
 322      00000039 
 322      0007
 323              		.text
 324              		.section	.gnu.lto_.decls.c0a60be7a5dfb0ee,"",%progbits
 325 0000 789CB559 		.ascii	"x\234\265Y}PTW\226\357\373n\323\3354\015d\325Je\253"
 325      7D505457 
 325      96EFFB6E 
 325      D3DD340D 
 325      64D54A65 
 326 0015 98AA6C86 		.ascii	"\230\252l\206\254L\355\216\304\230d2U\363G,\253\222"
 326      AC4CED8E 
 326      C4986432 
 326      55F3472C 
 326      AB92
 327 0027 B8958C33 		.ascii	"\270\225\2143\353\232\375g\246z\020:\302\016_i\332("
 327      EB9AFD67 
 327      A67A103A 
 327      C20E5F69 
 327      DA28
 328 0039 F3CF3EF9 		.ascii	"\363\317>\371\022\205 _\242\002\012\242\242|\011\212"
 328      1285205F 
 328      A2020AA2 
 328      A27C098A 
 329 0049 0191AF46 		.ascii	"\001\221\257F\020T\024\005\004D\020PP\214(\"h\344C\303"
 329      10541405 
 329      04441050 
 329      508C2822 
 329      68E443C3 
 330 005d 9EFBF1FA 		.ascii	"\236\373\361\372\275n\272M\376\331\256\272\375\372\274"
 330      BD6EBA4D 
 330      FED9AEBA 
 330      FDFABC
 331 006c 77EEEF9C 		.ascii	"w\356\357\234\3379\347\236w\337k\265\012\251\310'z\245"
 331      DF39E79E 
 331      77DF6BB5 
 331      0AA9C827 
 331      7AA5
 332 007e 4AF5D84D 		.ascii	"J\365\330M\245\022\261J\265\010\037\003\234\373J%\177"
ARM GAS  /tmp/ccSLArj0.s 			page 25


 332      A512B14A 
 332      B5081F03 
 332      9CFB4A25 
 332      7F
 333 008f 3C6094C1 		.ascii	"<`\224\301(\207q\012F%\214~\030\267a\014\303\030\203"
 333      2887710A 
 333      46258C7E 
 333      18B7610C 
 333      C31883
 334 00a2 711FC603 		.ascii	"q\037\306\003\030\223\252\245\0372W\340\230\263\374"
 334      1893AAA5 
 334      1F3257E0 
 334      98B3FC
 335 00b1 9CC0CFBF 		.ascii	"\234\300\317\277t\242_\356B\237\234_t\242O|\302\222"
 335      74A25FEE 
 335      429F9C5F 
 335      74A24F7C 
 335      C292
 336 00c3 CF40A954 		.ascii	"\317@\251T1\347\024\267\343\370!\034\264|\3162\030+"
 336      31E714B7 
 336      E3F8211C 
 336      B47CCE32 
 336      182B
 337 00d5 6024C2DC 		.ascii	"`$\302\334\225N0*\271m\022\2556d\217C\342\240s\300\351"
 337      954E302A 
 337      B96D12AD 
 337      36648F43 
 337      E2A073C0 
 338 00ea 855103A3 		.ascii	"\205Q\003\243\021F\017\214\313\334\277\3530:`tr\254"
 338      11460F8C 
 338      CBDCBFEB 
 338      303A6074 
 338      72AC
 339 00fc 7E7EEC70 		.ascii	"~~\354p\300$q5(\3606qL\202S\007c\003\307\275\310m\020"
 339      C0247135 
 339      28F03671 
 339      4C825307 
 339      6303C7BD 
 340 0113 5BB530D4 		.ascii	"[\2650\324\334F\033\267\321\301\361os\036= \364:\330"
 340      DC461BB7 
 340      D1C1F16F 
 340      731E3D20 
 340      F43AD8
 341 0126 1AE6FE3B 		.ascii	"\032\346\376;\332\222b\320\007\307A\256\253\346\372"
 341      DA9262D0 
 341      07C741AE 
 341      ABE6FA
 342 0135 A7386625 		.ascii	"\2478f%\307\277\351\2009\346\"&\2338\007\311wA\341/"
 342      C7BFE980 
 342      39E62226 
 342      9B3807C9 
 342      7741E12F 
 343 0149 E2F3C8F1 		.ascii	"\342\363\310\361\226\003\036\251-w\027x\222\237\003"
 343      96031EA9 
 343      2D771778 
 343      929F03
 344 0158 701C55F8 		.ascii	"p\034U\370y\237\3739\306\375t\374\220Zu\314\277\204"
ARM GAS  /tmp/ccSLArj0.s 			page 26


 344      799FFB39 
 344      C6FD74FC 
 344      905A75CC 
 344      BF84
 345 016a A9C412B8 		.ascii	"\251\304\022\270\356}'\030\244\326\365.0HN6(\260z8\267"
 345      EE7D2718 
 345      A4D6F52E 
 345      30484E36 
 345      28B07A38 
 346 017f 0E8E39C9 		.ascii	"\016\2169\311q\311\271;\016|_\011\250d\274\276W7\200"
 346      71C9B93B 
 346      0E7C5F09 
 346      A864BCBE 
 346      573780
 347 0192 FAC915F4 		.ascii	"\372\311\025\364\006BH\245rPBl dsS\326@\016\272\222"
 347      064248A5 
 347      7250426C 
 347      20647353 
 347      D6400EBA 
 348 01a7 22922F20 		.ascii	"\"\222/ \225\335\014\272\356\351G>\205\350\207OR\"J"
 348      95DD0CBA 
 348      EEE9473E 
 348      85E8874F 
 348      52224A
 349 01ba A6C12CFB 		.ascii	"\246\301,\373\211T6/$]\005\036\367\0369\361\213~\260"
 349      8954362F 
 349      245D051E 
 349      F71E39F1 
 349      8B7EB0
 350 01cd 44BAF0C5 		.ascii	"D\272\360\305l\222\027\006L\370=<w\342\323U\245\"|R"
 350      6C921706 
 350      4CF83D3C 
 350      77E2D355 
 350      A5227C52 
 351 01e1 4551F091 		.ascii	"EQ\360\221#\323\031W\221\213\237\011h\231\036\251A|"
 351      23D31957 
 351      918B9F09 
 351      68991EA9 
 351      417C
 352 01f3 7A357BD4 		.ascii	"z5{\324\013\304\025z\3646\210\257.\345d\013oe\321y\261"
 352      0BC4157A 
 352      F43688AF 
 352      2EE5640B 
 352      6F65D179 
 353 0208 E2DB6AF4 		.ascii	"\342\333j\364\325\233\250\004\371\240b\004\020\250\024"
 353      D59BA804 
 353      F9A06204 
 353      10A814
 354 0217 BD05DF9B 		.ascii	"\275\005\337\233\325\014i\266sh\247\367;\371\2425_\034"
 354      D50C69B6 
 354      7368A7F7 
 354      3BF9A235 
 354      5F1C
 355 0229 1978F0EF 		.ascii	"\031x\360\357\245\247Eq\227(Z\325D\015\235@\030\025"
 355      A5A74571 
 355      97285AD5 
 355      440D9D40 
ARM GAS  /tmp/ccSLArj0.s 			page 27


 355      1815
 356 023b A155840D 		.ascii	"\241U\204\015\374$\207\343\010r\211\312\320;0u$o<\303"
 356      FC2487E3 
 356      087289CA 
 356      D03B3075 
 356      246F3CC3 
 357 024f 13AFA59E 		.ascii	"\023\257\245\236V5\234m\361`0\326\336^\203\230\272C"
 357      56359C6D 
 357      F16030D6 
 357      DE5E8398 
 357      BA43
 358 0261 143FA718 		.ascii	"\024?\247\030'e\214\223J\214r\212\221\034_\274C\213"
 358      27658C93 
 358      4A8C728A 
 358      911C5FBC 
 358      438B
 359 0273 BFA4187B 		.ascii	"\277\244\030{\353\222WrO\206\022\376\2727V\274\010\004"
 359      EB925772 
 359      4F8612FE 
 359      BA3756BC 
 359      0804
 360 0285 7C294885 		.ascii	"|)H\205\014R\241\0049EA\256O\326&{\340h\0122Xuc\034"
 360      0C52A104 
 360      394541AE 
 360      4FD6267B 
 360      E0680A32 
 361 029d 714772FB 		.ascii	"qGr\373\224\216\234\2261N+1*)\306\253\252\272`\034\217"
 361      948E9C96 
 361      314E2B31 
 361      2A29C6AB 
 361      AABA601C 
 362 02b2 28C6ED8B 		.ascii	"(\306\355\213E%$\272\033\364\210$\317\033N\225?\252"
 362      452524BA 
 362      1BF48824 
 362      CF1B4E95 
 362      3FAA
 363 02c4 99F364A7 		.ascii	"\231\363d\247\210\306\321\271'\325\006\234E\325\205"
 363      88C6D1B9 
 363      27D5069C 
 363      45D585
 364 02d3 07E7AA0E 		.ascii	"\007\347\252\016a\344\247/$\001\037Y\330\375\227\231"
 364      61E4A72F 
 364      24011F59 
 364      D8FD9799 
 365 02e3 78C816AA 		.ascii	"x\310\026\252AzT-\333\334@\026I\242(\306\220\234,\373"
 365      417A542D 
 365      DBDC4016 
 365      49A228C6 
 365      909C2CFB 
 366 02f7 5C65CB08 		.ascii	"\\e\313\010:\213\374\010.\321CUp\362{8\0116.\336\235"
 366      3A8BFC08 
 366      2ED14355 
 366      70F27B38 
 366      09362EDE 
 367 030c F9879A14 		.ascii	"\371\207\232\024\023\001\202t\221S\0272\217\271)\023"
 367      13018274 
 367      91531732 
ARM GAS  /tmp/ccSLArj0.s 			page 28


 367      8FB92913 
 368 031c BBC9A048 		.ascii	"\273\311\240Hl-M\3549\3043[|\2543\310\260\333f\220\\"
 368      6C2D4DEC 
 368      39C4335B 
 368      7CAC33C8 
 368      B0DB6690 
 369 0331 5628D721 		.ascii	"V(\327!\003\367\014T+\207R\232=\361uF\247\365||*B~\006"
 369      03F70C54 
 369      2B87529A 
 369      3DF17546 
 369      A7F57C7C 
 370 0349 4E27E5A3 		.ascii	"N'\345\243\"Q|\0035\202~\275\314\006\246\303\301\005"
 370      22517C03 
 370      35827EBD 
 370      CC06A6C3 
 370      C105
 371 035b 3A6A0046 		.ascii	":j\000Fv\0062\342'nk)\031\202\303\310\304?i:\252\265"
 371      760632E2 
 371      276E6B29 
 371      1982C3C8 
 371      C43F693A 
 372 0371 11B4227A 		.ascii	"\021\264\"z2\273\366\331e7V\330:\020s\346\016\374\005"
 372      32BBF6D9 
 372      653756D8 
 372      3A1073E6 
 372      0EFC05
 373 0384 C7B2C5D0 		.ascii	"\307\262\305\320v\276~\237\027NgBb\177l\267\001g3a\177"
 373      76BE7E9F 
 373      174E6742 
 373      627F6CB7 
 373      01673361 
 374 0399 7A690DC2 		.ascii	"zi\015\302\005TP\347\364vN\253\221\357r?C\001\361n\244"
 374      055450E7 
 374      F4764EAB 
 374      91EF723F 
 374      4301F16E 
 375 03ae BEFB0FE7 		.ascii	"\276\373\017\347HQk\320e0}\001(\\D\313eW\375I0V\223"
 375      48516BD0 
 375      65307D01 
 375      285C44CB 
 375      6557FD49 
 376 03c5 A595C6C3 		.ascii	"\245\225\306\303*\202'\362\365V>\001\250\240K@\253\015"
 376      2A8227F2 
 376      F5563E01 
 376      A8A04B40 
 376      AB0D
 377 03d7 F9D24548 		.ascii	"\371\322EH\243c}\032 \212:r]\305\271\252\354\243\242"
 377      A3637D1A 
 377      208A3A72 
 377      5DC5B9AA 
 377      ECA3A2
 378 03ea 34A5220E 		.ascii	"4\245\"\016\360\365\273\360 \263\0371\232\006\020cj"
 378      F0F5BBF0 
 378      20B31F31 
 378      9A061063 
 378      6A
 379 03fb FBD3BCD9 		.ascii	"\373\323\274\331\372\035!\227O\367\306\325y\340\036"
ARM GAS  /tmp/ccSLArj0.s 			page 29


 379      FA1D2197 
 379      4FF7C6D5 
 379      79E01E
 380 040a 4AC86DF1 		.ascii	"J\310m\361\305\324\224'\020\362\365\365\243\214\254"
 380      C5D49427 
 380      10F2F5F5 
 380      A38CAC
 381 0419 7B5B7D0E 		.ascii	"{[}\016\210\3268L\343\326\014\376][B\250\004\311\214"
 381      88D6384C 
 381      E3D60CFE 
 381      5D5B42A8 
 381      04C98C
 382 042c 44C6E80A 		.ascii	"D\306\350\012(\264S7\256q:]@\347:\362E\0350:9-f!#\341"
 382      28B45337 
 382      AE713A5D 
 382      40E73AF2 
 382      451D303A 
 383 0446 57CC0209 		.ascii	"W\314\002\011Y\213S\0134dL\373\200\344\017\311\355U"
 383      598B530B 
 383      34644CFB 
 383      80E40FC9 
 383      ED55
 384 0458 47EDF3C8 		.ascii	"G\355\363\310\246\316b\226\326j A\273f\0374`\335\225"
 384      A6CE6296 
 384      D66A2041 
 384      BB661F34 
 384      60DD95
 385 046b 75A1448B 		.ascii	"u\241D\213\357P\326\302\325\331\216\023z\344\267\234"
 385      EF50D6C2 
 385      D5D98E13 
 385      7AE4B79C 
 386 047b CD39D88A 		.ascii	"\3159\330\212\310\234\036\000\356\226\213\220@\270`"
 386      C89C1E00 
 386      EE968B90 
 386      40B860
 387 048a 896E00B9 		.ascii	"\211n\000\271\327\021\005{w\016\247\034\301\312\025"
 387      D711057B 
 387      770EA71C 
 387      C1CA15
 388 0499 D26397AD 		.ascii	"\322c\227\255^[\266.\034j\255\300\264R\341\034jb\225"
 388      5E5BB62E 
 388      1C6AADC0 
 388      B452E11C 
 388      6A6295
 389 04ac 7A67E660 		.ascii	"zg\346`\001r\331do\322\265\330'\255\305y\261\264\211"
 389      0172D964 
 389      6FD2B5D8 
 389      27ADC579 
 389      B1B489
 390 04bf 74A57CE8 		.ascii	"t\245|\350m\215}_\336a]VT\023=tFftF\331\230\372ic\032"
 390      6D8D7D5F 
 390      DE615D56 
 390      54133D74 
 390      46667446 
 391 04d9 EDBBFBC0 		.ascii	"\355\273\373\300\023\247cZ\351\325\363\373*\334l\236"
 391      13A7635A 
 391      E9D5F3FB 
ARM GAS  /tmp/ccSLArj0.s 			page 30


 391      2ADC6C9E 
 392 04e9 B075347C 		.ascii	"\260u4|\241i\334\340\262)\014RG\006$G\232n\244\364\030"
 392      A169DCE0 
 392      B2290C52 
 392      47062447 
 392      9A6EA4F4 
 393 04fe C0911168 		.ascii	"\300\221\021h\217O\3330\311\233H\232\025\250\241[\262"
 393      8F4FDB30 
 393      C99B489A 
 393      15A8A15B 
 393      B2
 394 050f 1FB7947E 		.ascii	"\037\267\224~\334\246~4=\337\365\235\036\3471?R\027"
 394      DCA67E34 
 394      3DDFF59D 
 394      1EE7313F 
 394      5217
 395 0521 FB777831 		.ascii	"\373wx1>\326[\227Y\227\375\204\202\014\311 CJ\220a\012"
 395      3ED65B97 
 395      5997FD84 
 395      820CC920 
 395      434A9061 
 396 0536 F2F45CE1 		.ascii	"\362\364\\\341\014\306%\014\344d\351B\205\236\222\331"
 396      0CC6250C 
 396      E464E942 
 396      859E92D9 
 397 0546 2471A94B 		.ascii	"$q\251K\252\230\364\262\361\273\303\"\235<\331/z\272"
 397      AA98F4B2 
 397      F1BBC322 
 397      9D3CD92F 
 397      7ABA
 398 0558 8CF42825 		.ascii	"\214\364(%xW\"8U\032\363+\316\257:I\346\007ZhDvmD\351"
 398      78572238 
 398      551AF32B 
 398      CEAF3A49 
 398      E6075A68 
 399 0571 DA18752D 		.ascii	"\332\030u-\243\2501Y\215\253\231k\355ii\335j\016\223"
 399      A3A83159 
 399      8DAB996B 
 399      ED6969DD 
 399      6A0E93
 400 0584 DE21F123 		.ascii	"\336!\361# \367d\220{J\220\373\024d\377\203\223\236"
 400      20F76490 
 400      7B4A90FB 
 400      1464FF83 
 400      939E
 401 0596 F83CC338 		.ascii	"\370<\3038\221\330\274\313\215\337\317\352\273\2778"
 401      91D8BCCB 
 401      8DDFCFEA 
 401      BBBF38
 402 05a5 7F2C81DD 		.ascii	"\177,\201\335\214\250\313h\\\306\031W\342<\2408\317"
 402      8CA8CB68 
 402      5CC61957 
 402      E23CA038 
 402      CF
 403 05b6 8EEE6FD1 		.ascii	"\216\356o\321\343+\014\310\311\215\240\246\241x\330"
 403      E32B0CC8 
 403      C98DA0A6 
ARM GAS  /tmp/ccSLArj0.s 			page 31


 403      A178D8
 404 05c5 4B0ADD43 		.ascii	"K\012\335C\026\246\033\013%\273<m\261\233\340';\223"
 404      16A61B0B 
 404      25BB3C6D 
 404      B19BE027 
 404      3B93
 405 05d7 37BA0CDD 		.ascii	"7\272\014\335c\032\272GR\350\306r\247\252\365\266\""
 405      631ABA47 
 405      52E8C672 
 405      A7AAF5B6 
 405      22
 406 05e8 0D928B14 		.ascii	"\015\222\213\024\364\320\017\262\277?(\375\235\244\376"
 406      F4D00FB2 
 406      BF3F28FD 
 406      9DA4FE
 407 05f7 8E2D949D 		.ascii	"\216-\224\235\363b\375L\003bQ\327\\\201V\237\310\315"
 407      F362FD4C 
 407      036251D7 
 407      5C81569F 
 407      C8CD
 408 0609 C2CA82F3 		.ascii	"\302\312\202\363\262\331)\004\267B\350\"\350\011\273"
 408      B2D92904 
 408      B742E822 
 408      E809BB
 409 0618 D13DDB1D 		.ascii	"\321=\333\035\377\202of\264$n\367sS\014\254\031~\014"
 409      FF826F66 
 409      B4246EF7 
 409      73530CAC 
 409      197E0C
 410 062b 62CF6CFD 		.ascii	"b\317l\375\274\001\017\322P\250+c\206\017{!?\037\004"
 410      BC010FD2 
 410      50A82B63 
 410      860F7B21 
 410      3F1F04
 411 063e 6088DD70 		.ascii	"`\210\335p\311\316H\205^@hf\020\226vS\331\"\030\237"
 411      C9CE4885 
 411      5E406866 
 411      10967653 
 411      D922189F 
 412 0652 FA5F721A 		.ascii	"\372_r\032~\353\350\221\336{\247\012D\315[*\264\306"
 412      7EEBE891 
 412      DE7BA70A 
 412      44CD5B2A 
 412      B4C6
 413 0664 07BD074D 		.ascii	"\007\275\007M\342\0314\206\027\324\233\037\001\3609"
 413      E2193486 
 413      17D49B1F 
 413      01F039
 414 0673 73E7E69E 		.ascii	"s\347\346\236\231qaY*\307\376\004Q\354i\270\376\224"
 414      99716159 
 414      2AC7FE04 
 414      51EC69B8 
 414      FE94
 415 0685 7A3F8B96 		.ascii	"z?\213\226I\034\250@\010\354\310(\327\341;,[\305e\207"
 415      491CA840 
 415      08ECC828 
 415      D7E13B2C 
ARM GAS  /tmp/ccSLArj0.s 			page 32


 415      5BC56587 
 416 0699 2ABCF013 		.ascii	"*\274\360\023&$\235o\316\325@N\320<\365\215\354-\012"
 416      26249D6F 
 416      CED5404E 
 416      D03CF58D 
 416      EC2D0A
 417 06ac 3B766979 		.ascii	";viyU,\344\375\367\336rZ\025\371\237#\272G\231\223\242"
 417      552CE4FD 
 417      F7DE725A 
 417      15F99F23 
 417      BA479993 
 418 06c1 8C16909A 		.ascii	"\214\026\220\232Hr\240_\322@\037\277\223rT\213K\325"
 418      4872A05F 
 418      D2401FBF 
 418      9372548B 
 418      4BD5
 419 06d3 2ED0FBAA 		.ascii	".\320\373\252\237\314\360\232\263V\261mX\376E\201B\277"
 419      9FCCF09A 
 419      B356B16D 
 419      58FE4581 
 419      42BF
 420 06e5 B241FF04 		.ascii	"\262A\377\004\320\257\224\320\213\024:\273?\267]\247"
 420      D0AF94D0 
 420      8B143ABB 
 420      3FB75DA7 
 421 06f5 6C87A576 		.ascii	"l\207\245v\033\006Q\240\355\220\034I#\232,\251\366d"
 421      1B0651A0 
 421      ED901C49 
 421      239A2CA9 
 421      F664
 422 0707 39B3AA14 		.ascii	"9\263\252\024I[\306\222\2663v\276O\215k\324v\333\251"
 422      495BC692 
 422      B63376BE 
 422      4F8D6BD4 
 422      76DBA9
 423 071a 954BB753 		.ascii	"\225K\267S+\331v\252k\3174\260j\241\352BI\332D\227\273"
 423      2BD976AA 
 423      6BCF34B0 
 423      6AA1EA42 
 423      49DA4497 
 424 072f 6D3BD578 		.ascii	"m;\325x\377\363\375\323\242\3706J\024\364(A\260\025"
 424      FFF3FDD3 
 424      A2F8364A 
 424      14F42841 
 424      B015
 425 0741 E14A97DB 		.ascii	"\341J\227\333\251\235\202\037\301\245\333\251x\301\007"
 425      A99D821F 
 425      C1A5DBA9 
 425      78C107
 426 0750 C50934AD 		.ascii	"\305\0114\255EG\323\01248\316\215\332(>y\255U\213\364"
 426      4547D30A 
 426      3438CE8D 
 426      DA283E79 
 426      AD558BF4 
 427 0764 7E4E0192 		.ascii	"~N\001\222\234\0000gj\037~\322J\367v\273\301\231]\262"
 427      9C003067 
 427      6A1F7ED2 
ARM GAS  /tmp/ccSLArj0.s 			page 33


 427      4AF776BB 
 427      C1995DB2 
 428 0778 33E01B8B 		.ascii	"3\340\033\213\277\230\271\220\347\211\253\231\221\271"
 428      BF98B990 
 428      E789AB99 
 428      91B9
 429 0786 1BBDF37A 		.ascii	"\033\275\363zWFR\\\032Y\234\370d\377<a\374\035\030I"
 429      5746525C 
 429      1A599CF8 
 429      64FF3C61 
 429      FC1D1849 
 430 079a 968DEC96 		.ascii	"\226\215\354\226\214\014>\311J\320\340\037\251\0214"
 430      8C0C3EC9 
 430      4AD0E01F 
 430      A91134
 431 07a9 77762257 		.ascii	"wv\"W\203E\015\025.\337\315\274-\340\235L\220R\264\202"
 431      83450D15 
 431      2EDFCDBC 
 431      2DE09D4C 
 431      9052B482 
 432 07bd A7E8E0C2 		.ascii	"\247\350\340\302\231\013\036x\017\273x\372Y\322?\343"
 432      990B1E78 
 432      0FBB78FA 
 432      59D23FE3 
 433 07cd 7DEC77   		.ascii	"}\354w"
 434 07d0 CB68F745 		.ascii	"\313h\367E7|\210\011I\225q\207\325\270\234\011\347\366"
 434      377C8809 
 434      49957187 
 434      D5B89C09 
 434      E7F6
 435 07e2 D63DD6E1 		.ascii	"\326=\326\341*&4\275\352\317\325\343V&tM]9\350\301\362"
 435      2A2634BD 
 435      EACFD5E3 
 435      5626744D 
 435      5D39E8C1 
 436 07f7 FD06D9FE 		.ascii	"\375\006\331\376\337\277\324\252g\266D\004\362\313c"
 436      DFBFD4AA 
 436      67B64404 
 436      F2CB63
 437 0806 D76EEA70 		.ascii	"\327n\352p\007\323\255\255\256k\345{\272\367H;O\025"
 437      07D3ADAD 
 437      AE6BE57B 
 437      BAF7483B 
 437      4F15
 438 0818 DB3C701F 		.ascii	"\333<p\037\273\326\272'.Y\217\357RA\270\\\334\036\357"
 438      BBD6BA27 
 438      2E598FEF 
 438      5241B85C 
 438      DC1EEF
 439 082b 3260F9AE 		.ascii	"2`\371\256\002f\315\322@F\362 X\207\234\004\253u\344"
 439      0266CDD2 
 439      4046F220 
 439      58879C04 
 439      AB75E4
 440 083e D5B4379E 		.ascii	"\325\2647\236d\326\342\277+\333G\334\324\260J$\335f"
 440      64D6E2BF 
 440      2BDB47DC 
ARM GAS  /tmp/ccSLArj0.s 			page 34


 440      D4B04A24 
 440      DD66
 441 0850 6C6ABE4A 		.ascii	"lj\276J\315N\021\260\355$P\007\006Oy\341g\314\247\023"
 441      CD4E11B0 
 441      ED245007 
 441      064F79E1 
 441      67CCA713 
 442 0864 F3876378 		.ascii	"\363\207cx\245\210K|*\004\2374\334\247#\340S\201-\211"
 442      A5884B7C 
 442      2A049F34 
 442      DCA723E0 
 442      53812D89 
 443 0878 8DF7B7EF 		.ascii	"\215\367\267\357\334I*\345\030\370uT\366K\303\335\232"
 443      DC492AE5 
 443      18F87554 
 443      F64BC3DD 
 443      9A
 444 0889 9E9B3AA3 		.ascii	"\236\233:\243\306?1\033C\273o\026z\271\262Q\344\322"
 444      C63F311B 
 444      43BB6F16 
 444      7AB9B251 
 444      E4D2
 445 089b 46EDC3BF 		.ascii	"F\355\303\277}O\253\361\004\3308.\3338&q\357K\356\036"
 445      7D4FABF1 
 445      04D8382E 
 445      DB382671 
 445      EF4BEE1E 
 446 08af D0E0042D 		.ascii	"\320\340\004-5\362$\353V\212\267+#\245.\215,N|\316\252"
 446      35F224EB 
 446      568AB72B 
 446      23A52E8D 
 446      2C4E7CCE 
 447 08c4 B1048C14 		.ascii	"\261\004\214\024\313FNHFrfn\377\340\316\262\353\007"
 447      CB464E48 
 447      4672666E 
 447      FFE0CEB2 
 447      EB07
 448 08d6 E29E99B4 		.ascii	"\342\236\231\264>7\234Lm\332\236K\227\261\347\322\203"
 448      3E379C4C 
 448      6DDA9E4B 
 448      97B1E7D2 
 448      83
 449 08e7 7B7AAA30 		.ascii	"{z\2520\336\307\256\355*\335\325\352\205\0173\241\240"
 449      DEC7AEED 
 449      2ADDD5EA 
 449      850F33A1 
 449      A0
 450 08f8 B1F69116 		.ascii	"\261\366\221\026\237\342\263zcF\365\330\312\204;\203"
 450      9FE2B37A 
 450      6346F5D8 
 450      CA843B83 
 451 0908 6DD04E5B 		.ascii	"m\320N[\230P\373\"\247\326\033\2673\341\352\350\342"
 451      9850FB22 
 451      A7D61BB7 
 451      33E1EAE8 
 451      E2
 452 0919 B41E7731 		.ascii	"\264\036w1\241s\307a\250\324~>G\\8`\300\303\214\367"
ARM GAS  /tmp/ccSLArj0.s 			page 35


 452      A173C761 
 452      A8D47E3E 
 452      475C3860 
 452      C0C38CF7 
 453 092d 4CDEC053 		.ascii	"L\336\300S\227\301=\347\212\2675\233\024U\015p>\353"
 453      97C13DE7 
 453      8AB7359B 
 453      14550D70 
 453      3EEB
 454 093f 8473C7D3 		.ascii	"\204s\307\323\335/\275\361=f-i\357\343B/\374\230\011"
 454      DD2FBDF1 
 454      3D662D69 
 454      EFE3422F 
 454      FC9809
 455 0952 ADD7F267 		.ascii	"\255\327\362gtx\236\0115i\351\340\024\334~\2100\264"
 455      74789E09 
 455      3569E9E0 
 455      14DC7E88 
 455      30B4
 456 0964 3FA9D603 		.ascii	"?\251\326\003g0\241a\317\364Yw\234\315\204\235\263w"
 456      6730A161 
 456      CFF45977 
 456      9CCD849D 
 456      B377
 457 0976 2BBCF111 		.ascii	"+\274\361\021\235\335bY\301\026\313d\334\275\021\276"
 457      9DDD6259 
 457      C116CB64 
 457      DCBD11BE 
 458 0986 CEDE02F1 		.ascii	"\316\336\002\361\310\215\346i7\\\314T\313\343\307\212"
 458      C88DE669 
 458      375CCC54 
 458      CBE3C78A 
 459 0996 7470CD07 		.ascii	"tp\315\007\252\031)\232\252\017k\252g\2543ej|\212\352"
 459      AA19299A 
 459      AA0F6BAA 
 459      67AC3365 
 459      6A7C8AEA 
 460 09aa 0A9D95FD 		.ascii	"\012\235\225\375\027\224M58\226V\347% \330&\023\364"
 460      17944D35 
 460      389656E7 
 460      2520D826 
 460      13F4
 461 09bc B13555FB 		.ascii	"\2615U\373\373\344E\010\223\017\017S+\204\351\002o\251"
 461      FBE44508 
 461      930F0F53 
 461      2B84E902 
 461      6FA9
 462 09ce 79275A3C 		.ascii	"y'Z<q-\263\3608s\"Q~\012\206NYIk\363\012X\270,[\270"
 462      712DB3F0 
 462      38732251 
 462      7E0A864E 
 462      59496BF3 
 463 09e8 24B830D1 		.ascii	"$\2700\321\356\334DLFw\251;nf&2\313\312Jt6\023\213\023"
 463      EEDC444C 
 463      4677A93B 
 463      6E662632 
 463      CBCA4A74 
ARM GAS  /tmp/ccSLArj0.s 			page 36


 464 0a00 917D94C4 		.ascii	"\221}\224\30450qU6q\305\225\211\016\347&\244\002^\301"
 464      35307155 
 464      3671C595 
 464      890EE726 
 464      A4025EC1 
 465 0a14 0AB8E544 		.ascii	"\012\270\345D\315\220'ng!NJ\376\251\034\343nf\376E\375"
 465      CD90276E 
 465      67214E4A 
 465      FEA91CE3 
 465      6E66FE45 
 466 0a29 9133B618 		.ascii	"\2213\266\030Zg\321\033\350\006X\356\372\005\226\273"
 466      5A67D11B 
 466      E80658EE 
 466      FA0596BB 
 467 0a39 9D5BAE4F 		.ascii	"\235[\256O\230\216\304\003\314\322\321\346\362N-\036"
 467      988EC403 
 467      CCD2D1E6 
 467      F24E2D1E 
 468 0a49 65965E0D 		.ascii	"e\226^\015?\256\366\262Y\232\007K7\301R\357/\260\324"
 468      3FAEF6B2 
 468      599A074B 
 468      37C152EF 
 468      2FB0D4
 469 0a5c E7DC525E 		.ascii	"\347\334R^}g\221\032?b\246n\265]\211\323\350\371\344"
 469      7D67911A 
 469      3F62A66E 
 469      B55D89D3 
 469      E8F9E4
 470 0a6f D49FDB0E 		.ascii	"\324\237\333\0165<<\272_\255\334\026\334\022\224\233"
 470      353C3CBA 
 470      5FADDC16 
 470      DC12949B 
 471 0a7f B901417A 		.ascii	"\271\001AzJ\312\273Y3\244\3063\314\306\250\330\334-"
 471      4ACABB59 
 471      33A4C633 
 471      CCC6A8D8 
 471      DC2D
 472 0a91 E0052694 		.ascii	"\340\005&\224\035\031:\346\216c\335\251P\177+\035\236"
 472      1D193AE6 
 472      8E63DDA9 
 472      507F2B1D 
 472      9E
 473 0aa2 67763161 		.ascii	"gv1a\350\344Ou\032\374\035\023\362\006\237\226iq*\025"
 473      E8E44F75 
 473      1AFC1D13 
 473      F2069F96 
 473      69712A15 
 474 0ab6 84E69795 		.ascii	"\204\346\227\225Mjd\360S\030V\354]\321(\360\334$\275"
 474      4D6A64F0 
 474      531856EC 
 474      5DD128F0 
 474      DC24BD
 475 0ac9 6060F530 		.ascii	"``\3650S\034\222\333@:\325]\001\036\035\344Xm20\377"
 475      531C92DB 
 475      403AD55D 
 475      011E1DE4 
 475      586D3230 
ARM GAS  /tmp/ccSLArj0.s 			page 37


 476 0ade 2EF62435 		.ascii	".\366$5\252q\023\263u\274}Dt\303-L\250\333\335\376R"
 476      AA7113B3 
 476      75BC7D44 
 476      74C32D4C 
 476      A8DBDDFE 
 477 0af3 87DB9890 		.ascii	"\207\333\230\220}ng\214\036_f\302HLk\267\016_e\302\323"
 477      7D6E678C 
 477      1E5F66C2 
 477      484C6BB7 
 477      0E5F65C2 
 478 0b08 C91B2F3D 		.ascii	"\311\033/=q'\023\304\271\206[\032\334\303\204\201\275"
 478      712713C4 
 478      B9865B1A 
 478      DCC38481 
 478      BD
 479 0b19 B323EEF8 		.ascii	"\263#\356\370&\023J\026g\366\030\360\000\023f\353:\013"
 479      26134A16 
 479      67F618F0 
 479      001366EB 
 479      3A0B
 480 0b2b 04B67E7D 		.ascii	"\004\266~}\311\346\320\232t\021\263Z\313\027^\011\036"
 480      C9E6D09A 
 480      7411B35A 
 480      CB175E09 
 480      1E
 481 0b3c 1DE51D70 		.ascii	"\035\345\035pw\365\345\237\345\374\011\177d`\352\315"
 481      77F5E59F 
 481      E5FC097F 
 481      6460EACD 
 482 0b4c 22F6CE82 		.ascii	"\"\366\316\202p\031\003./\004\305#u\263 ?\343\263G\360"
 482      7019032E 
 482      2F04C523 
 482      75B3203F 
 482      E3B347F0 
 483 0b60 D3EDB0D7 		.ascii	"\323\355\260\327\013\240\332\343\216\332\007\004\207"
 483      0BA0DAE3 
 483      8EDA0704 
 483      87
 484 0b6d E7F55C59 		.ascii	"\347\365\\Y\371\241\243\262\277#r\225\254|\317\271\037"
 484      F9A1A3B2 
 484      BF237295 
 484      AC7CCFB9 
 484      1F
 485 0b7e 0AE40A59 		.ascii	"\012\344\012Y\371\201\2432{\017\240\204\316\226\265"
 485      F981A332 
 485      7B0FA084 
 485      CE96B5
 486 0b8d 279CFAA1 		.ascii	"'\234\372\241@>$\353\376\340\034Y\241|NV\036qT.\227"
 486      403E24EB 
 486      FEE01C59 
 486      A17C4E56 
 486      1E71542E 
 487 0ba2 7DB67B71 		.ascii	"}\266{q0\011\213\3451\\C\217\370\014\362\342`\016\252"
 487      30098BE5 
 487      315C438F 
 487      F80CF2E2 
 487      600EAA
ARM GAS  /tmp/ccSLArj0.s 			page 38


 488 0bb5 EC99E08B 		.ascii	"\354\231\340\213\236\302x\016c\006\306\024\214Y\030"
 488      9EC2780E 
 488      6306C614 
 488      8C5918
 489 0bc4 D3309EC0 		.ascii	"\3230\236\300\370QP\27699#\233\276\357<\021,\002le\037"
 489      F85150BE 
 489      3939239B 
 489      BEEF3C11 
 489      2C026C65 
 490 0bd9 48A2AF42 		.ascii	"H\242\257B@\313\341UHj\312\241:A\271\350\224@\260\337"
 490      40CBE155 
 490      486ACAA1 
 490      3A41B9E8 
 490      9440B0DF 
 491 0bed B72DBAEA 		.ascii	"\267-\272\352\305\207Snx\234\026\033\036\357\315\317"
 491      C587536E 
 491      789C161B 
 491      1EEFCDCF 
 492 0bfd F7405045 		.ascii	"\367@PE\316_e-\200C/9\263\237\200\331+\245\347\260|"
 492      CE5F652D 
 492      80432F39 
 492      B39F80D9 
 492      2BA5E7B0 
 493 0c12 FE5C3434 		.ascii	"\376\\44&\212\351\006\002\217\206\271\262\223\2140\337"
 493      268AE906 
 493      028F86B9 
 493      B2938C30 
 493      DF
 494 0c23 2B7753DF 		.ascii	"+wS\337_.\361}\317`\023\224\325\023V\377\023\367K\240"
 494      5F2EF17D 
 494      CF601394 
 494      D51356FF 
 494      13F74BA0 
 495 0c37 6DFDC884 		.ascii	"m\375\310\204\334\341\363C|\253\320B\344\252\341\314"
 495      DCE1F343 
 495      7CABD042 
 495      E4AAE1CC 
 496 0c47 5DFC492F 		.ascii	"]\374I/\237\274\306n\355\\lp\307\"\273}U.\026%`\234"
 496      9FBCC66E 
 496      ED5C6C70 
 496      C722BB7D 
 496      552E1625 
 497 0c5d 48853FF4 		.ascii	"H\205?\364\336\333\231\245'\357\300\014\313\311\213"
 497      DEDB99A5 
 497      27EFC00C 
 497      CBC98B
 498 0c6c 30035D2C 		.ascii	"0\003],@\324\217\034\340{\005\2340\2207d\276\006\203"
 498      40D48F1C 
 498      E07B059C 
 498      30903764 
 498      BE0683
 499 0c7f 9F2F39DA 		.ascii	"\237/9\332>p\325\317\260\234/\254\356\323\337\034?\236"
 499      3E70D5CF 
 499      B09C2FAC 
 499      EED3DF1C 
 499      3F9E
 500 0c91 4032D480 		.ascii	"@2\324\200\015(\0258&`\0275jW\035\331P\035$}(\207O!"
ARM GAS  /tmp/ccSLArj0.s 			page 39


 500      0D281538 
 500      26601735 
 500      6A571DD9 
 500      501D247D 
 501 0ca9 31ACC77E 		.ascii	"1\254\307~\250\016\373\242\2350\342\261\262\012fMd\355"
 501      A80EFBA2 
 501      9D30E2B1 
 501      B20A664D 
 501      64ED
 502 0cbb 26828934 		.ascii	"&\202\2114\347&h\034\025\351\335\205\225\351%\023YH"
 502      E726681C 
 502      15E9DD85 
 502      95E92513 
 502      5948
 503 0ccd ED9C88C1 		.ascii	"\355\234\210\301>h\007\006\214Z0\234\304\2358\007\277"
 503      3E680706 
 503      8C5A309C 
 503      C49D3807 
 503      BF
 504 0cde 6BC081B3 		.ascii	"k\300\201\2630\252aT\301\370\036\306\031\030\2250N\303"
 504      30AA6154 
 504      C1F81EC6 
 504      19189530 
 504      4EC3
 505 0cf0 3805A302 		.ascii	"8\005\243\002\306!\030\373a\244\301H\205\261\007\306"
 505      C62118FB 
 505      61A4C148 
 505      85B107C6 
 506 0d00 77309261 		.ascii	"w0\222a\354V\022\030\351\255\\;\300\032\0204\331X\214"
 506      EC561218 
 506      E9AD5C3B 
 506      C01A1034 
 506      D9588C
 507 0d13 A9391B87 		.ascii	"\2519\033\207\035.\326\220\315A\221\317\370\177s\320"
 507      1D2ED690 
 507      CD4191CF 
 507      F87F73D0 
 508 0d23 DADDCBDF 		.ascii	"\332\335\313\3379\222\207\244X\301\301\301\230%\015"
 508      399287A4 
 508      58C1C1C1 
 508      98250D
 509 0d32 B2368BBF 		.ascii	"\2626\213\277\321L\201\330\356q\256\357\230\224\004"
 509      D14C81D8 
 509      EE71AEEF 
 509      989404
 510 0d41 BBA4C044 		.ascii	"\273\244\300D\331\374A\311<y\3548\350\010\227ko\036"
 510      D9FC41C9 
 510      3C79EC38 
 510      E808976B 
 510      6F1E
 511 0d53 164B6A2F 		.ascii	"\026Kj/m\013d\017}\330\271\366jYyv#\321M\007\235\223"
 511      6D0B640F 
 511      7DD8B9F6 
 511      6A597976 
 511      23D14D07 
 512 0d69 5C371DCA 		.ascii	"\\7\035\312\217\024\016*s\021y\233\302>\210v&\217|\026"
 512      8F140E2A 
ARM GAS  /tmp/ccSLArj0.s 			page 40


 512      7311799B 
 512      C23E8876 
 512      268F7C16 
 513 0d7d FCDE0B91 		.ascii	"\374\336\013\221\313\260\213\334L\022\217\004\251\262"
 513      CBB08BDC 
 513      4C128F04 
 513      A9B2
 514 0d8b 2C309089 		.ascii	",0\220\211_\367\366\330\352``/\237\341\332\300\024k"
 514      5FF7F6D8 
 514      EA60602F 
 514      9FE1DAC0 
 514      146B
 515 0d9d 81043ED3 		.ascii	"\201\004>\323)\274\242\211\014\263\006\010:\312&\302"
 515      29BCA289 
 515      0CB30608 
 515      3ACA26C2 
 516 0dad EEE7B7AB 		.ascii	"\356\347\267\253\326f\247\357\200\3739\211\304>\371"
 516      D666A7EF 
 516      80FB3989 
 516      C43EF9
 517 0dbc 7E4E9479 		.ascii	"~N\224y\250F\372*\277\351\230fM\353\000hU8\306\266\\"
 517      A846FA2A 
 517      BFE99866 
 517      4DEB0068 
 517      5538C6B6 
 518 0dd1 70E4E3D8 		.ascii	"p\344\343\330\024\017\002\207\034\316'\027~g\333\227"
 518      140F0287 
 518      1CCE2717 
 518      7E67DB97 
 519 0de1 99325884 		.ascii	"\2312X\204M\216s6\316\261O\361\011\216\330\214{'\343"
 519      4D8E7336 
 519      CEB14FF1 
 519      098ED88C 
 519      7B27E3
 520 0df4 9EE39CFB 		.ascii	"\236\343\234\373\372\003\251\204;auZ\346\236c\307}\275"
 520      FA03A984 
 520      3B61755A 
 520      E69E63C7 
 520      7DBD
 521 0e06 C43D0FAF 		.ascii	"\304=\017\257@\225\316\271S\367\322\235\271\247\242"
 521      4095CEB9 
 521      53F7D29D 
 521      B9A7A2
 522 0e15 D3886FE5 		.ascii	"\323\210o\345\340\333I\310c\031\214R\030'`\024\3008"
 522      E0DB49C8 
 522      63198C52 
 522      18276014 
 522      C038
 523 0e27 0C23DF2E 		.ascii	"\014#\337.\036\015\3354\267\244\352\317\200=\002\340"
 523      1E0DDD34 
 523      B7A4EACF 
 523      803D02E0 
 524 0e37 F2969D97 		.ascii	"\362\226\235\227\241Xr\337\377\234\366\313.\212|\004"
 524      A15872DF 
 524      FF9CF6CB 
 524      2E8A7C04 
 525 0e47 74AB5CEB 		.ascii	"t\253\\\353*V\347Q\273\325y\204\255N\347\377\005\324"
ARM GAS  /tmp/ccSLArj0.s 			page 41


 525      2A56E751 
 525      BBD57984 
 525      AD4EE7FF 
 525      05D4
 526 0e59 01E0519E 		.ascii	"\001\340Q\236\207\343\300\265\020x\035\223y\221\177"
 526      87E3C0B5 
 526      10781D93 
 526      79917F
 527 0e68 B9AAA3B3 		.ascii	"\271\252\243\263\330}\201<\362Us}\027;\014\310\335-"
 527      D87D813C 
 527      F255737D 
 527      173B0CC8 
 527      DD2D
 528 0e7a 37D21B49 		.ascii	"7\322\033Ia\326r]\333\002q,\361\376\303\364\257\213"
 528      61D6725D 
 528      DB02712C 
 528      F1FEC3F4 
 528      AF8B
 529 0e8c A3F66966 		.ascii	"\243\366ifm\026\312\367\3623\226\302\" ^\377\213\210"
 529      6D16CAF7 
 529      F23396C2 
 529      22205EFF 
 529      8B88
 530 0e9e 1763E5FB 		.ascii	"\027c\345\373\375\"F\334\305\275\004\225\000]\371v\""
 530      FD2246DC 
 530      C5BD0495 
 530      005DF976 
 530      22
 531 0eaf 1557C0FE 		.ascii	"\025W\300\376\233d\243L\220\032\024o\261(\224\344Y\364"
 531      9B64A34C 
 531      901A146F 
 531      B12894E4 
 531      59F4
 532 0ec1 25EE19DC 		.ascii	"%\356\031\334\001\032_\233= y\252\213\367C\322\341\254"
 532      011A5F9B 
 532      3D2079AA 
 532      8BF743D2 
 532      E1AC
 533 0ed3 3FA79DDE 		.ascii	"?\247\235\336e\353\206M\256uY\370\236_\243\341\003\235"
 533      65EB864D 
 533      AE7559F8 
 533      9E5FA3E1 
 533      039D
 534 0ee5 25E1B31E 		.ascii	"%\341\263\036\274\346\263O\264\356\300\364\011\260\205"
 534      BCE6B34F 
 534      B4EEC0F4 
 534      09B085
 535 0ef4 D73F7F96 		.ascii	"\327?\177\226a{\323\363\202\\a\351\327<\304\212\277"
 535      617BD3F3 
 535      825C61E9 
 535      D73CC48A 
 535      BF
 536 0f05 D167B64E 		.ascii	"\321g\266Ng\272\327\025\272\363\035T\227<u\3658\323"
 536      67BAD715 
 536      BAF31D54 
 536      973C75F5 
 536      38D3
ARM GAS  /tmp/ccSLArj0.s 			page 42


 537 0f17 55DE5A7A 		.ascii	"U\336ZzRx\235\303\243\020\352w\\\205K\366\310U\035\266"
 537      52789DC3 
 537      A310EA77 
 537      5C854BF6 
 537      C8551DB6 
 538 0f2b F638E8A8 		.ascii	"\3668\350\250|`\011\370\031Y\373\266sme\026:x\026\310"
 538      7C6009F8 
 538      1959FBB6 
 538      736D6516 
 538      3A7816C8 
 539 0f3f C66DC851 		.ascii	"\306m\310Q}\351\006\374\020\003'\267\320E\347\332\012"
 539      7DE906FC 
 539      100327B7 
 539      D045E7DA 
 539      0A
 540 0f50 BF73521C 		.ascii	"\277sR\034\356\033I.\356\033L=\253\303\356.\260TY\221"
 540      EE1B492E 
 540      EE1B4C3D 
 540      ABC3EE2E 
 540      B0545991 
 541 0f64 E3BD29B4 		.ascii	"\343\275)\264\023&9\357\204\321\307\351S>)\3538l+\326"
 541      132639EF 
 541      84D1C7E9 
 541      533E29EB 
 541      386C2BD6 
 542 0f78 244527EC 		.ascii	"$E'\354>\375\347}\307E\351\246\231\301\267\\.W\344\014"
 542      3EFDE77D 
 542      C745E9A6 
 542      99C1B75C 
 542      2E57E40C 
 543 0f8c FDD33601 		.ascii	"\375\3236\001\273\372\323\266\321\256\26348\351,\266"
 543      BBFAD3B6 
 543      D1AEB334 
 543      38E92CB6 
 544 0f9c EDA01596 		.ascii	"\355\240\025\226"
 545 0fa0 D7EBB683 		.ascii	"\327\353\266\203\274\005\334\2435Lp\367\313\313-\201"
 545      BC05DCA3 
 545      354C70F7 
 545      CBCB2D81 
 546 0fb0 32201122 		.ascii	"2 \021\"[\341\356\224\"w\234\347A\267\276\207\257\316"
 546      5BE1EE94 
 546      22779CE7 
 546      41B7BE87 
 546      AFCE
 547 0fc2 64E97119 		.ascii	"d\351q\031\023\372\372\343j\370_\305\036 \346\317\367"
 547      13FAFAE3 
 547      6AF85FC5 
 547      1E20E6CF 
 547      F7
 548 0fd3 35BABBFC 		.ascii	"5\272\273\374k\245\005\363\277V\2321}x\177\034[\221"
 548      6BA505F3 
 548      BF569A31 
 548      7D787F1C 
 548      5B91
 549 0fe5 EDEDF85F 		.ascii	"\355\355\370_\206\374O\360\005\274L\232D_\324\327\324"
 549      86FC4FF0 
 549      05BC4C9A 
ARM GAS  /tmp/ccSLArj0.s 			page 43


 549      445FD4D7 
 549      D4
 550 0ff6 B47A29B5 		.ascii	"\264z)\265\311\243\276K\355\264"
 550      C9A3BE4B 
 550      EDB4
 551 1000 E98C7DDA 		.ascii	"\351\214}\332w\217\210\327\363\305\221\341\326\210\357"
 551      778F88D7 
 551      F3C591E1 
 551      D688EF
 552 100f 63AC62EC 		.ascii	"c\254b\354'\250\025/C\347!M\225\350\035\305\324&8\363"
 552      27A8152F 
 552      43E7214D 
 552      95E81DC5 
 552      D42638F3 
 553 1023 5F820AB5 		.ascii	"_\202\012\265\341w\211W\351\273c\335q\025\343\227\330"
 553      E1778957 
 553      E9BB63DD 
 553      7115E397 
 553      D8
 554 1034 36D4C3F9 		.ascii	"6\324\303\371\375\023\210\245W\333\006\371\023r\"y\251"
 554      FD1388A5 
 554      57DB06F9 
 554      13722279 
 554      A9
 555 1045 359DFBC3 		.ascii	"5\235\373\303\230\340\222o\273\304\367\000{\317161\036"
 555      98E0926F 
 555      BBC4F700 
 555      7BCF3136 
 555      311E
 556 1057 E7E1C8F7 		.ascii	"\347\341\310\3672lK/a\242~\2052h\227\030\314\234M\235"
 556      326C4B2F 
 556      61A27E85 
 556      32689718 
 556      CC9C4D9D 
 557 106b 3138F275 		.ascii	"18\362u\251\235\3670%\303\203\363m\350\373c\232\030"
 557      A99DF730 
 557      25C383F3 
 557      6DE8FB63 
 557      9A18
 558 107d B75F54A3 		.ascii	"\267_T\243\253\234o?\360\225\247^\344|;\030\337\234"
 558      AB9C6F3F 
 558      F095A75E 
 558      E47C3B18 
 558      DF9C
 559 108f CBB95EB8 		.ascii	"\313\271^\270\205\361=\362\260\246\231\277\015\367$"
 559      85F13DF2 
 559      B0A699BF 
 559      0DF724
 560 109e 2FF30B32 		.ascii	"/\363\0132\217\251\031\337\007\364\317\316\302\244*"
 560      8FA919DF 
 560      07F4CFCE 
 560      C2A42A
 561 10ad 9D4BBE5D 		.ascii	"\235K\276]\022\337v\366r\346\341\363\246>\275#\337N"
 561      12DF76F6 
 561      72E6E1F3 
 561      A63EBD23 
 561      DF4E
ARM GAS  /tmp/ccSLArj0.s 			page 44


 562 10bf 70E33A75 		.ascii	"p\343:u\243\2332\350\222\030\024\026\024\236\3259\362"
 562      A39B32E8 
 562      92181416 
 562      149ED539 
 562      F2
 563 10d0 75A93DD8 		.ascii	"u\251=\330?Q(0\276\326\331\317\022+\240\202op\262\267"
 563      3F512830 
 563      BED6D9CF 
 563      122BA082 
 563      6F70B2B7 
 564 10e4 81AC3CEF 		.ascii	"\201\254<\357\032'\333C\311\236\033\262\226h~}\230="
 564      1A27DB43 
 564      C99E1BB2 
 564      96687E7D 
 564      983D
 565 10f6 23FE8798 		.ascii	"#\376\207\230\250C_\275I\377C\246\013\002\365\342_\223"
 565      A8435FBD 
 565      49FF43A6 
 565      0B02F5E2 
 565      5F93
 566 1108 974AE264 		.ascii	"\227J\342d\253V\371|;h\367_S\037[s\344\010\312\315\203"
 566      AB56F97C 
 566      3B68F75F 
 566      531F5B73 
 566      E408CACD 
 567 111d F3EDDE1C 		.ascii	"\363\355\336\034q^\037#P\300a\011\360&\003|T\323\253"
 567      715E1F23 
 567      50C06109 
 567      F026037C 
 567      54D3AB
 568 1130 C55D2CC4 		.ascii	"\305],\304\035\031\245\376\334\361\306v\264#\337\272"
 568      1D19A5FE 
 568      DCF1C676 
 568      B423DFBA 
 569 1140 E36D5B5D 		.ascii	"\343m[]\216\331\325e?w\375\026u}|>\363\271\335S\367"
 569      8ED9D565 
 569      3F77FD16 
 569      757D7C3E 
 569      F3B9DD53 
 570 1155 A89D5703 		.ascii	"\250\235W\003\334\253\001\352\325\334\351\261?\341\021"
 570      DCAB01EA 
 570      D5DCE9B1 
 570      3FE111
 571 1164 66F0E4F4 		.ascii	"f\360\344\364\263\223\032\226S\362\357V}\353\263f\344"
 571      B3931A96 
 571      53F2EF56 
 571      7DEBB366 
 571      E4
 572 1175 32874352 		.ascii	"2\207CR\016o\2635z\345\344\365b\255c\016\245\016\003"
 572      0E6FB335 
 572      7AE5E4F5 
 572      62AD630E 
 572      A50E03
 573 1188 44695686 		.ascii	"DiV\206\244\254\234\317\217\237\026\034s\350R{2}T\224"
 573      A4AC9CCF 
 573      8F9F161C 
 573      73E8527B 
ARM GAS  /tmp/ccSLArj0.s 			page 45


 573      327D5494 
 574 119c 7298C572 		.ascii	"r\230\305r8\302\0031\011\201\220\347\015\362@\334\301"
 574      38C20331 
 574      098190E7 
 574      0DF240DC 
 574      C1
 575 11ad EFAADC23 		.ascii	"\357\252\334##\314\026chD\340\337u\237\375q\323\333"
 575      23CC1663 
 575      6844E0DF 
 575      759FFD71 
 575      D3DB
 576 11bf EB56AF56 		.ascii	"\353V\257V\375\333\252U\376\353\202C6\207l\330\350\037"
 576      FDDBAA55 
 576      FEEB8243 
 576      36876CD8 
 576      E81F
 577 11d1 11E56FB6 		.ascii	"\021\345o\266\370\023\235(\377\265\377\371\345\272/"
 577      F8139D28 
 577      FFB5FFF9 
 577      E5BA2F
 578 11e0 B7FB0706 		.ascii	"\267\373\007\006\007F\230M\306o?\012[\025\254\362\240"
 578      0746984D 
 578      C66F3F0A 
 578      5B15ACF2 
 578      A0
 579 11f1 D3B78613 		.ascii	"\323\267\206\023\000\367\300\340\215\321Q_\300\257\177"
 579      00F7C0E0 
 579      8DD1515F 
 579      C0AF7F
 580 1200 59821012 		.ascii	"Y\202\020\022\036\030\2725\310\004\223\243\242\243\310"
 580      1E18BA35 
 580      C80493A3 
 580      A2A3C8
 581 120f 3CAABB89 		.ascii	"<\252\273\211\316{#0\370O\021\021\241\0336\377\217)"
 581      CE7B2330 
 581      F84F1111 
 581      A11B36FF 
 581      8F29
 582 1221 D0B23E3C 		.ascii	"\320\262><\304\242\211\012\371\207\311hy\337\177k\224"
 582      C4A2890A 
 582      F987C968 
 582      79DF7F6B 
 582      94
 583 1232 D93F3464 		.ascii	"\331?4d\263\377\226\300@\377\000s\330o\303#\302M\277"
 583      B3FF96C0 
 583      40FF0073 
 583      D86FC323 
 583      C24DBF
 584 1245 35056C0E 		.ascii	"5\005l\016\361\377p\325\007\253V\333P\243,AA\246\257"
 584      F1FF70D5 
 584      07AB56DB 
 584      50A32C41 
 584      41A6AF
 585 1258 01D61066 		.ascii	"\001\326\020f\012\333b\262|\2755<\320hy\3675^\200\036"
 585      0ADB62B2 
 585      7CBD353C 
 585      D06879F7 
ARM GAS  /tmp/ccSLArj0.s 			page 46


 585      355E801E 
 586 126c 610153BC 		.ascii	"a\001S\274\302\"\215\021\324\264\221\230\325\202\030"
 586      C2228D11 
 586      D4B49198 
 586      D58218
 587 127b 6EDA6ED1 		.ascii	"n\332n\321F\006\323#\020\214\0105\006\233\002\202L\346"
 587      4606D323 
 587      108C0835 
 587      069B0282 
 587      4CE6
 588 128d 7F7D3D20 		.ascii	"\177}= \321\244\334\000\"\322\034\361m\010L\361\204"
 588      D1A4DC00 
 588      22D21CF1 
 588      6D084CF1 
 588      84
 589 129e F311E668 		.ascii	"\363\021\346h#E\261\274\263\004 \312\034\250\234\034"
 589      2345B1BC 
 589      B30420CA 
 589      1CA89C1C 
 590 12ae A832B060 		.ascii	"\2502\260`\254\015\205\310\254\367P\010\374\367\247"
 590      AC0D85C8 
 590      ACF75008 
 590      FCF7A7
 591 12bd 669369BD 		.ascii	"f\223i\275^\376\355\316U\202\202\274\331\257/\"\002"
 591      5EFEEDCE 
 591      558282BC 
 591      D9AF2F22 
 591      02
 592 12ce 82D69ACD 		.ascii	"\202\326\232\315\001\321\352\300\340\000\263\247\321"
 592      01D1EAC0 
 592      E000B3A7 
 592      D1
 593 12db 18141215 		.ascii	"\030\024\022\025\2609\324d\0141\177\343\031\020\272"
 593      B039D464 
 593      0C317FE3 
 593      1910BA
 594 12ea 2D203ACA 		.ascii	"- :\312\030\022\036\032\022nZe\357\015\220\365_\367"
 594      18121E1A 
 594      126E5A65 
 594      EF0D90F5 
 594      5FF7
 595 12fc E5C6F51B 		.ascii	"\345\306\365\033eV$\317\201a\237B4Il\215FS\270\204\244"
 595      655624CF 
 595      81619F42 
 595      34496C8D 
 595      4653B884 
 596 1311 8F349A4D 		.ascii	"\2174\232M\001\241\221\346\220\010\275\321\2705$\334"
 596      01A191E6 
 596      9008BDD1 
 596      B83524DC 
 597 1321 B2E67DA3 		.ascii	"\262\346}\243\345\003\2321\373LI`a\001\201\301`\324"
 597      E5039A31 
 597      FB4C4960 
 597      610181C1 
 597      60D4
 598 1333 DF08990A 		.ascii	"\337\010\231\012\330\032j1Z\242#M$\\:i\366o^3\033\252"
 598      D81A6A31 
ARM GAS  /tmp/ccSLArj0.s 			page 47


 598      5AA2234D 
 598      245C3A69 
 598      F66F5E33 
 599 1349 C6DF0869 		.ascii	"\306\337\010i\006U\230\242\265\020\303F\313G?S\251\021"
 599      065598A2 
 599      B510C346 
 599      CB473F53 
 599      A911
 600 135b 619121A1 		.ascii	"a\221!\241&s\224\377g\353\326A\230%\213\356\221\306"
 600      267394FF 
 600      67EBD641 
 600      98258BEE 
 600      91C6
 601 136d 30CBF6D0 		.ascii	"0\313\366\320\220(\213&\214%;\314\030\261-\334d\206"
 601      90288B26 
 601      8C253BCC 
 601      18B12DDC 
 601      6486
 602 137f E3375B4D 		.ascii	"\3437[M[M\032V\003P\230FK0\360\014\212\262\235\2174"
 602      5B4D1A56 
 602      03509846 
 602      4B30F00C 
 602      8AB29D8F 
 603 1394 9BBEF5B6 		.ascii	"\233\276\365\266;i\204\351[-\246\355F\213\016\364\351"
 603      3B6984E9 
 603      5B2DA6ED 
 603      468B0EF4 
 603      E9
 604 13a5 4F888E29 		.ascii	"O\210\216)\322\024\016\336n\3610}k\012\267\204\005D"
 604      D2140EDE 
 604      6EF1307D 
 604      6B0AB784 
 604      0544
 605 13b7 FDDD6871 		.ascii	"\375\335hq\003\273Q[\334\215FNX\313\217np\326h\321\323"
 605      03BB515B 
 605      DC8D464E 
 605      58CB8F6E 
 605      70D668D1 
 606 13cc AB14121C 		.ascii	"\253\024\022\034\334\026\020b\201\351\336\012\027\210"
 606      DC161062 
 606      81E9DE0A 
 606      1788
 607 13da C35E4AC1 		.ascii	"\303^J\301h\301\221\306\255\032\3236\002\257\331f\001"
 607      68C191C6 
 607      AD1AD336 
 607      02AFD966 
 607      01
 608 13eb 52917088 		.ascii	"R\221p\210\202jr\2132\006\206[\334`\200\031\356(\224"
 608      826A728B 
 608      3206865B 
 608      DC608019 
 608      EE2894
 609 13fe 9611AE05 		.ascii	"\226\021\256\005D\006C^\335\266Y,\346\310e\014\016r"
 609      4406435E 
 609      DDB6592C 
 609      E6C8650C 
 609      0E72
ARM GAS  /tmp/ccSLArj0.s 			page 48


 610 1410 F9B5C96C 		.ascii	"\371\265\311l\012\017\0042\000\000\313!Rg\332\036b\011"
 610      0A0F0432 
 610      0000CB21 
 610      5267DA1E 
 610      6209
 611 1422 8C083269 		.ascii	"\214\0102i\314A\321\340\227\206$\374\353(w\226\354\217"
 611      CC41D1E0 
 611      978624FC 
 611      EB287796 
 611      EC8F
 612 1434 01553A5A 		.ascii	"\001U:Z\310y8F\032\277\016\015\330\022\245\265\204\301"
 612      C8793846 
 612      1ABF0E0D 
 612      D812A5B5 
 612      84C1
 613 1446 2C2A4759 		.ascii	",*GY\002,&\235\205\036\000\030\202\032\020f\202\363"
 613      022C269D 
 613      851E0018 
 613      821A1066 
 613      82F3
 614 1458 11A1B032 		.ascii	"\021\241\2602\264$\306\333Lf\010J\240e;6\257^#\204\232"
 614      B424C6DB 
 614      4C66084A 
 614      A0653B36 
 614      AF5E2384 
 615 146d 7566D316 		.ascii	"uf\323\026(\000\243e\345/\351A\220J\301\374;\301\374"
 615      2800A365 
 615      E52FE941 
 615      904AC1FC 
 615      3BC1FC
 616 1480 9160FE50 		.ascii	"\221`\376P0\177\000\030\253a\274'\230\177/\230?f\235"
 616      307F0018 
 616      AB61BC27 
 616      987F2F98 
 616      3F669D
 617 1493 097C0474 		.ascii	"\011|\004tm`D8\244\305B\363\027\022\341n\013*8AW\236"
 617      6D604438 
 617      A4C542F3 
 617      1712E16E 
 617      0B2A3841 
 618 14a9 8EC7C1F2 		.ascii	"\216\307\301\362\272\316\005\341\005\213K\327\260\242"
 618      BACE05E1 
 618      058B4BD7 
 618      B0A2
 619 14b7 B7050607 		.ascii	"\267\005\006\007\201\312\353\372\004\024\262T\206\257"
 619      81CAEBFA 
 619      0414B254 
 619      86AF
 620 14c5 ED9226D2 		.ascii	"\355\222&\322]a\365\322Vf\\\365\341{k~\257\223$\305"
 620      5D61F5D2 
 620      56665CF5 
 620      E17B6B7E 
 620      AF9324C5 
 621 14d9 E9DFAD79 		.ascii	"\351\337\255y_)}\360\221R\372\320NZ\363\361\377\001"
 621      5F297DF0 
 621      9152FAD0 
 621      4E5AF3F1 
ARM GAS  /tmp/ccSLArj0.s 			page 49


 621      FF01
 622 14eb F1E4B4F8 		.ascii	"\361\344\264\370"
 623              		.text
 624              		.section	.gnu.lto_.symtab.c0a60be7a5dfb0ee,"",%progbits
 625 0000 6368506F 		.ascii	"chPoolObjectInit\000"
 625      6F6C4F62 
 625      6A656374 
 625      496E6974 
 625      00
 626 0011 00       		.ascii	"\000"
 627 0012 00       		.ascii	"\000"
 628 0013 00       		.ascii	"\000"
 629 0014 00000000 		.ascii	"\000\000\000\000\000\000\000\000"
 629      00000000 
 630 001c D9000000 		.ascii	"\331\000\000\000"
 631 0020 6368506F 		.ascii	"chPoolAllocI\000"
 631      6F6C416C 
 631      6C6F6349 
 631      00
 632 002d 00       		.ascii	"\000"
 633 002e 00       		.ascii	"\000"
 634 002f 00       		.ascii	"\000"
 635 0030 00000000 		.ascii	"\000\000\000\000\000\000\000\000"
 635      00000000 
 636 0038 DD000000 		.ascii	"\335\000\000\000"
 637 003c 6368506F 		.ascii	"chPoolAlloc\000"
 637      6F6C416C 
 637      6C6F6300 
 638 0048 00       		.ascii	"\000"
 639 0049 00       		.ascii	"\000"
 640 004a 00       		.ascii	"\000"
 641 004b 00000000 		.ascii	"\000\000\000\000\000\000\000\000"
 641      00000000 
 642 0053 DF000000 		.ascii	"\337\000\000\000"
 643 0057 6368506F 		.ascii	"chPoolFreeI\000"
 643      6F6C4672 
 643      65654900 
 644 0063 00       		.ascii	"\000"
 645 0064 00       		.ascii	"\000"
 646 0065 00       		.ascii	"\000"
 647 0066 00000000 		.ascii	"\000\000\000\000\000\000\000\000"
 647      00000000 
 648 006e E4000000 		.ascii	"\344\000\000\000"
 649 0072 6368506F 		.ascii	"chPoolFree\000"
 649      6F6C4672 
 649      656500
 650 007d 00       		.ascii	"\000"
 651 007e 00       		.ascii	"\000"
 652 007f 00       		.ascii	"\000"
 653 0080 00000000 		.ascii	"\000\000\000\000\000\000\000\000"
 653      00000000 
 654 0088 E6000000 		.ascii	"\346\000\000\000"
 655 008c 6368506F 		.ascii	"chPoolLoadArray\000"
 655      6F6C4C6F 
 655      61644172 
 655      72617900 
 656 009c 00       		.ascii	"\000"
ARM GAS  /tmp/ccSLArj0.s 			page 50


 657 009d 00       		.ascii	"\000"
 658 009e 00       		.ascii	"\000"
 659 009f 00000000 		.ascii	"\000\000\000\000\000\000\000\000"
 659      00000000 
 660 00a7 EE000000 		.ascii	"\356\000\000\000"
 661              		.text
 662              		.section	.gnu.lto_.opts,"",%progbits
 663 0000 272D666D 		.ascii	"'-fmath-errno' '-fsigned-zeros' '-ftrapping-math' '"
 663      6174682D 
 663      6572726E 
 663      6F272027 
 663      2D667369 
 664 0033 2D666E6F 		.ascii	"-fno-trapv' '-fno-strict-overflow' '-fno-openmp' '-"
 664      2D747261 
 664      70762720 
 664      272D666E 
 664      6F2D7374 
 665 0066 666E6F2D 		.ascii	"fno-openacc' '-mcpu=cortex-m0' '-mno-thumb-interwor"
 665      6F70656E 
 665      61636327 
 665      20272D6D 
 665      6370753D 
 666 0099 6B272027 		.ascii	"k' '-mthumb' '-ggdb' '-O0' '-fomit-frame-pointer' '"
 666      2D6D7468 
 666      756D6227 
 666      20272D67 
 666      67646227 
 667 00cc 2D66616C 		.ascii	"-falign-functions=16' '-ffunction-sections' '-fdata"
 667      69676E2D 
 667      66756E63 
 667      74696F6E 
 667      733D3136 
 668 00ff 2D736563 		.ascii	"-sections' '-fno-common' '-flto'\000"
 668      74696F6E 
 668      73272027 
 668      2D666E6F 
 668      2D636F6D 
 669              		.text
 670              		.comm	__gnu_lto_v1,1,1
 671              		.comm	__gnu_lto_slim,1,1
 672              		.ident	"GCC: (GNU Tools for ARM Embedded Processors) 5.4.1 20160609 (release) [ARM/embedded-5-bran
ARM GAS  /tmp/ccSLArj0.s 			page 51


DEFINED SYMBOLS
                            *ABS*:0000000000000000 chmempools.c
                            *COM*:0000000000000001 __gnu_lto_v1
                            *COM*:0000000000000001 __gnu_lto_slim

NO UNDEFINED SYMBOLS
