ARM GAS  /tmp/ccqkQVgS.s 			page 1


   1              		.syntax unified
   2              		.cpu cortex-m0
   3              		.fpu softvfp
   4              		.eabi_attribute 20, 1
   5              		.eabi_attribute 21, 1
   6              		.eabi_attribute 23, 3
   7              		.eabi_attribute 24, 1
   8              		.eabi_attribute 25, 1
   9              		.eabi_attribute 26, 1
  10              		.eabi_attribute 30, 6
  11              		.eabi_attribute 34, 0
  12              		.eabi_attribute 18, 4
  13              		.thumb
  14              		.syntax unified
  15              		.file	"chmemcore.c"
  16              		.text
  17              	.Ltext0:
  18              		.section	.gnu.lto_.inline.5c66ab420a45d289,"",%progbits
  19 0000 789C6361 		.ascii	"x\234ca`d\000\201u\014\010\300\301\300\300\302\314\300"
  19      60640081 
  19      750C08C0 
  19      C1C0C0C2 
  19      CCC0
  20 0012 C0C4F241 		.ascii	"\300\304\362A\217\201\205\201\011$\304\210!\302\304"
  20      8F818581 
  20      0924C488 
  20      21C2C4
  21 0021 C0C20324 		.ascii	"\300\302\003$\231\026\310\303\325p\001\011f\354\302"
  21      9916C8C3 
  21      D5700109 
  21      66ECC2
  22 0030 2C0C1CEC 		.ascii	",\014\034\354@a\236\015\2710aN\006>^\240\210\304\204"
  22      40619E0D 
  22      B930614E 
  22      063E5EA0 
  22      88C484
  23 0043 D38C3021 		.ascii	"\323\2140!.\006\016%lF\002\015d\234\340\007fs3\260\261"
  23      2E060E25 
  23      6C46020D 
  23      649CE007 
  23      667333B0 
  24 0058 0295704C 		.ascii	"\002\225pL\360\203)a\000\000\366\376\012\325"
  24      F0832961 
  24      0000F6FE 
  24      0AD5
  25              		.text
  26              		.section	.gnu.lto_port_lock.5c66ab420a45d289,"",%progbits
  27 0000 789C6361 		.ascii	"x\234ca`d\000\201\307@\234\013\304\242 \0163\003#\023"
  27      60640081 
  27      C7409C0B 
  27      C4A2200E 
  27      33032313 
  28 0014 03103382 		.ascii	"\003\0203\202\344\030\031\352\231\030\353\031\2772\375"
  28      E41819EA 
  28      9918EB19 
  28      BF32FD
  29 0023 65623CD4 		.ascii	"eb<\324\376l'\223\346\362\006 xp\364YRSC\253D+3\003"
ARM GAS  /tmp/ccqkQVgS.s 			page 2


  29      FE6C2793 
  29      E6F20620 
  29      7870F459 
  29      525343AB 
  30 003b C37F26B0 		.ascii	"\303\177&\260\031\014\214\313\0315\031\200\312\036m"
  30      190C8CCB 
  30      19351980 
  30      CA1E6D
  31 004a FC379597 		.ascii	"\3747\225\227\255\005\244L\001\"\311\270\202\221\015"
  31      AD05A44C 
  31      0122C9B8 
  31      82910D
  32 0059 64D8FAA0 		.ascii	"d\330\372\240\003\015\377\377774\3144\234\253\015\324"
  32      030DFFFF 
  32      373734CC 
  32      349CAB0D 
  32      D4
  33 006a F901ACF3 		.ascii	"\371\001\254\363#\023\220b~\316\330\370h\357\303\265"
  33      23139062 
  33      7ECED8F8 
  33      68EFC3B5 
  34 007a CCA8061C 		.ascii	"\314\250\006\034\350<\307\012\326\376\237\211\021\303"
  34      E83CC70A 
  34      D6FE9F89 
  34      11C3
  35 0088 6CC6958C 		.ascii	"l\306\225\214l@\303W\201I\206X\240\364\212}\207\237"
  35      6C40C357 
  35      81498658 
  35      A0F48A7D 
  35      879F
  36 009a F228A6CD 		.ascii	"\362(\246\315o\230\241\320\312\014\326\360i\335\246"
  36      6F98A1D0 
  36      CA0CD6F0 
  36      69DDA6
  37 00a9 ABDC2C20 		.ascii	"\253\334, \377\254fT\004\222k\030Y\030^16\035\330\035"
  37      FFAC6654 
  37      04926B18 
  37      59185E31 
  37      361DD81D 
  38 00bd 063215EC 		.ascii	"\0062\025\354\356\017@\243\031\200*\264\365\364\364"
  38      EE0F40A3 
  38      19802AB4 
  38      F5F4F4
  39 00cc 9D333293 		.ascii	"\23532\2232\375\203\365\363\213\365\213J\364\013\362"
  39      32FD83F5 
  39      F38BF58B 
  39      4AF40BF2 
  40 00dc 8B4A8AF5 		.ascii	"\213J\212\365\035\203|\235}+\364\2233\222\363\213R\343"
  40      1D837C9D 
  40      7D2BF493 
  40      3392F38B 
  40      52E3
  41 00ee CBCC72F5 		.ascii	"\313\314r\3652\030\364P\325\246V\224\350;\373\006{\006"
  41      3218F450 
  41      D5A65694 
  41      E83BFB06 
  41      7B06
ARM GAS  /tmp/ccqkQVgS.s 			page 3


  42 0100 EB67E625 		.ascii	"\353g\346%\347\224\246\244\352\203\325&\347\272\225"
  42      E794A6A4 
  42      EA83D526 
  42      E7BA95
  43 010f E6250395 		.ascii	"\346%\003\225s$\027\024g\246(d2\260\347\246\346\346"
  43      73241714 
  43      67A62864 
  43      32B0E7A6 
  43      E6E6
  44 0121 17553200 		.ascii	"\027U2\000\000+\362o\304"
  44      002BF26F 
  44      C4
  45              		.text
  46              		.section	.gnu.lto_port_unlock.5c66ab420a45d289,"",%progbits
  47 0000 789C6361 		.ascii	"x\234ca`d\000\201\307@\234\013\304\242 \0163\003#\023"
  47      60640081 
  47      C7409C0B 
  47      C4A2200E 
  47      33032313 
  48 0014 03103382 		.ascii	"\003\0203\202\344\030\031\352\231\030\353\031\2772\375"
  48      E41819EA 
  48      9918EB19 
  48      BF32FD
  49 0023 65623CD4 		.ascii	"eb<\324\376l'\223\346\362\006 x\360\364URSC\253D+3\003"
  49      FE6C2793 
  49      E6F20620 
  49      78F0F455 
  49      525343AB 
  50 003b C37F26B0 		.ascii	"\303\177&\260\031\014\214\313\0315\031\200\312\036m"
  50      190C8CCB 
  50      19351980 
  50      CA1E6D
  51 004a FC379597 		.ascii	"\3747\225\227\255\005\244L\001\"\311\270\202\221\015"
  51      AD05A44C 
  51      0122C9B8 
  51      82910D
  52 0059 64D8FAA0 		.ascii	"d\330\372\240\003\015\377\377774\3145\\\247\015\324"
  52      030DFFFF 
  52      373734CC 
  52      355CA70D 
  52      D4
  53 006a F901ACF3 		.ascii	"\371\001\254\363#\023\220b~\316\330\370h\357\3275\314"
  53      23139062 
  53      7ECED8F8 
  53      68EFD735 
  53      CC
  54 007b A8061C38 		.ascii	"\250\006\0348y\215\025\254\375?\023#\206\331\214+\031"
  54      798D15AC 
  54      FD3F1323 
  54      86D98C2B 
  54      19
  55 008c D98086AF 		.ascii	"\331\200\206\257\002\223\014\261@\351\025\373\016?\345"
  55      02930CB1 
  55      40E915FB 
  55      0E3FE5
  56 009b 514C9BDF 		.ascii	"QL\233\3370C\241\225\031\254\341\323\272MW\271Y@\376"
  56      3043A195 
ARM GAS  /tmp/ccqkQVgS.s 			page 4


  56      19ACE1D3 
  56      BA4D57B9 
  56      5940FE
  57 00ae 59CDA808 		.ascii	"Y\315\250\010$\3270\2620\274bl:p7\014d*\330\335\037"
  57      24D730B2 
  57      30BC626C 
  57      3A70370C 
  57      642AD8DD 
  58 00c3 80463300 		.ascii	"\200F3\000Uh\353\351\351;gd&e\372\007\353\347\027\353"
  58      5568EBE9 
  58      E93B6764 
  58      2665FA07 
  58      EBE717EB 
  59 00d7 1795E817 		.ascii	"\027\225\350\027\344\027\225\024\353;\006\371:\373V"
  59      E4179514 
  59      EB3B06F9 
  59      3AFB56
  60 00e6 E8276724 		.ascii	"\350'g$\347\027\245\306\227\231\345\352e0\350\241\252"
  60      E717A5C6 
  60      9799E5EA 
  60      6530E8A1 
  60      AA
  61 00f7 4DAD28D1 		.ascii	"M\255(\321w\366\015\366\014\326\317\314K\316)MI\325"
  61      77F60DF6 
  61      0CD6CFCC 
  61      4BCE294D 
  61      49D5
  62 0109 07AB4DCE 		.ascii	"\007\253M\316u+\315K\006*\347H.(\316LU\310d`\317M\315"
  62      752BCD4B 
  62      062AE748 
  62      2E28CE4C 
  62      55C86460 
  63 0120 CD2FAA64 		.ascii	"\315/\252d\000\000\314cp{"
  63      0000CC63 
  63      707B
  64              		.text
  65              		.section	.gnu.lto_chSysLock.5c66ab420a45d289,"",%progbits
  66 0000 789C6361 		.ascii	"x\234ca`d\000\201%@\254\014\304\242 \0163\003#\023\003"
  66      60640081 
  66      2540AC0C 
  66      C4A2200E 
  66      33032313 
  67 0015 103382E4 		.ascii	"\0203\202\344\030\031\352\231\030\353\031\2772\375e"
  67      1819EA99 
  67      18EB19BF 
  67      32FD65
  68 0024 623CD4FE 		.ascii	"b<\324\376l'\223\346\362\006 xp\364]RSC\253D+3\003\303"
  68      6C2793E6 
  68      F2062078 
  68      70F45D52 
  68      5343AB44 
  69 003c 7F26B019 		.ascii	"\177&\260\031\014\214\313\0315\031\200\312\036m\374"
  69      0C8CCB19 
  69      351980CA 
  69      1E6DFC
  70 004b 379597AD 		.ascii	"7\225\227\255\005\244L\001\"\311\270\202\221\015d\330"
  70      05A44C01 
ARM GAS  /tmp/ccqkQVgS.s 			page 5


  70      22C9B882 
  70      910D64D8 
  71 005b FAA0030D 		.ascii	"\372\240\003\015\377\377774\3144\334\257\015\324\371"
  71      FFFF3737 
  71      34CC34DC 
  71      AF0DD4F9 
  72 006b 01ACF323 		.ascii	"\001\254\363#\023\220b~\301\330|\340\3475F\220R\220"
  72      1390627E 
  72      C1D87CE0 
  72      E7354690 
  72      5290
  73 007d 213B77BE 		.ascii	"!;w\276\271\315^\377\267\241\243\241A\240\225\231\361"
  73      B9CD5EFF 
  73      B7A1A3A1 
  73      41A09599 
  73      F1
  74 008e 3F13503F 		.ascii	"?\023P?\343J\306z\206Vf&\206W\214M\007\376\207\201\225"
  74      E34AC67A 
  74      86566626 
  74      86578C4D 
  74      07FE8781 
  75 00a3 82C00790 		.ascii	"\202\300\007\220$\320\014E==}\347\214\314\244L\377`"
  75      24D00C45 
  75      3D3D7DE7 
  75      8CCCA44C 
  75      FF60
  76 00b5 FDFC62FD 		.ascii	"\375\374b\375\242\022\375\314\274\344\234\322\224T\375"
  76      A212FDCC 
  76      BCE49CD2 
  76      9454FD
  77 00c4 E48CE2CA 		.ascii	"\344\214\342\312b\275\014\006\000\204*B\275"
  77      62BD0C06 
  77      00842A42 
  77      BD
  78              		.text
  79              		.section	.gnu.lto_chSysUnlock.5c66ab420a45d289,"",%progbits
  80 0000 789C6361 		.ascii	"x\234ca`d\000\201\315@J\031H\313\2008,\014\214L\014"
  80      60640081 
  80      CD404A19 
  80      48CB8038 
  80      2C0C8C4C 
  81 0015 40CCC80C 		.ascii	"@\314\310\014$\231\031A*\030\031\352\231\230\031\353"
  81      24991941 
  81      2A1819EA 
  81      999819EB 
  82 0025 19BF32FD 		.ascii	"\031\2772\375eb<\324\376l'\223\346\362\006 xp\364sR"
  82      65623CD4 
  82      FE6C2793 
  82      E6F20620 
  82      7870F473 
  83 003a 5343AB44 		.ascii	"SC\253D+P\351\177&\260Q\014\214\313\0315\031\200\312"
  83      2B50E97F 
  83      26B0510C 
  83      8CCB1935 
  83      1980CA
  84 004d 1E6DFC37 		.ascii	"\036m\3747\225\227\255\005\244L\241\023&\317\270\202"
  84      9597AD05 
ARM GAS  /tmp/ccqkQVgS.s 			page 6


  84      A44CA113 
  84      26CFB882 
  85 005d 910D6820 		.ascii	"\221\015h \033P\376b\313\2069\314_\230Z\2016\260\000"
  85      1B50FE62 
  85      CB8639CC 
  85      5F985A81 
  85      36B000
  86 0070 B91FCFCE 		.ascii	"\271\037\317\316z\314\007\34221*\000\271\323\027n\375"
  86      7ACC07E2 
  86      32312A00 
  86      B9D3176E 
  86      FD
  87 0081 C1ADBAB8 		.ascii	"\301\255\272\270\241\241\251\341\300\376\353\2143W\034"
  87      A1A1A9E1 
  87      C0FEEB8C 
  87      33571C
  88 0090 68516865 		.ascii	"hQhef\006\231\302\270\212Q\206q%\243\014\304\266\325"
  88      660699C2 
  88      B88A5186 
  88      7125A30C 
  88      C4B6D5
  89 00a3 8CAAA8CA 		.ascii	"\214\252\250\312\0336]h`\304\241x\015X\361\314\215\017"
  89      1B365D68 
  89      60C4A178 
  89      0D58F1CC 
  89      8D0F
  90 00b5 3EB2A229 		.ascii	">\262\242)f\301T\274\226\024\223\327\221b\362zFU`\210"
  90      66C154BC 
  90      961493D7 
  90      9162F27A 
  90      46556088 
  91 00c9 AC0F3AD0 		.ascii	"\254\017:\320\360\377\177s\303\201\271\342\347f\374"
  91      F0FF7F73 
  91      C381B9E2 
  91      E766FC
  92 00d8 E60206D1 		.ascii	"\346\002\006\321\007p\020~`\002R\314\037\231\200\002"
  92      0770107E 
  92      600252CC 
  92      1F998002 
  93 00e8 CC2F189B 		.ascii	"\314/\030\233\017\\\277\316\010\0126P\230\356\334\371"
  93      0F5CBFCE 
  93      080A3650 
  93      98EEDCF9 
  94 00f8 E6367BFD 		.ascii	"\3466{\375\337\206\216\206\006\201Vf\326\377L\300\260"
  94      DF868E86 
  94      06815666 
  94      D6FF4CC0 
  94      B0
  95 0109 64DCC058 		.ascii	"d\334\300X\317\320\312\314\306\360\212\261\351\300\315"
  95      CFD0CACC 
  95      C6F08AB1 
  95      E9C0CD
  96 0118 70B05288 		.ascii	"p\260R\2101@I\240I\212zz\372\316\031\231I\231\376\301"
  96      314049A0 
  96      498A7A7A 
  96      FACE1999 
  96      4999FEC1 
ARM GAS  /tmp/ccqkQVgS.s 			page 7


  97 012c FAF9C5FA 		.ascii	"\372\371\305\372E%\372\231y\3119\245)\251\372\311\031"
  97      4525FA99 
  97      79C939A5 
  97      29A9FAC9 
  97      19
  98 013d C595C57A 		.ascii	"\305\225\305z\031\014\000\223\256\230\310"
  98      190C0093 
  98      AE98C8
  99              		.text
 100              		.section	.gnu.lto__core_init.5c66ab420a45d289,"",%progbits
 101 0000 789C9552 		.ascii	"x\234\225R\317O\023A\024\236\267\263\335m\225\202\027"
 101      CF4F1341 
 101      149EB7B3 
 101      DD6D9582 
 101      17
 102 0011 E2850326 		.ascii	"\342\205\003&\366\300\245\005\375\00341\341J\242'/n"
 102      F6C0A505 
 102      FD033431 
 102      E14AA227 
 102      2F6E
 103 0023 A0362907 		.ascii	"\2406)\007~\0048x\353@[\020\022\345$\011\215\006\214"
 103      7E043878 
 103      EB405B10 
 103      12E52409 
 103      8D068C
 104 0036 2614144A 		.ascii	"&\024\024J\021\177T@\326\012\030\023\015%H\214\001I"
 104      117F5440 
 104      D60A1813 
 104      0D25488C 
 104      0149
 105 0048 55AC0921 		.ascii	"U\254\011!\012\012\001\211X\337\314.\277\244\036\330"
 105      0A0A0189 
 105      58DFCC2E 
 105      BFA41ED8 
 106 0058 6467E6CD 		.ascii	"dg\346\315|\337\274\357{\363d\002\204\177!\231\220j"
 106      7CDFBCEF 
 106      7BF36402 
 106      847F2199 
 106      906A
 107 006a 9C737940 		.ascii	"\234sy@\011H\004\177\340g@|\022\370`M\332\222 \336\224"
 107      0948047F 
 107      E067407C 
 107      12F8604D 
 107      DA9220DE 
 108 007f 8A49055D 		.ascii	"\212I\005]\014\277\344\370\327B\026\326!H\011IK\342"
 108      0CBFE4F8 
 108      D74216D6 
 108      21480949 
 108      4BE2
 109 0091 0E025D50 		.ascii	"\016\002]P@\020\266\326\362\363\213\235\236\004\276"
 109      4010B6D6 
 109      F2F38B9D 
 109      9E04BE
 110 00a0 EE1C8D4F 		.ascii	"\356\034\215O\3468\356\260$c\372tcn=\213\327\347\007"
 110      E638EEB0 
 110      2463FA74 
 110      636E3D8B 
ARM GAS  /tmp/ccqkQVgS.s 			page 8


 110      D7E707
 111 00b3 294018A8 		.ascii	")@\030\250I\343K\302\241\357\026\006\243@\213\004m>"
 111      49E34BC2 
 111      A1EF1606 
 111      A3408B04 
 111      6D3E
 112 00c5 D617554C 		.ascii	"\326\027ULZ\242X\357gVN\352\331%\365\230\244O\321?7"
 112      5AA258EF 
 112      67564EEA 
 112      D925F598 
 112      A44FD13F 
 113 00da EC4A804B 		.ascii	"\354J\200K\312\207{\340\200np\030\202\340>(h@E\320T"
 113      CA877BE0 
 113      806E7018 
 113      82E03E28 
 113      684045D0 
 114 00ef A0FF265D 		.ascii	"\240\377&]\225\202T\002\031\303\2257\241\317\331<\244"
 114      95825402 
 114      19C39537 
 114      A1CFD93C 
 114      A4
 115 0100 90CFC3DE 		.ascii	"\220\317\303\336`\247J\317\210\274\327\206?LJ\230\227"
 115      60A74ACF 
 115      88BCD786 
 115      3F4C4A98 
 115      97
 116 0111 3530FD7D 		.ascii	"50\375}c^{X\017\240\\\031\"\"3\364A\036\364B\236!\241"
 116      635E7B58 
 116      0FA05C19 
 116      222233F4 
 116      411EF442 
 117 0128 1F1CC868 		.ascii	"\037\034\310h\217&W,\006\203\015$\030\010<9\000\216"
 117      8F26572C 
 117      06830D24 
 117      18083C39 
 117      008E
 118 013a 1E063C20 		.ascii	"\036\006< \300\343\255\3419\033-\021\272\022\353\253"
 118      C0E3ADE1 
 118      391B2D11 
 118      BA12EBAB 
 119 014a ADA62E36 		.ascii	"\255\246.6\264\320\011\254\373l\220Z\340\301~Y\315T"
 119      B4D009AC 
 119      FB6C905A 
 119      E0C17E59 
 119      CD54
 120 015c D00705BD 		.ascii	"\320\007\005\275{*\236\240\364\242\240'\247\332#Y\246"
 120      7B2A9EA0 
 120      F4A2A027 
 120      A7DA2359 
 120      A6
 121 016d ADD989E3 		.ascii	"\255\331\211\343;\266\036f\260\365\3500J\037\013\360"
 121      3BB61E66 
 121      B0F5E830 
 121      4A1F0BF0 
 122 017d E6F54824 		.ascii	"\346\365H$\233zE\252\231W\376i\305$\306v\225>\371W\251"
 122      9B7A45AA 
 122      9957FE69 
ARM GAS  /tmp/ccqkQVgS.s 			page 9


 122      C524C676 
 122      953EF957 
 123 0192 E8AD1838 		.ascii	"\350\255\0308\"\347u\226N\373\231>\242D6\276[\217\002"
 123      22E77596 
 123      4EFB993E 
 123      A24436BE 
 123      5B8F02
 124 01a5 C144121F 		.ascii	"\301D\022\037(\037d\034,*_Y\371`\343!!\313\242\013V"
 124      281F641C 
 124      2C2A5F59 
 124      F960E321 
 124      21CBA20B 
 125 01ba 249C680A 		.ascii	"$\234h\012\032~4\245B\325\374\275\375\024PB[0>\251\362"
 125      1A7E34A5 
 125      42D5FCBD 
 125      FD145042 
 125      5B303EA9 
 126 01cf F75584A2 		.ascii	"\367U\204\242XliV\365m\261\253\214\035\303\275f*\211"
 126      586C6956 
 126      F56DB1AB 
 126      8C1DC3BD 
 126      662A89
 127 01e2 CE597C3D 		.ascii	"\316Y|=3v\244\003n\3253\261\0170\204m\376\224\033\343"
 127      3376A403 
 127      6ED533B1 
 127      0F30846D 
 127      FE941BE3 
 128 01f6 6DBBF96B 		.ascii	"m\273\371k&\0139V~\3110t\240Z\030\001\037I\201\277M"
 128      260B3956 
 128      7EC93074 
 128      A05A1801 
 128      1F4981BF 
 129 020b 31324946 		.ascii	"12IF\262\325\226\340\272\350-\031Tx\206t\204\3746!\024"
 129      B2D596E0 
 129      BAE82D19 
 129      54788674 
 129      84FC3621 
 130 0220 5108791B 		.ascii	"Q\010y\033\270;o3 \033\351t:\007F\005\014e/\201\001"
 130      B83B6F33 
 130      201BE974 
 130      3A074605 
 130      0C652F81 
 131 0235 9411CB77 		.ascii	"\224\021\313w\332>\332\371\306^\017j\006\017\252x\350"
 131      DA3EDAF9 
 131      C65E0F6A 
 131      060FAA78 
 131      E8
 132 0246 831E2CF0 		.ascii	"\203\036,\360\034=\350\334\003\304Q4^l\344\371\026\272"
 132      1C3DE8DC 
 132      03C45134 
 132      5E6CE4F9 
 132      16BA
 133 0258 64245233 		.ascii	"d$R3\325\203f\256\307\213\377\325c\314\250\307\270Q"
 133      D58366AE 
 133      C78BFFD5 
 133      63CCA8C7 
 133      B851
ARM GAS  /tmp/ccqkQVgS.s 			page 10


 134 026a 8F6DB356 		.ascii	"\217m\263V\274}\327\331\202\351\314\206\007\302\331"
 134      BC7DD7D9 
 134      82E9CC86 
 134      07C2D9
 135 0279 ED6D6707 		.ascii	"\355mg\007\254@f+\023;V^\012+6\262\010\015z\272\230"
 135      AC40662B 
 135      133B565E 
 135      0A2B36B2 
 135      080D7ABA 
 136 028e 5F239A6F 		.ascii	"_#\232oYB&\276\345\011\247\323u\316[^V^r\301UU\353\252"
 136      594226BE 
 136      E509A7D3 
 136      75CE5B5E 
 136      565E72C1 
 137 02a6 A973D5D6 		.ascii	"\251s\325\326\270]no\205\247\302]U\343q\272I\226\246"
 137      B85D6E6F 
 137      85A7C25D 
 137      55E371BA 
 137      4996A6
 138 02b9 793DA5D5 		.ascii	"y=\245\325\232\247\362\262\246\331\315\240\254\264\326"
 138      9AA7F2B2 
 138      A6D9CDA0 
 138      ACB4D6
 139 02c8 A36939FB 		.ascii	"\243i9\373\"g\241\255\322s\245\016\231\316\242\354\275"
 139      2267A1AD 
 139      D273A50E 
 139      99CEA2EC 
 139      BD
 140 02d9 24E7292B 		.ascii	"$\347)+\316|\377\364_\201]\255\242"
 140      CE7CFFF4 
 140      5F815DAD 
 140      A2
 141              		.text
 142              		.section	.gnu.lto_chCoreAllocI.5c66ab420a45d289,"",%progbits
 143 0000 789C9554 		.ascii	"x\234\225TML\023Q\020~\263o\267\245[Z\032=\230\030\016"
 143      4D4C1351 
 143      107EB36F 
 143      B7A55B5A 
 143      1A3D9818 
 144 0015 98480831 		.ascii	"\230H\0101i=\340_\242'\017\036\215z\364&4\201\003j\300"
 144      693DE05F 
 144      A2270F1E 
 144      8D7AF426 
 144      3481036A 
 145 002a 83F1C283 		.ascii	"\203\361\302\203\266\010h\360\242\325\032\224\0045\012"
 145      B60868F0 
 145      A2D51A94 
 145      04350A
 146 0039 2AA52056 		.ascii	"*\245 V\024tET\344G4Jb\324(\240bDM\204`\324\370Sg\336"
 146      14744554 
 146      E447344A 
 146      62D428A0 
 146      62444D84 
 147 0053 AE1B845E 		.ascii	"\256\033\204^xI\337\316\233\371\276\357\315\314\316"
 147      7849DFCE 
 147      9BF9BEEF 
 147      CDCCCE
ARM GAS  /tmp/ccqkQVgS.s 			page 11


 148 0062 5665C068 		.ascii	"Ve\300h\371\034\214\025\341s5\035\034\014\024\206?\205"
 148      F91C8C15 
 148      E173351D 
 148      1C0C1486 
 148      3F85
 149 0074 33261415 		.ascii	"3&\024\0257\225\203\206\036U\356\032\020\007X\205\302"
 149      37958386 
 149      1E55EE1A 
 149      10075885 
 149      C2
 150 0085 550D2AE0 		.ascii	"U\015*\340\253\362[\201\307\341\266\006>\253D8\242\360"
 150      ABF25B81 
 150      C7E1B606 
 150      3EAB4438 
 150      A2F0
 151 0097 383D7CF2 		.ascii	"8=|\362\215\227\216\0009\024\235z\037v\347\237\027\242"
 151      8D978E00 
 151      39149D7A 
 151      1F76E79F 
 151      17A2
 152 00a9 4A8CBD6B 		.ascii	"J\214\275k\332\020\273`\250\021\256\260\224\302\340"
 152      DA10BB60 
 152      A811AEB0 
 152      94C2E0
 153 00b8 0264C379 		.ascii	"\002d\303y\310&\305f\310GlS\345\350\240\207\257\004"
 153      C826C566 
 153      C8476C53 
 153      E5E8A087 
 153      AF04
 154 00ca 86F6C1CB 		.ascii	"\206\366\301\313=\037\274y\347\210'\276\025\011W\204"
 154      3D1FBC79 
 154      E78827BE 
 154      15095784 
 155 00da 7368013E 		.ascii	"sh\001>\227\207.\006\027!\217\340CFm\\\347\371\222\372"
 155      97872E06 
 155      17218FE0 
 155      43466D5C 
 155      E7F992FA 
 156 00ee B2E64F52 		.ascii	"\262\346OR\315=CT#6\220\031\023F8\007\357\204K\377\323"
 156      CD3D4354 
 156      23369019 
 156      13463807 
 156      EF844BFF 
 157 0103 69217A22 		.ascii	"i!z\"\361\347\230\307\021\026\270r\3402\344Rj\230Q+"
 157      F1E798C7 
 157      1116B872 
 157      E032E452 
 157      6A98512B 
 158 0117 38B05637 		.ascii	"8\260V7\002b\211\261i\315\222K\324y\260\002\222S\331"
 158      026289B1 
 158      69CD924B 
 158      D479B002 
 158      9253D9
 159 012a 7C2D8843 		.ascii	"|-\210C.\302_77Lh|\225\314\304\250?\224\324-j\347\300"
 159      2EC25F37 
 159      374C687C 
 159      95CCC4A8 
ARM GAS  /tmp/ccqkQVgS.s 			page 12


 159      3F94D42D 
 160 0141 328BAA41 		.ascii	"2\213\252A\333\302L !\331w\032\373\217f\360\002\311"
 160      DBC24C20 
 160      21D9771A 
 160      FB8F66F0 
 160      02C9
 161 0153 3ED239FC 		.ascii	">\3229\374<\213\330\270\332\037\011 \256\003\332\323"
 161      3C8BD8B8 
 161      DA1F0920 
 161      AE03DAD3 
 162 0163 703B24F7 		.ascii	"p;$\367F\317\340a\235o\222\334\216\257\237\2322\315"
 162      46CFE061 
 162      9D6F92DC 
 162      8EAF9F9A 
 162      32CD
 163 0175 9B6DAE06 		.ascii	"\233m\256\006W\322p;Mn\345\361V\340[$w\374y2\351Xp\357"
 163      57D2703B 
 163      4D6EE5F1 
 163      56E05B24 
 163      77FC7932 
 164 018d D534DCA4 		.ascii	"\3254\334\244\344~N\334>\345\231\217_\330\236k\022<"
 164      E47E4EDC 
 164      3EE5998F 
 164      5FD89E6B 
 164      123C
 165 019f A79B225E 		.ascii	"\247\233\"^\255\367\0135m/\273$\370QO}\267\354_\235"
 165      ADF70B35 
 165      6D2FBB24 
 165      F8514F7D 
 165      B7EC5F9D 
 166 01b3 30BAEABC 		.ascii	"0\272\352\274V\377\346O\017\302\257K\370\307\311\237"
 166      56FFE64F 
 166      0FC2AF4B 
 166      F8C7C99F 
 167 01c3 BD5EBE4D 		.ascii	"\275^\276M\026\021;\035\277\366\357\255\335\032\360"
 167      16113B1D 
 167      BFF6EFAD 
 167      DD1AF0
 168 01d2 D8ADBF91 		.ascii	"\330\255\277\221\246\214n\311\276\324\322\355\344;%"
 168      A68C6EC9 
 168      BED4D2ED 
 168      E43B25
 169 01e1 F9C79BD1 		.ascii	"\371\307\233\321Z\367\234\356\035\225\324\236\377\251"
 169      5AF79CEE 
 169      1D95D49E 
 169      FFA9
 170 01ef B55C926F 		.ascii	"\265\\\222oB.\215M|\273!R\251\2200\216\353\017\236\265"
 170      422E8D4D 
 170      7CBB2152 
 170      A990308E 
 170      EB0F9EB5 
 171 0203 B896028E 		.ascii	"\270\226\002\216\247\202\337\000\316\247\212\246\252"
 171      A782DF00 
 171      CEA78AA6 
 171      AA
 172 0210 C95175A2 		.ascii	"\311Qu\242\251e\340\346p\221\245\223\345\246-\2230\036"
 172      A965E0E6 
ARM GAS  /tmp/ccqkQVgS.s 			page 13


 172      7091A593 
 172      E5A62D93 
 172      301E
 173 0222 E27819C9 		.ascii	"\342x\031\311eQ\330G\333\022r2\366\205\246\222M+\370"
 173      6551D847 
 173      DB127232 
 173      F685A692 
 173      4D2BF8
 174 0235 E093108A 		.ascii	"\340\223\020\212V\337k.\240!\015q5\3049\346<[\027\371"
 174      56DF6B2E 
 174      A0210D71 
 174      35C439E6 
 174      3C5B17F9 
 175 0249 263F4315 		.ascii	"&?C\025\234p\013\363C\324\257\352>0A\032\342\020\364"
 175      9C700BF3 
 175      43D4AFEA 
 175      3E30411A 
 175      E210F4
 176 025c 347CF695 		.ascii	"4|\366\225\313\004}O\245RY`H`U41<\243\231H'\302\242"
 176      CB047D4F 
 176      A5525960 
 176      48605534 
 176      313CA399 
 177 0274 91DE1127 		.ascii	"\221\336\021'\301\234\262\035]]\237^8+~\213\032!|\350"
 177      C19CB21D 
 177      5D5D9F5E 
 177      382B7E8B 
 177      1A217CE8 
 178 0288 ABE520BF 		.ascii	"\253\345 \277\234\251\241\321>\275\021NU\012\351\327"
 178      9CA9A1D1 
 178      3EBD114E 
 178      550AE9D7 
 179 0298 A017FF12 		.ascii	"\240\027\377\022nSS\341\0164\002\351\3168M\321\014\324"
 179      6E5353E1 
 179      0E3402E9 
 179      CE384DD1 
 179      0CD4
 180 02aa 95F758E9 		.ascii	"\225\367X\351\270\322\251\262\364\252}\266\352\335y"
 180      B8D2A9B2 
 180      F4AA7DB6 
 180      EADD79
 181 02b9 AA3A0A51 		.ascii	"\252:\012Q\231'\034\346\331-/\322%\344\340F\323\227"
 181      99271CE6 
 181      D92D2FD2 
 181      25E4E046 
 181      D397
 182 02cb 896E360E 		.ascii	"\211n6\016\341\207\241\345\266Ccf/\271\354e\325l\333"
 182      E187A1E5 
 182      B6436366 
 182      2FB9EC65 
 182      D56CDB
 183 02de C35E6E06 		.ascii	"\303^n\006=\340\317\226!\325\014E\023#\333\315\210w"
 183      3DE0CF96 
 183      21D50C45 
 183      1323DBCD 
 183      8877
 184 02f0 1119DFB3 		.ascii	"\021\031\337\2633\276oe\034\235\036i\267\256\310Z\204"
ARM GAS  /tmp/ccqkQVgS.s 			page 14


 184      33BE6F65 
 184      1C9D1E69 
 184      B7AEC85A 
 184      84
 185 0301 50BF2DF4 		.ascii	"P\277-\364\300\024\0125X\245\372P\210\012\261{\272\010"
 185      C0140A35 
 185      58A5FA50 
 185      880AB17B 
 185      BA08
 186 0313 D5015B75 		.ascii	"\325\001[u\020UQ\313\314\360i\223\225\341\022\254V6"
 186      105551CB 
 186      CCF06993 
 186      95E112AC 
 186      5636
 187 0325 01FBC4DF 		.ascii	"\001\373\304\337B\245\217\011\234\300)\250\362\261\020"
 187      42A58F09 
 187      9CC029A8 
 187      F2B110
 188 0334 BD7A3603 		.ascii	"\275z6\003\310\362\360\241'{\021\2546\214\026\343t\242"
 188      C8F2F0A1 
 188      277B11AC 
 188      368C16E3 
 188      74A2
 189 0346 1F477385 		.ascii	"\037Gs\205\337\037\330\\\\\262\253d\353\216\300\236"
 189      DF1FD85C 
 189      5CB2AB64 
 189      EB8EC09E 
 190 0356 F240D9BE 		.ascii	"\362@\331\276@yYa\240\260\2704XZ\270\247,\350/djy\311"
 190      40795961 
 190      A0B0B834 
 190      585AB8A7 
 190      2CE82F64 
 191 036d 8120ECCD 		.ascii	"\201 \354\315\010\356.B\247\277\340\237\261\306\265"
 191      08EE2E42 
 191      A7BFE09F 
 191      B1C6B5
 192 037c 3BB87F1F 		.ascii	";\270\177\037Ykmk\235m\255\267\255\015\177\001\204\234"
 192      596B6D6B 
 192      9D6DADB7 
 192      AD0D7F01 
 192      849C
 193 038e 088D     		.ascii	"\010\215"
 194              		.text
 195              		.section	.gnu.lto_chCoreAlloc.5c66ab420a45d289,"",%progbits
 196 0000 789C7D51 		.ascii	"x\234}Q?OSQ\024?\277{^\373\000)\341\0030\324\204\206"
 196      3F4F5351 
 196      143FBF7B 
 196      5EFB0029 
 196      E10330D4 
 197 0016 94A16F65 		.ascii	"\224\241oe\367\003\220\3507\2606\241\003\301\264L,\275"
 197      F70390E8 
 197      37B036A1 
 197      03C1B44C 
 197      2CBD
 198 0028 D0F70238 		.ascii	"\320\367\0028\270I\002qQC@\005J]\224H\223\273\325DM"
 198      B8490271 
 198      51434005 
ARM GAS  /tmp/ccqkQVgS.s 			page 15


 198      4A5D9448 
 198      93BBD544 
 199 003d 208481E8 		.ascii	" \204\201\350`\204 \020\006H@\007\003\317s\012\203\177"
 199      60842010 
 199      06484007 
 199      03CF730A 
 199      837F
 200 004f 12CFF0EE 		.ascii	"\022\317\360\356=\357\376\376\235{=\002i%\015Q\277\254"
 200      3DEFFEFE 
 200      9D7B3D02 
 200      69250D51 
 200      BFAC
 201 0061 3DDA7804 		.ascii	"=\332x\004ia\300\362e(\002T1\214\012\316\315\205\301"
 201      6961C0F2 
 201      65280254 
 201      318C0ACE 
 201      CD85C1
 202 0074 66B8FA98 		.ascii	"f\270\372\230\317L\304\004O\332\323\217s\273]\332\002"
 202      CF4CC404 
 202      4FDAD38F 
 202      73BB5DDA 
 202      02
 203 0085 693D3DFA 		.ascii	"i==\372\026\336\310.X;a\277\314\377\030\230]t^\304\206"
 203      16DEC82E 
 203      583B61BF 
 203      CCFF1898 
 203      5D745EC4 
 204 009a 62435844 		.ascii	"bCXD\017\026\240\036x\216\254`\237\216o\277Oq/H\366"
 204      0F16A01E 
 204      788EAC60 
 204      9F8E6FBF 
 204      4F712F48 
 205 00af 93CB8DC3 		.ascii	"\223\313\215\303\256\276y\345\331\363{\266=b\306\013"
 205      AEBE79E5 
 205      D9F37BB6 
 205      3D62C60B 
 206 00bf F0EF3CF9 		.ascii	"\360\357<\371Ex\211>\205\177p\323\265\016\316\266\250"
 206      4578893E 
 206      857F70D3 
 206      B50ECEB6 
 206      A8
 207 00d0 9FA72E5F 		.ascii	"\237\247._{\231gJu\215f\347\254uaZ<\261\364']K\320_"
 207      7B99674A 
 207      758D66E7 
 207      AC75615A 
 207      3CB1F427 
 208 00e8 EB978F52 		.ascii	"\353\227\217R\311\320J\245\261\214\214F\223D+H\312\244"
 208      C9D04AA5 
 208      B18C8C46 
 208      93442B48 
 208      CAA4
 209 00fa 3ADF46E3 		.ascii	":\337F\343\341z\207\312=\260ng2%\023\264\344\350o-\324"
 209      E17A87CA 
 209      3DB06E67 
 209      322513B4 
 209      E4E86F2D 
 210 010f 905181DA 		.ascii	"\220Q\201\332mg\343\270j\335[\377\335\233\237mmr\021"
ARM GAS  /tmp/ccqkQVgS.s 			page 16


 210      6D67E3B8 
 210      6ADD5BFF 
 210      DD9B9F6D 
 210      6D7211
 211 0122 1232417A 		.ascii	"\0222Az\346\2232\351D-\350\324\310\302\007\250\272\315"
 211      E69332E9 
 211      442DE8D4 
 211      C8C207A8 
 211      BACD
 212 0134 26D450E3 		.ascii	"&\324P\343\254\255\035\177\362+\027v\312\332\356\210"
 212      ACAD1D7F 
 212      F22B1776 
 212      CADAEE88 
 213 0144 BDD8480A 		.ascii	"\275\330H\012\254\242\"\304\004\035 t[M\243\330*'\376"
 213      ACA222C4 
 213      041D2074 
 213      5B4DA3D8 
 213      2A27FE
 214 0157 41276355 		.ascii	"A'cUD]\320U\346\210}R\361\355\377\210\353\223\276\272"
 214      445DD055 
 214      E6887D52 
 214      F1EDFF88 
 214      EB93BEBA 
 215 016b 16DFC7C4 		.ascii	"\026\337\307\304L\375\373\023\276R\367\305\240\225Q"
 215      4CFDFB13 
 215      BE52F7C5 
 215      A09551
 216 017a 20BC87F1 		.ascii	" \274\207\361n\262\262;\302\265\271\257\003\234h8q\274"
 216      6EB2B23B 
 216      C2B5B9AF 
 216      039C6838 
 216      71BC
 217 018c 99CB05B7 		.ascii	"\231\313\005\267\206\212w\213\203w\202\221rP\032\015"
 217      868A778B 
 217      83778291 
 217      72501A0D 
 218 019c CAA57C90 		.ascii	"\312\245|\220\037\032.\014\347GJ\205\\\236\274rq\254"
 218      1F1A2E0C 
 218      E7474A85 
 218      5C9EBC72 
 218      71AC
 219 01ae 80FBBF00 		.ascii	"\200\373\277\000\374\220\263\204"
 219      FC90B384 
 220              		.text
 221              		.section	.gnu.lto_chCoreGetStatusX.5c66ab420a45d289,"",%progbits
 222 0000 789C6D52 		.ascii	"x\234mR\317O\023A\024\2367o\273+\325\012\177\000\207"
 222      CF4F1341 
 222      149E376F 
 222      BB2BD50A 
 222      7F0087
 223 0013 9AD80397 		.ascii	"\232\330\003\227\255\350\305\243\206\213\027c\242\377"
 223      ADE8C5A3 
 223      868B1763 
 223      A2FF
 224 0021 81B5091C 		.ascii	"\201\265\011\034\200\244p\360\326\241\335\265\264\325"
 224      80A470F0 
 224      D6A1DDB5 
ARM GAS  /tmp/ccqkQVgS.s 			page 17


 224      B4D5
 225 002f 440E36FC 		.ascii	"D\0166\374\014F\017  \245U\324\236\\\215G\211b\324\304"
 225      0C460F20 
 225      20A555D4 
 225      9E5C8D47 
 225      8962D4C4 
 226 0043 68220A6A 		.ascii	"h\"\012jB4\001\003\361b\255\357M+&t\3470\373\2767\357"
 226      42340103 
 226      F162ADEF 
 226      4D2B2674 
 226      E730FBBE 
 227 0059 FBBEB76F 		.ascii	"\373\276\267o\306\020 x\375\226B\234\245o;\003C\000"
 227      C6102078 
 227      FD96429C 
 227      A56F3B03 
 227      4300
 228 006b 419080B4 		.ascii	"A\220\200\264#p\005\210\244DH\302\256\254JXu\226&qG"
 228      23700588 
 228      A44448C2 
 228      AEAC4A58 
 228      75962671 
 229 0080 BA28C020 		.ascii	"\272(\300 \270\2752\276~\230!@\230\340\204z\225\265"
 229      B8BD32BE 
 229      7E982140 
 229      98E0847A 
 229      95B5
 230 0092 3A66944A 		.ascii	":f\224J\251\265/\213\247G\322\356\031\027\245\250I\001"
 230      A9B52F8B 
 230      A747D2EE 
 230      1917A5A8 
 230      4901
 231 00a4 B3D00E33 		.ascii	"\263\320\0163\300\036p\007:\004\025\177.\375\271\021"
 231      C01E7007 
 231      3A04157F 
 231      2EFDB911 
 232 00b4 321D452B 		.ascii	"2\035E+\314%t2\007&9\232tx\365Zu\2475r[\251\234\362"
 232      CC257432 
 232      0726399A 
 232      7478F55A 
 232      75A73572 
 233 00cc AAB9D0D8 		.ascii	"\252\271\320\330\254\347\204\233\245\2102\017\021*\317"
 233      ACE7849B 
 233      A588320F 
 233      112ACF
 234 00db 8F65E62D 		.ascii	"\217e\346-<\012\254\233y\373i]25\245\324\356\306MP\331"
 234      3C0AAC9B 
 234      79FB695D 
 234      3235A5D4 
 234      EEC64D50 
 235 00f0 532E222C 		.ascii	"S.\",\0006\221\357j\362\365\265\342\225Chkrn|n\030\231"
 235      003691EF 
 235      6AF2F5B5 
 235      E2954368 
 235      6B726E7C 
 236 0107 4CABFC52 		.ascii	"L\253\374R\001\273\032\260\350\303-jnqU}@<\251\271\337"
 236      01BB1AB0 
 236      E8C32D6A 
ARM GAS  /tmp/ccqkQVgS.s 			page 18


 236      6E71557D 
 236      403CA9B9 
 237 011c 2657BC83 		.ascii	"&W\274\203\015\343\177\\\204%\037nIs\3379\316\202\211"
 237      0DE37F5C 
 237      84251F6E 
 237      4973DF39 
 237      CE8289
 238 012f 5D9A9B5F 		.ascii	"]\232\233_\236\310\033M\276e\037\356=\315\375Qz2\025"
 238      9EC81B4D 
 238      BE651FEE 
 238      3DCDFD51 
 238      7A3215
 239 0142 DA5FDF3C 		.ascii	"\332_\337<\235\373\020)\236\367T\255\226V\336\257\340"
 239      9DFB1029 
 239      9EF754AD 
 239      9656DEAF 
 239      E0
 240 0153 E3D172CB 		.ascii	"\343\321r\313\001)\250+\244\31508\012pd\362f\011\036"
 240      0129A82B 
 240      A4CD3038 
 240      0A7064F2 
 240      66091E
 241 0166 B0D8E29B 		.ascii	"\260\330\342\233\020\333\222>\370\025R\205\322\307["
 241      10DB923E 
 241      F8155285 
 241      D2C75B
 242 0175 165F4C1A 		.ascii	"\026_L\032\371\376\013\356\323\027\026_x@\267]\251|"
 242      F9FE0BEE 
 242      D317165F 
 242      7840B75D 
 242      A97C
 243 0187 7F6F25AB 		.ascii	"\177o%\253jX\2516\312e\351\325pz\363\371\233g\301i\230"
 243      6A58A936 
 243      CA65E9D5 
 243      707AF3F9 
 243      9B67C169 
 244 019c 1A523A8F 		.ascii	"\032R:\217\360\200\336\31727\005\017a\032\004\351\376"
 244      F080DECF 
 244      3237050F 
 244      611A04E9 
 244      FE
 245 01ad 6C8822E9 		.ascii	"l\210\"\3512.@\035\033~\252\340\257\372hO\265\262O5"
 245      322E401D 
 245      1B7EAAE0 
 245      AFFA684F 
 245      B5B24F35 
 246 01c1 404284D3 		.ascii	"@B\204\323\243f\035\327\215\002\272$\363\272aeQ^\377"
 246      A3661DD7 
 246      8D02BA24 
 246      F3BA6165 
 246      515EFF
 247 01d4 2A758D1B 		.ascii	"*u\215\0330\324&\024\365\262I\217\277~\314s\330\222"
 247      30D42614 
 247      F5B2498F 
 247      BF7ECC73 
 247      D892
 248 01e6 E44DA338 		.ascii	"\344M\2438b\333\321\256\356\236\213=\347.D\373\007\242"
ARM GAS  /tmp/ccqkQVgS.s 			page 19


 248      62DBD1AE 
 248      EE9E8B3D 
 248      E72E44FB 
 248      07A2
 249 01f8 89C1E840 		.ascii	"\211\301\350@\"\026\215u\367\306{c\375\211\270\035\023"
 249      22168D75 
 249      F7C67B63 
 249      FD89B81D 
 249      13
 250 0209 2DF1BE4B 		.ascii	"-\361\276K\204\354\316c{Qg\260/~yP\207\307\377\207'"
 250      84ECCE63 
 250      7B5167B0 
 250      2F7E7950 
 250      87C7FF87 
 251 021e FE02BC33 		.ascii	"\376\002\2743\003\235"
 251      039D
 252              		.text
 253              		.section	.gnu.lto_.symbol_nodes.5c66ab420a45d289,"",%progbits
 254 0000 789C5DCD 		.ascii	"x\234]\315\261\015\302@\014\205\341\367\354\034()\231"
 254      B10DC240 
 254      0C85E1F7 
 254      EC1C2829 
 254      99
 255 0011 001A9883 		.ascii	"\000\032\230\203\311\234H)\003\004\230\000Q\2211H\317"
 255      C99C4829 
 255      03049800 
 255      51913148 
 255      CF
 256 0022 0C11EC81 		.ascii	"\014\021\354\201\260\016(\356\334\374\322'=\271\000"
 256      B00E28EE 
 256      DCFCD227 
 256      3DB900
 257 0031 F1849FAC 		.ascii	"\361\204\237\254\015\350\037\200\347V_ju\332\030s\272"
 257      0DE81F80 
 257      E7565F6A 
 257      75DA1873 
 257      BA
 258 0042 C324B711 		.ascii	"\303$\267\021\246\271\355i\305\337\206f\005\204\023"
 258      A6B9ED69 
 258      C5DF8666 
 258      058413
 259 0051 B1F43FA1 		.ascii	"\261\364?\241#\333\005\240\341L\211\260\243F\220\236"
 259      23DB05A0 
 259      E14C89B0 
 259      A346909E 
 260 0061 16928D1C 		.ascii	"\026\222\215\034h\263T\216\264y\"*\300uzoU\371m%\277"
 260      68B3548E 
 260      B479222A 
 260      C0757A6F 
 260      55F96D25 
 261 0076 96186315 		.ascii	"\226\030c\025//>=\3178\245"
 261      2F2F3E3D 
 261      CF38A5
 262              		.text
 263              		.section	.gnu.lto_.refs.5c66ab420a45d289,"",%progbits
 264 0000 789C05C1 		.ascii	"x\234\005\301\201\021\000 \010\003\261/B\305\323s\016"
 264      81110020 
ARM GAS  /tmp/ccqkQVgS.s 			page 20


 264      0803B12F 
 264      42C5D373 
 264      0E
 265 0011 F79FD024 		.ascii	"\367\237\320$\021\017\310\214\222\\1\255^\265\350\201"
 265      110FC88C 
 265      925C31AD 
 265      5EB5E881 
 266 0021 0B6F7CE4 		.ascii	"\013o|\344\033\233\026\036|\026\177\000\346"
 266      1B9B161E 
 266      7C167F00 
 266      E6
 267              		.text
 268              		.section	.gnu.lto_.decls.5c66ab420a45d289,"",%progbits
 269 0000 789CB559 		.ascii	"x\234\265Y{PSY\232\317\271'$!\004\260\320\355\352\251"
 269      7B505359 
 269      9ACFB927 
 269      242104B0 
 269      D0EDEAA9 
 270 0014 62B77ABA 		.ascii	"b\267z\272\351\225\255\335\001\235~lO\325Vm[\356NwW"
 270      E995ADDD 
 270      019D7E6C 
 270      4FD5566D 
 270      5BEE4E77 
 271 0029 6DAFB3E3 		.ascii	"m\257\263\343\330\263\177\354V\026!\0123<\322Ihu\376"
 271      D8B37FEC 
 271      5616210A 
 271      333CD249 
 271      6875FE
 272 003c D90B0A2A 		.ascii	"\331\013\012*(\202\012\012\202\200\212\274\005\004A"
 272      28820A0A 
 272      82808ABC 
 272      050441
 273 004b E5611444 		.ascii	"\345a\024D|\201\210\202\010\002\012>ZEy\370\000\004"
 273      7C818882 
 273      08020A3E 
 273      5A4579F8 
 273      0004
 274 005d D9EF3C92 		.ascii	"\331\357<\222{\023\022\273\377\331[\365%\367;\367;\277"
 274      7B1312BB 
 274      FFD95BF5 
 274      25F73BF7 
 274      3BBF
 275 006f EF79BE73 		.ascii	"\357y\276sn\242T \005\271\274\177\251P\374\302C\241"
 275      6EA25420 
 275      05B9BC7F 
 275      A950FCC2 
 275      43A1
 276 0081 300A0AC5 		.ascii	"0\012\012\305<\\\2360\366\235B\2724@\345@\025@U@\325"
 276      3C5C9E30 
 276      F69D42BA 
 276      3440E540 
 276      15405540 
 277 0096 4027809A 		.ascii	"@'\200\232\200\254@\315@J\240v\240N\240.\240\233\012"
 277      80AC40CD 
 277      404AA076 
 277      A04EA02E 
 277      A09B0A
ARM GAS  /tmp/ccqkQVgS.s 			page 21


 278 00a9 C78BCC17 		.ascii	"\307\213\314\0278\356 \037\023\370\370\260b\341U\341"
 278      38EE201F 
 278      13F8F8B0 
 278      62E155E1 
 279 00b9 469E8C3F 		.ascii	"F\236\214?p!O\354\302\\\376!P\231lN\025\327\343|\021"
 279      70214FEC 
 279      C25CFE21 
 279      50996C4E 
 279      15D7E37C 
 280 00ce 3FD47C8E 		.ascii	"?\324|\216\037\320\022\240?AH\226\272\300\250\346\272"
 280      1FD012A0 
 280      3F414896 
 280      BAC0A8E6 
 280      BA
 281 00df 49C48A91 		.ascii	"I\304\212\221#\016\211\205\206\343\\\225a\255\002\272"
 281      230E8985 
 281      86E35C95 
 281      61AD02BA 
 282 00ef 065402F2 		.ascii	"\006T\002\362\245|\016\342\362$^$V$N$n]N\2665qL\033"
 282      A57C0EE2 
 282      F2245E24 
 282      56244E24 
 282      6E5D4EB6 
 283 0107 D61AA07A 		.ascii	"\326\032\240z\031\346\357\024\216\230M\334\177\033f"
 283      19E6EF14 
 283      8E984DDC 
 283      7F1B66
 284 0116 99938D56 		.ascii	"\231\223\215V7x6?\313A\276\221\313*\271|\025\307\255"
 284      3778363F 
 284      CB41BE91 
 284      CB2AB97C 
 284      15C7AD
 285 0129 E63A8E39 		.ascii	"\346:\2169a\222\274\253d\230\365nlk\346\266\335\344"
 285      6192BCAB 
 285      6498F56E 
 285      6C6BE6B6 
 285      DDE4
 286 013b F65538E1 		.ascii	"\366U8\341\314\011\250\364ac\267\246\017\365\222'h\021"
 286      CC09A8F4 
 286      6163B7A6 
 286      0FF59227 
 286      6811
 287 014d 4248A170 		.ascii	"BH\241p\022B\214\020\033\026lC\354\231\223\254M\020"
 287      12428C10 
 287      1B166C43 
 287      EC9993AC 
 287      4D10
 288 015f 490F90C2 		.ascii	"I\017\220\302a\006\255szIC\210^|\222\034\321\246\032"
 288      6106AD73 
 288      7A494388 
 288      5E7C921C 
 288      D1A61A
 289 0172 D4B25BA4 		.ascii	"\324\262[\244\260[a\223\225\341q\353\221\013\273\350"
 289      B05B6193 
 289      95E171EB 
 289      910BBBE8 
 290 0182 856D4E1F 		.ascii	"\205mN\037}=\225\354\203\001\023\356\007\247\213~\033"
ARM GAS  /tmp/ccqkQVgS.s 			page 22


 290      7D3D95EC 
 290      830113EE 
 290      07A78B7E 
 290      1B
 291 0193 5426C295 		.ascii	"T&\302\225*\212\202\277\024\231\316-\225\331\370\205"
 291      2A8A82BF 
 291      1499CE2D 
 291      95D9F885 
 292 01a3 80FCB448 		.ascii	"\200\374\264H\011\354\370\325\254a\037`\227h\321\007"
 292      09ECF8D5 
 292      AC611F60 
 292      9768D107 
 293 01b3 C0CE5D3C 		.ascii	"\300\316]<\220%\274\237A\347m\026?P\242\357\336C\245"
 293      9025BC9F 
 293      41E76D16 
 293      3F50A2EF 
 293      DE43A5
 294 01c6 C81F9520 		.ascii	"\310\037\225 \200@e\350}\370\\\253dHS\235\003[}?\314"
 294      804065E8 
 294      7DF85CAB 
 294      6448539D 
 294      035B7D3F 
 295 01db 13AD79E2 		.ascii	"\023\255y\342P\337\243\177(;.\212\333E\321\252$b\250"
 295      50DFA37F 
 295      283B2E8A 
 295      DB45D1AA 
 295      2462A8
 296 01ee 0861548C 		.ascii	"\010aT\214\202\2107pK\276\012Q\0378Q\216>\204\251C\271"
 296      82883770 
 296      4BBE0A51 
 296      1F38518E 
 296      3E84A943 
 297 0203 0FF778E3 		.ascii	"\017\367x\343\025\324\322\332\246\223-^\014\306\332"
 297      15D4D2DA 
 297      A6932D5E 
 297      0CC6DA
 298 0212 DDAD1353 		.ascii	"\335\255\023S\343D\361k\212qL\3028&\307\250\240\030"
 298      E344F16B 
 298      8A714CC2 
 298      3826C7A8 
 298      A018
 299 0224 3B124AE2 		.ascii	";\022J\342\324\370[\212\221\336\260c)\267d \361\277"
 299      D4F85B8A 
 299      91DEB063 
 299      29B76420 
 299      F1BF
 300 0236 D3378B6D 		.ascii	"\3237\213m\340@\000\005\251\224@*\345 U\024\344\332"
 300      E0400005 
 300      A994402A 
 300      E5205514 
 300      E4DA
 301 0248 B3FA1D5E 		.ascii	"\263\372\035^x\023\005\351\257\275\361\020qC\262{\344"
 301      781305E9 
 301      AFBDF110 
 301      7143B27B 
 301      E4
 302 0259 861C9730 		.ascii	"\206\034\2270\216\3131\252)\306\343\252\376|\037\234"
ARM GAS  /tmp/ccqkQVgS.s 			page 23


 302      8ECB31AA 
 302      29C6E3AA 
 302      FE7C1F9C 
 303 0269 8028C8D0 		.ascii	"\200(\310\320\303\202p\300\310\003K:\223V\335e1\021"
 303      C38270C0 
 303      C8034B3A 
 303      9356DD65 
 303      3111
 304 027b 594C6A24 		.ascii	"YLj$\230\0329\314\011\012\363\374\365\3017\336\3708"
 304      981A39CC 
 304      090AF3FC 
 304      F5C137DE 
 304      F838
 305 028d 83B9D356 		.ascii	"\203\271\323V\\J\262\264J\213H\021\370\302P\305\323"
 305      5C4AB2B4 
 305      4A8B4811 
 305      F8C250C5 
 305      D3
 306 029e 53D3DE6C 		.ascii	"S\323\336l\210H\034\231~^\247\303g\250\270\360\350t"
 306      88481C99 
 306      7E5EA7C3 
 306      67A8B8F0 
 306      E874
 307 02b0 ED418C02 		.ascii	"\355A\214\002\265GI\342\206rR\376k2\001\262\216\352"
 307      B54749E2 
 307      867252FE 
 307      6B3201B2 
 307      8EEA
 308 02c2 91169D92 		.ascii	"\221\026\235\222\224\256\322\302\3476Q\214'\271\365"
 308      94AED2C2 
 308      E736518C 
 308      27B9F5
 309 02d1 FB5A61CF 		.ascii	"\373Za\317,:\215\002\011.\221C'a\260\016\006AG\333\275"
 309      2C3A8D02 
 309      092E9143 
 309      2761B00E 
 309      064147DB 
 310 02e6 C9BF2849 		.ascii	"\311\277(IQ\022 H;\031:\277\267\300C^ kt\262\002i\244"
 310      51122048 
 310      3B193ABF 
 310      B7C0435E 
 310      206B74B2 
 311 02fd 05D28078 		.ascii	"\005\322\200x\205\264\214_KTB4\206H4.\375\353\204=\032"
 311      85B48C5F 
 311      4B544234 
 311      8648342E 
 311      FDEB843D 
 312 0312 20876A25 		.ascii	" \207j%\303j\345\321h\242\321\350\352\252\234U\343i"
 312      C36AE5D1 
 312      68A2D1E8 
 312      EAAA9C55 
 312      E369
 313 0324 168DC197 		.ascii	"\026\215\301\227\317\266\373\262\250ZO_`\231\371\222"
 313      CFB6FBB2 
 313      A85A4F5F 
 313      6099F992 
 314 0334 829C9140 		.ascii	"\202\234\221@\316\310A\254\024\244b\274\362\200\032"
ARM GAS  /tmp/ccqkQVgS.s 			page 24


 314      CEC841AC 
 314      14A462BC 
 314      F2801A
 315 0343 27B01511 		.ascii	"'\260\025\021w9\263\336\301r\342\224d\3729\207\332\316"
 315      7739B3DE 
 315      C172E294 
 315      64FA3987 
 315      DACE
 316 0355 AF4FEDF7 		.ascii	"\257O\355\367\346\032_'\3512E\353\026\221D\024\244\320"
 316      E61A5F27 
 316      E93245EB 
 316      16914414 
 316      A4D0
 317 0367 5949E759 		.ascii	"YI\347Y\271\316f\252\263g\244\246\012\341\014\246\263"
 317      B9CE66AA 
 317      B367A4A6 
 317      0AE10CA6 
 317      B3
 318 0378 2261A458 		.ascii	"\"a\244X\0039\363\2074\"Y\016\375Y\016k\254\223\345"
 318      0339F387 
 318      3422590E 
 318      FD590E6B 
 318      AC93E5
 319 038b 4A7C84CA 		.ascii	"J|\204\312\012\235\325\275\347=\3559l\354\372\233\223"
 319      0A9DD5BD 
 319      E73DED39 
 319      6CECFA9B 
 319      93
 320 039c A2B8085D 		.ascii	"\242\270\010]\004#/H\012\375\355)\034;$\252\336W\240"
 320      04232F48 
 320      0AFDED29 
 320      1C3B24AA 
 320      DE57A0
 321 03af 4FFCD132 		.ascii	"O\374\3212H`\033$\320\237'\260\025|:\317\022X\234[\324"
 321      48601B24 
 321      D09F27B0 
 321      157C3ACF 
 321      12589C5B 
 322 03c4 E28D8799 		.ascii	"\342\215\207\231\202\321\275O\266IER\267\317\277\224"
 322      82D1BD4F 
 322      B6494552 
 322      B7CFBF94 
 323 03d4 28B8020A 		.ascii	"(\270\002\012.I\012@\237k\015\227]k\270\274\343\355"
 323      2E490A40 
 323      9F6B0D97 
 323      5D6BB8BC 
 323      E3ED
 324 03e6 84E097CA 		.ascii	"\204\340\227\312\033\315\227\210\340\321\036w\025\371"
 324      1BCD9788 
 324      E0D11E77 
 324      15F9
 325 03f4 D97B4ED6 		.ascii	"\331{N\326\235\303E>\037\037\026\207D\262*\376\220_"
 325      9DC3453E 
 325      1F1F1687 
 325      44B22AFE 
 325      905F
 326 0406 205A9711 		.ascii	" Z\227\021\001\324\202X\363b7\250\035}L\326S\362\313"
ARM GAS  /tmp/ccqkQVgS.s 			page 25


 326      01D48258 
 326      F36237A8 
 326      1D7D4CD6 
 326      53F2CB
 327 0419 6A01A763 		.ascii	"j\001\247c\032\242\371\254\361\375j]\222\275h\251\275"
 327      1AA2F9AC 
 327      F1FD6A5D 
 327      92BD68A9 
 327      BD
 328 042a 52D6AE21 		.ascii	"R\326\256!\035\3271]\223\230It\210\207D\353\\\001\312"
 328      1DD7315D 
 328      93984974 
 328      888744EB 
 328      5C01CA
 329 043d 248D089E 		.ascii	"$\215\010\236\242\016\346\233lN\007\325\325Iu\275L\232"
 329      A20EE69B 
 329      6C4E07D5 
 329      D54975BD 
 329      4C9A
 330 044f BCEF8D73 		.ascii	"\274\357\215s\230\256\023\027*\342\275\231\231\326\256"
 330      98AE1317 
 330      2AE2BD99 
 330      99D6AE
 331 045e C4BF8A13 		.ascii	"\304\277\212\023\317!j\345u\233\225\364\006u\321\231"
 331      CF216AE5 
 331      759B95F4 
 331      0675D199 
 332 046e E3E9BD7B 		.ascii	"\343\351\275{0.a33/\346\277\366\342\312\347e\312o,P"
 332      302E6133 
 332      332FE6BF 
 332      F6E2CAE7 
 332      65CA6F2C 
 333 0483 7E8342DC 		.ascii	"~\203B\334\244\020#o\312O\373\260V\254\"\311\272>}H"
 333      A410236F 
 333      CA4FFBB0 
 333      56AC22C9 
 333      BA3E7D48 
 334 0497 ADDDC60B 		.ascii	"\255\335\306\013\024\\\365\223{\332C\342\212\202\375"
 334      145CF593 
 334      7BDA43E2 
 334      8A82FD
 335 04a6 51370BFC 		.ascii	"Q7\013\374\213\244\204\327\274\217\253\201-z\220\235"
 335      8BA484D7 
 335      BC8FAB81 
 335      2D7A909D 
 336 04b6 A2637DFC 		.ascii	"\242c}\374\013`oN5\316\350p\025\265NY\035?\230\357\203"
 336      0B606F4E 
 336      35CEE870 
 336      15B54E59 
 336      1D3F98EF 
 337 04cb 02FD1180 		.ascii	"\002\375\021\200!\226~\262)(\320\000\304\3626w\016\256"
 337      21967EB2 
 337      2928D000 
 337      C4F23677 
 337      0EAE
 338 04dd 2C11948F 		.ascii	",\021\224\217\375/\031\206{\015\375vQ\011}P\011\003"
 338      FD2F1986 
ARM GAS  /tmp/ccqkQVgS.s 			page 26


 338      7B0DFD76 
 338      51097D50 
 338      0903
 339 04ef D49A3B00 		.ascii	"\324\232;\000\330\317\314\271\265k\362\241C\035\020"
 339      D8CFCCB9 
 339      B56BF2A1 
 339      431D10
 340 04fe EC5E787E 		.ascii	"\354^x~\213Z?H\252\201\371@\031\342@\334\236\012\015"
 340      8B5A3F48 
 340      AA81F940 
 340      19E240DC 
 340      9E0A0D
 341 0511 AE65012C 		.ascii	"\256e\001,)?X\351\203[\030\223|\2569[\005}\007\335\245"
 341      293F58E9 
 341      835B1893 
 341      7CAE395B 
 341      057D07DD 
 342 0526 B6917678 		.ascii	"\266\221vx\264}\273\2327\370\233\007\377\230^\221Hz"
 342      B47DBB9A 
 342      37F89B07 
 342      FF985E91 
 342      487A
 343 0538 40DED788 		.ascii	"@\336\327\210\366\325![\371\242{HI8iM\016\3235Yx7\345"
 343      F6D5215B 
 343      F9A27B48 
 343      4938694D 
 343      0ED33559 
 344 054f 881AC729 		.ascii	"\210\032\307)\335\240\367\324=\237\364\340\215\277\226"
 344      DDA0F7D4 
 344      3D9FF4E0 
 344      8DBF96
 345 055e ED40796D 		.ascii	"\355@ym\002\205\036\261C\337\007\350\0219\364\003\012"
 345      02851EB1 
 345      43DF07E8 
 345      1139F403 
 345      0A
 346 056f 9DD59B7D 		.ascii	"\235\325\233}Y#\257O2K\312\332CV\237\344\033\204\353"
 346      5923AF4F 
 346      324BCADA 
 346      43569FE4 
 346      1B84EB
 347 0582 9E95D679 		.ascii	"\236\225\326y\263\234Y\025\262\244\371\261\244m\335"
 347      B39C5915 
 347      B2A4F9B1 
 347      A46DDD
 348 0591 3CD3A3C4 		.ascii	"<\323\243\304)J\207\035`\351\302\035`)\353\036\327w"
 348      294A871D 
 348      60E9C21D 
 348      6029EB1E 
 348      D777
 349 05a3 4D805799 		.ascii	"M\200W\231T\\(M{r]\336=\376%m+\351W\317!\013\243\322"
 349      545C284D 
 349      7B725DDE 
 349      3DFE256D 
 349      2BE957CF 
 350 05bb EA5EEA76 		.ascii	"\352^\352v\007x\006I]\312\227\367S\030|\302\033\310"
 350      07780649 
ARM GAS  /tmp/ccqkQVgS.s 			page 27


 350      5DCA97F7 
 350      53187CC2 
 350      1BC8
 351 05cd 91B4432A 		.ascii	"\221\264C*|\204\351(9\326\321\252F\332@\227\000\023"
 351      7C84E928 
 351      39D6D1AA 
 351      46DA4097 
 351      0013
 352 05df 2E006C9D 		.ascii	".\000l\235\346\3232\322i\306\301\2261\311\226\347\264"
 352      E6D332D2 
 352      69C6C196 
 352      31C996E7 
 352      B4
 353 05f0 184087B8 		.ascii	"\030@\207\270\367M\2567.g:\246ot\317h\335\351x\351V"
 353      F74DAE37 
 353      2E673AA6 
 353      6F74CF68 
 353      DDE978E9 
 354 0605 47DFF097 		.ascii	"G\337\360\227\373gD\361\003\364\002\224LJJ\306mJ\372"
 354      FB6744F1 
 354      03F40294 
 354      4C4A4AC6 
 354      6D4AFA
 355 0618 9F6724AA 		.ascii	"\237g$\252\360S\026\333\254\372\027\227<X\3345\244u"
 355      F05316DB 
 355      ACFA1797 
 355      3C58DC35 
 355      A475
 356 062a 9C7C92AD 		.ascii	"\234|\222\255\302\257\330\263K\367\366\336\021\360\034"
 356      C2AFD8B3 
 356      4BF7F6DE 
 356      11F01C
 357 0639 636C095B 		.ascii	"cl\011[\302\023\226\363\246\346\274\027N\360\240\017"
 357      C21396F3 
 357      A6E6BC17 
 357      4EF0A00F 
 358 0649 8FBF48FE 		.ascii	"\217\277H\376\005\336\311\356[\206\273\332<\360^\306"
 358      05DEC9EE 
 358      5B86BBDA 
 358      3CF05EC6 
 359 0659 24576FC9 		.ascii	"$Wo\311W\342\002\306\234No\030\325\3402\306\234\235"
 359      57E202C6 
 359      9C4E6F18 
 359      D5E032C6 
 359      9C9D
 360 066b EBCDD6E2 		.ascii	"\353\315\326\342\006\306\\\037\273\222\343\305\254X"
 360      06C65C1F 
 360      BB92E3C5 
 360      AC58
 361 0679 44CE410F 		.ascii	"D\316A\017.\266j\231.\221\354\025\263\005\035\2674\270"
 361      2EB66A99 
 361      2E91EC15 
 361      B3051DB7 
 361      34B8
 362 068b 85C9D6D7 		.ascii	"\205\311\326\3275\264r\213\227\221\263O\252x\301\013"
 362      35B4728B 
 362      9791B34F 
ARM GAS  /tmp/ccqkQVgS.s 			page 28


 362      AA78C10B 
 363 069b 5F65CF5A 		.ascii	"_e\317Zwm\331\241\305\267(#\\*\271\234\3406~\333\004"
 363      776DD9A1 
 363      C5B72823 
 363      5C2AB99C 
 363      E0367EDB 
 364 06b0 37F1B366 		.ascii	"7\361\263f\250\240X\266\012Z\224(,\214]\353\320\334"
 364      A8A058B6 
 364      0A5A9428 
 364      2C8C5DEB 
 364      D0DC
 365 06c2 842F1E61 		.ascii	"\204/\036a\332\022v\226\357#f\252X]\222\336326S\253"
 365      DA127696 
 365      EF2366AA 
 365      585D92DE 
 365      33323653 
 366 06d7 6443046C 		.ascii	"dC\004l#\011Tf\177\225\017~\314l*\232\311\217\347u#"
 366      23095466 
 366      7F950F7E 
 366      CC6C2A9A 
 366      C98FE775 
 367 06ec 2EB02905 		.ascii	".\260)\005lRq\233\222\005\177\224$\330r\332\330\365"
 367      6C52719B 
 367      92057F94 
 367      24D872DA 
 367      D8F5
 368 06fe CF740BDC 		.ascii	"\317t\013\334\011f\355\220\314Rq\253&\246\307j\224\370"
 368      0966ED90 
 368      CC5271AB 
 368      26A6C76A 
 368      94F8
 369 0710 05533190 		.ascii	"\005S1\220t\353\250\217;\025inU\324\355\013\242\233"
 369      74EBA88F 
 369      3B15696E 
 369      55D4ED0B 
 369      A29B
 370 0722 602AA8D8 		.ascii	"`*\250\330%\251\000\215\2743\354\350\352S\341Y\246\343"
 370      25A9008D 
 370      BC33ECE8 
 370      EA53E159 
 370      A6E3
 371 0734 79C6ED14 		.ascii	"y\306\355\024_w:\366\272\325\3217\3745+\315=\240d\267"
 371      5F773AF6 
 371      BAD5D137 
 371      FC352BCD 
 371      3DA064B7 
 372 0748 A424D5A6 		.ascii	"\244$\325\246\344\300\344\235\037=Yn\003\201\3355\231"
 372      E4C0E49D 
 372      1F3D596E 
 372      0381DD35 
 372      99
 373 0759 D6E381E3 		.ascii	"\326\343\201\343U4\332\266\343\271\037;\236\347\354"
 373      5534DAB6 
 373      E3B91F3B 
 373      9EE7EC
 374 0768 BA598BF1 		.ascii	"\272Y\213\361N\366l{\331\366V\037\274\2171\207\316\324"
 374      4EF66C7B 
ARM GAS  /tmp/ccqkQVgS.s 			page 29


 374      D9F6561F 
 374      BC8F3187 
 374      CED4
 375 077a 3F55E342 		.ascii	"?U\343B>\253;~X\213k\031s\267\377\002\264\326\323\214"
 375      3EAB3B7E 
 375      588B6B19 
 375      73B7FF02 
 375      B4D6D38C 
 376 078e A97F7DA0 		.ascii	"\251\177}\240\336\027\237e\314\325\341\371\011-ncLg"
 376      DE179F65 
 376      CCD5E1F9 
 376      092D6E63 
 376      4C67
 377 07a0 5C3ED469 		.ascii	"\\>\324i\007\237#\276\311\324\341\233\224\021&s\373"
 377      079F23BE 
 377      C9D4E19B 
 377      94112673 
 377      FB
 378 07b1 C6DDC6F6 		.ascii	"\306\335\306\366\220;\277\255Y\244\244\362\301\347<"
 378      903BBFAD 
 378      59A4A4F2 
 378      C1E73C
 379 07c0 173EB78F 		.ascii	"\027>\267\217'\315\372\342>\246-9}\364\250\017"
 379      27CDFAE2 
 379      3EA62D39 
 379      7DF4A80F 
 380 07d0 1E66CC9B 		.ascii	"\036f\314\233G{{\021\363\230\264\314\370\372\3364_\266"
 380      477B7B11 
 380      F398B4CC 
 380      F8FADE34 
 380      5FB6
 381 07e2 2A86682D 		.ascii	"*\206h-v\344Mj\360\030\223=\225\266\033l~\305\230\201"
 381      76E44D6A 
 381      F018933D 
 381      95B61B6C 
 381      7EC59881 
 382 07f6 FDC9F55E 		.ascii	"\375\311\365^x\273\2322M\273&Nz\342T\306l\235\272W\351"
 382      78BB9A32 
 382      4DBB264E 
 382      7AE254C6 
 382      6C9DBA57 
 383 080b 8B33D50E 		.ascii	"\2133\325\016+i\011[I\317\266\334\037\342\213\360}`"
 383      2B69095B 
 383      49CFB6DC 
 383      1FE28BF0 
 383      7D60
 384 081d 0FDF689E 		.ascii	"\017\337h\236\360\300yL4~OW\231'.\244\214\260\267\274"
 384      F0C0794C 
 384      347E4F57 
 384      99272EA4 
 384      8CB0B7BC 
 385 0831 BC54636B 		.ascii	"\274Tck\260\326Yx\251\254\002\337*$\337\256\270;9U\012"
 385      B0D65978 
 385      A9AC02DF 
 385      2A24DFAE 
 385      B83B3955 
 386 0846 2E4F4EB6 		.ascii	".ON\266\264/aio):5\340\215+\230\346\344\035o+0\256c"
ARM GAS  /tmp/ccqkQVgS.s 			page 30


 386      B42F6169 
 386      6F293A35 
 386      E08D2B98 
 386      E6E41D6F 
 387 085e 9A5F371E 		.ascii	"\232_7\036\256\261\267v\353\024h\256\005\3155?C\363"
 387      AEB1B776 
 387      EB1468AE 
 387      05CD353F 
 387      43F3
 388 0870 09D79A1B 		.ascii	"\011\327\232\033\023'\214\370\014\323t\244\271\242S"
 388      13278CF8 
 388      0CD374A4 
 388      B9A253
 389 087f 8D2F304D 		.ascii	"\215/0Ms\203\243u>vM3\240\3514h:\37134\235r\255)\267"
 389      7383A375 
 389      3E764D33 
 389      A0E93468 
 389      3AF93334 
 390 0898 B1B35889 		.ascii	"\261\263X\211\2571U\267/\\\331\242\322\362\311\251?"
 390      AF3155B7 
 390      2F5CD9A2 
 390      D2F2C9A9 
 390      3F
 391 08a9 75A0687A 		.ascii	"u\240hz|d\277R\276\2616\010\362\343P\243`;\370\345\336"
 391      7C64BF52 
 391      BEB13608 
 391      F2E350A3 
 391      603BF8E5 
 392 08be 3A35A0C4 		.ascii	":5\240\304=L\307\260\330\334%\340A\306\224\037\036("
 392      3D4CC7B0 
 392      D8DC25E0 
 392      41C6941F 
 392      1E28
 393 08d0 F0C40F19 		.ascii	"\360\304\017\031\323x{\367#o<\312\230\201co\033Tx\234"
 393      D3787BF7 
 393      236F3CCA 
 393      9881636F 
 393      1B54789C 
 394 08e4 31B9FDE3 		.ascii	"1\271\375\343\345j\374\202\205\240y\266\372\254\022"
 394      E56AFC82 
 394      85A079B6 
 394      FAAC12
 395 08f3 E902658A 		.ascii	"\351\002e\212e\257\300\350<\370\011o<,\034l}\277\231"
 395      65AFC0E8 
 395      3CF8096F 
 395      3C2C1C6C 
 395      7DBF99
 396 0906 0FCF6E22 		.ascii	"\017\317n\"\353\273E\320\241f)Vkt\314\276\266\233\311"
 396      EBBB45D0 
 396      A1662956 
 396      6B74CCBE 
 396      B69BC9
 397 0919 676037D0 		.ascii	"g`7\320P]\205\227\207D\017\\\304\230\206\244\313\263"
 397      505D8597 
 397      87440F5C 
 397      C49886A4 
 397      CBB3
ARM GAS  /tmp/ccqkQVgS.s 			page 31


 398 092b 1A5CCA98 		.ascii	"\032\\\312\230\254\323[\343\265\370\030c\206\342[\273"
 398      ACD35BE3 
 398      B5F81863 
 398      86E25BBB 
 399 093b 34B88A31 		.ascii	"4\270\2121\343\317n\314z\343\023\214\021\247\233n\253"
 399      E3CF6ECC 
 399      7AE3138C 
 399      11A79B6E 
 399      AB
 400 094c F029C6F4 		.ascii	"\360)\306\364\245O\015y\342\006\306\224\316O\356\202"
 400      A54F0D79 
 400      E206C694 
 400      CE4FEE82 
 401 095c 1742C64C 		.ascii	"\027B\306L5t\036\022XY\007\220\343\2255\271\015\263"
 401      35741E12 
 401      58590790 
 401      E39535B9 
 401      0DB3
 402 096e 5ACB13E6 		.ascii	"Z\313\023\346\004\257\366\212v\350\016\001\374Z\034"
 402      04AFF68A 
 402      76E80E01 
 402      FC5A1C
 403 097d 107888B8 		.ascii	"\020x\210\270;\3247\366^1yGSQ_Z\301\227^a\261\344|9"
 403      3BD437F6 
 403      5E317947 
 403      53515F5A 
 403      C1975E61 
 404 0995 F91D81B0 		.ascii	"\371\035\201\260\340\030\235`=~\031NK!T\372\242\263"
 404      E0189D60 
 404      3D7E194E 
 404      4B2154FA 
 404      A2B3
 405 09a7 741C955E 		.ascii	"t\034\225^.\011gK\302W\234\205\203\235\221k%\341\013"
 405      2E09674B 
 405      C2579C85 
 405      839D916B 
 405      25E10B
 406 09ba AEED9021 		.ascii	"\256\355\220!WJ\302\227\234\205_#g\350,I\372\252K;d"
 406      574AC297 
 406      9C855F23 
 406      67E82C49 
 406      FAAA4B3B 
 407 09cf C80725D9 		.ascii	"\310\007%\331\313\256\221e\302\247%\341s\316\302\373"
 407      CBAE9165 
 407      C2A725E1 
 407      73CEC2FB 
 408 09df 249BD3F8 		.ascii	"$\233\323\370!Y\204\327dt\015zf\007<C\355|\006y]\350"
 408      215984D7 
 408      64740D7A 
 408      66073C43 
 408      ED7C0679 
 409 09f5 832AEB16 		.ascii	"\203*\353\026\002P\027P\017\320M\240\353@\267\201n\000"
 409      02501750 
 409      0FD04DA0 
 409      EB40B781 
 409      6E00
 410 0a07 7502DD12 		.ascii	"u\002\335\022\002\350\241\235\251\256\221T\267\271N"
ARM GAS  /tmp/ccqkQVgS.s 			page 32


 410      02E8A19D 
 410      A9AE9154 
 410      B7B94E
 411 0a16 048B005B 		.ascii	"\004\213\000[\331\231\311:\021\316\367 \245\340\325"
 411      D999C93A 
 411      11CEF720 
 411      A5E0D5
 412 0a25 CAD7526A 		.ascii	"\312\327Rj\312\301\006A\276\350\344@\012\324o_tu\363"
 412      CAC10641 
 412      BEE8E440 
 412      0AD46F5F 
 412      7475F3
 413 0a38 8FC73CF0 		.ascii	"\217\307<\360eZl\370aw^\236\027\202*J\343;\004\365\314"
 413      655A6CF8 
 413      61775E9E 
 413      17822A4A 
 413      E33B04F5 
 414 0a4d AE1F8E53 		.ascii	"\256\037\216Sh\200{6\004\236\015\312-\207\345\363\273"
 414      68807B36 
 414      049E0DCA 
 414      2D87E5F3 
 414      BB
 415 0a5e E2811151 		.ascii	"\342\201\021Q\334\255#\360\350,\027v\221\021f{u\022"
 415      DCAD23F0 
 415      E82C1776 
 415      9111667B 
 415      7512
 416 0a70 B57D6081 		.ascii	"\265}`\201\355\273\372\317>\026p\027\253\377'\017J\273"
 416      EDBBFACF 
 416      3E167017 
 416      ABFF270F 
 416      4ABB
 417 0a82 057C9B31 		.ascii	"\005|\2331\331\203\347\006\370\006\333B\177q\032\334"
 417      D983E706 
 417      F806DB42 
 417      7F711ADC 
 418 0a92 BB9DBF2B 		.ascii	"\273\235\277+\345\221\337\300Z;\347\233<\361\010\023"
 418      E591DFC0 
 418      5A3BE79B 
 418      3CF10813 
 419 0aa2 AE9E2F4E 		.ascii	"\256\236/N\304\370)e\376\251\373\376\326\014XA\213\003"
 419      C4F82965 
 419      FEA9FBFE 
 419      D60C5841 
 419      8B03
 420 0ab4 748BE123 		.ascii	"t\213\341#@G\027\0138\032H\276\340s\011\014\300\243"
 420      4047170B 
 420      381A48BE 
 420      E073090C 
 420      C0A3
 421 0ac6 80C0009D 		.ascii	"\200\300\000\235.0\200|\333/x\032\250[l[X\205\337\027"
 421      2E30807C 
 421      DB2F781A 
 421      A85B6C5B 
 421      5885DF17 
 422 0ada 1626920C 		.ascii	"\026&\222\014\345a\035\232\202\363\351#w5\352P\035\361"
 422      E5611D9A 
ARM GAS  /tmp/ccqkQVgS.s 			page 33


 422      82F3E923 
 422      7735EA50 
 422      1DF1
 423 0aec 501D247D 		.ascii	"P\035$}h\263\300\246\220\030\346\342@t\020\007\240\037"
 423      68B3C0A6 
 423      9018E6E2 
 423      40741007 
 423      A01F
 424 0afe A10A1E3A 		.ascii	"\241\012\036:T\301\224\201\254\335\307\020\306i\327"
 424      54C19481 
 424      ACDDC710 
 424      C669D7
 425 0b0d 2A681C65 		.ascii	"*h\034e\351}\342\220^2\221\205\324\301\210\0210b\230"
 425      E97DE290 
 425      5E329185 
 425      D4C18811 
 425      306298
 426 0b20 1891038A 		.ascii	"\030\221\003\212G\271\021\331p\177\000\214\310\002\312"
 426      47B911D9 
 426      707F008C 
 426      C802CA
 427 0b2f 04DA0FB4 		.ascii	"\004\332\017\264\017(\003(\035h/\320\036\240\335@\""
 427      0F280328 
 427      1D682FD0 
 427      1EA0DD40 
 427      22
 428 0b40 D00C183B 		.ascii	"\320\014\030;\0114\0014\016\364\034\350\031\320S\207"
 428      09340134 
 428      0EF41CE8 
 428      19D05387 
 429 0b50 62182859 		.ascii	"b\030(Y\321\307\032\0204\331\373\340\363\250\334\207"
 429      D1C71A10 
 429      34D9FBE0 
 429      F3A8DC87 
 430 0b60 47C8F51A 		.ascii	"G\310\365\032\262\033x\217\317\370\1773\320\332\325"
 430      B21B788F 
 430      CFF87F33 
 430      D0DAD5
 431 0b6f ED4F7E0B 		.ascii	"\355O~\013\302\364=\3431r2\360\307\005\275\246>\343"
 431      C2F43DE3 
 431      317232F0 
 431      C705BDA6 
 431      3EE3
 432 0b81 AF99FC18 		.ascii	"\257\231\374\030\304\366\225ky\347\244<rH\312\030[s"
 432      C4F6956B 
 432      79E7A43C 
 432      7248CA18 
 432      5B73
 433 0b93 0C2EC7A6 		.ascii	"\014.\307\246\236\034\325\023\234\343\263\305\261?\303"
 433      9E1CD513 
 433      9CE3B3C5 
 433      B13FC3
 434 0ba2 6249EDA6 		.ascii	"bI\355\246m\201\234<\267\273\226^.\011O\255&\262/@&"
 434      6D819C3C 
 434      B7BB965E 
 434      2E094FAD 
 434      26B22F40 
ARM GAS  /tmp/ccqkQVgS.s 			page 34


 435 0bb7 83CBCE80 		.ascii	"\203\313\316\200,)\034\224\356\246{\331\005\246a]\277"
 435      2C291C94 
 435      EEA67BD9 
 435      05A6615D 
 435      BF
 436 0bc8 E2919F82 		.ascii	"\342\221\237\202\373\327\020\271\227\016\221\233L\346"
 436      FBD710B9 
 436      970E919B 
 436      4CE6
 437 0bd6 912055F6 		.ascii	"\221 U\366\026\"\361\312M\377g\012\254N\012\346\370"
 437      1622F1CA 
 437      4DFF670A 
 437      AC4E0AE6 
 437      F8
 438 0be7 0CF70AC6 		.ascii	"\014\367\012\306X\013$\360\263.\341eMd\2205\300W\216"
 438      580B24F0 
 438      B32EE165 
 438      4D649035 
 438      C0578E
 439 0bfa 4D84EDE7 		.ascii	"M\204\355\347/KWd\355\216#\257\222\2000/\275J\022a\036"
 439      2F4B5764 
 439      ED8E23AF 
 439      9280302F 
 439      BD4A1261 
 440 0c0f AAA1C192 		.ascii	"\252\241\301\222\357\333'X\323z\003R\373\235c\273Op"
 440      EFDB2758 
 440      D37A0352 
 440      FB9D63BB 
 440      4F70
 441 0c21 F6C7B929 		.ascii	"\366\307\271)\316\203\017s\334\237\267p?\353Xf\362`"
 441      CE830F73 
 441      DC9FB770 
 441      3FEB5866 
 441      F260
 442 0c33 116FE65C 		.ascii	"\021o\346\\{\343\032;S\300.\261\231\357\235\314\367"
 442      7BE31A3B 
 442      53C02EB1 
 442      99EF9DCC 
 442      F7
 443 0c44 39D7BE7F 		.ascii	"9\327\276\177\223\231J|'^eIg\2319\007\337\277\261\371"
 443      93994A7C 
 443      275E6549 
 443      67993907 
 443      DFBFB1F9 
 444 0c58 1E8797A0 		.ascii	"\036\207\227\240\003\256}\247\346\355ve\236\202N#\266"
 444      03AE7DA7 
 444      E6ED7665 
 444      9E824E23 
 444      B6
 445 0c69 A5C1124D 		.ascii	"\245\301\022M\205\245\267\013(\005(\011h\013\320f\240"
 445      85A5B70B 
 445      28052809 
 445      680BD066 
 445      A0
 446 0c7a 782C8F47 		.ascii	"x,\217GS\027\315-\251\372l\320G\000\334n\331\271{dK"
 446      5317CD2D 
 446      A9FA6CD0 
ARM GAS  /tmp/ccqkQVgS.s 			page 35


 446      4700DC6E 
 446      D9B97B64 
 447 0c8f 2EE7A7A4 		.ascii	".\347\247\244g\257S\344\004h\313\007\335\313\312Vg\""
 447      67AF53E4 
 447      0468CB07 
 447      DDCBCA56 
 447      6722
 448 0ca1 96AF4E98 		.ascii	"\226\257N\230\247p^\024G\241\035\025\220vt\004\000\211"
 448      A7705E14 
 448      47A11D15 
 448      90767404 
 448      0089
 449 0cb3 38F1753B 		.ascii	"8\361u;\370\272\015\374\332*\371\005\261\334S\261)\203"
 449      F8BA0DFC 
 449      DA2AF905 
 449      B1DC53B1 
 449      2983
 450 0cc5 ED0BE445 		.ascii	"\355\013\344E)\227\313\2739a@\356n{\220\336H\012\363"
 450      2997CBBB 
 450      396140EE 
 450      6E7B90DE 
 450      480AF3
 451 0cd8 3097B52F 		.ascii	"0\227\265/\020\347\022\357\315G$\315 #O3k\263P\276\227"
 451      10E712EF 
 451      CD4724CD 
 451      20234F33 
 451      6BB350BE 
 452 0ced 5EB01426 		.ascii	"^\260\024&\203\343\205?\313\361\035X\376K\1772s\334"
 452      83E3853F 
 452      CBF11D58 
 452      FE4B7F32 
 452      73DC
 453 0cff CD5E8276 		.ascii	"\315^\202v\202\273\322vb+\256\220\375\267\310A\231 "
 453      82BBD276 
 453      622BAE90 
 453      FDB7C841 
 453      9920
 454 0d11 1549C5F5 		.ascii	"\025I\305\365\230v8\233e\233.r\313\3101\373\235\331"
 454      9876389B 
 454      659B2E72 
 454      CBC831FB 
 454      9DD9
 455 0d23 0327ABAE 		.ascii	"\003'\253\256\363~H:\\\311OI\357\276n\357\206\245\356"
 455      F37E483A 
 455      5CC94F49 
 455      EFBE6EEF 
 455      86A5EE
 456 0d36 6559F85E 		.ascii	"eY\370^v\320\360\201\314\202\360Ys:\374\367\211\326"
 456      76D0F081 
 456      CC82F059 
 456      733AFCF7 
 456      89D6
 457 0d48 384CDF00 		.ascii	"8L\337\000\217\361\372\347\3572\354lZ&H\025\266\273"
 457      8FF1FAE7 
 457      EF32EC6C 
 457      5A264815 
 457      B6BB
ARM GAS  /tmp/ccqkQVgS.s 			page 36


 458 0d5a C34BACFC 		.ascii	"\303K\254\374\037\372\316V\355J\366\270Lv\246\235\312"
 458      1FFACE56 
 458      ED4AF6B8 
 458      4C76A69D 
 458      CA
 459 0d6b 92B7AE3A 		.ascii	"\222\267\256:W\262\362\255\345f\012\257sx\025B\365\316"
 459      57B2F2AD 
 459      E5660AAF 
 459      73781542 
 459      F5CE
 460 0d7d AB70C119 		.ascii	"\253p\301\031\271\266\335\336\036\233\234\205\343\026"
 460      B9B6DDDE 
 460      1E9B9C85 
 460      E316
 461 0d8b 80D748D2 		.ascii	"\200\327H\322g\\K\313\263\320\316\263@\016nVg\361\205"
 461      675C4BCB 
 461      B3D0CEB3 
 461      400E6E56 
 461      67F185
 462 0d9e 07F0830C 		.ascii	"\007\360\203\014\234l\241w]K\313\354>\220\342\264o\214"
 462      9C6CA177 
 462      5D4BCBEC 
 462      3E90E2B4 
 462      6F8C
 463 0db0 BAD93798 		.ascii	"\272\3317\230xF\273\303.\260PX\226\343\364\024\332\011"
 463      7846BBC3 
 463      2EB05058 
 463      96E3F414 
 463      DA09
 464 0dc2 475D77C2 		.ascii	"G]w\302M\205\364\027TR\326\017\244b\035\225u\302\276"
 464      4D85F417 
 464      5452D60F 
 464      A4621D95 
 464      75C2BE
 465 0dd5 C2FFD857 		.ascii	"\302\377\330W(\3326\3157\374\310\345vEN\206\020m\217"
 465      28DA36CD 
 465      37FCC8E5 
 465      76454E86 
 465      106D8F
 466 0de8 1CB5C916 		.ascii	"\034\265\311\026P\276Cg\311s\321Y\354\307\301C\260\274"
 466      50BE4367 
 466      C973D159 
 466      ECC7C143 
 466      B0BC
 467 0dfa DE751CE4 		.ascii	"\336u\034\344-\340>\255a\202+J\036<\242\036\220\010"
 467      2DE03EAD 
 467      61822B4A 
 467      1E3CA21E 
 467      9008
 468 0e0c 91A37057 		.ascii	"\221\243pWJ\261'\336\314~P\316\277:\231\241\305i\214"
 468      4AB127DE 
 468      CC7E50CE 
 468      BF3A99A1 
 468      C5698C
 469 0e1f E9E9DD72 		.ascii	"\351\351\335r\212\377\016\343\005l\336L\317\031O\267"
 469      8AFF0EE3 
 469      056CDE4C 
ARM GAS  /tmp/ccqkQVgS.s 			page 37


 469      CF194FB7 
 470 0e2f 7F4E1CC5 		.ascii	"\177N\034\305\374\317\211\002L_\336G7Wf\371:\377\033"
 470      FCCF8902 
 470      4C5FDE47 
 470      375766F9 
 470      3AFF1B
 471 0e42 60EB8B0A 		.ascii	"`\353\213\012T\210\375l\223\350O\335\247N\265\372\310"
 471      5488FD6C 
 471      93E84FDD 
 471      A74EB5FA 
 471      C8
 472 0e53 A5C9ABBE 		.ascii	"\245\311\253\276[\351\264\211=\373\324\037\037\026\257"
 472      5BE9B489 
 472      3DFBD41F 
 472      1F16AF
 473 0e62 E541BB68 		.ascii	"\345A\273h\2159\021o\0257\177\211\212\260\037:\2021"
 473      8D39116F 
 473      15377F89 
 473      8AB01F3A 
 473      8231
 474 0e74 F94B5636 		.ascii	"\371KV6\3650\214\374A\200xc\362\177\313\304\304\376"
 474      F5308CFC 
 474      41807863 
 474      F27FCBC4 
 474      C4FE
 475 0e86 1C6FF9DB 		.ascii	"\034o\371\333\015\371sGr\242\204E\234|\203\360\253\266"
 475      0DF97347 
 475      72A28445 
 475      9C7C83F0 
 475      ABB6
 476 0e98 8E724FB9 		.ascii	"\216rO\2710\371?G\022.\345\302\245T\370iw\306=\337\217"
 476      30F93F47 
 476      122EE5C2 
 476      A554F869 
 476      77C63DDF 
 477 0ead F2695574 		.ascii	"\362iUt&\255\331-\246.B\337\275G\377\313\244\371@e\370"
 477      26ADD92D 
 477      A62E42DF 
 477      BD47FFCB 
 477      A4F94065 
 478 0ec2 23F21A5E 		.ascii	"#\362\032^\320\031&\207lt\370\257\240\034\333\372%\271"
 478      D0192687 
 478      6C74F8AF 
 478      A01CDBFA 
 478      25B9
 479 0ed4 25A8625A 		.ascii	"%\250bZ\246\212\241Zo\253\343\005\012i\265A\036\243"
 479      A68AA15A 
 479      6FABE305 
 479      0A69B541 
 479      1EA3
 480 0ee6 90299313 		.ascii	"\220)\223\023\355\\\2635\325\213\3134\333d*\360G\012"
 480      ED5CB335 
 480      D58BCB34 
 480      DB642AF0 
 480      470A
 481 0ef8 4F638CC9 		.ascii	"Oc\214\311\242\217\214\011\375\263\346\253\177_\363"
 481      A28F8C09 
ARM GAS  /tmp/ccqkQVgS.s 			page 38


 481      FDB3E6AB 
 481      7F5FF3
 482 0f07 C1CAE5CB 		.ascii	"\301\312\345\313\025\177\037\024\024\2742<bm\304\252"
 482      157F1F14 
 482      14BC323C 
 482      626DC4AA 
 483 0f17 D5C131E6 		.ascii	"\325\3011\346`\223%\230\310\230\203W\374\376\333\225"
 483      60932598 
 483      C8988357 
 483      FCFEDB95 
 484 0f27 DF6E0C0E 		.ascii	"\337n\014\016\015\017\2151\031\364?|\036\025\024\256"
 484      0D0F8D31 
 484      19F43F7C 
 484      1E1514AE 
 485 0f37 F0A2D363 		.ascii	"\360\242\323c\243\011\200gh\370\352M\346\177\203\273"
 485      A3098067 
 485      68F8EA4D 
 485      E67F83BB 
 486 0f47 5F2E4088 		.ascii	"_.@\210\210\016\215\214\0153\300d\363&3\231Ge\327\320"
 486      880E8D8C 
 486      0D33C064 
 486      F3263399 
 486      4765D7D0 
 487 0f5b 795A3D05 		.ascii	"yZ=\005\214\210\216\260,\234h6\205\302\244(C\024\221"
 487      8C888EB0 
 487      2C9C6836 
 487      85C2A428 
 487      431491
 488 0f6e 090A55E8 		.ascii	"\011\012U\350B\303W\302\335\212H\230\371\215\312\034"
 488      42C357C2 
 488      DD8A4898 
 488      F98DCA1C 
 489 0f7e F11783DE 		.ascii	"\361\027\203\336\362\353\340X\263)82bm\360\372\320\320"
 489      F2EBE058 
 489      B3293832 
 489      626DF0FA 
 489      D0D0
 490 0f90 E01053D4 		.ascii	"\340\020S\324\257\242c\242\015\2772\204\254\215\010"
 490      AFA263A2 
 490      0DBF3284 
 490      AC8D08
 491 0f9f FE       		.ascii	"\376"
 492 0fa0 2CE8D3A0 		.ascii	",\350\323\240\345v\365fKX\230a\035\323o\207Y\304\356"
 492      E576F566 
 492      4B589861 
 492      1DD36F87 
 492      59C4EE
 493 0fb3 BF325856 		.ascii	"\2772XV[B,\261\346\377\364\326\353\303\015!F\375\332"
 493      5B422CB1 
 493      E6FFF4D6 
 493      EBC30D21 
 493      46FDDA
 494 0fc6 10B341AF 		.ascii	"\020\263A\257\367\324\353c#\242-_\350-\237R=\216\370"
 494      F7D4EB63 
 494      23A22D5F 
 494      E82D9F52 
 494      3D8EF8
ARM GAS  /tmp/ccqkQVgS.s 			page 39


 495 0fd9 36E4A890 		.ascii	"6\344\250\220\320\360\210hC\260\036\360Cb#-z\313&\243"
 495      D0F08868 
 495      43B01EF0 
 495      4362232D 
 495      7ACB26A3 
 496 0fed 8178AAE6 		.ascii	"\201x\252\346\223\377\356\035\223!&\301z\260\015$\311"
 496      93FFEE1D 
 496      932126C1 
 496      7AB00D24 
 496      C9
 497 0ffe 8C68     		.ascii	"\214h"
 498 1000 C3460B78 		.ascii	"\303F\013x\254\343f\030\242\303\364z\025|\302\23024"
 498      ACE36618 
 498      A2C3F47A 
 498      157CC298 
 498      3234
 499 1012 3CC404F6 		.ascii	"<\304\004\366\205E\230C\326FB\320L\337{\207Dn\010\331"
 499      85459843 
 499      D64642D0 
 499      4CDF7B87 
 499      446E08D9 
 500 1026 6486F845 		.ascii	"d\206\370E\202\001A\216\021\004\244\340\225\337\256"
 500      8201418E 
 500      1104A4E0 
 500      95DFAE
 501 1035 FE66B594 		.ascii	"\376f\265\224\001\022\353\320\250\337\306F\207\202."
 501      0112EBD0 
 501      A8DFC646 
 501      87822E
 502 1044 D06188B6 		.ascii	"\320a\210\266!i\215z\223!$\322h\212\210\3212\247?\371"
 502      21698D7A 
 502      932124D2 
 502      688A88D1 
 502      32A73FF9 
 503 1058 B5DEA2B1 		.ascii	"\265\336\242\261\335\250-\344\211\336\362\371O\324G"
 503      DDA82DE4 
 503      89DEF2F9 
 503      4FD447
 504 1067 4C943122 		.ascii	"L\2241\"\322`2\007\177\265r%\344\316\026\010O\243>\312"
 504      D2603207 
 504      7FB57225 
 504      E4CE1608 
 504      4FA33ECA 
 505 107b B23132C2 		.ascii	"\26212\302lQE\351\211\213\352(}\314\206h\203\011\276"
 505      6C5145E9 
 505      898BEA28 
 505      7DCC8668 
 505      8309BE
 506 108e BF8F35C4 		.ascii	"\277\2175\304\032TF:\014\351\320[\302\301\2200\263}"
 506      1A54463A 
 506      0CE9D05B 
 506      C2C19030 
 506      B37D
 507 10a0 DC6832FC 		.ascii	"\334h2\374\340\3530\010\346D\305Z\014\033\301>\220\247"
 507      E0EB3008 
 507      E644C55A 
 507      0C1BC13E 
ARM GAS  /tmp/ccqkQVgS.s 			page 40


 507      90A7
 508 10b2 B760BEC1 		.ascii	"\267`\276\301\010a\212\210^\357e\370\301\020m\211\012"
 508      08618A88 
 508      5EEF65F8 
 508      C1106D89 
 508      0A
 509 10c3 31FF596F 		.ascii	"1\377Yo\361\000\275\346\365\220E\233\033\374\333\003"
 509      F100BDE6 
 509      F590459B 
 509      1BFCDB03 
 510 10d3 46F5162D 		.ascii	"F\365\026-}J!\301\300\015!\021\026\230\356+3\201\030"
 510      7D4A21C1 
 510      C00D2111 
 510      1698EE2B 
 510      338118
 511 10e6 EC2367F4 		.ascii	"\354#g\364\026l\324\307\252\014\033\010\274j\203\005"
 511      166CD4C7 
 511      AA0C1B08 
 511      BC6A8305 
 512 10f6 9C32C297 		.ascii	"\2342\302\227\331\020e\3640\353C\243-\036@\240\206\033"
 512      D91065F4 
 512      30EB43A3 
 512      2D1E40A0 
 512      861B
 513 1108 0A05AB87 		.ascii	"\012\005\253\207g!\306p\010\274\307\006\213\305d\364"
 513      6721C670 
 513      08BCC706 
 513      8BC564F4 
 514 1118 637010EC 		.ascii	"cp\020\354u\006\223!:\024\234\001\200\230\265\1772j"
 514      75069321 
 514      3A149C01 
 514      8098B57F 
 514      326A
 515 112a 0C1B232C 		.ascii	"\014\033#,\2411a\006\225)l\023\330\245\"\031YgV[\310"
 515      A1316106 
 515      95296C13 
 515      D8A52219 
 515      5967565B 
 516 113f 27601AF5 		.ascii	"'`\032\365\353\"C\326\003\037\0052\2247C\311\0324\026"
 516      EB2243D6 
 516      031F0532 
 516      943743C9 
 516      1A3416
 517 1152 FA053010 		.ascii	"\372\0050\020\302\220(\003\214\307D\206AdID7\030L\020"
 517      C2902803 
 517      8CC74486 
 517      41644944 
 517      37184C10 
 518 1166 8250CB46 		.ascii	"\202P\313FlZ\376\211\020i\322\230\014\353\241\014\365"
 518      6C5AFE89 
 518      1069D298 
 518      0CEBA10C 
 518      F5
 519 1177 96A53F67 		.ascii	"\226\245?g\235C\342\004\323?\012\246\317\005\323g\202"
 519      9D43E204 
 519      D33F0AA6 
 519      CF05D367 
ARM GAS  /tmp/ccqkQVgS.s 			page 41


 519      82
 520 1188 E953C058 		.ascii	"\351S\300X\016\264L0\375F0}\301V?\304\023\320\325\241"
 520      0EB44C30 
 520      FD46307D 
 520      C1563FC4 
 520      13D0D5A1 
 521 119c 31D19004 		.ascii	"1\321\220\004\013\315VD\214\247=\204`D\2241&&R\303\275"
 521      0BCD5644 
 521      8CA73D84 
 521      60449431 
 521      262652C3 
 522 11b1 76B1C8A5 		.ascii	"v\261\310\245\356\000\301\004\215\037\276\253\177\204"
 522      EE00C104 
 522      8D1FBEAB 
 522      7F84
 523 11bf 868781C8 		.ascii	"\206\207\201\310\337\276\273\305\330\212\356\235\235"
 523      DFBEBBC5 
 523      D88AEE9D 
 523      9D
 524 11cc C8403A18 		.ascii	"\310@:\030,\246u\260\026\364\372\240\317\226}\362\033"
 524      2CA675B0 
 524      16F4FAA0 
 524      CF967DF2 
 524      1B
 525 11dd 8D8DFB3F 		.ascii	"\215\215\373?\362\330\204\373"
 525      F2D884FB 
 526              		.text
 527              		.section	.gnu.lto_.symtab.5c66ab420a45d289,"",%progbits
 528 0000 5F636F72 		.ascii	"_core_init\000"
 528      655F696E 
 528      697400
 529 000b 00       		.ascii	"\000"
 530 000c 00       		.ascii	"\000"
 531 000d 00       		.ascii	"\000"
 532 000e 00000000 		.ascii	"\000\000\000\000\000\000\000\000"
 532      00000000 
 533 0016 B5000000 		.ascii	"\265\000\000\000"
 534 001a 6368436F 		.ascii	"chCoreAllocI\000"
 534      7265416C 
 534      6C6F6349 
 534      00
 535 0027 00       		.ascii	"\000"
 536 0028 00       		.ascii	"\000"
 537 0029 00       		.ascii	"\000"
 538 002a 00000000 		.ascii	"\000\000\000\000\000\000\000\000"
 538      00000000 
 539 0032 BE000000 		.ascii	"\276\000\000\000"
 540 0036 6368436F 		.ascii	"chCoreAlloc\000"
 540      7265416C 
 540      6C6F6300 
 541 0042 00       		.ascii	"\000"
 542 0043 00       		.ascii	"\000"
 543 0044 00       		.ascii	"\000"
 544 0045 00000000 		.ascii	"\000\000\000\000\000\000\000\000"
 544      00000000 
 545 004d C0000000 		.ascii	"\300\000\000\000"
 546 0051 6368436F 		.ascii	"chCoreGetStatusX\000"
ARM GAS  /tmp/ccqkQVgS.s 			page 42


 546      72654765 
 546      74537461 
 546      74757358 
 546      00
 547 0062 00       		.ascii	"\000"
 548 0063 00       		.ascii	"\000"
 549 0064 00       		.ascii	"\000"
 550 0065 00000000 		.ascii	"\000\000\000\000\000\000\000\000"
 550      00000000 
 551 006d C3000000 		.ascii	"\303\000\000\000"
 552 0071 5F5F6865 		.ascii	"__heap_base__\000"
 552      61705F62 
 552      6173655F 
 552      5F00
 553 007f 00       		.ascii	"\000"
 554 0080 02       		.ascii	"\002"
 555 0081 00       		.ascii	"\000"
 556 0082 00000000 		.ascii	"\000\000\000\000\000\000\000\000"
 556      00000000 
 557 008a CE000000 		.ascii	"\316\000\000\000"
 558 008e 5F5F6865 		.ascii	"__heap_end__\000"
 558      61705F65 
 558      6E645F5F 
 558      00
 559 009b 00       		.ascii	"\000"
 560 009c 02       		.ascii	"\002"
 561 009d 00       		.ascii	"\000"
 562 009e 00000000 		.ascii	"\000\000\000\000\000\000\000\000"
 562      00000000 
 563 00a6 D3000000 		.ascii	"\323\000\000\000"
 564              		.text
 565              		.section	.gnu.lto_.opts,"",%progbits
 566 0000 272D666D 		.ascii	"'-fmath-errno' '-fsigned-zeros' '-ftrapping-math' '"
 566      6174682D 
 566      6572726E 
 566      6F272027 
 566      2D667369 
 567 0033 2D666E6F 		.ascii	"-fno-trapv' '-fno-strict-overflow' '-fno-openmp' '-"
 567      2D747261 
 567      70762720 
 567      272D666E 
 567      6F2D7374 
 568 0066 666E6F2D 		.ascii	"fno-openacc' '-mcpu=cortex-m0' '-mno-thumb-interwor"
 568      6F70656E 
 568      61636327 
 568      20272D6D 
 568      6370753D 
 569 0099 6B272027 		.ascii	"k' '-mthumb' '-ggdb' '-O0' '-fomit-frame-pointer' '"
 569      2D6D7468 
 569      756D6227 
 569      20272D67 
 569      67646227 
 570 00cc 2D66616C 		.ascii	"-falign-functions=16' '-ffunction-sections' '-fdata"
 570      69676E2D 
 570      66756E63 
 570      74696F6E 
 570      733D3136 
ARM GAS  /tmp/ccqkQVgS.s 			page 43


 571 00ff 2D736563 		.ascii	"-sections' '-fno-common' '-flto'\000"
 571      74696F6E 
 571      73272027 
 571      2D666E6F 
 571      2D636F6D 
 572              		.text
 573              		.comm	__gnu_lto_v1,1,1
 574              		.comm	__gnu_lto_slim,1,1
 575              		.ident	"GCC: (GNU Tools for ARM Embedded Processors) 5.4.1 20160609 (release) [ARM/embedded-5-bran
ARM GAS  /tmp/ccqkQVgS.s 			page 44


DEFINED SYMBOLS
                            *ABS*:0000000000000000 chmemcore.c
                            *COM*:0000000000000001 __gnu_lto_v1
                            *COM*:0000000000000001 __gnu_lto_slim

NO UNDEFINED SYMBOLS
