ARM GAS  /tmp/ccijVJZg.s 			page 1


   1              		.syntax unified
   2              		.cpu cortex-m0
   3              		.fpu softvfp
   4              		.eabi_attribute 20, 1
   5              		.eabi_attribute 21, 1
   6              		.eabi_attribute 23, 3
   7              		.eabi_attribute 24, 1
   8              		.eabi_attribute 25, 1
   9              		.eabi_attribute 26, 1
  10              		.eabi_attribute 30, 6
  11              		.eabi_attribute 34, 0
  12              		.eabi_attribute 18, 4
  13              		.thumb
  14              		.syntax unified
  15              		.file	"chregistry.c"
  16              		.text
  17              	.Ltext0:
  18              		.section	.gnu.lto_.inline.4ee7cdde22011,"",%progbits
  19 0000 789C6361 		.ascii	"x\234ca`d\000\201\311\014\010\300\306\300\300\302\314"
  19      60640081 
  19      C90C08C0 
  19      C6C0C0C2 
  19      CC
  20 0011 C0C0C4F2 		.ascii	"\300\300\304\362A\217\201\205\201\011$\304\210!\302"
  20      418F8185 
  20      810924C4 
  20      8821C2
  21 0020 C4C0C203 		.ascii	"\304\300\302\003$\231\026\310\303\325p\001\011f\354"
  21      249916C8 
  21      C3D57001 
  21      0966EC
  22 002f C22C0C9C 		.ascii	"\302,\014\234R@a\256\007\261(\302`\202\215\201W\035"
  22      524061AE 
  22      07B128C2 
  22      60828D81 
  22      571D
  23 0041 28C7D750 		.ascii	"(\307\327P\0137\233\033(5\301\017\241\204\001\000\300"
  23      0B379B1B 
  23      2835C10F 
  23      A1840100 
  23      C0
  24 0052 9008AA   		.ascii	"\220\010\252"
  25              		.text
  26              		.section	.gnu.lto_port_lock.4ee7cdde22011,"",%progbits
  27 0000 789C6361 		.ascii	"x\234ca`d\000\201\307@\234\013\304\242 \0163\003#\023"
  27      60640081 
  27      C7409C0B 
  27      C4A2200E 
  27      33032313 
  28 0014 03103382 		.ascii	"\003\0203\202\344\030\031\352\231\030\353\031\2772\375"
  28      E41819EA 
  28      9918EB19 
  28      BF32FD
  29 0023 65623CD4 		.ascii	"eb<\324\376l'\223\346\362\006 xp\364YRSC\253D+3\003"
  29      FE6C2793 
  29      E6F20620 
  29      7870F459 
ARM GAS  /tmp/ccijVJZg.s 			page 2


  29      525343AB 
  30 003b C37F26B0 		.ascii	"\303\177&\260\031\014\214\313\0315\031\200\312\036m"
  30      190C8CCB 
  30      19351980 
  30      CA1E6D
  31 004a FC379597 		.ascii	"\3747\225\227\255\005\244L\001\"\311\270\202\221\015"
  31      AD05A44C 
  31      0122C9B8 
  31      82910D
  32 0059 64D8FAA0 		.ascii	"d\330\372\240\003\015\377\377774\3144\234\253\015\324"
  32      030DFFFF 
  32      373734CC 
  32      349CAB0D 
  32      D4
  33 006a F901ACF3 		.ascii	"\371\001\254\363#\023\220b~\316\330\370h\357\303\265"
  33      23139062 
  33      7ECED8F8 
  33      68EFC3B5 
  34 007a CCA8061C 		.ascii	"\314\250\006\034\350<\307\012\326\376\237\211\021\303"
  34      E83CC70A 
  34      D6FE9F89 
  34      11C3
  35 0088 6CC6958C 		.ascii	"l\306\225\214l@\303W\201I\206X\240\364\212}\207\237"
  35      6C40C357 
  35      81498658 
  35      A0F48A7D 
  35      879F
  36 009a F228A6CD 		.ascii	"\362(\246\315o\230\241\320\312\014\326\360i\335\246"
  36      6F98A1D0 
  36      CA0CD6F0 
  36      69DDA6
  37 00a9 ABDC2C20 		.ascii	"\253\334, \377\254fT\004\222k\030Y\030^16\035\330\035"
  37      FFAC6654 
  37      04926B18 
  37      59185E31 
  37      361DD81D 
  38 00bd 063215EC 		.ascii	"\0062\025\354\356\017@\243\031\200*\264\365\364\364"
  38      EE0F40A3 
  38      19802AB4 
  38      F5F4F4
  39 00cc 9D333293 		.ascii	"\23532\2232\375\203\365\363\213\365\213J\364\013\362"
  39      32FD83F5 
  39      F38BF58B 
  39      4AF40BF2 
  40 00dc 8B4A8AF5 		.ascii	"\213J\212\365\035\203|\235}+\364\2233\222\363\213R\343"
  40      1D837C9D 
  40      7D2BF493 
  40      3392F38B 
  40      52E3
  41 00ee CBCC72F5 		.ascii	"\313\314r\3652\030\364P\325\246V\224\350;\373\006{\006"
  41      3218F450 
  41      D5A65694 
  41      E83BFB06 
  41      7B06
  42 0100 EB67E625 		.ascii	"\353g\346%\347\224\246\244\352\203\325&\347\272\225"
  42      E794A6A4 
  42      EA83D526 
ARM GAS  /tmp/ccijVJZg.s 			page 3


  42      E7BA95
  43 010f E6250395 		.ascii	"\346%\003\225s$\027\024g\246(d2\260\347\246\346\346"
  43      73241714 
  43      67A62864 
  43      32B0E7A6 
  43      E6E6
  44 0121 17553200 		.ascii	"\027U2\000\000+\362o\304"
  44      002BF26F 
  44      C4
  45              		.text
  46              		.section	.gnu.lto_port_unlock.4ee7cdde22011,"",%progbits
  47 0000 789C6361 		.ascii	"x\234ca`d\000\201\307@\234\013\304\242 \0163\003#\023"
  47      60640081 
  47      C7409C0B 
  47      C4A2200E 
  47      33032313 
  48 0014 03103382 		.ascii	"\003\0203\202\344\030\031\352\231\030\353\031\2772\375"
  48      E41819EA 
  48      9918EB19 
  48      BF32FD
  49 0023 65623CD4 		.ascii	"eb<\324\376l'\223\346\362\006 x\360\364URSC\253D+3\003"
  49      FE6C2793 
  49      E6F20620 
  49      78F0F455 
  49      525343AB 
  50 003b C37F26B0 		.ascii	"\303\177&\260\031\014\214\313\0315\031\200\312\036m"
  50      190C8CCB 
  50      19351980 
  50      CA1E6D
  51 004a FC379597 		.ascii	"\3747\225\227\255\005\244L\001\"\311\270\202\221\015"
  51      AD05A44C 
  51      0122C9B8 
  51      82910D
  52 0059 64D8FAA0 		.ascii	"d\330\372\240\003\015\377\377774\3145\\\247\015\324"
  52      030DFFFF 
  52      373734CC 
  52      355CA70D 
  52      D4
  53 006a F901ACF3 		.ascii	"\371\001\254\363#\023\220b~\316\330\370h\357\3275\314"
  53      23139062 
  53      7ECED8F8 
  53      68EFD735 
  53      CC
  54 007b A8061C38 		.ascii	"\250\006\0348y\215\025\254\375?\023#\206\331\214+\031"
  54      798D15AC 
  54      FD3F1323 
  54      86D98C2B 
  54      19
  55 008c D98086AF 		.ascii	"\331\200\206\257\002\223\014\261@\351\025\373\016?\345"
  55      02930CB1 
  55      40E915FB 
  55      0E3FE5
  56 009b 514C9BDF 		.ascii	"QL\233\3370C\241\225\031\254\341\323\272MW\271Y@\376"
  56      3043A195 
  56      19ACE1D3 
  56      BA4D57B9 
  56      5940FE
ARM GAS  /tmp/ccijVJZg.s 			page 4


  57 00ae 59CDA808 		.ascii	"Y\315\250\010$\3270\2620\274bl:p7\014d*\330\335\037"
  57      24D730B2 
  57      30BC626C 
  57      3A70370C 
  57      642AD8DD 
  58 00c3 80463300 		.ascii	"\200F3\000Uh\353\351\351;gd&e\372\007\353\347\027\353"
  58      5568EBE9 
  58      E93B6764 
  58      2665FA07 
  58      EBE717EB 
  59 00d7 1795E817 		.ascii	"\027\225\350\027\344\027\225\024\353;\006\371:\373V"
  59      E4179514 
  59      EB3B06F9 
  59      3AFB56
  60 00e6 E8276724 		.ascii	"\350'g$\347\027\245\306\227\231\345\352e0\350\241\252"
  60      E717A5C6 
  60      9799E5EA 
  60      6530E8A1 
  60      AA
  61 00f7 4DAD28D1 		.ascii	"M\255(\321w\366\015\366\014\326\317\314K\316)MI\325"
  61      77F60DF6 
  61      0CD6CFCC 
  61      4BCE294D 
  61      49D5
  62 0109 07AB4DCE 		.ascii	"\007\253M\316u+\315K\006*\347H.(\316LU\310d`\317M\315"
  62      752BCD4B 
  62      062AE748 
  62      2E28CE4C 
  62      55C86460 
  63 0120 CD2FAA64 		.ascii	"\315/\252d\000\000\314cp{"
  63      0000CC63 
  63      707B
  64              		.text
  65              		.section	.gnu.lto_chSysLock.4ee7cdde22011,"",%progbits
  66 0000 789C6361 		.ascii	"x\234ca`d\000\201%@\254\014\304\242 \0163\003#\023\003"
  66      60640081 
  66      2540AC0C 
  66      C4A2200E 
  66      33032313 
  67 0015 103382E4 		.ascii	"\0203\202\344\030\031\352\231\030\353\031\2772\375e"
  67      1819EA99 
  67      18EB19BF 
  67      32FD65
  68 0024 623CD4FE 		.ascii	"b<\324\376l'\223\346\362\006 xp\364]RSC\253D+3\003\303"
  68      6C2793E6 
  68      F2062078 
  68      70F45D52 
  68      5343AB44 
  69 003c 7F26B019 		.ascii	"\177&\260\031\014\214\313\0315\031\200\312\036m\374"
  69      0C8CCB19 
  69      351980CA 
  69      1E6DFC
  70 004b 379597AD 		.ascii	"7\225\227\255\005\244L\001\"\311\270\202\221\015d\330"
  70      05A44C01 
  70      22C9B882 
  70      910D64D8 
  71 005b FAA0030D 		.ascii	"\372\240\003\015\377\377774\3144\334\257\015\324\371"
ARM GAS  /tmp/ccijVJZg.s 			page 5


  71      FFFF3737 
  71      34CC34DC 
  71      AF0DD4F9 
  72 006b 01ACF323 		.ascii	"\001\254\363#\023\220b~\301\330|\340\3475F\220R\220"
  72      1390627E 
  72      C1D87CE0 
  72      E7354690 
  72      5290
  73 007d 213B77BE 		.ascii	"!;w\276\271\315^\377\267\241\243\241A\240\225\231\361"
  73      B9CD5EFF 
  73      B7A1A3A1 
  73      41A09599 
  73      F1
  74 008e 3F13503F 		.ascii	"?\023P?\343J\306z\206Vf&\206W\214M\007\376\207\201\225"
  74      E34AC67A 
  74      86566626 
  74      86578C4D 
  74      07FE8781 
  75 00a3 82C00790 		.ascii	"\202\300\007\220$\320\014E==}\347\214\314\244L\377`"
  75      24D00C45 
  75      3D3D7DE7 
  75      8CCCA44C 
  75      FF60
  76 00b5 FDFC62FD 		.ascii	"\375\374b\375\242\022\375\314\274\344\234\322\224T\375"
  76      A212FDCC 
  76      BCE49CD2 
  76      9454FD
  77 00c4 E48CE2CA 		.ascii	"\344\214\342\312b\275\014\006\000\204*B\275"
  77      62BD0C06 
  77      00842A42 
  77      BD
  78              		.text
  79              		.section	.gnu.lto_chSysUnlock.4ee7cdde22011,"",%progbits
  80 0000 789C6361 		.ascii	"x\234ca`d\000\201\315@J\031H\313\2008,\014\214L\014"
  80      60640081 
  80      CD404A19 
  80      48CB8038 
  80      2C0C8C4C 
  81 0015 40CCC80C 		.ascii	"@\314\310\014$\231\031A*\030\031\352\231\230\031\353"
  81      24991941 
  81      2A1819EA 
  81      999819EB 
  82 0025 19BF32FD 		.ascii	"\031\2772\375eb<\324\376l'\223\346\362\006 xp\364sR"
  82      65623CD4 
  82      FE6C2793 
  82      E6F20620 
  82      7870F473 
  83 003a 5343AB44 		.ascii	"SC\253D+P\351\177&\260Q\014\214\313\0315\031\200\312"
  83      2B50E97F 
  83      26B0510C 
  83      8CCB1935 
  83      1980CA
  84 004d 1E6DFC37 		.ascii	"\036m\3747\225\227\255\005\244L\241\023&\317\270\202"
  84      9597AD05 
  84      A44CA113 
  84      26CFB882 
  85 005d 910D6820 		.ascii	"\221\015h \033P\376b\313\2069\314_\230Z\2016\260\000"
ARM GAS  /tmp/ccijVJZg.s 			page 6


  85      1B50FE62 
  85      CB8639CC 
  85      5F985A81 
  85      36B000
  86 0070 B91FCFCE 		.ascii	"\271\037\317\316z\314\007\34221*\000\271\323\027n\375"
  86      7ACC07E2 
  86      32312A00 
  86      B9D3176E 
  86      FD
  87 0081 C1ADBAB8 		.ascii	"\301\255\272\270\241\241\251\341\300\376\353\2143W\034"
  87      A1A1A9E1 
  87      C0FEEB8C 
  87      33571C
  88 0090 68516865 		.ascii	"hQhef\006\231\302\270\212Q\206q%\243\014\304\266\325"
  88      660699C2 
  88      B88A5186 
  88      7125A30C 
  88      C4B6D5
  89 00a3 8CAAA8CA 		.ascii	"\214\252\250\312\0336]h`\304\241x\015X\361\314\215\017"
  89      1B365D68 
  89      60C4A178 
  89      0D58F1CC 
  89      8D0F
  90 00b5 3EB2A229 		.ascii	">\262\242)f\301T\274\226\024\223\327\221b\362zFU`\210"
  90      66C154BC 
  90      961493D7 
  90      9162F27A 
  90      46556088 
  91 00c9 AC0F3AD0 		.ascii	"\254\017:\320\360\377\177s\303\201\271\342\347f\374"
  91      F0FF7F73 
  91      C381B9E2 
  91      E766FC
  92 00d8 E60206D1 		.ascii	"\346\002\006\321\007p\020~`\002R\314\037\231\200\002"
  92      0770107E 
  92      600252CC 
  92      1F998002 
  93 00e8 CC2F189B 		.ascii	"\314/\030\233\017\\\277\316\010\0126P\230\356\334\371"
  93      0F5CBFCE 
  93      080A3650 
  93      98EEDCF9 
  94 00f8 E6367BFD 		.ascii	"\3466{\375\337\206\216\206\006\201Vf\326\377L\300\260"
  94      DF868E86 
  94      06815666 
  94      D6FF4CC0 
  94      B0
  95 0109 64DCC058 		.ascii	"d\334\300X\317\320\312\314\306\360\212\261\351\300\315"
  95      CFD0CACC 
  95      C6F08AB1 
  95      E9C0CD
  96 0118 70B05288 		.ascii	"p\260R\2101@I\240I\212zz\372\316\031\231I\231\376\301"
  96      314049A0 
  96      498A7A7A 
  96      FACE1999 
  96      4999FEC1 
  97 012c FAF9C5FA 		.ascii	"\372\371\305\372E%\372\231y\3119\245)\251\372\311\031"
  97      4525FA99 
  97      79C939A5 
ARM GAS  /tmp/ccijVJZg.s 			page 7


  97      29A9FAC9 
  97      19
  98 013d C595C57A 		.ascii	"\305\225\305z\031\014\000\223\256\230\310"
  98      190C0093 
  98      AE98C8
  99              		.text
 100              		.section	.gnu.lto_chRegFirstThread.4ee7cdde22011,"",%progbits
 101 0000 789C7D53 		.ascii	"x\234}SKk\023Q\024\276\337\275y\264i\033\373\003\262"
 101      4B6B1351 
 101      14BEDFBD 
 101      79B4691B 
 101      FB03B2
 102 0013 0842902E 		.ascii	"\010B\220.\314\010\342^p\343N\254+\267\015b\273R\222"
 102      CC08E25E 
 102      70E34EAC 
 102      2BB70D62 
 102      BB5292
 103 0026 6E5CE5E6 		.ascii	"n\\\345\3461\330\224*\2700%\266\245R\225Dk\037i\255"
 103      31D8942A 
 103      B83025B6 
 103      A5529544 
 103      6B1F69AD 
 104 003a 7D298C52 		.ascii	"})\214R)\204\370hA\020t\341\243\025).\032\250\270\261"
 104      2984F868 
 104      411074E1 
 104      A315292E 
 104      1AA8B8B1 
 105 004e 89E7CC44 		.ascii	"\211\347\314D\332\332\352\300\334\231s\356w\276\357"
 105      DADAEAC0 
 105      DC9973EE 
 105      77BEEF
 106 005d 3CEE7509 		.ascii	"<\356u\011\010~L%\304\021\372\006\330p\011HA/\310\011"
 106      087E4C25 
 106      C411FA06 
 106      D8700948 
 106      412FC809 
 107 0071 054640C4 		.ascii	"\005F@\304\245B\034?\344\266\304JzrPmI\212\201\213\314"
 107      A5421C3F 
 107      E4B6C44A 
 107      7A72506D 
 107      498A818B 
 108 0086 CACB5B5F 		.ascii	"\312\313[_\374l\002A2\007\364j\306\333\226\327:\251"
 108      FC6C0241 
 108      3207F46A 
 108      C6DB96D7 
 108      3AA9
 109 0098 3FAE8F9C 		.ascii	"?\256\217\234\277\2212O\233J\212\232\024( \200<X\003"
 109      BF91324F 
 109      9B4A8A9A 
 109      14282080 
 109      3C5803
 110 00ab F7D12608 		.ascii	"\367\321&\010\274\264\376k\265I\205\300\377\211\321"
 110      BCB4FE6B 
 110      B54985C0 
 110      FF89D1
 111 00ba 81C1E6D0 		.ascii	"\201\301\346\320\035\016\264r%\177N[\351 E\342\001\324"
 111      1D0EB472 
ARM GAS  /tmp/ccijVJZg.s 			page 8


 111      257F4E5B 
 111      E92045E2 
 111      01D4
 112 00cc DE60C1E8 		.ascii	"\336`\301\350\317\305\352\315\026OZ\323\023\304(B,@"
 112      CFC5EACD 
 112      164F5AD3 
 112      13C42842 
 112      2C40
 113 00de BC0FE1A1 		.ascii	"\274\017\341\241|\335\004\230\252>\033s\327\351\246"
 113      7CDD0498 
 113      AA3E1B73 
 113      D7E9A6
 114 00ed 4BB2BF60 		.ascii	"K\262\277`%\210N\331\211\034\017\340\230\303\2041\204"
 114      25884ED9 
 114      891C0FE0 
 114      98C38431 
 114      84
 115 00fe F682F5E2 		.ascii	"\366\202\365\342\207\333\320\251\223\007`\307\367a\307"
 115      87DBD0A9 
 115      930760C7 
 115      F761C7
 116 010d DF681C48 		.ascii	"\337h\034H;aC\373\256mo\035bh\257\266\026{[r\005\247"
 116      3B6143FB 
 116      AE6D6F1D 
 116      6268AFB6 
 116      167B5B72 
 117 0123 24F1773D 		.ascii	"$\361w=\230D\210\213\230h\267t\255\226\322V\277\257"
 117      9844888B 
 117      9868B774 
 117      AD96D256 
 117      BFAF
 118 0135 F42EDFE8 		.ascii	"\364.\337\350\243\016\223\327E\343Qn^<\2744\012\246"
 118      A30E93D7 
 118      45E3516E 
 118      5E3CBC34 
 118      0AA6
 119 0147 109B5CAF 		.ascii	"\020\233\\\257\250H\372\250oHYC%p\365\334\233\371\371"
 119      A848FAA8 
 119      6F485943 
 119      2570F5DC 
 119      9BF9F9
 120 015a EFEFBDF1 		.ascii	"\357\357\275\361m\335\243u\253\251\\5I-A\021q\012t\213"
 120      6DDDA375 
 120      ABA95C35 
 120      492D4111 
 120      710A748B 
 121 016e AF482E54 		.ascii	"\257H.T\226;\030\233R\212\320Y\363\371k/\317\317\203"
 121      963B189B 
 121      528AD059 
 121      F3F96B2F 
 121      CFCF83
 122 0181 FDC19E8C 		.ascii	"\375\301\236\214r\372\275Q~\273\344\033\306PB\333~/"
 122      72FABD51 
 122      7EBBE41B 
 122      C65042DB 
 122      7E2F
 123 0193 A6E9384C 		.ascii	"\246\3518Lq\376\264y}n2\323`\214\3610\364\011S5\340"
ARM GAS  /tmp/ccijVJZg.s 			page 9


 123      71FEB479 
 123      7D6E32D3 
 123      608CF130 
 123      F4095335 
 124 01a8 11865195 		.ascii	"\021\206Q\225\365Q\275\350[\271\373g\367,Ot\006FU\332"
 124      F551BDE8 
 124      5BB9FB67 
 124      F72C4F74 
 124      064655DA 
 125 01bc C7EA310C 		.ascii	"\307\3521\014'\241r\273\223\220kwB\322N\350\347r\251"
 125      27A172BB 
 125      93906B77 
 125      42D24EE8 
 125      E772A9
 126 01cf A7999461 		.ascii	"\247\231\224a\252F\312\030\263u\321{k\311q\257q\324"
 126      AA46CA18 
 126      B375D17B 
 126      6BC971AF 
 126      71D4
 127 01e1 543ECCD9 		.ascii	"T>\314\331r\366\001\230w\030\263\237\374\016\241\233"
 127      72F60198 
 127      7718B39F 
 127      FC0EA19B 
 128 01f1 38C991CA 		.ascii	"8\311\221\312z\034\233]\024<s\265\\\364\261\206\017"
 128      7A1C9B5D 
 128      143C73B5 
 128      5CF4B186 
 128      0F
 129 0202 C0023172 		.ascii	"\300\0021r\214\335\300]\212\\\253n\372\267\354\342\216"
 129      8CDDC05D 
 129      8A5CAB6E 
 129      FAB7ECE2 
 129      8E
 130 0213 EC1318C4 		.ascii	"\354\023\030\304-x\020\263\377\031\004\337\253\247;"
 130      2D7810B3 
 130      FF1904DF 
 130      ABA73B
 131 0222 83C8565E 		.ascii	"\203\310V^\215('/\326\260\347I\253ZC\242Uh\005\261A"
 131      8D28272F 
 131      D6B0E749 
 131      AB5A43A2 
 131      556805B1 
 132 0237 B7D0D9E6 		.ascii	"\267\320\331\346^nr\323\210\342p8l\234\352\354\352\350"
 132      5E6E72D3 
 132      88E27038 
 132      6C9CEAEC 
 132      EAE8
 133 0249 3A73CEB8 		.ascii	":s\316\270\0243\242\335F,\0321\"\235\321\013\027\273"
 133      1433A2DD 
 133      462C1A31 
 133      229DD10B 
 133      17BB
 134 025b 62DDD12B 		.ascii	"b\335\321+\341\210\220\335\227\177\003j\306)\365"
 134      E18890DD 
 134      977F036A 
 134      C629F5
 135              		.text
ARM GAS  /tmp/ccijVJZg.s 			page 10


 136              		.section	.gnu.lto_chRegNextThread.4ee7cdde22011,"",%progbits
 137 0000 789C7554 		.ascii	"x\234uTKLSA\024\235\373\246\355\353\007\012\013\227"
 137      4B4C5341 
 137      149DFBA6 
 137      EDEB070A 
 137      0B97
 138 0012 5D109306 		.ascii	"]\020\223\006\211\221\247q\301\326\304\215;\023]\271"
 138      8991A771 
 138      C1D6C48D 
 138      3B135DB9 
 139 0022 1589B051 		.ascii	"\025\211\260QR\352\302\270\350\320O\244\202\032M\304"
 139      52EAC2B8 
 139      E8D04FA4 
 139      821A4DC4 
 140 0032 2018FC91 		.ascii	" \030\374\221\202J\241(\002\225\317\003IL\000#\020\177"
 140      824AA128 
 140      0295CF03 
 140      494C0023 
 140      107F
 141 0044 A889A860 		.ascii	"\250\211\250`\010a\001\246\206\230P\352\275\363\236"
 141      086101A6 
 141      869850EA 
 141      BDF39E
 142 0053 114B99A4 		.ascii	"\021K\231\244\363\336\314=\347\314\275\347N\237\205"
 142      F3DECC3D 
 142      E7CCBDE7 
 142      4E9F85
 143 0062 01A33164 		.ascii	"\001\2431dal/>\313h\2412P\030\376\024\316\230P0\",\034"
 143      616C2F3E 
 143      CB68A132 
 143      5018FE14 
 143      CE985030 
 144 0079 ACB86391 		.ascii	"\254\270c\221\263\025l8\333\200\230\300\002\012\267"
 144      B3156C38 
 144      DB8098C0 
 144      020AB7
 145 0088 586D1080 		.ascii	"Xm\020\200_JZ\201\231pw\013O)\021\216`\\\256\275\272"
 145      5F4A5A81 
 145      9970770B 
 145      4F29118E 
 145      605CAEBD 
 146 009d F5DD4D4B 		.ascii	"\365\335MK\200\"\\6\213\331\250Z\022\023\"(\346\027"
 146      80225C36 
 146      8BD9A85A 
 146      12132228 
 146      E617
 147 00af E327AE85 		.ascii	"\343'\256\205\"G\"\\a\031\205A;x \006\036\222\354\200"
 147      2247225C 
 147      61198541 
 147      3B782006 
 147      1E92EC80 
 148 00c3 12C48E2F 		.ascii	"\022\304\216/n\314\272\270\027\030\276\267\304\346\037"
 148      6ECCBAB8 
 148      1718BEB7 
 148      C4E61F
 149 00d2 388ADB88 		.ascii	"8\212\333\210'\232+\204\003I\360\020\370V\036\351\300"
 149      279A2B84 
ARM GAS  /tmp/ccijVJZg.s 			page 11


 149      0349F010 
 149      F8561EE9 
 149      C0
 150 00e3 232826F8 		.ascii	"#(&\370\2077\361\016\027\337#\251\337\032\336\215p\357"
 150      8737F10E 
 150      17DF23A9 
 150      DF1ADE8D 
 150      70EF
 151 00f5 7DA2EABF 		.ascii	"}\242\352\277'\334MB\017\027\021\375\361\377t\032\204"
 151      27DC4D42 
 151      0F1711FD 
 151      F1FF741A 
 151      84
 152 0106 4E6CDEC8 		.ascii	"Nl\336\310\267\205\005\216\"\350\004o\024\035@\030&"
 152      B785058E 
 152      22E8046F 
 152      141D4018 
 152      26
 153 0117 15C782D1 		.ascii	"\025\307\202\321\031\304\364l\216vZM\305\326I\345f\273"
 153      19C4F46C 
 153      8E765A4D 
 153      C5D649E5 
 153      66BB
 154 0129 5E8B8A5C 		.ascii	"^\213\212\\Vq\320\003\373\0151\350\002o\0268Q\237\267"
 154      5671D003 
 154      FB0D31E8 
 154      026F1638 
 154      519FB7
 155 013c 13B83B1B 		.ascii	"\023\270;\033,f>\337\001\021:\224\003\233\330\206\215"
 155      2C663EDF 
 155      01113A94 
 155      039BD886 
 155      8D
 156 014d 4F0BC829 		.ascii	"O\013\310)\333#\241\015\227\323\251\002\202^\022\372"
 156      DB23A10D 
 156      97D3A902 
 156      825E12FA 
 157 015d 4C7D7E53 		.ascii	"L}~S\273a\001\313\256\037\236\200\327,\272\353\230."
 157      BB6101CB 
 157      AE1F9E80 
 157      D72CBAEB 
 157      982E
 158 016f 329990D0 		.ascii	"2\231\220\320\327\235s\375IG\0010\012X\201\034\266\311"
 158      D79D73FD 
 158      49470130 
 158      0A58811C 
 158      B6C9
 159 0181 7755CE76 		.ascii	"wU\316v\364\235;hr\322\344\226m`\253\344\030[S\360\301"
 159      F49D3B68 
 159      72D2E496 
 159      6D60ABE4 
 159      185B53F0 
 160 0196 9720A4A7 		.ascii	"\227 \244\247'\200\374#\203\007\006V>\251\201\264\250"
 160      2780FC23 
 160      83070656 
 160      3EA981B4 
 160      A8
ARM GAS  /tmp/ccijVJZg.s 			page 12


 161 01a7 13A230C2 		.ascii	"\023\2420\302-\031\005M\205\247\020@\242\225\375\200"
 161      2D19054D 
 161      85A71040 
 161      A295FD80 
 162 01b7 6072ED8B 		.ascii	"`r\355\213\217\260!nCtcd\354\265J\327G\221\275\\\177"
 162      8FB0216E 
 162      43746364 
 162      ECB54AD7 
 162      4791BD5C 
 163 01cc 395197D7 		.ascii	"9Q\227\327\012\267k\251?eHA\230\025z)}\214\266-\004"
 163      0AB76BA9 
 163      3F654841 
 163      98157A29 
 163      7D8CB62D 
 164 01e1 E3AAB68F 		.ascii	"\343\252\266\217\300\317\240\0256e\022\320\007\032\373"
 164      C0CFA015 
 164      366512D0 
 164      071AFB
 165 01f0 0AE18FA1 		.ascii	"\012\341\217\241X\243-\207\260\012\333\263R\243\034"
 165      58A32D87 
 165      B00ADBB3 
 165      52A31C
 166 01ff A4E2F2D4 		.ascii	"\244\342\362\324\333q\247y\036\356\333a\000\257y\277"
 166      DB71A779 
 166      1EEEDB61 
 166      00AF79BF 
 167 020f 79DC95FE 		.ascii	"y\334\225\376\356\250]\353\244T\304\205\010w@R\036\012"
 167      EEA85DEB 
 167      A454C485 
 167      08774052 
 167      1E0A
 168 0221 C645AA9F 		.ascii	"\306E\252\237\036\276\3526\024\305\271\010w\302s\314"
 168      1EBEEA36 
 168      14C5B908 
 168      77C273CC 
 169 0231 83C12056 		.ascii	"\203\301 Vjx\203\027\213c\275\251\325\305\353\334\310"
 169      6A788317 
 169      8B63BDA9 
 169      D5C5EBDC 
 169      C8
 170 0242 4B352AC1 		.ascii	"K5*\301\230\305\210%\023+A3f\337R=\310\272m\333\353"
 170      98C58825 
 170      132B4133 
 170      66DF523D 
 170      C8BA6DDB 
 171 0257 76C1904C 		.ascii	"v\301\220LA\336\327a<\0175\032\357\3562\024\034(\202"
 171      41DED761 
 171      3C0F351A 
 171      EFEE3214 
 171      1C2882
 172 026a 1BA1BF2E 		.ascii	"\033\241\277.8q\013\311\275\027\247\022N2\302\005\000"
 172      38710BC9 
 172      BD17A712 
 172      4E32C205 
 172      00
 173 027b 23A8481C 		.ascii	"#\250H\034\331\255l\277\017\260\235\317\325\377\235"
 173      D9AD6CBF 
ARM GAS  /tmp/ccijVJZg.s 			page 13


 173      0FB09DCF 
 173      D5FF9D
 174 028a 3B0A1A8A 		.ascii	";\012\032\212\3132\254f\373\373&wn?}g\306\314\366/A"
 174      CB32AC66 
 174      FBFB2677 
 174      6E3F7D67 
 174      C6CCF62F 
 175 029f 584FBA72 		.ascii	"XO\272rC\3632\344\030\274@(\366<\302\363e\242\211\324"
 175      43F332E4 
 175      18BC4028 
 175      F63CC2F3 
 175      65A289D4 
 176 02b3 3DD32077 		.ascii	"=\323 w\210z\366\023\000}\344\203s\2470Q\313\306{\017"
 176      887AF613 
 176      007DE483 
 176      73A73051 
 176      CBC67B0F 
 177 02c7 6681DF2A 		.ascii	"f\201\337*\276\000\265\205L\340\325\\\206 \375\005L"
 177      BE00B585 
 177      4CE0D55C 
 177      8620FD05 
 177      4C
 178 02d8 0E756295 		.ascii	"\016ub\225:\206Y\354.-\325\016WV\235\254:z\\;[\243\371"
 178      3A8659EC 
 178      2E2DD50E 
 178      57569DAC 
 178      3A7A5C3B 
 179 02ef FC5A8DAF 		.ascii	"\374Z\215\257\\+\257\364U\234\256\252\361\373\316\227"
 179      5C2BAFF4 
 179      559CAEAA 
 179      F1FBCE97 
 180 02ff 9633C55F 		.ascii	"\2263\305_\315\317\370\253\377\000\201\273\215\034"
 180      CDCFF8AB 
 180      FF0081BB 
 180      8D1C
 181              		.text
 182              		.section	.gnu.lto_ch_debug.4ee7cdde22011,"",%progbits
 183 0000 789C2DCE 		.ascii	"x\234-\316MK\002Q\024\306\361y\356\314\230\346\230\006"
 183      4D4B0251 
 183      14C6F179 
 183      EECC98E6 
 183      9806
 184 0012 112DA63E 		.ascii	"\021-\246>C\271r\331\027\350;\0059\021\021EP\233P\220"
 184      43B972D9 
 184      17E83B05 
 184      39111145 
 184      509B5090 
 185 0026 12D4ACB4 		.ascii	"\022\324\254\2647_\021BlQ\324\2420\250M\031aX\250X\030"
 185      375F1142 
 185      6C51D4A2 
 185      30A84D19 
 185      6158A858 
 186 003b 2195754E 		.ascii	"!\225uNw\006.\377\371\315\271\3672\232\002\205\237\006"
 186      77062EFF 
 186      F9CDB9F7 
 186      329A0285 
 186      9F06
ARM GAS  /tmp/ccijVJZg.s 			page 14


 187 004d 45BE29CA 		.ascii	"E\276)\312\217@\252\231\357y\272\302R\351#\2610\227"
 187      8F40AA99 
 187      EF79BAC2 
 187      52E923B1 
 187      3097
 188 005f 4CDB9C20 		.ascii	"L\333\234 n6.\317t\311qb\256\324\362K\231\244v\260^"
 188      6E362ECF 
 188      74C97162 
 188      AED4F24B 
 188      99A476B0 
 189 0074 734B8E11 		.ascii	"sK\216\021\337\276\303Y\227\344\010\361\272s\021\266"
 189      DFBEC359 
 189      97E408F1 
 189      BA7311B6 
 190 0084 A73EE257 		.ascii	"\247>\342Wc\355\016\222\006q\243\330=\267/v\022C\017"
 190      63ED0E92 
 190      0671A3D8 
 190      3DB72F76 
 190      12430F
 191 0097 E57BFB6C 		.ascii	"\345{\373l\205\177\343*\230\016\251\322\032q\345u=\352"
 191      857FE32A 
 191      980EA9D2 
 191      1A71E575 
 191      3DEA
 192 00a9 60029549 		.ascii	"`\002\225I\362Go\261mo\037%V\263\315\370\377n\372'>"
 192      F2476FB1 
 192      6D6F1F25 
 192      56B3CDF8 
 192      FF6EFA27 
 193 00be 5D7E4FC7 		.ascii	"]~O\307\014\266\012\225\330\331z\2327\344\370\205\307"
 193      0CB60A95 
 193      D8D97A9A 
 193      37E4F885 
 193      C7
 194 00cf A7BF9F27 		.ascii	"\247\277\237'^9\026\304\333\347z\311-\307\217<\256."
 194      5E3916C4 
 194      DBE77AC9 
 194      2DC78F3C 
 194      AE2E
 195 00e1 876A4EE9 		.ascii	"\207jN\351\026{\325J\334\210@fv!2;m\251\032\246L\344"
 195      167BD54A 
 195      DC884066 
 195      7621323B 
 195      6DA91AA6 
 196 00f7 61C26F22 		.ascii	"a\302o\"G\311\322\312\320:\246u\004\223\017D\227R3r"
 196      47C9D2CA 
 196      D03AA675 
 196      04930F44 
 196      97523372 
 197 010b 7F44B754 		.ascii	"\177D\267T\275/\024\024\020\350\013 \006\263/\004\016"
 197      BD2F1414 
 197      10E80B20 
 197      06B32F04 
 197      0E
 198 011c 392A0E38 		.ascii	"9*\0168\032\3669\272\214\003i\316\000R\034'\3668.\354"
 198      1AF639BA 
 198      8C0369CE 
ARM GAS  /tmp/ccijVJZg.s 			page 15


 198      00521C27 
 198      F6382EEC 
 199 0130 7206B1C3 		.ascii	"r\006\261\303q#\3111\344e\036ls\206\220\340x\021\347"
 199      7123C931 
 199      E4651E6C 
 199      738690E0 
 199      7811E7
 200 0143 F8E46C98 		.ascii	"\370\344l\230\243\240\210\200\362\007\262\310\247\360"
 200      A3A08880 
 200      F207B2C8 
 200      A7F0
 201              		.text
 202              		.section	.gnu.lto_.symbol_nodes.4ee7cdde22011,"",%progbits
 203 0000 789C5D8D 		.ascii	"x\234]\215\273\015\002A\014\005\307\353\275\325\305"
 203      BB0D0241 
 203      0C05C7EB 
 203      BDD5C5
 204 000f 540009D4 		.ascii	"T\000\011\324Ae^\002\210\370V\200\020\021\224\301\345"
 204      41655E02 
 204      88F85680 
 204      101194C1 
 204      E5
 205 0020 88124010 		.ascii	"\210\022@\020R\003\302\007G\300:\031{\236\245\027\021"
 205      5203C207 
 205      47C03A19 
 205      7B9EA517 
 205      11
 206 0031 2EF884A1 		.ascii	".\370\204\241\301\372\014\216C\336eu52)\325\011\013"
 206      C1FA0C8E 
 206      43DE6575 
 206      353229D5 
 206      090B
 207 0043 A56B302D 		.ascii	"\245k0-\335B,\376\334q2\200j%\364\333\236\245X\365\237"
 207      DD422CFE 
 207      DC713280 
 207      6A25F4DB 
 207      9EA558F5 
 208 0058 CC45A63D 		.ascii	"\314E\246=\217d#\226>\021\344\354\317\032`\177}\215"
 208      8F642396 
 208      3E11E4EC 
 208      CF1A607F 
 208      7D8D
 209 006a 55E5CB18 		.ascii	"U\345\313\030:*\367\2333uwR\232\331s[k\252y\264\013"
 209      3A2AF79B 
 209      33757752 
 209      9AD9735B 
 209      6BAA79B4 
 210 007f 6FAC0337 		.ascii	"o\254\0037t"
 210      74
 211              		.text
 212              		.section	.gnu.lto_.refs.4ee7cdde22011,"",%progbits
 213 0000 789C6361 		.ascii	"x\234ca`d\340f```da`ebdcbef\000\000\001\277\000."
 213      6064E066 
 213      60606064 
 213      61606562 
 213      64636265 
 214              		.text
ARM GAS  /tmp/ccijVJZg.s 			page 16


 215              		.section	.gnu.lto_.decls.4ee7cdde22011,"",%progbits
 216 0000 789CB53B 		.ascii	"x\234\265;kT\024g\226\375\325\3274\3204\220\243N\326"
 216      6B541467 
 216      96FDD5D7 
 216      34D03490 
 216      A34ED6
 217 0013 99656633 		.ascii	"\231ef3\206$\354\331\211\304\311c2{\366\354\230M6\223"
 217      8624ECD9 
 217      89C4C963 
 217      327BF6EC 
 217      984D3693 
 218 0027 DDD9CCCE 		.ascii	"\335\331\314\316\231L\346\314\374\230\355\020l\225\015"
 218      994CE6CC 
 218      FC98ED10 
 218      6C950D
 219 0036 AF346DD4 		.ascii	"\2574m\324\371\261S\274E\011\017APDy\250\010\"\202\202"
 219      F9B153BC 
 219      45090F41 
 219      504479A8 
 219      08228282 
 220 004a 2020D802 		.ascii	"  \330\002\002\212\"/\001A\020\237(Fy*Ou\357\367\350"
 220      028A222F 
 220      0141109F 
 220      2846792A 
 220      4F75EFF7 
 221 005f AEEAA69A 		.ascii	"\256\352\246\232d\317\331\351s.U\267\352~\367}\357\367"
 221      64CFD9E9 
 221      732E55B7 
 221      EA7EF77D 
 221      EFF7
 222 0071 D557855A 		.ascii	"\325W\205Z\205T\344\267\342m\225j\263\263J\225$\250"
 222      8554E4B7 
 222      E26D956A 
 222      B3B34A95 
 222      24A8
 223 0083 54CFE1E7 		.ascii	"T\317\341\347\002\327~\257\222~pKU\004P\014p\034\240"
 223      02D77EAF 
 223      927E704B 
 223      5504500C 
 223      701CA0
 224 0096 14E07F60 		.ascii	"\024\340\177`h\004@\014\000\014S\215\301\361uAe\363"
 224      6804400C 
 224      000C538D 
 224      C1F17541 
 224      65F3
 225 00a8 236304CE 		.ascii	"#c\004\316k\015\277'\360\353o\333\321\2528\177%zr\375"
 225      6B0DBF27 
 225      F0EB6FDB 
 225      D1AA387F 
 225      257A72FD 
 226 00bc 5D057AA2 		.ascii	"]\005z\242\013\346\364?\207\373GU\322\230\343\\\216"
 226      0BE6F43F 
 226      87FB4755 
 226      D298E35C 
 226      8E
 227 00cd FDAF94DB 		.ascii	"\375\257\224\333C\306,#\266\003|\000\272\277\246\300"
 227      43C62C23 
ARM GAS  /tmp/ccijVJZg.s 			page 17


 227      B6037C00 
 227      BABFA6C0 
 228 00dd A394CB26 		.ascii	"\243\224\313&^Zk'\237\330\357f\307\303K\306\343=8\216"
 228      5E5A6B27 
 228      9FD8EF66 
 228      C7C34BC6 
 228      E33D388E 
 229 00f1 C2B52B00 		.ascii	"\302\265+\000\377\012\240AL\327a8\266\001\004r\234\360"
 229      FF0AA041 
 229      4CD76138 
 229      B6010472 
 229      9CF0
 230 0103 B1F8D4E2 		.ascii	"\261\370\324\342\307\177\261\223E\374\354\261\204,\302"
 230      C77FB193 
 230      45FCECB1 
 230      842CC2
 231 0112 5F2EEF7D 		.ascii	"_.\357}\201\311\373\000\216\321\\\316\227\210\311&r"
 231      81C9FB00 
 231      8ED15CCE 
 231      9788C926 
 231      72
 232 0123 D59CA745 		.ascii	"\325\234\247En\014\247\371w\201\311\377\225\235|\022"
 232      6E0CA7F9 
 232      7781C9FF 
 232      959D7C12 
 233 0133 578D8AC9 		.ascii	"W\215\212\311|\025\340{\210\351\261\034\256\377D`z\375"
 233      7C15E07B 
 233      88E9B11C 
 233      AEFF4460 
 233      7AFD
 234 0145 108E7F0B 		.ascii	"\020\216\177\013\360\"\300\017\000^\002\370\033\200"
 234      F022C00F 
 234      005E02F8 
 234      1B80
 235 0153 1F01F800 		.ascii	"\037\001\370\000|\037`%\300+\000\177\007\360c\200\227"
 235      7C1F6025 
 235      C02B007F 
 235      07F06380 
 235      97
 236 0164 01560178 		.ascii	"\001V\001x\003\274\006\340\245\020c\362{*\240\302\341"
 236      03BC06E0 
 236      A51063F2 
 236      7B2AA0C2 
 236      E1
 237 0175 9A6E977E 		.ascii	"\232n\227~t\225\204\002\275\200\020R\361\334\265\376"
 237      74958402 
 237      BD801052 
 237      F1DCB5FE 
 238 0185 100384AC 		.ascii	"\020\003\204\254\341\223(\220\035\255\205\020I7\220"
 238      E1932890 
 238      1DAD8510 
 238      493790
 239 0194 CA6604AD 		.ascii	"\312f\004\255\003\372\223.!\372\343\203\344\034-\242"
 239      03FA932E 
 239      21FAE383 
 239      E41C2DA2 
 240 01a4 412C3B45 		.ascii	"A,;E*\253\026\026Z\031?\256=R\320\213\376\260\305\350"
ARM GAS  /tmp/ccijVJZg.s 			page 18


 240      2AAB1616 
 240      5A193FAE 
 240      3D52D08B 
 240      FEB0C5E8 
 241 01b8 BCE9991D 		.ascii	"\274\351\231\035\036\030x\302\371\365\331\374\017W\037"
 241      1E1878C2 
 241      F9F5D9FC 
 241      0F571F
 242 01c7 15E19724 		.ascii	"\025\341\227$\212\202\227\344\231\366\250\222L<%\240"
 242      8A8297E4 
 242      99F6A892 
 242      4C3C25A0 
 243 01d7 655AA406 		.ascii	"eZ\244\006t\374R\306-\017@Wh\321K\200>=\2777CX\231F"
 243      74FC52C6 
 243      2D0F4057 
 243      68D14B80 
 243      3E3DBF37 
 244 01ef C7458A2F 		.ascii	"\307E\212/\251\321\357_D\205\310\013\035A\300\002\035"
 244      A9D1EF5F 
 244      4485C80B 
 244      1D41C002 
 244      1D
 245 0200 452BE1EF 		.ascii	"E+\341\357\347j\306i\246}0\326sU\266h\316\026\207\372"
 245      E76AC669 
 245      A67D30D6 
 245      7355B668 
 245      CE1687FA 
 246 0214 EFFDE4E8 		.ascii	"\357\375\344\350\011Q\214\023E\263\232\220\241|\204"
 246      09518C13 
 246      45B39A90 
 246      A17C84
 247 0223 51015A4D 		.ascii	"Q\001ZM\254\201Sr8\214\372\301\210\"\264\012\206\016"
 247      AC815372 
 247      388CFAC1 
 247      8822B40A 
 247      860E
 248 0235 650DA7B8 		.ascii	"e\015\247\270\343\367\250\246\345\265\247\032\334\030"
 248      E3F7A8A6 
 248      E5B5A71A 
 248      DC18
 249 0243 1B7377B7 		.ascii	"\033sw\267NL\012\027\305\217(\217c\022\217cr\036\305"
 249      4E4C0A17 
 249      C58F288F 
 249      63128F63 
 249      721EC5
 250 0256 94477CF4 		.ascii	"\224G|\364\221pg\3741\345\261\353t\374k\\\223\301\230"
 250      917067FC 
 250      31E5B1EB 
 250      74FC6B5C 
 250      93C198
 251 0269 3FED8A14 		.ascii	"?\355\212\024\233\301\000o\312\244DbR\"gr\2342i{T\035"
 251      9BC1006F 
 251      CAA44462 
 251      52226772 
 251      9C32697B 
 252 027f EF86B752 		.ascii	"\357\206\267R&\327\312\273\206\021W$\263G\256\310\011"
 252      26D7CABB 
ARM GAS  /tmp/ccijVJZg.s 			page 19


 252      86115724 
 252      B347AEC8 
 252      09
 253 0290 89C70939 		.ascii	"\211\307\0119\217R\312\343\361\311\263\30758\032Q&\025"
 253      8F52CAE3 
 253      F1C9B3C7 
 253      35381A51 
 253      2615
 254 02a2 8F0A2BDC 		.ascii	"\217\012+\334\231{\315\004\317\277\233\231\240c\370"
 254      997BCD04 
 254      CFBF9B99 
 254      A063F8
 255 02b1 BB80C646 		.ascii	"\273\200\306F\316\365\250q\032\243\035h.($\241xM\213"
 255      CEF5A871 
 255      1AA31D68 
 255      2E2824A1 
 255      784D8B
 256 02c4 48A43DE1 		.ascii	"H\244=\341R\3617\225\263\356\354\022\241\350H\2348\350"
 256      52F13795 
 256      B3EEEC12 
 256      A1E8489C 
 256      38E8
 257 02d6 8C7328B9 		.ascii	"\214s(\271P\230\374\240\303\025\371h\363Ht\206*[>H\216"
 257      5098FCA0 
 257      C315F968 
 257      F3487486 
 257      2A5B3E48 
 258 02eb 85D0A2D3 		.ascii	"\205\320\242\323H\213\252$\005_\323\302\337m\242\030"
 258      488BAA24 
 258      055FD3C2 
 258      DF6DA218 
 259 02fb 4102B8EC 		.ascii	"A\002\270\354#\2255|\250\032\371\020\276\204\016U\302"
 259      2395357C 
 259      A81AF910 
 259      BE840E55 
 259      C2
 260 030c C5537011 		.ascii	"\305Sp\021d\024\034L\316\325\340\033L\306\221c\227\033"
 260      64141C4C 
 260      CED5E01B 
 260      4CC69163 
 260      971B
 261 031e 9D91D647 		.ascii	"\235\221\326G\221\301\031\005\006L\231\223\211oA\256"
 261      91C11905 
 261      064C9993 
 261      896F41AE 
 262 032e BD806A41 		.ascii	"\275\200jA\227\032I\027P\215\245\212\230:\237\345\216"
 262      971A4917 
 262      508DA58A 
 262      983A9FE5 
 262      8E
 263 033f 53696A0A 		.ascii	"Sij\012\263]\335sZG2\352\034\312\230\335\371A;5\370"
 263      B35DDD73 
 263      5A4732EA 
 263      1CCA98DD 
 263      F9413B35 
 264 0354 2C08314B 		.ascii	",\0101KBj-B\256\215\246\305hp'\313\377\214\352\251\013"
 264      426A2D42 
ARM GAS  /tmp/ccijVJZg.s 			page 20


 264      AE8DA6C5 
 264      687027CB 
 264      FF8CEAA9 
 265 0369 4ECCEF2E 		.ascii	"N\314\357.\200\316\236z\220\251\301\003\354\336\205"
 265      80CE9E7A 
 265      90A9C103 
 265      ECDE85
 266 0378 9BA90302 		.ascii	"\233\251\003\002\276-\330\004l\005\017\330\276\371\262"
 266      BE2DD804 
 266      6C050FD8 
 266      BEF9B2
 267 0387 736EF81B 		.ascii	"sn\370\033v\363\304\324\216\357\223\010\221\363\206"
 267      76F3C4D4 
 267      8EEF9308 
 267      91F386
 268 0396 5B9DCD4E 		.ascii	"[\235\315Nx\236!;J\243r\3248\036S\244j\327\351\207."
 268      789E213B 
 268      4AA372D4 
 268      381E53A4 
 268      6AD7E987 
 269 03ab 38852167 		.ascii	"8\205!g\237^\315\324\342\003\014\351\030\273\270\317"
 269      9F5ECDD4 
 269      E2030CE9 
 269      18BBB8CF 
 270 03bb 8D69F102 		.ascii	"\215i\361\002I\365\273\347\033\265L\226\210\000_8t\271"
 270      49F5BBE7 
 270      1BB54C96 
 270      88005F38 
 270      74B9
 271 03cd D7051732 		.ascii	"\327\005\0272\332\352\212\323\215\\\3437Hz'\211Mn\270"
 271      DAEA8AD3 
 271      8D5CE337 
 271      487A2789 
 271      4D6EB8
 272 03e0 8CDD6B4C 		.ascii	"\214\335kL\214\212\327\3423\024\021.\034i\211v\350\277"
 272      8C8AD7E2 
 272      3314112E 
 272      1C698976 
 272      E8BF
 273 03f2 2B8EFC67 		.ascii	"+\216\374gN\323\200\357\272\300w\235\012\276k\034z:"
 273      4ED380EF 
 273      BAC0779D 
 273      0ABE6B1C 
 273      7A3A
 274 0404 E1895B98 		.ascii	"\341\211[\230\264\350\257\213\322\211\232\032\226\227"
 274      B4E8AF8B 
 274      D2899A1A 
 274      9697
 275 0412 CE70E9F6 		.ascii	"\316p\351\366\330\\\271\232]\"\314\266\020G\355\271"
 275      D85CB99A 
 275      5D22CCB6 
 275      1047EDB9 
 276 0422 76DC03B7 		.ascii	"v\334\003\2673\235\362\347r\"x\336\210\213t\352\007"
 276      339DF2E7 
 276      722278DE 
 276      888B74EA 
 276      07
ARM GAS  /tmp/ccijVJZg.s 			page 21


 277 0433 9D345CA7 		.ascii	"\2354\\\247^\270\330c\215ie\313/N\221\274\351\003\265"
 277      5EB8D863 
 277      8D6965CB 
 277      2F4E91BC 
 277      E903B5
 278 0446 AE4A6A69 		.ascii	"\256Jji\270V\023\263cej\334\317D\014n\357\315\363p$"
 278      B85613B3 
 278      63656ADC 
 278      CF440C6E 
 278      EFCDF370 
 279 045b 62D0A188 		.ascii	"b\320\241\210\223\211\253\013\211\210\001\020qM\022"
 279      9389AB0B 
 279      89880110 
 279      714D12
 280 046a D167B1BC 		.ascii	"\321g\261\274'\276\263_\203o1\031\243i}\011\236\216"
 280      27BEB35F 
 280      836F3119 
 280      A3697D09 
 280      9E8E
 281 047c 64DC7028 		.ascii	"d\334p(c\266\203\247\346\020\010\271.\011\031\260\010"
 281      63B683A7 
 281      E61008B9 
 281      2E0919B0 
 281      08
 282 048d D93B3970 		.ascii	"\331;9p\337\225\305\326\007\320\304\311\344\036'|\237"
 282      DF95C5D6 
 282      07D0C4C9 
 282      E41E277C 
 282      9F
 283 049e 79DBD281 		.ascii	"y\333\322\201\227\261\016\274/\361J9\306S\354^\334\321"
 283      97B10EBC 
 283      2FF14A39 
 283      C653EC5E 
 283      DCD1
 284 04b0 B8460FFC 		.ascii	"\270F\017\374\214!\271g\252\277q\306\011j6\252;\342"
 284      8C21B967 
 284      AABF71C6 
 284      096A36AA 
 284      3BE2
 285 04c2 9616EF63 		.ascii	"\226\026\357c\310\215kM%\0368\207!\325\323{\253=q>C"
 285      C88D6B4D 
 285      251E3887 
 285      21D5D37B 
 285      AB3D713E 
 286 04d7 2EDD7A3E 		.ascii	".\335z>\241\305\305\014i\017\317\201<-\347c\304\371"
 286      A1C5C50C 
 286      690FCF81 
 286      3C2DE763 
 286      C4F9
 287 04e9 3D3A7C9A 		.ascii	"=:|\232\"\302dV\377\270C\337\216:\262\333\234AR\352"
 287      22C26456 
 287      FFB843DF 
 287      8E3AB2DB 
 287      9C4152EA 
 288 04fd 11D8FC50 		.ascii	"\021\330\374P\301\346\326\361\355\013\236\270\216I\333"
 288      C1E6D6F1 
 288      ED0B9EB8 
ARM GAS  /tmp/ccijVJZg.s 			page 22


 288      8E49DB
 289 050c B1EB619E 		.ascii	"\261\353a\236\007\276\300\220\371{\251W\021\263X\007"
 289      07BEC090 
 289      F97BA957 
 289      11B35807 
 290 051c 6844F5D5 		.ascii	"hD\365\325dOV\025C4\027/gO\272\340\036F[\231\274\023"
 290      644F5615 
 290      4334172F 
 290      674FBAE0 
 290      1E465B99 
 291 0532 741E60C8 		.ascii	"t\036`\310\340\356\035\325nx\214!\265\211\023\247\\"
 291      E0EE1DD5 
 291      6E788C21 
 291      B58913A7 
 291      5C
 292 0543 F1344362 		.ascii	"\3614Cbgn\226xb\321\311\246\222V\260Jz\024ug\210\027"
 292      676E9678 
 292      62D1C9A6 
 292      9256B04A 
 292      7A147567 
 293 0559 E14A400F 		.ascii	"\341J@\017t\325O8\341XFZ\034}\273\300\005\356yA\252"
 293      74D54F38 
 293      E158465A 
 293      1C7DBBC0 
 293      05EE7941 
 294 056e 2359FFF5 		.ascii	"#Y\377\365b\375\267\314<Y\244\306\011\224Vh/\275zN\336"
 294      62FDB7CC 
 294      3C59A4C6 
 294      09945668 
 294      2FBD7A4E 
 295 0583 7F7F4453 		.ascii	"\177\177DSW\024\264\350\231d\276\227\265\375\216\345"
 295      5714B4E8 
 295      9964BE97 
 295      B5FD8EE5 
 296 0593 8A9A952A 		.ascii	"\212\232\225*\364\246\027z\003\234\370\034\234\350\305"
 296      F4A6177A 
 296      039CF81C 
 296      9CE8C5
 297 05a2 9DF8149C 		.ascii	"\235\370\024\234\270\300\233oV~\203;\336\315\004<L}"
 297      B8C09B6F 
 297      567E833B 
 297      DECD043C 
 297      4C7D
 298 05b4 B00D5B05 		.ascii	"\260\015[\005\234L\364\242\211\033\011\002\302\005\253"
 298      9C4CF4A2 
 298      891B0902 
 298      C205AB
 299 05c3 0090A72C 		.ascii	"\000\220\247,!BP\224\020\221\322y\324\025g3\011\251"
 299      21425094 
 299      1091D279 
 299      D4156733 
 299      09A9
 300 05d5 4545852E 		.ascii	"EE\205.V\011\263;\177QC$\304\200\204(IB\244#\011\321"
 300      5609B33B 
 300      7F514324 
 300      C4808428 
 300      4942A423 
ARM GAS  /tmp/ccijVJZg.s 			page 23


 301 05eb CA122CC9 		.ascii	"\312\022,\311\275\202%wC~\345\240;\316g\376\335\021"
 301      BD822577 
 301      437EE5A0 
 301      3BCE67FE 
 301      DD11
 302 05fd FFAC18E3 		.ascii	"\377\254\030\343\022&}\272\346@\231\325\201\346\031"
 302      12267DBA 
 302      E64099D5 
 302      81E619
 303 060c 5897ED00 		.ascii	"X\227\355\000\311q\337A\362ve\31151\023\241\370\024"
 303      C971DF41 
 303      F27665C9 
 303      353113A1 
 303      F814
 304 061e 9374B0BE 		.ascii	"\223t\260\276\270\335\031\233\231\244\247\327\037Vx"
 304      B8DD199B 
 304      99A4A7D7 
 304      1F5678
 305 062d 5825CD81 		.ascii	"X%\315\201\244D\220\364\365w\220\224\240,)\253\246\275"
 305      A44490F4 
 305      F5779094 
 305      A02C29AB 
 305      A6BD
 306 063f 408DCF33 		.ascii	"@\215\3173QWfj\346t\270\215\"\352\322\210\3539 \312"
 306      5157666A 
 306      E674B88D 
 306      22EAD288 
 306      EB3920CA 
 307 0653 0B013162 		.ascii	"\013\0011b\002\311\212K\205v\201\304d\001[Vi\031\"H"
 307      02C98A4B 
 307      857681C4 
 307      64015B56 
 307      69192248 
 308 0667 1BFB0BB9 		.ascii	"\033\373\013\271\014\347.\364\250 \177'\310'\267T(U"
 308      0CE72EF4 
 308      A8207F27 
 308      C827B754 
 308      2855
 309 0679 F0422902 		.ascii	"\360B)\002\225\336\327t1J\243\345\324I\337F];rp\267"
 309      95DED774 
 309      314AA3E5 
 309      D449DF46 
 309      5D3B7270 
 310 068e 5AB7DD3A 		.ascii	"Z\267\335:;\2404\320DZ\304\245\013:\276\024\314\352"
 310      3BA034D0 
 310      445AC4A5 
 310      0B3ABE14 
 310      CCEA
 311 06a0 AD1C54E3 		.ascii	"\255\034T\343+\314\250[b}\247\200\007\030Rt`\360\220"
 311      2BCCA85B 
 311      627DA780 
 311      07185274 
 311      60F090
 312 06b3 2BBEC390 		.ascii	"+\276\303\220\232\276\235\367\334\361\003\206\014\036"
 312      9ABE9DF7 
 312      DCF10386 
 312      0C1E
ARM GAS  /tmp/ccijVJZg.s 			page 24


 313 06c1 7B765A83 		.ascii	"{vZ\203G\031\222um\274\310\031O0\237\327/\224\236U#"
 313      47199275 
 313      6DBCC819 
 313      4F309FD7 
 313      2F949E55 
 314 06d6 9D8F4CB0 		.ascii	"\235\217L\260l\361\210\262@\325Ou\334\377,\377\246G"
 314      6CF188B2 
 314      40D54F75 
 314      DCFF2CFF 
 314      A647
 315 06e8 3766D68A 		.ascii	"7f\326\212\342Kh\277\240C\373\244\340|\252c\3725_\331"
 315      E24B68BF 
 315      A043FBA4 
 315      E07CAA63 
 315      FA355FD9 
 316 06fc 71468D0F 		.ascii	"qF\215\017h\250\254\303-C\242\023\316c\310\351\355-"
 316      68A8ACC3 
 316      2D43A213 
 316      CE63C8E9 
 316      ED2D
 317 070e 0B2EB880 		.ascii	"\013.\270\200!\031U\261\021Z|\224!C\021\215\235.\270"
 317      211955B1 
 317      115A7C94 
 317      2143118D 
 317      9D2EB8
 318 0721 9821E38F 		.ascii	"\230!\343\217\272\026\334q)C\304\331\332>\015\256`H"
 318      BA16DC71 
 318      2943C4D9 
 318      DA3E0DAE 
 318      6048
 319 0733 FFAE9921 		.ascii	"\377\256\231!W\\\305\220\302\347\223\211:\\\303\220"
 319      575CC590 
 319      C2E79389 
 319      3A5CC390 
 320 0743 99D3EDB9 		.ascii	"\231\323\355\271\002\353\026\336\200\0361\357h\306,"
 320      02EB16DE 
 320      801E31EF 
 320      68C62C
 321 0752 B9B385A7 		.ascii	"\271\263\205\247\202[kqk\271\006y\363\337ro\237\\b\356"
 321      825B6B71 
 321      6BB90679 
 321      F3DF726F 
 321      9F5C62EE 
 322 0766 50FFD88B 		.ascii	"P\377\330\213\005d\375\253\241\266d\203-\245\302r\311"
 322      0564FDAB 
 322      A1B66483 
 322      2DA5C272 
 322      C9
 323 0777 F839EAF9 		.ascii	"\3709\352\371B\362WE\007\230O\264\300\002\323\217R\037"
 323      42F25745 
 323      07984FB4 
 323      C002D38F 
 323      521F
 324 0789 B0A76EA5 		.ascii	"\260\247n\245\324k$\342L\2118\317\236\330\327\236s\271"
 324      D46B24E2 
 324      4C8938CF 
 324      9ED8D79E 
ARM GAS  /tmp/ccijVJZg.s 			page 25


 324      73B9
 325 079b 449CA3AC 		.ascii	"D\234\243\254\207\214s\211D|\320\236\270a\221\322\031"
 325      878C7389 
 325      447CD09E 
 325      B86191D2 
 325      19
 326 07ac 12F56145 		.ascii	"\022\365aE=d\234\367K\264\207\2249\313\210\253$\342"
 326      3D649CF7 
 326      4BB48794 
 326      39CB88AB 
 326      24E2
 327 07be 4C7BE2DB 		.ascii	"L{\342\333\022q2\257.\021\251U\350\010d|\001d"
 327      127132AF 
 327      2E11A955 
 327      E808647C 
 327      0164
 328 07d0 3CCAE723 		.ascii	"<\312\347# {\320I\310\262\022\301\033\025\001\034\007"
 328      207BD049 
 328      C8B212C1 
 328      1B15011C 
 328      07
 329 07e1 2806380A 		.ascii	"(\0068\012P\006p\014\240\020\340\204\340M+\222\211."
 329      5006700C 
 329      A010E084 
 329      E04D2B92 
 329      892E
 330 07f3 9344E72A 		.ascii	"\223D\347*\007\202y\200\265\222=;t\"\024/P\251x\266"
 330      07827980 
 330      B5923D3B 
 330      7422142F 
 330      50A978B6 
 331 0807 F25A4A4A 		.ascii	"\362ZJJ\330\177Z\220\027\235\234\221\012\225[\213\256"
 331      D87F5A90 
 331      179D9C91 
 331      0A955B8B 
 331      AE
 332 0818 E2F9C898 		.ascii	"\342\371\310\230\023>O\223\015\017wgg\273!\310\242d"
 332      133E4F93 
 332      0D0F7767 
 332      67BB21C8 
 332      A264
 333 082a 3EF152CB 		.ascii	">\361R\313\254\362+@\241S\334\262*\260\254R\2569\224"
 333      ACF22B40 
 333      A153DCB2 
 333      2AB0AC52 
 333      AE3994
 334 083d CF6F0A06 		.ascii	"\317o\012\006o\213\342N\035a\217\366rb\205\2100\335"
 334      6F8BE24E 
 334      1D618FF6 
 334      72628588 
 334      30DD
 335 084f 4BB753DD 		.ascii	"K\267S\335O-\322=\361\332\331\021\001\267\263\374\177"
 335      4F2DD23D 
 335      F1DAD911 
 335      01B7B3FC 
 335      7F
 336 0860 70B7B05B 		.ascii	"p\267\260[\300\275\014\311\274^7\310\327-\015\364Y\355"
ARM GAS  /tmp/ccijVJZg.s 			page 26


 336      C0BD0CC9 
 336      BC5E37C8 
 336      D72D0DF4 
 336      59ED
 337 0872 7A6A9C8E 		.ascii	"zj\234\216W\003yzll\177^\353\212o2\342\322\347\0051"
 337      5703797A 
 337      6C6C7F5E 
 337      EB8A6F32 
 337      E2D2E705 
 338 0887 188F50E4 		.ascii	"\030\217P\344\237\272\357\304\246A\005-\367\326-\207"
 338      9FBAEFC4 
 338      A641052D 
 338      F7D62D87 
 339 0897 3FDE3A5A 		.ascii	"?\336:Z,`\250\0179\300\337\025p\001ny\373x\353t>\336"
 339      2C60A80F 
 339      39C0DF15 
 339      70016E79 
 339      FB78EB74 
 340 08ad E468FDC1 		.ascii	"\344h\375\301]\037\335r^X=\323\241\207\017\307\220\010"
 340      5D1FDD72 
 340      5E583DD3 
 340      A1870FC7 
 340      9008
 341 08bf CD818DE7 		.ascii	"\315\201\215\347`\242\255s\224\2436\331q\031(H\370P"
 341      60A2AD73 
 341      94A336D9 
 341      71192848 
 341      F850
 342 08d1 1B1F427C 		.ascii	"\033\037B|8\013>\234\201\014\250\0078k\223\0053\006"
 342      380B3E9C 
 342      810CA807 
 342      386B9305 
 342      3306
 343 08e3 52BB0D20 		.ascii	"R\273\015 \242QY\004\365\243,\274\347l\302K\0062\227"
 343      A2515904 
 343      F5A32CBC 
 343      E76CC24B 
 343      063297
 344 08f6 DA28510B 		.ascii	"\332(Q\013)ZCRt\032\0047q%\236\300\371cP`\012`\022`"
 344      295A4352 
 344      741A0437 
 344      71259EC0 
 344      F9635060 
 345 090e 02601C60 		.ascii	"\002`\034`\014`\024\340\021\300C\200o\000\372\000\272"
 345      0C6014E0 
 345      11C04380 
 345      6F00FA00 
 345      BA
 346 091f 002E015C 		.ascii	"\000.\001\\\004h\0018\017\320\014\320h\223\014}sk\373"
 346      04680138 
 346      0FD00CD0 
 346      68930C7D 
 346      736BFB
 347 0932 59038226 		.ascii	"Y\003\202&{\006R\241In\303I\0075dU\3604\037\361WS\320"
 347      7B0652A1 
 347      496EC349 
 347      07356455 
ARM GAS  /tmp/ccijVJZg.s 			page 27


 347      F0341FF1 
 348 0949 DCD9EDB5 		.ascii	"\334\331\355\265G4Ga\372\370V\201\354\024,_\324k\252"
 348      47344761 
 348      FAF85681 
 348      EC142C5F 
 348      D46BAA
 349 095c D37EC8E8 		.ascii	"\323~\310\350/\200o\353\225\351\355\203Rg\023\224\013"
 349      2F806FEB 
 349      95E9ED83 
 349      52671394 
 349      0B
 350 096d ACE618BB 		.ascii	"\254\346\030\273}\026\361\344\011\250\303\236]\273\255"
 350      7D16F1E4 
 350      09A8C39E 
 350      5DBBAD
 351 097c 782896A4 		.ascii	"x(\226\244n\332\026\310\202\276[\231z\215D<\363\011"
 351      6EDA16C8 
 351      82BE5B99 
 351      7A8D443C 
 351      F309
 352 098e A16D059A 		.ascii	"\241m\005\232[\234\266\011hI\342\240\233\016<o%\350"
 352      5B9CB609 
 352      6849E2A0 
 352      9B0E3C6F 
 352      25E8
 353 09a0 046FB771 		.ascii	"\004o\267q\317w\300y;x\356\262\215\347&wpO\220,k\001"
 353      CF77C079 
 353      3B78EEB2 
 353      8DE72677 
 353      704F902C 
 354 09b6 016D0EFA 		.ascii	"\001m\016\372?\023`\266\023p\201\217p,`\214\265@\302"
 354      3F1360B6 
 354      1370818F 
 354      702C608C 
 354      B540C2
 355 09c9 FEBC227B 		.ascii	"\376\274\"{Y\023\271\316\032`\233m\023a\363\371\370"
 355      5913B9CE 
 355      1A609B6D 
 355      1361F3F9 
 355      F8
 356 09da FCDA8C9D 		.ascii	"\374\332\214\235\3410\237\023O\\\224\326\304\204\230"
 356      E1309F13 
 356      4F5C94D6 
 356      C48498
 357 09e9 BB6AA87F 		.ascii	"\273j\250\177.\264u\2025\255+@u\307\336\267\267\027"
 357      2EB47582 
 357      35AD2B40 
 357      75C7DEB7 
 357      B717
 358 09fb 15B47D53 		.ascii	"\025\264}S\274\0126\364p{z\341\274\3336\315\344\316"
 358      BC0A36F4 
 358      707B7AE1 
 358      BCDB36CD 
 358      E4CE
 359 0a0d 22D6F428 		.ascii	"\"\326\364([\243\314\373.\037`\317\233\331\336\316l"
 359      5BA3CCFB 
 359      2E1F60CF 
ARM GAS  /tmp/ccijVJZg.s 			page 28


 359      9BD9DECE 
 359      6C
 360 0a1e EF51B6FD 		.ascii	"\357Q\266\375\243=I\304vb\325\260d{\217\215\355\037"
 360      A33D49C4 
 360      7662D5B0 
 360      647B8F8D 
 360      ED1F
 361 0a30 596CEF17 		.ascii	"Yl\357\027V\240{\312\266S\365v*\251\247\242\303\210"
 361      56A07BCA 
 361      B653F576 
 361      2AA9A7A2 
 361      C388
 362 0a42 6E0F40B7 		.ascii	"n\017@\267\021\210\343}\200{\000\267\001\006\001\006"
 362      1188E37D 
 362      807B00B7 
 362      01060106 
 363 0a52 00AED9F8 		.ascii	"\000\256\331\370\243\266\223\306\226d\375}\220G\030"
 363      A3B693C6 
 363      9664FD7D 
 363      904718
 364 0a61 389CB2B3 		.ascii	"8\234\262\263Rd%7\362m\324\013\035\224\363u\240}\340"
 364      52642537 
 364      F26DD40B 
 364      1D94F375 
 364      A07DE0
 365 0a74 9856569D 		.ascii	"\230VV\235C6\325y\235U\247MQL\302\335\0112~\034\030"
 365      4336D579 
 365      9D55A74D 
 365      514CC2DD 
 365      09327E1C 
 366 0a89 0EF138DC 		.ascii	"\016\3618\334\002[o\202]7$\273\300\227\317\237mIc\363"
 366      025B6F82 
 366      5D3724BB 
 366      C097CF9F 
 366      6D4963F3 
 367 0a9d 0279FEFC 		.ascii	"\002y\376\374\206\323;Xa@\354\372\234Ho$\2119\306i\255"
 367      86D33B58 
 367      6140ECFA 
 367      9C486F24 
 367      8939C669 
 368 0ab2 05629FE2 		.ascii	"\005b\237\342Ws\020\011\363\220m\230\371:o.\364\302"
 368      57731009 
 368      F3906D98 
 368      F93A6F2E 
 368      F4C2
 369 0ac4 140BE11D 		.ascii	"\024\013\341\0350|\352;\031~\027(%\303\3570\303\035"
 369      307CEA3B 
 369      197E1728 
 369      25C3EF30 
 369      C31D
 370 0ad6 CC256818 		.ascii	"\314%h\030\314\225\246\023Kr}\266\273\227,\224\011\247"
 370      CC95A613 
 370      4B727DB6 
 370      BB972C94 
 370      09A7
 371 0ae8 C7527235 		.ascii	"\307Rr5PV\026\315\266\234\347\232\301\014\360d\311\350"
 371      505616CD 
ARM GAS  /tmp/ccijVJZg.s 			page 29


 371      B69CE79A 
 371      C10CF064 
 371      C9E8
 372 0afa 8191C73B 		.ascii	"\201\221\307;x?$\035n\372\333\250wvX\273\341\214cZ\346"
 372      783F241D 
 372      6EFADBA8 
 372      777658BB 
 372      E18C635A 
 373 0b0f BEC797A9 		.ascii	"\276\307\227\251\373\200f\221\373\314\373.{\245\213"
 373      FB806691 
 373      FBCCFB2E 
 373      7BA58B
 374 0b1e E6704C1F 		.ascii	"\346pL\0379\347y\376\363g\031\2666\235\225M\001;/\273"
 374      39E779FE 
 374      F36719B6 
 374      369D954D 
 374      013B2FBB 
 375 0b32 89259FD1 		.ascii	"\211%\237\321\207\304m\202\002m\254 \321\316\265RZ\362"
 375      87C46D82 
 375      026DAC20 
 375      D1CEB552 
 375      5AF2
 376 0b44 9817AF44 		.ascii	"\230\027\257D+\237Z\256$\360<\207G!\224d?W.Z#\227\267"
 376      2B9F5AAE 
 376      24F03C87 
 376      47219464 
 376      3F572E5A 
 377 0b5b 5ADBE36E 		.ascii	"Z\333\343n{\342\326E\314\313$\352=\312\324\362(\264"
 377      7BE2D645 
 377      CCCB24EA 
 377      3DCAD4F2 
 377      28B4
 378 0b6d F2289085 		.ascii	"\362(\220\205[\206=\371\342\005\370~\306\234L\241\325"
 378      5B863DF9 
 378      E205F87E 
 378      C69C4CA1 
 378      D5
 379 0b7e CAD432BD 		.ascii	"\312\3242\275\367&\330\315\033M\016\346\015F\236\326"
 379      F726D8CD 
 379      1B4D0EE6 
 379      0D469ED6 
 380 0b8e 6A330B2C 		.ascii	"j3\013,&\226\305xW\002\355\204M\312\235p\313a\272\031"
 380      2696C578 
 380      5702ED84 
 380      4DCA9D70 
 380      CB61BA19 
 381 0ba2 46D2DA2C 		.ascii	"F\322\332,=\3255\311:a\317\364o\322\017\213\226I\263"
 381      3DD535C9 
 381      3A61CFF4 
 381      6FD20F8B 
 381      9649B3
 382 0bb5 992FB91C 		.ascii	"\231/\271\034V\344\244\037\221Vg+MV@\3636\235eN\241"
 382      56E4A41F 
 382      9156672B 
 382      4D5640F3 
 382      369D654E 
 383 0bca B3589783 		.ascii	"\263X\227\203\013P^K-\007y\013\270Cs\230\360\275$\225"
ARM GAS  /tmp/ccijVJZg.s 			page 30


 383      0B505E4B 
 383      2D07790B 
 383      B8437398 
 383      F0BD2495 
 384 0bde 5B1DB500 		.ascii	"[\035\265\000V\272\243\317\212nx\310\337\2224\330T\370"
 384      56BAA3CF 
 384      8A6E78C8 
 384      DF9234D8 
 384      54F8
 385 0bf0 5341FE9A 		.ascii	"SA\376\232\244\357|\227\357\252l1;[\034J\311\375c~9"
 385      A4EF7C97 
 385      EFAA6C31 
 385      3B5B1C4A 
 385      C9FD637E 
 386 0c05 D4E83235 		.ascii	"\324\35025\241Ae\022\3532\371k\205g\002y\255\260?{("
 386      A1416512 
 386      EB32F96B 
 386      85670279 
 386      ADB03F7B 
 387 0c1a CA151F74 		.ascii	"\312\025\037t\241k\353\313\015#w\235\324\002_j\002k"
 387      A16BEBCB 
 387      0D23779D 
 387      D4025F6A 
 387      026B
 388 0c2c B2528FED 		.ascii	"\262R\217\355\274\271\204\026\341\230h!b\256\306\205"
 388      BCB98416 
 388      E1986821 
 388      62AEC685 
 389 0c3c E61B5D5A 		.ascii	"\346\033]Z\246\207\371\311\005\366vc-!B\317\245\030"
 389      A687F9C9 
 389      05F67663 
 389      2D2142CF 
 389      A518
 390 0c4e 3D17646A 		.ascii	"=\027djD`\242\306|\334\215Y\035.s\254FAdf\221\343WF"
 390      4460A2C6 
 390      7CDC8D59 
 390      1D2E73AC 
 390      46416466 
 391 0c66 D1548B28 		.ascii	"\321T\213(\213\026\303\337d\3068\201\026C\220\004)y"
 391      8B16C3DF 
 391      64C63881 
 391      16439004 
 391      2979
 392 0c78 7FDC5372 		.ascii	"\177\334Sr[\334\266\214R\241H,\355\316`\266m\202b\250"
 392      5BDCB68C 
 392      52A1482C 
 392      EDCE60B6 
 392      6D8262A8 
 393 0c8c 0A3D53D3 		.ascii	"\012=S\323uZ<\314T\250M-\336\315_\260\264\011\304\256"
 393      755A3CCC 
 393      54A84D2D 
 393      DECD5FB0 
 393      B409C4AE 
 394 0ca0 E9E41ABE 		.ascii	"\351\344\032\276\177/~\017\360m7b;\265\354\376\014\335"
 394      7F2F7E0F 
 394      F06D3762 
 394      3BB5ECFE 
ARM GAS  /tmp/ccijVJZg.s 			page 31


 394      0CDD
 395 0cb2 C28BC9BA 		.ascii	"\302\213\311\272\304w\377z\311\016_\365\323\354\012"
 395      C477FF7A 
 395      C90E5FF5 
 395      D3EC0A
 396 0cc1 35DFEF77 		.ascii	"5\337\357w\007<\355\356\245\011W<\302\230\217\336\210"
 396      073CEDEE 
 396      A509573C 
 396      C2988FDE 
 396      88
 397 0cd2 3CE8891F 		.ascii	"<\350\211\0373$\273e[\253+\236eHIRx8\306q\256lWu\264"
 397      3324BB65 
 397      5BAB2B9E 
 397      65484952 
 397      7838C671 
 398 0ceb 215A431E 		.ascii	"!ZC\036\366\"\227\336a\301\223\2033\025\256\310\333"
 398      F62297DE 
 398      61C19383 
 398      3315AEC8 
 398      DB
 399 0cfc 6779AE18 		.ascii	"gy\256\030\025Iz\364o\036\356\276C{t2\206\326\003\026"
 399      15497AF4 
 399      6F1EEEBE 
 399      437B7432 
 399      86D60316 
 400 0d10 A7E2A5CA 		.ascii	"\247\342\245\312l/-3\240\221'\276\362\322%\2213#\211"
 400      6C2F2D33 
 400      A09127BE 
 400      F2D22591 
 400      332389
 401 0d23 9D827DD0 		.ascii	"\235\202}\320N\314\022\232l\365\306=.V\343\024\252\273"
 401      4ECC129A 
 401      6CF5C63D 
 401      2E56E314 
 401      AABB
 402 0d35 90F72CE2 		.ascii	"\220\367,\342\204\026-w\360\304\231\016#\225\270XJ\373"
 402      84162D77 
 402      F0C4990E 
 402      2395B858 
 402      4AFB
 403 0d47 0FFBE822 		.ascii	"\017\373\350\"'\015HvI\361\"\012RI\263\273\357\307\271"
 403      270D4876 
 403      49F1220A 
 403      5249B3BB 
 403      EFC7B9
 404 0d5a E35CE6A5 		.ascii	"\343\\\346\245\330\276\263\215\356\270\200!\211'\373"
 404      D8BEB38D 
 404      EEB88021 
 404      8927FB
 405 0d69 173CF109 		.ascii	"\027<\361\011\246\303|\316\343\024\235u{\256\247\200"
 405      A6C37CCE 
 405      E3149D75 
 405      7BAEA780 
 406 0d79 165B26D6 		.ascii	"\026[&\326\242\014l\367jB\361\035\307^\254\370\"\353"
 406      A20C6CF7 
 406      6A42F11D 
 406      C75EACF8 
ARM GAS  /tmp/ccijVJZg.s 			page 32


 406      22EB
 407 0d8b 46FC4D58 		.ascii	"F\374MX\353\236f\362\222\316d\3278\343\006\206\034;"
 407      EB9E66F2 
 407      92CE64D7 
 407      38E30686 
 407      1C3B
 408 0d9d 3A5FA2A5 		.ascii	":_\242\245i\373\251%k{\243\273\366;\316\332l\232\265"
 408      69FBA925 
 408      6B7BA3BB 
 408      F63BCEDA 
 408      6C9AB5
 409 0db0 5996ACCD 		.ascii	"Y\226\254\315K\0203\264\362\207{\270/\243\316\301\226"
 409      4B1033B4 
 409      F2877BB8 
 409      2FA3CEC1 
 409      96
 410 0dc1 E99ABCF0 		.ascii	"\351\232\274\360\253H-t\303\027\231\241{vU\366z \037"
 410      AB482D74 
 410      C31799A1 
 410      7B7655F6 
 410      7A201F
 411 0dd4 1D337436 		.ascii	"\0353t6f\0051\364 \220\347J\206\302h\333n&g\216\016"
 411      660531F4 
 411      2090E74A 
 411      86C268DB 
 411      6E26678E 
 412 0de9 80AD36FC 		.ascii	"\200\2556\374\307\237\244\014y\342+\3140sYU\251\016"
 412      C79FA40C 
 412      79E22BCC 
 412      30735955 
 412      A90E
 413 0dfb 0F30647C 		.ascii	"\0170d|a_\005\177X_\001\350\323\353II\316\374Y\235$"
 413      615F057F 
 413      585F01E8 
 413      D3EB4949 
 413      CEFC599D 
 414 0e10 FEE4F9EB 		.ascii	"\376\344\371\353qn\370\021\0378\177\252_\207\037SD\233"
 414      716EF811 
 414      1F387FAA 
 414      5F871F53 
 414      449B
 415 0e22 5CBB7D97 		.ascii	"\\\273}\227+ZN\237\306}\340I\335\246s\346c/t\030\203"
 415      2B5A4E9F 
 415      C67DE049 
 415      DDA673E6 
 415      632F7418 
 416 0e37 26C5A0C9 		.ascii	"&\305\240\311Q\236\032\307\341\274\010{\243c\000%\000"
 416      519E1AC7 
 416      E1BC087B 
 416      A3630025 
 416      00
 417 0e48 6500A53C 		.ascii	"e\000\245<U\224G\347\201\301\337e\264e1\363\331\000"
 417      559447E7 
 417      81C1DF65 
 417      B46531F3 
 417      D900
 418 0e5a 5FCC9C00 		.ascii	"_\314\234\000\343\017\361\301\016\327\242U=t\356\"\264"
ARM GAS  /tmp/ccijVJZg.s 			page 33


 418      E30FF1C1 
 418      0ED7A255 
 418      3D74EE22 
 418      B4
 419 0e6b FB146965 		.ascii	"\373\024ie{8d\251\236I\037S\012\201\354\210\024\210"
 419      7B3864A9 
 419      9E491F53 
 419      0A81EC88 
 419      1488
 420 0e7d A378B97C 		.ascii	"\243x\271|\2357\300\227\352$/\367\3303\225M\266,\266"
 420      9D37C097 
 420      EA242FF7 
 420      D833954D 
 420      B62CB6
 421 0e90 15E9B454 		.ascii	"\025\351\264T\217bGsT!\226\317Q'\260\354\331\2643\235"
 421      8F624773 
 421      542196CF 
 421      5127B0EC 
 421      D9B4339D 
 422 0ea4 4FD4647F 		.ascii	"O\324d\177\324^\322\242\315\3003=|\315@\362h\277\262"
 422      D45ED2A2 
 422      CDC0333D 
 422      7CCD40F2 
 422      68BFB2
 423 0eb7 62CC5C88 		.ascii	"b\314\\\210\363\241\263O\314Z\034\315\336f4\266\266"
 423      F3A1B34F 
 423      CC5A1CCD 
 423      DE6634B6 
 423      B6
 424 0ec8 6539E14C 		.ascii	"e9\341L\206\324\337\253MW\223=\345\310\357X_\232\301"
 424      86D4DFAB 
 424      4D57933D 
 424      E5C8EF58 
 424      5F9AC1
 425 0edb ACB96144 		.ascii	"\254\271aD\266t M\230*O-\212[\034_\351\300\361\312s"
 425      B674204D 
 425      982A4F2D 
 425      8A5B1C5F 
 425      E9C0F1CA 
 426 0ef0 F1493E82 		.ascii	"\361I>\202\344\304i\220Y\003yp\012\240\012\240Z\236"
 426      E4C46990 
 426      59037970 
 426      0AA00AA0 
 426      5A9E
 427 0f02 0FE6E43E 		.ascii	"\017\346\344>n\263%\030\225\016\202A\373\2549\265\217"
 427      6EB32518 
 427      950E8241 
 427      FBAC39B5 
 427      8F
 428 0f13 A6430510 		.ascii	"\246C\005\020\227+\023\313\367\364\246Y\350*\361\342"
 428      972B13CB 
 428      F7F4A659 
 428      E82AF1E2 
 429 0f23 F5BE7956 		.ascii	"\365\276yVn\341!E\013\327pW\247\\81\342\214\017S\357"
 429      6EE12145 
 429      0BD77057 
 429      A75C3831 
ARM GAS  /tmp/ccijVJZg.s 			page 34


 429      E28C0F53 
 430 0f38 0A294FEA 		.ascii	"\012)O\352+\004k\227\2657\334\014\306~\233\341\226\\"
 430      2B046B97 
 430      B537DC0C 
 430      C67E9BE1 
 430      965C
 431 0f4a 0DCD2C21 		.ascii	"\015\315,!\271z\006\310k\245\\\255\264t\334S5\017\177"
 431      B97A06C8 
 431      6BA55CAD 
 431      B474DC53 
 431      350F7F
 432 0f5d CA6ADE8B 		.ascii	"\312j\336\213\274\211\036\0307\273\361Wi\244\346KZ\023"
 432      BC891E18 
 432      37BBF157 
 432      69A4E64B 
 432      5A13
 433 0f6f 32DD710D 		.ascii	"2\335q\015\213x\312\263\246zg\\\317\220\032\363d\255"
 433      8B78CAB3 
 433      A67A675C 
 433      CF901AF3 
 433      64AD
 434 0f81 1AB73064 		.ascii	"\032\2670d\317\231\222&\214;\0312\232{\360\236\200\257"
 434      CF999226 
 434      8C3B1932 
 434      9A7BF09E 
 434      80AF
 435 0f93 3224392A 		.ascii	"2$9*{\330\023\0171\244(9<"
 435      7BD8130F 
 435      31A42839 
 435      3C
 436 0fa0 45C0F718 		.ascii	"E\300\367\030r,\342\3469g\374\204\".\323\015\275\317"
 436      722CE2E6 
 436      3967FC84 
 436      222ED30D 
 436      BDCF
 437 0fb2 DDF8AE38 		.ascii	"\335\370\2568\231\354\330\323\356g#\274\204\310\352"
 437      99ECD8D3 
 437      EE6723BC 
 437      84C8EA
 438 0fc1 B61194EF 		.ascii	"\266\021\224\357p\024\010\346\354\351\014\331\202\365"
 438      701408E6 
 438      ECE90CD9 
 438      82F5
 439 0fcf 823DBDED 		.ascii	"\202=\275\355\272\034\342\326\331\347\025N\311\351\032"
 439      BA1CE2D6 
 439      D9E7154E 
 439      C9E91A
 440 0fde 92932BAC 		.ascii	"\222\223+\254!\031\363\256>\353\322\271IY\025\031\361"
 440      2119F3AE 
 440      3EEBD2B9 
 440      49591519 
 440      F1
 441 0fef B85C9306 		.ascii	"\270\\\223\006{\362\305\213\376\301>\353\332\371\234"
 441      7BF2C58B 
 441      FEC13EEB 
 441      DAF99C
 442 0ffe 32B5     		.ascii	"2\265"
ARM GAS  /tmp/ccijVJZg.s 			page 35


 443 1000 AC55B467 		.ascii	"\254U\264g\320|\353P\232\325y\246\324A\333<K\332\346"
 443      D07CEB50 
 443      9AD579A6 
 443      D441DB3C 
 443      4BDAE6
 444 1013 79CE8D64 		.ascii	"y\316\215dJ;d\312%\310\220V\200\026\2006\200\313\000"
 444      4A3B64CA 
 444      25C89056 
 444      80168036 
 444      80CB00
 445 1026 17A599FE 		.ascii	"\027\245\231\376\366h\332}5\026\335\330\353\266\211"
 445      F668DA7D 
 445      3516DDD8 
 445      EBB689
 446 1035 9C6D6EC8 		.ascii	"\234mn\310g\271uY\236\261@\236!\257\000\273N)\223:h"
 446      67B97559 
 446      9EB1409E 
 446      21AF00BB 
 446      4E29933A 
 447 104a 26294BEF 		.ascii	"&)K\357\002\211\377\007\351mS\007\3424\370k*\035E\265"
 447      0289FF07 
 447      E96D5307 
 447      E234F86B 
 447      2A1D45B5 
 448 105e 85FF234E 		.ascii	"\205\377#Ng\347\303\3039\251\374#\230\037\020-O\034"
 448      67E7C3C3 
 448      39A9FC23 
 448      981F102D 
 448      4F1C
 449 1070 3FABD54A 		.ascii	"?\253\325J\357\232\311u\2515^\305\344}\226\257\027\352"
 449      EF9AC975 
 449      A9355EC5 
 449      E47D96AF 
 449      17EA
 450 1082 C5745A7F 		.ascii	"\305tZ\177x\250\365\004\231\326|\264\350/\2627\264>"
 450      78A8F504 
 450      99D67CB4 
 450      E82FB237 
 450      B43E
 451 1094 2C0D3393 		.ascii	",\0153\223o\246\273\342<fq\374\375[G<-_FdG\212\253\302"
 451      6FA6BBE2 
 451      3C6671FC 
 451      FD5B473C 
 451      2D5F4664 
 452 10ac D7C836C2 		.ascii	"\327\3106\302\006\301\002\037\336\326\372\301\304>,"
 452      06C1021F 
 452      DED6FAC1 
 452      C43E2C
 453 10bb 7D86F027 		.ascii	"}\206\360'\366-\315\000t\214k\222o|\370\253\354\330"
 453      F62DCD00 
 453      748C6B92 
 453      6F7CF8AB 
 453      ECD8
 454 10cd A8FC4437 		.ascii	"\250\374D7|\234\011\271p\250yV\220\275\245\375g\372"
 454      7C9C09B9 
 454      70A87956 
 454      90BDA5FD 
ARM GAS  /tmp/ccijVJZg.s 			page 36


 454      67FA
 455 10df E5CB0D18 		.ascii	"\345\313\015\030y]\0329\200\255\253\227Ez\014)\350A"
 455      795D1A39 
 455      80ADAB97 
 455      457A0C29 
 455      E841
 456 10f1 DEAC15F7 		.ascii	"\336\254\025\3677\250q\025\023r33\363\254\364*xzt\343"
 456      37A87115 
 456      13723333 
 456      F3ACF42A 
 456      787A74E3 
 457 1105 BE2E12BB 		.ascii	"\276.\022\273\333 \345\246$\345\306\022Rn)K\351\330"
 457      DB20E5A6 
 457      24E5C612 
 457      526E294B 
 457      E9D8
 458 1117 9F3BEABE 		.ascii	"\237;\352\276,\211\207{\355J\3122\036\356\357\300ts"
 458      2C89877B 
 458      ED4ACA32 
 458      1EEEEFC0 
 458      7473
 459 1129 022FB384 		.ascii	"\002/\263\204\000\250\235\347N\247D\251i]/\247=\237"
 459      00A89DE7 
 459      4EA744A9 
 459      695D2FA7 
 459      3D9F
 460 113b 96F51F16 		.ascii	"\226\365\037\026@\253\244\030\035!F=\240\315\010\244"
 460      40ABA418 
 460      1D21463D 
 460      A0CD08A4 
 461 114b 888505DA 		.ascii	"\210\205\005\332\216\355\312t\337 /S\222x\365\234\334"
 461      8EEDCA74 
 461      DF202F53 
 461      9278F59C 
 461      DC
 462 115c 9A62F63B 		.ascii	"\232b\366;\015e\377E\012\211t\273\335\234\324\3325\355"
 462      0D65FF45 
 462      0A8974BB 
 462      DD9CD4DA 
 462      35ED
 463 116e 1EE481B8 		.ascii	"\036\344\201\270\213\022\223\347\314\2579\261uC[\266"
 463      8B1293E7 
 463      CCAF39B1 
 463      75435BB6 
 464 117e 472BE5F6 		.ascii	"G+\345\366J\025\212\003\301\333\210\340n>\202n\247\201"
 464      4A158A03 
 464      C1DB88E0 
 464      6E3E826E 
 464      A781
 465 1190 AF862197 		.ascii	"\257\206!\227\357\001|\003p\037\340\256\274\017\233"
 465      EF017C03 
 465      701FE0AE 
 465      BC0F9B
 466 119f 77EDA735 		.ascii	"w\355\2475;\262h\216\200{5\203|r\"\253\342\004\316\326"
 466      3BB2688E 
 466      807B3583 
 466      7C7222AB 
ARM GAS  /tmp/ccijVJZg.s 			page 37


 466      E204CED6 
 467 11b3 5AFE376D 		.ascii	"Z\3767m'\344\232\350\250'\356\370\034\213\362\340d\343"
 467      27E49AE8 
 467      A827EEF8 
 467      1C8BF2E0 
 467      64E3
 468 11c5 257985AE 		.ascii	"%y\205\256\335?E\242<\012\343\037JQ\036\261\253P\271"
 468      DD3F45A2 
 468      3C0AE31F 
 468      4A511EB1 
 468      AB50B9
 469 11d8 158F40F3 		.ascii	"\025\217@\363\357b\005Y\021O-4\253_9@\037\275\372\347"
 469      EF620559 
 469      114F2D34 
 469      AB5F3940 
 469      1FBDFAE7 
 470 11ec 3E8A8B6C 		.ascii	">\212\213l\021\305\034\035\025\026\313\204Y\331\252"
 470      11C51C1D 
 470      1516CB84 
 470      59D9AA
 471 11fb C815F83B 		.ascii	"\310\025\370;\206_!/\364\037\234\217\322\340vV\312\217"
 471      865F212F 
 471      F41F9C8F 
 471      D2E07656 
 471      CA8F
 472 120d 67B73FE2 		.ascii	"g\267?\342\213\314\027\001\355\312I\037\342\023N\011"
 472      8BCC1701 
 472      EDCA491F 
 472      E2134E09 
 473 121d 9970DA52 		.ascii	"\231p\332R\353z\\p\037\243\265|x\261\202}x\0213\\\325"
 473      EB7A5C70 
 473      1FA3B57C 
 473      78B1827D 
 473      7811335C 
 474 1232 80F07D37 		.ascii	"\200\360}7\233/\243V\260/\243*\353z\240\315>f\367\232"
 474      9B2FA356 
 474      B02FA32A 
 474      EB7AA0CD 
 474      3E66F79A 
 475 1246 AF6E6BF1 		.ascii	"\257nk\361\304\021:\212\354\\\210OV\343D\206X\276\246"
 475      C4113A8A 
 475      EC5C884F 
 475      56E34486 
 475      58BEA6
 476 1259 5BC1BEA6 		.ascii	"[\301\276\246\313\035\337[\257\301Y\354^\337\241\203"
 476      CB1DDF5B 
 476      AFC159EC 
 476      5EDFA183 
 477 1269 57102E64 		.ascii	"W\020.dH|O\376E->\305\220\252\332\330\0217|\216!\265"
 477      487C4FFE 
 477      452D3EC5 
 477      90AADAD8 
 477      11377C8E 
 478 127f 23755118 		.ascii	"#uQ\030\2671\244\271\243pX\215\2571\344JyE\2523\036"
 478      B731A4B9 
 478      A370588D 
 478      AF31E44A 
ARM GAS  /tmp/ccijVJZg.s 			page 38


 478      7945AA33 
 479 1294 61C8D895 		.ascii	"a\310\330\225\2564W\374\204!\347\236O\233=\231\321\344"
 479      AE3457FC 
 479      8421E79E 
 479      4F9B3D99 
 479      D1E4
 480 12a6 91F37CD9 		.ascii	"\221\363|\3311\321\011\207\273\323{\207\346\346\307"
 480      31D10987 
 480      BBD37B87 
 480      E6E6C7
 481 12b5 C80BE257 		.ascii	"\310\013\342W\311\307RX\326\240^e\015\352L\313\371<"
 481      C9C75258 
 481      D6A05E65 
 481      0DEA4CCB 
 481      F93C
 482 12c7 1D8EA7C4 		.ascii	"\035\216\247\304BG\335\356\247n\226\006\005+/\255\217"
 482      4247DDEE 
 482      A76E9606 
 482      052B2FAD 
 482      8F
 483 12d8 0A4D83D3 		.ascii	"\012M\203\323\243\324\244r\324>d\020\255\330X\265\027"
 483      A3D4A472 
 483      D43E6410 
 483      ADD858B5 
 483      17
 484 12e9 8A514BFD 		.ascii	"\212QK\375\351\365J\322d\342\324Z\264MmM\214Wy{\252"
 484      E9F54AD2 
 484      64E2D45A 
 484      B44D6D4D 
 484      8C57797B 
 485 12fe 4DEEBFAB 		.ascii	"M\356\277\253\305\351L\304\301[b\265\332\221\210\257"
 485      C5E94CC4 
 485      C15B62B5 
 485      DA9188AF 
 486 130e 1D8A3899 		.ascii	"\035\2128\231\370*\355c\361 b\207$\002$\362\307\232"
 486      F82AED63 
 486      F1206287 
 486      240224F2 
 486      C79A
 487 1320 BC48B31A 		.ascii	"\274H\263\032g3\233\353\357f\247\271\341|\206\334{>"
 487      67339BEB 
 487      EF66A7B9 
 487      E17C86DC 
 487      7B3E
 488 1332 3521E012 		.ascii	"5!\340\022\206\324M\224\034\346\235\236\370\"}\260|"
 488      86D44D94 
 488      1CE69D9E 
 488      F8227DB0 
 488      7C
 489 1343 56E7B0D3 		.ascii	"V\347\260\323\357T\363N\237\254\246\275i\250\272\367"
 489      EF54F34E 
 489      9FACA6BD 
 489      69A8BAF7 
 490 1353 32E2BDC9 		.ascii	"2\342\275\311,\256E\364\023\012\211<E\275\3142\210>"
 490      2CAE45F4 
 490      130A893C 
 490      45BDCC32 
ARM GAS  /tmp/ccijVJZg.s 			page 39


 490      883E
 491 1365 D85F6F2C 		.ascii	"\330_o,v\305\265T\356\212'\315\361\007uh\271\267\335"
 491      76C5B554 
 491      EE8A27CD 
 491      F1077568 
 491      B9B7DD
 492 1378 CF47FE30 		.ascii	"\317G\3760#\250\320$8b\202&\370.5+\232<\360\310>\265"
 492      23A8D024 
 492      38628226 
 492      F82E352B 
 492      9A3CF0C8 
 493 138e 37DA0B90 		.ascii	"7\332\013\220\006\220\001\220\015\220\016\260\037 \037"
 493      06900190 
 493      0D900EB0 
 493      1F201F
 494 139d 600FC06E 		.ascii	"`\017\300n\200C\000Y\0009\000\007\000r\001\016\002\034"
 494      80430059 
 494      00390007 
 494      0072010E 
 494      021C
 495 13af 06C854CB 		.ascii	"\006\310T\313\237_N>\332\332}+\232lH\222\257w\022\300"
 495      9F5F4E3E 
 495      DADA7D2B 
 495      9A6C4892 
 495      AF7712C0 
 496 13c3 9F441EDF 		.ascii	"\237D\036\337\220\364\265\337\273\234\372\223\030\251"
 496      90F4B5DF 
 496      BB9CFA93 
 496      18A9
 497 13d1 A19411B6 		.ascii	"\241\224\021\266\224l]\362\246l\317\335J\371\014+P\332"
 497      946C5DF2 
 497      A66CCFDD 
 497      4AF90C2B 
 497      50DA
 498 13e3 6C885A49 		.ascii	"l\210ZI\237+\221\312W/c~b\264\206F>\232\313\267&\214"
 498      9F2B91CA 
 498      572F637E 
 498      62B48646 
 498      3E9ACBB7 
 499 13f9 AFFD9EEC 		.ascii	"\257\375\236\3545+\333D\005\253\344\\K\032\335,\016"
 499      352BDB44 
 499      05ABE45C 
 499      4B1ADD2C 
 499      0E
 500 140a 48B5256D 		.ascii	"H\265%m\265U\226\355\316\003W\0100J\342\244\016\037"
 500      B55596ED 
 500      CE035708 
 500      304AE2A4 
 500      0E1F
 501 141c F59E5815 		.ascii	"\365\236X\025\010Wr\3264\226H\223$\015\026\224|0/\243"
 501      085772D6 
 501      34964893 
 501      240D1694 
 501      7C302FA3 
 502 1430 9DB0B28D 		.ascii	"\235\260\262\215Tb+S`\247\304u\016+\330%#\335-\221\316"
 502      54622B53 
 502      60A7C475 
ARM GAS  /tmp/ccijVJZg.s 			page 40


 502      0E2BD825 
 502      23DD2D91 
 503 1445 2891CA95 		.ascii	"(\221\312\225M\223hg\225heY\220!\221>Q\"},c\373\314"
 503      4D936867 
 503      95686559 
 503      9021913E 
 503      51227D2C 
 504 145c 6AD75325 		.ascii	"j\327S%\027\314\312\236\203\256\032\310\024\007$\012"
 504      17CCCA9E 
 504      83AE1AC8 
 504      1407240A 
 505 146c FBF68D1E 		.ascii	"\373\366\215\036l\337\2360\232R\222)\217\374\214U\246"
 505      6CDF9E30 
 505      9A529229 
 505      8FFC8C55 
 505      A6
 506 147d A8E44BA6 		.ascii	"\250\344K\246\036Tp\367D[\261\006\217\263\276u\246\266"
 506      1E5470F7 
 506      445BB106 
 506      8FB3BE75 
 506      A6B6
 507 148f 7712DB3C 		.ascii	"w\022\333<1\311\352\025\025B\231\376\265J\226\177\035"
 507      31C9EA15 
 507      154299FE 
 507      B54A967F 
 507      1D
 508 14a0 D14877A1 		.ascii	"\321Hw\241\216\020!R\377#\336`\333.SQ\311N\313\271r"
 508      8E102152 
 508      FF23DE60 
 508      DB2E5351 
 508      C94ECBB9 
 509 14b5 6687CAA9 		.ascii	"f\207\312\251\376_5#S\334\235kO\2650k\227\320\355\343"
 509      FE5F3523 
 509      53DC9D6B 
 509      4FB5306B 
 509      97D0EDE3 
 510 14c9 F7327AA3 		.ascii	"\3672z\243Dq\031:\012\322\306\371\244-\3654r\345w\240"
 510      4471193A 
 510      0AD2C6F9 
 510      A42DF534 
 510      72E577A0 
 511 14dd 58919A4C 		.ascii	"X\221\232L\333\267\347\213\252\370w\245\032\262M\333"
 511      DBB7E78B 
 511      AAF877A5 
 511      1AB24DDB 
 512 14ed 319BEBEC 		.ascii	"1\233\353\354\260\025\027[Z\3611\326\212\247\266GO\363"
 512      B015175B 
 512      5AF131D6 
 512      8AA7B647 
 512      4FF3
 513 14ff FF12209F 		.ascii	"\377\022 \237\377\366&N\016\013\322\252\221uf(\037T"
 513      FFF6264E 
 513      0E0BD2AA 
 513      91756628 
 513      1F54
 514 1511 A226A38F 		.ascii	"\242&\243\217\323\316LyP\2040\010O)v\301\363lV8R\264"
 514      D3CE4C79 
ARM GAS  /tmp/ccijVJZg.s 			page 41


 514      50843008 
 514      4F2976C1 
 514      F36C5638 
 515 1527 BFC403C7 		.ascii	"\277\304\003\307y\260O\002\353\35235jP\263T\215\231"
 515      79B04F02 
 515      EBEA3335 
 515      6A50B354 
 515      8D99
 516 1539 8D0379AD 		.ascii	"\215\003y\255q\316\374\363\375\353\023_\366M\220-RQ"
 516      71CEFCF3 
 516      FDEB135F 
 516      F64D902D 
 516      5251
 517 154b 8C422BD8 		.ascii	"\214B+\330\327\367\226p\2402\265\232`*\353\026\365I"
 517      D7F79670 
 517      A032B59A 
 517      602AEB16 
 517      F549
 518 155d 35D91F3E 		.ascii	"5\331\037>|#\341\2403nt\304\276\247bt\322\211\177\327"
 518      7C23E1A0 
 518      336E74C4 
 518      BEA76274 
 518      D2897FD7 
 519 1571 5FCEFEC1 		.ascii	"_\316\376\301 \273Y\240\254\313\255\254+\200u\271\234"
 519      20BB59A0 
 519      ACCBADAC 
 519      2B8075B9 
 519      9C
 520 1582 F529CA3A 		.ascii	"\365)\312:\343jf\213\213|\347\217\214\222\334V\251\246"
 520      E36A668B 
 520      8B7CE78F 
 520      8C92DC56 
 520      A9A6
 521 1594 DB38E448 		.ascii	"\3338\344H\276\216\351L(p\305\235L\217\234K\223iZ|\203"
 521      BE8EE94C 
 521      2870C59D 
 521      4C8F9C4B 
 521      93695A7C 
 522 15a9 213D57A3 		.ascii	"!=W\243*\371\027\257ndgy\256\347\214\253\303X\324Xb"
 522      2AF917AF 
 522      6E646779 
 522      AEE78CAB 
 522      C358D458 
 523 15be 719AC5E2 		.ascii	"q\232\305\342adI\206\247\275\363-\257JU\250\226:\277"
 523      61644986 
 523      A7BDF32D 
 523      AF4A55A8 
 523      963ABF
 524 15d1 C6322D0E 		.ascii	"\3062-\016TV6z\310\251\323\226\242N\236HIw\206\364j"
 524      5456367A 
 524      C8A9D396 
 524      A24E9E48 
 524      497786F4 
 525 15e6 23AE6F0C 		.ascii	"#\256o\0149\031a\026#\327\2423\320\210\253\3015\245"
 525      39196116 
 525      23D7A233 
 525      D088ABC1 
ARM GAS  /tmp/ccijVJZg.s 			page 42


 525      35A5
 526 15f8 68956C68 		.ascii	"h\225lh\225\232\245\227\231\246\327B\375\241N7\271g"
 526      959AA597 
 526      99A6D742 
 526      FDA14E37 
 526      B967
 527 160a 466D36B8 		.ascii	"Fm6\270\316r\317\234\245\236\311\254~T\356\366r\016"
 527      CE72CF9C 
 527      A59EC9AC 
 527      7E54EEF6 
 527      720E
 528 161c 5D69A4E4 		.ascii	"]i\244\344~Y\020!F\010\350\367/\322W\0354\323Q\235\372"
 528      7E591021 
 528      4608E8F7 
 528      2FD2571D 
 528      34D3519D 
 529 1631 65B26C8B 		.ascii	"e\262l\213jZ&\347y\305\206g=\347YOy\306<\331}\302UN"
 529      6A5A26E7 
 529      79C58667 
 529      3DE7594F 
 529      79C63CD9 
 530 1649 1C6DB329 		.ascii	"\034m\263)\333\300\211\033(qU\361\343{Nx\204E\343\330"
 530      DBC0891B 
 530      287155F1 
 530      E37B4E78 
 530      8445E3D8 
 531 165d C4D4310D 		.ascii	"\304\3241\015\213\006\371\237\213\232\306\251z\3440"
 531      8B06F99F 
 531      8B9AC6A9 
 531      7AE430
 532 166c 1A4D9668 		.ascii	"\032M\226h4\262h\\<\326v\304\331>\032\226g\024\025j"
 532      34B2685C 
 532      3CD676C4 
 532      D93E1A96 
 532      6714156A 
 533 1680 A6FE6DB2 		.ascii	"\246\376m\262\370\267.;zB\260\217\206C\352\250\310\222"
 533      F8B72E3B 
 533      7A42B08F 
 533      8643EAA8 
 533      C892
 534 1692 218145C3 		.ascii	"!\201E\303\234\325\"\204g\233\303_B\347y0\"\360*\331"
 534      9CD52284 
 534      679BC35F 
 534      42E77930 
 534      22F02AD9 
 535 16a6 C8733C18 		.ascii	"\310s<\030\027h0JR\262\315j\346_s\347\257\304m.\324"
 535      1768304A 
 535      52B2CD6A 
 535      E65F73E7 
 535      AFC46D2E 
 536 16bb B9308239 		.ascii	"\2710\2029\267E\375\262\31254\304h\322\007\206\370\177"
 536      B745FDB2 
 536      CA3534C4 
 536      68D20786 
 536      F87F
 537 16cd E1F2CB5F 		.ascii	"\341\362\313_\177\372\322\373k\326\250\376a\365j\337"
 537      7FFAD2FB 
ARM GAS  /tmp/ccijVJZg.s 			page 43


 537      6BD6A8FE 
 537      61F56ADF 
 538 16dd F737067C 		.ascii	"\3677\006|\036\360\237\237\370\206\204\371\032M\276"
 538      1EF09F9F 
 538      F88684F9 
 538      1A4DBE
 539 16ec 8426CCF7 		.ascii	"\204&\314\367\275\337~\374\376\307[|\3757\372\207\030"
 539      BDDF7EFC 
 539      FEC75B7C 
 539      FD37FA87 
 539      18
 540 16fd 0DFAAFDE 		.ascii	"\015\372\257\336\011Z\275Q\345F\207o\012&\014\\\375"
 540      095ABD51 
 540      E546876F 
 540      0A260C5C 
 540      FD
 541 170e 377EB235 		.ascii	"7~\2625\354?\340\354\307\2138\004\004\373\007nZg\200"
 541      EC3FE0EC 
 541      C78B3804 
 541      04FB076E 
 541      5A6780
 542 1721 C1615BC3 		.ascii	"\301a[\303\3108J\373)\035\367\202\377\306\337\0326|"
 542      C8384AFB 
 542      291DF782 
 542      FFC6DF1A 
 542      367C
 543 1733 18600C33 		.ascii	"\030`\0143\375n\243\321\340\267N\033\252\207C`\2501"
 543      FD6EA3D1 
 543      E0B74E1B 
 543      AA874360 
 543      A831
 544 1745 2044ABD7 		.ascii	" D\253\327o\012\0106\275\371S\275\351-\337MaF_?c\320"
 544      6F0A0836 
 544      BDF953BD 
 544      E92DDF4D 
 544      61465F3F 
 545 175b EBC121C1 		.ascii	"\353\301!\301\206\327\015~\237\007X\331\006\371\371"
 545      86D70D7E 
 545      9F0758D9 
 545      06F9F9
 546 176a 6F0C0836 		.ascii	"o\014\0106\370\352\327\031\326\373m\0124\351M[C\015"
 546      F8EAD719 
 546      D6FB6D0A 
 546      34E94D5B 
 546      430D
 547 177c 448E8B65 		.ascii	"D\216\213e\364\337/1\032T\362\325\207\231\326\001)\014"
 547      F4DF2F31 
 547      1A54F2D5 
 547      8799D601 
 547      290C
 548 178e 713611C1 		.ascii	"q6\021\301z\323;\337\342\206\220\240\320\200@\2031\314"
 548      7AD33BDF 
 548      E28690A0 
 548      D0804083 
 548      31CC
 549 17a0 F797EFBF 		.ascii	"\367\227\357\277\017vY$\272\206\352\203L[\002\003\302"
 549      0F765924 
ARM GAS  /tmp/ccijVJZg.s 			page 44


 549      BA86EA83 
 549      4C5B0203 
 549      C2
 550 17b1 4C9A207D 		.ascii	"L\232 }\260a\213\3119H\037\2629\330`\204\343\227\233"
 550      B0618BC9 
 550      39481FB2 
 550      39D86084 
 550      E3979B
 551 17c4 0C9B0C9A 		.ascii	"\014\233\014\232Pz\031\254\326\233\250\271"
 551      507A19AC 
 551      D69BA8B9 
 552 17d0 61D6EBA1 		.ascii	"a\326\353\241F\303W\2366\027\3650|\223\311\260Eor\001"
 552      46C3579E 
 552      3617F530 
 552      7C93C9B0 
 552      456F7201 
 553 17e4 7A7A0ADE 		.ascii	"zz\012\3361\204\032\202A\333\015n\206\257\014\301\246"
 553      31841A82 
 553      41DB0D6E 
 553      86AF0CC1 
 553      A6
 554 17f5 20BFB02F 		.ascii	" \277\260/\364&'\220\033\266\301U\257\347\006;\363\243"
 554      F4262790 
 554      1BB6C155 
 554      AFE7063B 
 554      F3A3
 555 1807 135CD59B 		.ascii	"\023\\\325\233\264\364.e\011\012n\366\0130\301pO\231"
 555      B4F42E65 
 555      090A6EF6 
 555      0B30C170 
 555      4F99
 556 1819 0A44610F 		.ascii	"\012Da\0179\2427\341P\375&\215a3a\257\331l\002\243B"
 556      39A237E1 
 556      50FD268D 
 556      613361AF 
 556      D96C02A3 
 557 182e E1106608 		.ascii	"\341\020f\010\012u\012\323\373\007\233\234\000@\014"
 557      0A750AD3 
 557      FB079B9C 
 557      00400C
 558 183d 575407BC 		.ascii	"WT\007\274\340\236_\350FH\016\247\315&\2231t\031c\007"
 558      E09E5FE8 
 558      46480EA7 
 558      CD269331 
 558      74196307 
 559 1851 B15C6F30 		.ascii	"\261\\o0\032\202\375\301\030`\020\362\371\177\207\272"
 559      1A82FDC1 
 559      186010F2 
 559      F97F87BA 
 560 1861 18B60498 		.ascii	"\030\266\004\230\374C\326\0314\306u[A/\015\011\370\372"
 560      FC43D619 
 560      34C6755B 
 560      412F0D09 
 560      F8FA
 561 1873 305716EC 		.ascii	"0W\026\354w\201\253\345h\"\327\341\030\252_\037\350"
 561      7781ABE5 
 561      6822D7E1 
ARM GAS  /tmp/ccijVJZg.s 			page 45


 561      18AA5F1F 
 561      E8
 562 1884 B721CCD9 		.ascii	"\267!\314\331\024\004\243(\036f\3623\031\\L\364\000"
 562      1404A328 
 562      1E66F233 
 562      195C4CF4 
 562      00
 563 1895 8CC1A97E 		.ascii	"\214\301\251~A\006\265\377F?#\334\014\011\\g \307`\303"
 563      4106B5FF 
 563      463F23DC 
 563      0C095C67 
 563      20C760C3 
 564 18a9 6683113C 		.ascii	"f\203\021<\343o\332\202\215k\336\024\002\215.F\303\006"
 564      E36FDA82 
 564      8D6BDE14 
 564      028D2E46 
 564      C306
 565 18bb C802BDE9 		.ascii	"\310\002\275\351\265\357\222\345\020O\301\3703\301\370"
 565      B5EF92E5 
 565      104FC1F8 
 565      33C1F8
 566 18ca 8E607C5B 		.ascii	"\216`|[0\276\005<\326\000\274!\030\177.\030\337e\271"
 566      30BE053C 
 566      D600BC21 
 566      187F2E18 
 566      DF65B9
 567 18dd 0F8A0277 		.ascii	"\017\212\002wg\377\220`\210\215\211\0061 \304\325\352"
 567      67FF9060 
 567      888D8906 
 567      3120C4D5 
 567      EA
 568 18ee 59502228 		.ascii	"YP\"(4$$\320\205;\303\264Tm\200\217A\342\252\245\252"
 568      342424D0 
 568      853BC3B4 
 568      546D808F 
 568      41E2AAA5 
 569 1903 C77FE33A 		.ascii	"\307\177\343: yu\351\002\263\344\342\222uh\010R\224"
 569      207975E9 
 569      02B3E4E2 
 569      92756808 
 569      5294
 570 1915 1566F487 		.ascii	"\025f\364\207\273\340%\310\001\343\326\325\376*OZ\236"
 570      BBE025C8 
 570      01E3D6D5 
 570      FE2A4F5A 
 570      9E
 571 1926 BF06E358 		.ascii	"\277\006\343XuB\244\177\267q\335o\015\201\006\2770\303"
 571      7542A47F 
 571      B771DD6F 
 571      0D8106BF 
 571      30C3
 572 1938 2B4B4858 		.ascii	"+KHX\267\025B\022\340O|\350\277Q\033\344\007\236\242"
 572      B7154212 
 572      E04F7CE8 
 572      BF511BE4 
 572      079EA2
 573 194b 0CF0BACF 		.ascii	"\014\360\272\317i\352\021E\015AP\262\237o\332\340\032"
ARM GAS  /tmp/ccijVJZg.s 			page 46


 573      69EA1145 
 573      0D4150B2 
 573      9F6FDAE0 
 573      1A
 574 195c EA171CE0 		.ascii	"\352\027\034\340Or\324C~\031\002\373\225\211d\243\313"
 574      4F72D443 
 574      7E1902FB 
 574      958964A3 
 574      CB
 575 196d 5726B812 		.ascii	"W&\270\022h\362s%\267\003\202H\016\300%R0\344\270~S"
 575      68F27325 
 575      B7038248 
 575      0EC02552 
 575      30E4B87E 
 576 1982 B03F9090 		.ascii	"\260?\220\220\003\273a\251\260\257\002\214\246M~\201"
 576      03BB61A9 
 576      B0AF028C 
 576      A64D7E81 
 577 1992 7A32C4A8 		.ascii	"z2\304\250!#\374\214\2366\027\365\246\027\355\351X\001"
 577      2123FC8C 
 577      9E3617F5 
 577      A617EDE9 
 577      5801
 578 19a4 68819A0B 		.ascii	"h\201\232\013\373\236\302m\250,#9:\033y\266\031y\266"
 578      FB9EC26D 
 578      A82C2339 
 578      3A1B79B6 
 578      1979B6
 579 19b7 1949B669 		.ascii	"\031I\266i\2144\017\340\"\255\016w\020AL\337J\207\272"
 579      8C340FE0 
 579      22AD0E77 
 579      10414CDF 
 579      4A87BA
 580 19ca 02C92623 		.ascii	"\002\311&#\224\204I']\324\233\\\255>\361\010X\027h\340"
 580      94844927 
 580      5DD49B5C 
 580      AD3EF108 
 580      581768E0 
 581 19de 0904C5CA 		.ascii	"\011\004\305\312\233\340;oA\027\260\234h\303L_\370\005"
 581      9BE03B6F 
 581      4117B09C 
 581      68C34C5F 
 581      F805
 582 19f0 066C08D6 		.ascii	"\006l\010\326\233\334$_\322.A=\347\341\277^\037\262"
 582      9BDC245F 
 582      D22E413D 
 582      E7E1BF5E 
 582      1FB2
 583 1a02 7E3DF110 		.ascii	"~=\361\020T,\3200\224\224\223\216\237\323\212\262 \264"
 583      542CD030 
 583      9494938E 
 583      9FD38AB2 
 583      20B4
 584 1a14 8E3CADC8 		.ascii	"\216<\255\310\027\201\001A\001\326Q\244\264,\204\324"
 584      17810141 
 584      01D651A4 
 584      B42C84D4 
ARM GAS  /tmp/ccijVJZg.s 			page 47


 585 1a24 580B422D 		.ascii	"X\013B-\326r\004\314v\263J\015\010q\227\272K\300\237"
 585      D67204CC 
 585      76B34A0D 
 585      087197BA 
 585      4BC09F
 586 1a37 0D4449E2 		.ascii	"\015DI\342=r\256\205\363P\223\321r\372\025\2704 $\230"
 586      3D72AE85 
 586      F35093D1 
 586      72FA15B8 
 586      34202498 
 587 1a4b 5BB9E61D 		.ascii	"[\271\346\035n%9q&\246\001\0319\376\331`\244<\003\326"
 587      6E253971 
 587      26A60119 
 587      39FED960 
 587      A43C03D6 
 588 1a5f 81E302D6 		.ascii	"\201\343\002\326\007\030\214\026i\204\357R\025aMf\350"
 588      07188C16 
 588      6984EF52 
 588      15614D66 
 588      E8
 589 1a70 CE90962C 		.ascii	"\316\220\226,\261\334\365\372u\001a~\237\203\243\003"
 589      B1DCF5FA 
 589      7501617E 
 589      9F83A303 
 590 1a80 8C5FBAFB 		.ascii	"\214_\272\373\005n\366\333\032\006\325\034\010\363\310"
 590      056EF6DB 
 590      1A06D51C 
 590      08F3C8
 591 1a8f 6A5B6690 		.ascii	"j[f\220K\276\357\177\374\311\277}\"\361$3\240\177\320"
 591      4BBEEF7F 
 591      FCC9BF7D 
 591      22F12433 
 591      A07FD0
 592 1aa2 87906FC0 		.ascii	"\207\220o\300T\247\327\033\202\255\234\3644\033\365"
 592      54A7D71B 
 592      82AD9CF4 
 592      341BF5
 593 1ab1 FAD56FBF 		.ascii	"\372\325o\277\361\346\317],\230\354\362\317\336|\347"
 593      F1E6CF5D 
 593      2C98ECF2 
 593      CFDE7CE7 
 594 1ac1 7F0148A7 		.ascii	"\177\001H\247\371\276"
 594      F9BE
 595              		.text
 596              		.section	.gnu.lto_.symtab.4ee7cdde22011,"",%progbits
 597 0000 63685265 		.ascii	"chRegFirstThread\000"
 597      67466972 
 597      73745468 
 597      72656164 
 597      00
 598 0011 00       		.ascii	"\000"
 599 0012 00       		.ascii	"\000"
 600 0013 00       		.ascii	"\000"
 601 0014 00000000 		.ascii	"\000\000\000\000\000\000\000\000"
 601      00000000 
 602 001c 7E010000 		.ascii	"~\001\000\000"
 603 0020 63685265 		.ascii	"chRegNextThread\000"
ARM GAS  /tmp/ccijVJZg.s 			page 48


 603      674E6578 
 603      74546872 
 603      65616400 
 604 0030 00       		.ascii	"\000"
 605 0031 00       		.ascii	"\000"
 606 0032 00       		.ascii	"\000"
 607 0033 00000000 		.ascii	"\000\000\000\000\000\000\000\000"
 607      00000000 
 608 003b 82010000 		.ascii	"\202\001\000\000"
 609 003f 63685F64 		.ascii	"ch_debug\000"
 609      65627567 
 609      00
 610 0048 00       		.ascii	"\000"
 611 0049 00       		.ascii	"\000"
 612 004a 00       		.ascii	"\000"
 613 004b 00000000 		.ascii	"\000\000\000\000\000\000\000\000"
 613      00000000 
 614 0053 2D020000 		.ascii	"-\002\000\000"
 615 0057 636800   		.ascii	"ch\000"
 616 005a 00       		.ascii	"\000"
 617 005b 02       		.ascii	"\002"
 618 005c 00       		.ascii	"\000"
 619 005d 00000000 		.ascii	"\000\000\000\000\000\000\000\000"
 619      00000000 
 620 0065 F0010000 		.ascii	"\360\001\000\000"
 621 0069 63685468 		.ascii	"chThdRelease\000"
 621      6452656C 
 621      65617365 
 621      00
 622 0076 00       		.ascii	"\000"
 623 0077 02       		.ascii	"\002"
 624 0078 00       		.ascii	"\000"
 625 0079 00000000 		.ascii	"\000\000\000\000\000\000\000\000"
 625      00000000 
 626 0081 86010000 		.ascii	"\206\001\000\000"
 627              		.text
 628              		.section	.gnu.lto_.opts,"",%progbits
 629 0000 272D666D 		.ascii	"'-fmath-errno' '-fsigned-zeros' '-ftrapping-math' '"
 629      6174682D 
 629      6572726E 
 629      6F272027 
 629      2D667369 
 630 0033 2D666E6F 		.ascii	"-fno-trapv' '-fno-strict-overflow' '-fno-openmp' '-"
 630      2D747261 
 630      70762720 
 630      272D666E 
 630      6F2D7374 
 631 0066 666E6F2D 		.ascii	"fno-openacc' '-mcpu=cortex-m0' '-mno-thumb-interwor"
 631      6F70656E 
 631      61636327 
 631      20272D6D 
 631      6370753D 
 632 0099 6B272027 		.ascii	"k' '-mthumb' '-ggdb' '-O0' '-fomit-frame-pointer' '"
 632      2D6D7468 
 632      756D6227 
 632      20272D67 
 632      67646227 
ARM GAS  /tmp/ccijVJZg.s 			page 49


 633 00cc 2D66616C 		.ascii	"-falign-functions=16' '-ffunction-sections' '-fdata"
 633      69676E2D 
 633      66756E63 
 633      74696F6E 
 633      733D3136 
 634 00ff 2D736563 		.ascii	"-sections' '-fno-common' '-flto'\000"
 634      74696F6E 
 634      73272027 
 634      2D666E6F 
 634      2D636F6D 
 635              		.text
 636              		.comm	__gnu_lto_v1,1,1
 637              		.comm	__gnu_lto_slim,1,1
 638              		.ident	"GCC: (GNU Tools for ARM Embedded Processors) 5.4.1 20160609 (release) [ARM/embedded-5-bran
ARM GAS  /tmp/ccijVJZg.s 			page 50


DEFINED SYMBOLS
                            *ABS*:0000000000000000 chregistry.c
                            *COM*:0000000000000001 __gnu_lto_v1
                            *COM*:0000000000000001 __gnu_lto_slim

NO UNDEFINED SYMBOLS
