ARM GAS  /tmp/ccKC4QoY.s 			page 1


   1              		.syntax unified
   2              		.cpu cortex-m0
   3              		.fpu softvfp
   4              		.eabi_attribute 20, 1
   5              		.eabi_attribute 21, 1
   6              		.eabi_attribute 23, 3
   7              		.eabi_attribute 24, 1
   8              		.eabi_attribute 25, 1
   9              		.eabi_attribute 26, 1
  10              		.eabi_attribute 30, 6
  11              		.eabi_attribute 34, 0
  12              		.eabi_attribute 18, 4
  13              		.thumb
  14              		.syntax unified
  15              		.file	"chvt.c"
  16              		.text
  17              	.Ltext0:
  18              		.section	.gnu.lto_.inline.7148f4d6e7f2ea89,"",%progbits
  19 0000 789C6361 		.ascii	"x\234ca`d\000\001+\006\004`f``gc``\342z\020\313\300"
  19      60640001 
  19      2B060460 
  19      66606067 
  19      636060E2 
  20 0018 C2C00412 		.ascii	"\302\300\004\022bb\220\020\007\222:\033\2363\301\204"
  20      62629010 
  20      07923A1B 
  20      9E33C184 
  21 0028 98190405 		.ascii	"\230\031\004\005\200Br\015\277\030aB\014\000\247\355"
  21      8042720D 
  21      BF186142 
  21      0C00A7ED 
  22 0038 0562     		.ascii	"\005b"
  23              		.text
  24              		.section	.gnu.lto__vt_init.7148f4d6e7f2ea89,"",%progbits
  25 0000 789C9593 		.ascii	"x\234\225\223?H[A\034\307\357{\227?b\261u\351&R\350"
  25      3F485B41 
  25      1CC7EF7B 
  25      973F62B1 
  25      75E92652 
  26 0015 9425D7B5 		.ascii	"\224%\327\265s\241k\241n\216\315\222L\202\212k.\352"
  26      73A16BA1 
  26      6E8ECD92 
  26      4C828A6B 
  26      2EEA
  27 0027 C34A45A1 		.ascii	"\303JE\241\240\270H\026\305X\215\361Om\363L\2151j\351"
  27      A0B84816 
  27      C5588DF1 
  27      4F6DF34C 
  27      8D316AE9 
  28 003b 50D00EA5 		.ascii	"P\320\016\245\203\024T$\2038D\210\203\205$\376~\027"
  28      83145424 
  28      83384488 
  28      838524FE 
  28      7E17
  29 004d 05171FCD 		.ascii	"\005\027\037\315\301\343q\367\275\373~\277\037\336="
  29      C1E371F7 
  29      BDFB7EBF 
ARM GAS  /tmp/ccKC4QoY.s 			page 2


  29      1FDE3D
  30 005c 9F80E0F1 		.ascii	"\237\200\340\361Q\011\321I\357\247<Q\002R\320\003\326"
  30      5109D149 
  30      EFA73C51 
  30      0252D003 
  30      D6
  31 006d 20E21271 		.ascii	" \342\022q\\\311\252Dq\244\344\312\320\274\241q<\227"
  31      5CC9AA44 
  31      71A4E4CA 
  31      D0BCA171 
  31      3C97
  32 007f 54265580 		.ascii	"T&U\200C\007\353\322z\010\314#$h\333\351jm\262-0\314"
  32      4307EBD2 
  32      7A08CC23 
  32      2468DBE9 
  32      6A6DB22D 
  33 0095 DB9E3544 		.ascii	"\333\2365D\244\020`\263\314\333\202\251\327\207\214"
  33      A41060B3 
  33      CCDB82A9 
  33      D7878C
  34 00a4 397A31F1 		.ascii	"9z1\361< D\331\236\274\224\364R%\014\376\033\251\375"
  34      3C2044D9 
  34      9EBC94F4 
  34      52250CFE 
  34      1BA9FD
  35 00b7 F1F35E32 		.ascii	"\361\363^2\231r\212\007\301\212t\024\265\240\251\353"
  35      99728A07 
  35      C18A7414 
  35      B5A0A9EB 
  36 00c7 5E1C05E3 		.ascii	"^\034\005\343U\363\336\230vZ\033\245X^>\377\371{\257"
  36      55F3DE98 
  36      765A1BA5 
  36      585E3EFF 
  36      F97BAF
  37 00da 35899984 		.ascii	"5\211\231\204\261\353\022\237\250\353\002:\2548\236"
  37      B1EB129F 
  37      A8EB023A 
  37      AC389E
  38 00e9 5D196DD1 		.ascii	"]\031m\321i\356a\0369Ja\021I\324l$\251\373c\277f\357"
  38      69EE611E 
  38      394A6111 
  38      49D46C24 
  38      A9FB63BF 
  39 00ff D4978EF2 		.ascii	"\324\227\216\362a\011\272&-r\032\272\211\310\345\007"
  39      6109BA26 
  39      2D721ABA 
  39      89C8E507 
  40 010f 2273E0CC 		.ascii	"\"s\340\314\314\375\314\017\207\371\211\307\015K\263"
  40      CCFDCC0F 
  40      87F989C7 
  40      0D4BB3
  41 011e 41B21F2B 		.ascii	"A\262\037+\320\024\270\212\270\260\374\337\247\273o"
  41      D014B88A 
  41      B8B0FCDF 
  41      A7BB6F
  42 012d F9FF377D 		.ascii	"\371\3777}\315\013x\335\023\3703\003\333\317\263\321"
  42      CD0B78DD 
ARM GAS  /tmp/ccKC4QoY.s 			page 3


  42      13F83303 
  42      DBCFB3D1 
  43 013d 14F0174F 		.ascii	"\024\360\027O\340\257\336\300Y\013\3546\200+\345\275"
  43      E0AFDEC0 
  43      590BEC36 
  43      802BE5BD 
  44 014d 137F93C0 		.ascii	"\023\177\223\300\233^\3009\017\340\000\27610\373b\313"
  44      9B5EC039 
  44      0FE000BE 
  44      3130FB62 
  44      CB
  45 015e 02FFFDB1 		.ascii	"\002\377\375\261\260\250\370\216\005Q\247\361\004y\362"
  45      B0A8F88E 
  45      0551A7F1 
  45      0479F2
  46 016d 2DA15829 		.ascii	"-\241X)\357'\202M\326\332\366\252U\270_k*}\346#q8a["
  46      EF27824D 
  46      D6DAF6AA 
  46      55B85F6B 
  46      2A7DE623 
  47 0185 B560875B 		.ascii	"\265`\207[\371\270U\321\266\312\\\270\327m\215V\002"
  47      F9B855D1 
  47      B6CA5CB8 
  47      D76D8D56 
  47      02
  48 0196 BB64798E 		.ascii	"\273dy\216\301B\3625\367\261\277Y\231/)\231u\204\303"
  48      C142F235 
  48      F7B1BF59 
  48      992F2999 
  48      7584C3
  49 01a9 FA5534F6 		.ascii	"\372U4\366.\366\246K\367\364\351\336~\335\327\033\321"
  49      2EF6A64B 
  49      F7F4E9DE 
  49      7EDDD71B 
  49      D1
  50 01ba 91E8407F 		.ascii	"\221\350@\1778\"n\000;\310K\266"
  50      38226E00 
  50      3BC84BB6 
  51              		.text
  52              		.section	.gnu.lto_chVTDoSetI.7148f4d6e7f2ea89,"",%progbits
  53 0000 789C9596 		.ascii	"x\234\225\226\337O\034U\024\307\357\231;?\330\345\307"
  53      DF4F1C55 
  53      14C7EF99 
  53      3B3FD8E5 
  53      C7
  54 0011 16429A92 		.ascii	"\026B\232\222\254)\211!\204\007\231&\352\203\372P\023"
  54      AC298921 
  54      84079926 
  54      EA83FA50 
  54      13
  55 0022 1F7D30D6 		.ascii	"\037}0\326\277\000i\2336i\224P$\361\211\351.+\305\020"
  55      BF00699B 
  55      36699450 
  55      24F189E9 
  55      2E2BC510 
  56 0036 B535A050 		.ascii	"\2655\240P\032@[\001+\205\245\322\026lq\305\"\224\322"
  56      1A405B01 
ARM GAS  /tmp/ccKC4QoY.s 			page 4


  56      2B85A5D2 
  56      166C71C5 
  56      2294D2
  57 0049 1F5070B5 		.ascii	"\037Pp\265\205\362k\331jC\"\203U\373\002x\316\235\301"
  57      85F26BD9 
  57      6A432283 
  57      55FB0278 
  57      CE9DC1
  58 005c A9FBA385 		.ascii	"\251\373\243\205\233p\2079\367\234\317|\317\275\347"
  58      9B708739 
  58      F79CCF7C 
  58      CFBDE7
  59 006b 9EACCC80 		.ascii	"\236\254\314\200\321ht1\366\012>w\323\213\306@b\370"
  59      D1687431 
  59      F60A3E77 
  59      D38BC640 
  59      62F8
  60 007d 071C670E 		.ascii	"\007\034g\016\012\316\262\230\025If\314\220T\234d\025"
  60      0ACEB298 
  60      154966CC 
  60      90549C64 
  60      15
  61 008e 28125885 		.ascii	"(\022X\205\304eE\205\012Ia\326\370KZ\225`\240*\332+"
  61      C4654585 
  61      0A4961D6 
  61      F84B5A95 
  61      60A02ADA 
  62 00a3 15B41A38 		.ascii	"\025\264\0328f\027\377\330e\264\205 \200\264u\311\362"
  62      6617FFD8 
  62      65B48520 
  62      80B475C9 
  62      F2
  63 00b4 81562840 		.ascii	"\201V(@\257\261\312\256F\376P\012p\000\031_\315\353"
  63      AFB1CAAE 
  63      46FE500A 
  63      7000195F 
  63      CDEB
  64 00c6 0D0B19F4 		.ascii	"\015\013\031\364*A.\276\266F\242a\215\357\004\206\377"
  64      2A412EBE 
  64      B646A261 
  64      8DEF0486 
  64      FF
  65 00d7 B7F7F70E 		.ascii	"\267\367\367\016\272\362O\033\206\3170j\367\031\256"
  65      BAF24F1B 
  65      86CF306A 
  65      F719AE
  66 00e6 00E7F035 		.ascii	"\000\347\3605p\344A;x\241\015\274\014M\014\316@>z\373"
  66      70E4413B 
  66      78A10DBC 
  66      0C4D0CCE 
  66      403E7AFB 
  67 00fa BB972EB9 		.ascii	"\273\227.\271\371\263\"\362\343\346Pw\206\035y[D\312"
  67      F9B322F2 
  67      E3E65077 
  67      861D795B 
  67      44CA
  68 010c F04D6CA4 		.ascii	"\360Ml\244\314\240CD\236X9u\307\303\013D\344\027W'\002"
ARM GAS  /tmp/ccKC4QoY.s 			page 5


  68      CCA04344 
  68      9E583975 
  68      C7C30B44 
  68      E4175727 
  69 0121 1E2B3274 		.ascii	"\036+2t\254\352\231z#$\007\270\002gc\203\025\006\235"
  69      ACEA997A 
  69      232407B8 
  69      02676383 
  69      15069D
  70 0134 22B8A3F9 		.ascii	"\"\270\243\371\317\223\234\357\022\301=\027\252>\261"
  70      CF939CEF 
  70      12C13D17 
  70      AA3EB1
  71 0143 838DA0F8 		.ascii	"\203\215\240\370\254\012]\261\221*\203 \344\223\373"
  71      AC0A5DB1 
  71      912A8320 
  71      E493FB
  72 0152 6FC37F2F 		.ascii	"o\303\177/\246\360\027D\350W5\307\372\323\362\276\024"
  72      A6F01744 
  72      E85735C7 
  72      FAD3F2BE 
  72      14
  73 0163 DFAD1DCA 		.ascii	"\337\255\035\312\300\357V\346\222\352\356\377\207\323"
  73      C0EF56E6 
  73      92EAEEFF 
  73      87D3
  74 0171 40EFD150 		.ascii	"@\357\321Pu\247\233\277,\"\327\306\177_V\354\310O\253"
  74      75A79BBF 
  74      2C22D7C6 
  74      7F5F56EC 
  74      C84FAB
  75 0184 B6DB911C 		.ascii	"\266\333\221\034\276M\0309\037\\\253MW+\351\214r\241"
  75      BE4D1839 
  75      1F5CAB4D 
  75      572BE98C 
  75      72A1
  76 0196 07F2E01C 		.ascii	"\007\362\340\034\344Uo\034\022\234\007\025\017\330\215"
  76      E4556F1C 
  76      129C0715 
  76      0FD88D
  77 01a5 7EF5C159 		.ascii	"~\365\301Ys\203j\216x\352\333\004Uc\261H\270\000y1\356"
  77      73836A8E 
  77      78EADB04 
  77      5563B148 
  77      B8007931 
  78 01ba 3323E9C9 		.ascii	"3#\351\311\335/\012\367\317Zz\036\245\332\356\253#\333"
  78      DD2F0AF7 
  78      CF5A7A1E 
  78      A5DAEEAB 
  78      23DB
  79 01cc 6D771EEF 		.ascii	"mw\036\357\336\033\353n\254F\232\301\250~5\241w_\034"
  79      DE1BEB6E 
  79      AC469AC1 
  79      A87E35A1 
  79      775F1C
  80 01df 7CFD439E 		.ascii	"|\375C\236\034\376]\234\364\023\327\236\220\351\245"
  80      1CFE5D9C 
ARM GAS  /tmp/ccKC4QoY.s 			page 6


  80      F413D79E 
  80      90E9A5
  81 01ee 5877A3FB 		.ascii	"Xw\243\373\226\001I\234/\343\326:\333\333\271'd\254"
  81      9601499C 
  81      2FE3D63A 
  81      DBDBB927 
  81      64AC
  82 0200 AFFBB1A4 		.ascii	"\257\373\261\244\264\351G\347\\^`\264\2101\270,\003"
  82      B4E947E7 
  82      5C5E60B4 
  82      8831B82C 
  82      03
  83 0211 15B00254 		.ascii	"\025\260\002T\025\032PU\271\200\012\323-VS\205g\032"
  83      151A5055 
  83      B9800AD3 
  83      2D565385 
  83      671A
  84 0223 D68D964E 		.ascii	"\326\215\226NS\206\260z\2045\223\312?\213\246l\232v"
  84      5386B07A 
  84      843593CA 
  84      3F8BA66C 
  84      9A76
  85 0235 D07A0E4D 		.ascii	"\320z\016M\214-\213;\267,\341\203\233\022\236/\217\202"
  85      8C2D8B3B 
  85      B72CE183 
  85      9B129E2F 
  85      8F82
  86 0247 AFC1BC6F 		.ascii	"\257\301\274or:cL\243.0pS\243k\307E\021\37534r4\255"
  86      723A634C 
  86      A32E3070 
  86      53A36BC7 
  86      4511FD33 
  87 025f 094E1EA1 		.ascii	"\011N\036\241\302H\017\360\024?\326^?%\203\213\323\227"
  87      C2480FF0 
  87      143FD65E 
  87      3F25838B 
  87      D397
  88 0271 17CE73FD 		.ascii	"\027\316s\3759\252\346\357\241\011\326\004\033B\240"
  88      39AAE6EF 
  88      A109D604 
  88      1B42A0
  89 0280 FBF11A10 		.ascii	"\373\361\032\0207\270tD\261\271O\004\235\216\370\316"
  89      37B87444 
  89      B1B94F04 
  89      9D8EF8CE 
  90 0290 6A0452E0 		.ascii	"j\004R\340\007\001\022\335d\200@\232\000\231\023\307"
  90      070112DD 
  90      6480409A 
  90      009913C7 
  91 02a0 85403F77 		.ascii	"\205@?w\373\271\213L}\301\360\036\313\222\372\270j\227"
  91      FBB98B4C 
  91      7DC1F01E 
  91      CB92FAB8 
  91      6A97
  92 02b2 50DDDBBB 		.ascii	"P\335\333\273tW\253X5\216\032\3066\264Uc.d~0:y\305m"
  92      7457AB58 
  92      358E1AC6 
ARM GAS  /tmp/ccKC4QoY.s 			page 7


  92      36B45563 
  92      2E647E30 
  93 02ca 6B40BB1B 		.ascii	"k@\273\033\256@\005\374hk\370\350bWu\212\336A\362\214"
  93      AE4005FC 
  93      686BF8E8 
  93      6257758A 
  93      DE41F28C 
  94 02de E7033C15 		.ascii	"\347\003<\025\006\205\022\311\272\036\2035c\2476V\337"
  94      068512C9 
  94      BA1E8335 
  94      63A73656 
  94      DF
  95 02ef A4CDF909 		.ascii	"\244\315\371\011\3645\332?\006C\240\343\303\244n\310"
  95      F435DA3F 
  95      0643A0E3 
  95      C3A46EC8 
  96 02ff 85B0A915 		.ascii	"\205\260\251\025[k\372cy\203H\031\342S\226aX|H&\326"
  96      5B6BFA63 
  96      79834819 
  96      E2539661 
  96      587C4826 
  97 0314 556445C1 		.ascii	"UdE\301\377\371\007S`!2\374\\B\220\310\330\234*\265"
  97      FFF90753 
  97      602132FC 
  97      5C4290C8 
  97      D89C2AB5 
  98 0328 8C9ED8FD 		.ascii	"\214\236\330\375|\221%\243s\030\021t\352\307p\315V\252"
  98      7C9125A3 
  98      73181174 
  98      EAC770CD 
  98      56AA
  99 033a D84ACD70 		.ascii	"\330J\315p\267\2554msJG\035\245\327\2215\007\2257\374"
  99      B7AD346D 
  99      734A471D 
  99      A5D79135 
  99      079537FC 
 100 034e FB6D020A 		.ascii	"\373m\002\012\245\343_\001\300#\341K\223\331\250Sn\014"
 100      A5E35F01 
 100      C023E14B 
 100      93D9A853 
 100      6E0C
 101 0360 7B570013 		.ascii	"{W\000\023p\363\306\311\275\230\215\\\023>\204\002T"
 101      70F3C6C9 
 101      BD988D5C 
 101      133E8402 
 101      54
 102 0371 4B409D79 		.ascii	"K@\235y\317\267\265\372\340p\303I\347&\325\007X\305"
 102      CFB7B5FA 
 102      E070C349 
 102      E726D507 
 102      58C5
 103 0383 3033AE58 		.ascii	"03\256X:2\3432I\210\271\345`\306\304\236\373\372ZvZ"
 103      3A32E332 
 103      4988B9E5 
 103      60C6C49E 
 103      FBFA5A76 
 104 0398 84AC3842 		.ascii	"\204\2548Bf\"\302\270 \250D\270m\021\352Z\262\267\230"
ARM GAS  /tmp/ccKC4QoY.s 			page 8


 104      6622C2B8 
 104      20A844B8 
 104      6D11EA5A 
 104      B2B798
 105 03ab CC84C398 		.ascii	"\314\204\303\230\244d\262\204\220\261\031\311R\222\275"
 105      A464B284 
 105      90B119C9 
 105      5292BD
 106 03ba B95C7E76 		.ascii	"\271\\~v(aKI\303\2347\221\222\335V\231d'\202\374\342"
 106      28614B49 
 106      C39C3791 
 106      92DD5699 
 106      642782FC 
 107 03cf 6CC8AF24 		.ascii	"l\310\257$E\266.pd\236'\"\271\222\327\333\035G\315\335"
 107      45B62E70 
 107      649E2722 
 107      B992D7DB 
 107      1D47CDDD 
 108 03e3 FF407566 		.ascii	"\377@uf\344\370\326NZ\206)\247\330\246\011$Y\227 \272"
 108      E4F8D64E 
 108      5A8629A7 
 108      D8A60924 
 108      599720BA 
 109 03f7 71BB763C 		.ascii	"q\273v<\265f\305u\335F\254{\016k\306\276b\252E\311A"
 109      B566C575 
 109      DD46AC7B 
 109      0E6BC6BE 
 109      62AA45C9 
 110 040c 90CDAE83 		.ascii	"\220\315\256\203\030\205O\243\316:\3249R\230C\224\207"
 110      18854FA3 
 110      CE3AD439 
 110      52984394 
 110      87
 111 041d 5DF7E737 		.ascii	"]\367\3477R\335l\037\232O\322\207R\251\017-$\353C/\221"
 111      52DD6C1F 
 111      9A4FD287 
 111      52A90F2D 
 111      24EB432F 
 112 0432 8608F521 		.ascii	"\206\010\365!\215$,\202N=y\270\375\214\370\025\245\301"
 112      8D242C82 
 112      4E3D79B8 
 112      FD8CF815 
 112      A5C1
 113 0444 3A0E0F44 		.ascii	":\016\017D\221\373\000|\241\246\327I\024\263\332?\352"
 113      91FB007C 
 113      A1A6D749 
 113      14B3DA3F 
 113      EA
 114 0455 40A0B7B0 		.ascii	"@\240\267\260P\177\355\300\301\267\017\276\361\226\376"
 114      507FEDC0 
 114      C1B70FBE 
 114      F196FE
 115 0464 EE61BDB4 		.ascii	"\356a\275\264L?\\Z\254\027\037(/+,f\274\274\254D\331"
 115      4C3F5C5A 
 115      AC171F28 
 115      2F2B2C66 
 115      BCBCAC44 
ARM GAS  /tmp/ccKC4QoY.s 			page 9


 116 0479 BBEF50D1 		.ascii	"\273\357P\321\373jy\331\376\367\336)\346%E\245d(+\202"
 116      FB6A79D9 
 116      FEF7DE29 
 116      E62545A5 
 116      64282B82 
 117 048d 927F019D 		.ascii	"\222\177\001\235\255 \014"
 117      AD200C
 118              		.text
 119              		.section	.gnu.lto_chVTDoResetI.7148f4d6e7f2ea89,"",%progbits
 120 0000 789C9595 		.ascii	"x\234\225\225[O\023A\024\307\347\354\354\266l/^\336"
 120      5B4F1341 
 120      14C7E7EC 
 120      ECB66C2F 
 120      5EDE
 121 0012 6B204642 		.ascii	"k FBx\220\215\217>i\342\007 \321o\0001\201'\015\020"
 121      78908D8F 
 121      3E69E207 
 121      20D16F00 
 121      3181270D 
 122 0027 5E590BAB 		.ascii	"^Y\013\2534\032\023\037\254\301h\220(\001D.EQ\212\212"
 122      341A131F 
 122      ACC16890 
 122      2801442E 
 122      45518A8A 
 123 003b 15A92017 		.ascii	"\025\251 \027\001\001\215!&(\310\003\361\241M \222\230"
 123      01018D21 
 123      2628C803 
 123      F1A14D20 
 123      9298
 124 004d 763D67B6 		.ascii	"v=g\266uI\227\222\272I\317vf\376\375\315\377L\317\311"
 124      75499792 
 124      BA49CF76 
 124      66FEFDCD 
 124      FF4CCFC9 
 125 0061 C80C183D 		.ascii	"\310\014\030=\011\027c\307\361\035\240\201\314@b\370"
 125      091763C7 
 125      F11DA081 
 125      CC4062F8 
 126 0071 018E9103 		.ascii	"\001\216\221\003)\2005I\034\232`GJI0~m3*\225w\351\370"
 126      29803549 
 126      1C9A6047 
 126      4A49307E 
 126      6D332A95 
 127 0088 AC758E9E 		.ascii	"\254u\216\236\322\273c`\240\324\224\004\212A\027\224"
 127      D2BB6360 
 127      A0D49404 
 127      8A411794 
 128 0098 A36AB165 		.ascii	"\243j\261e\360\036\337\226\014\004\3108L\316\335]?D"
 128      F01EDF96 
 128      0C04C838 
 128      4CCEDD5D 
 128      3F44
 129 00aa 43094A70 		.ascii	"C\011Jp\330\265\261\371\305\315\213\201\341\367\236"
 129      D8B5B1F9 
 129      C5CD8B81 
 129      E1F79E
 130 00b9 B1685C2D 		.ascii	"\261h\\-\353\324\365\240\256\267]\324U\203sx\014\034"
ARM GAS  /tmp/ccKC4QoY.s 			page 10


 130      EBD4F5A0 
 130      AEB75DD4 
 130      55837378 
 130      0C1C
 131 00cb 79D00301 		.ascii	"y\320\003\001\350\206\000\303)\006\275PF\362\037\221"
 131      E88600C3 
 131      2906BD50 
 131      46F21F91 
 132 00db F46DBFAB 		.ascii	"\364m\277\253\205\266/\011e\367\205'\340B\243^\\\277"
 132      85B62F09 
 132      65F78527 
 132      E042A35E 
 132      5CBF
 133 00ed D331BCEB 		.ascii	"\3231\274\353-}H\270\330\352\014\264u\307ZJ\014.\263"
 133      2D7D48B8 
 133      D8EA0CB4 
 133      75C75A4A 
 133      0C2EB3
 134 0100 BD3CE1B3 		.ascii	"\275<\341\263\017Js\344;\327yF\316\235\362\376\\\271"
 134      0F4A73E4 
 134      3BD77946 
 134      CE9DF2FE 
 134      5CB9
 135 0112 3EB4A043 		.ascii	">\264\240C\036\361\200\020\267E\326\222JF\274\263\361"
 135      1EF18010 
 135      B745D692 
 135      4A46BCB3 
 135      F1
 136 0123 00F4D059 		.ascii	"\000\364\320Y\203+N\365\240C}\353g~u\344\277\330C\216"
 136      832B4EF5 
 136      A0437DEB 
 136      677E75E4 
 136      BFD8438E 
 137 0137 2CFF1C94 		.ascii	",\377\034\224\345SG\226\251,|\037\3653\007<u\020|\370"
 137      E5534796 
 137      A92C7C1F 
 137      F533073C 
 137      75107CF8 
 138 014b BFE0CFA1 		.ascii	"\277\340\317\241\024\377\337\201\3631\3354\233\365\330"
 138      14FFDF81 
 138      F331DD34 
 138      9BF5D8
 139 015a 92F7EBAE 		.ascii	"\222\367\353\256\251\036\225\200\012\201SI\310\024\024"
 139      A91E9580 
 139      0A815349 
 139      C81414
 140 0169 0C8A8B82 		.ascii	"\014\212\213\202\233\202Js\036\012>\012~Q:,!j3!\341"
 140      9B824A73 
 140      1E0A3E0A 
 140      7E513A2C 
 140      216A3321 
 141 017e 8B27259C 		.ascii	"\213'%\234\340\233\020\034\215\244\252\250n\2329GWa"
 141      E09B101C 
 141      8DA4AAA8 
 141      6E9A3947 
 141      5761
 142 0190 637CDE4D 		.ascii	"c|\336M\005\312EQ\376\236\234n\365\265\303},m\024H\360"
ARM GAS  /tmp/ccKC4QoY.s 			page 11


 142      05CA4551 
 142      FE9E9C6E 
 142      F5B5C37D 
 142      2C6D1448 
 143 01a5 825CE17C 		.ascii	"\202\\\341|\347F\260\337\255\235$\331\010\264CZ\200"
 143      E746B0DF 
 143      AD9D24D9 
 143      08B4435A 
 143      80
 144 01b6 210A1A23 		.ascii	"!\012\032#\"X<\2710\300\250\015x\231\001t\034\263\010"
 144      22583CB9 
 144      30C0A80D 
 144      78990174 
 144      1CB308
 145 01c9 8A8320E7 		.ascii	"\212\203 \347\020\372\250\001\216\030\334\015\257\004"
 145      10FAA801 
 145      8E18DC0D 
 145      AF04
 146 01d7 46B4E9EB 		.ascii	"F\264\351\353,\346\204\205q\025b\304\015c6\341\215 "
 146      2CE68485 
 146      711562C4 
 146      0D6336E1 
 146      8D20
 147 01e9 3487AF2E 		.ascii	"4\207\257.s\013\341F3\010\"lX\244\347@\362\274\316b"
 147      730BE146 
 147      3308226C 
 147      58A4E740 
 147      F2BCCE62 
 148 01fd 36F72D68 		.ascii	"6\367-h\310\022\346\222\351\314\261\253\205\035\323"
 148      C812E692 
 148      E9CCB1AB 
 148      851DD3
 149 020c B8A0882E 		.ascii	"\270\240\210.\177\227\315\257\330\"x\012#L\330\007\035"
 149      7F97CDAF 
 149      D822780A 
 149      234CD807 
 149      1D
 150 021d B708E1EF 		.ascii	"\267\010\341\357\201\234\\\256\220\3533L@\324\375 \357"
 150      819C5CAE 
 150      90EB334C 
 150      40D4FD20 
 150      EF
 151 022e 6DC82425 		.ascii	"m\310$%\343\021N\"f&\031_aV\246l\312\207\234d\374\205"
 151      E3114E22 
 151      6626195F 
 151      6156A66C 
 151      CA879C64 
 152 0244 11A6EDE3 		.ascii	"\021\246\355\343\230)$\031\337~\220Y\0332G\311\370\211"
 152      98292419 
 152      DF7E9059 
 152      1B3247C9 
 152      F889
 153 0256 B39D3083 		.ascii	"\263\2350\203\312~$\177>7E\360Q\2008\201\346A\333\333"
 153      CA7E247F 
 153      3E3745F0 
 153      51803881 
 153      E641DBDB 
ARM GAS  /tmp/ccKC4QoY.s 			page 12


 154 026a 4745C060 		.ascii	"GE\300`\001\177 \300\361\365,\370\337\272*\372,\032"
 154      017F20C0 
 154      F1F52CF8 
 154      DFBA2AFA 
 154      2C1A
 155 027c FDB5EA6E 		.ascii	"\375\265\352nJ\351\255\242d\324\020v\037Mo\315\256L"
 155      4AE9ADA2 
 155      64D41076 
 155      1F4D6FCD 
 155      AE4C
 156 028e 7832DBE3 		.ascii	"x2\333\343\274\007>\341\355\263\230\331\376\346\310"
 156      BC073EE1 
 156      EDB398D9 
 156      FEE6C8
 157 029d 60A8C82A 		.ascii	"`\250\310*3\335kp/,\011\0232\023\253\361\033\213\217"
 157      33DD6B70 
 157      2F2C0913 
 157      3213ABF1 
 157      1B8B8F
 158 02b0 B2ABA7A9 		.ascii	"\262\253\247\251\012\227AKK\0129\\\021\016\277M\365"
 158      0A97414B 
 158      4B0A395C 
 158      110EBF4D 
 158      F5
 159 02c1 F48A9B49 		.ascii	"\364\212\233I\001\023\237\303\360\031\271[\020\214\231"
 159      01139FC3 
 159      F019B95B 
 159      108C99
 160 02d0 95E4D1BA 		.ascii	"\225\344\321\272\020\251j\361x\002\025\025\332\271\232"
 160      10A96AF1 
 160      78021515 
 160      DAB99A
 161 02df DAAADACA 		.ascii	"\332\252\332\312\013\332\245z\255\256A\253\257\253\326"
 161      0BDAA57A 
 161      ADAE41AB 
 161      AFABD6
 162 02ee AA6B1A1B 		.ascii	"\252k\032\033*\252\031ol\270\374\027\034\015;\025"
 162      2AAA196F 
 162      6CB8FC17 
 162      1C0D3B15 
 163              		.text
 164              		.section	.gnu.lto_.symbol_nodes.7148f4d6e7f2ea89,"",%progbits
 165 0000 789C6361 		.ascii	"x\234ca`dp`\000\002\246\036\306z\006\206\011\347\030"
 165      60647060 
 165      0002A61E 
 165      C67A0686 
 165      09E718
 166 0013 1880D4AA 		.ascii	"\030\200\324\252FE\006\006\326~F\006\005\220L/c=#\212"
 166      46450606 
 166      D67E4606 
 166      05904C2F 
 166      633D238A 
 167 0027 0C531F63 		.ascii	"\014S\037c=\023\212\010\003\000\302\257\015\246"
 167      3D138A08 
 167      0300C2AF 
 167      0DA6
 168              		.text
ARM GAS  /tmp/ccKC4QoY.s 			page 13


 169              		.section	.gnu.lto_.refs.7148f4d6e7f2ea89,"",%progbits
 170 0000 789C15C7 		.ascii	"x\234\025\307\261\015\000 \020\303@;D\224\264\364\354"
 170      B10D0020 
 170      10C3403B 
 170      4494B4F4 
 170      EC
 171 0011 3F24FAC6 		.ascii	"?$\372\306'\027y\300F\215\223\214K\233`\365\316\034"
 171      271779C0 
 171      468D938C 
 171      4B9B60F5 
 171      CE1C
 172 0023 3E0A7E00 		.ascii	">\012~\000\177"
 172      7F
 173              		.text
 174              		.section	.gnu.lto_.decls.7148f4d6e7f2ea89,"",%progbits
 175 0000 789CB53A 		.ascii	"x\234\265:iTTiv\365\275\257(\212\242\200>\352\3141\011"
 175      69545469 
 175      76F5BDAF 
 175      288AA280 
 175      3EEACC31 
 176 0015 C9E9F4A1 		.ascii	"\311\351\364\241\323LrF\332\351e:9s\322\223\323}f\222"
 176      D34C7246 
 176      DAE9653A 
 176      3973D293 
 176      D37D6692 
 177 0029 9399CCD2 		.ascii	"\223\231\314\322\313\374\311L5b\265\220a\233\342\241"
 177      CBFCC94C 
 177      3562B590 
 177      619BE2A1 
 178 0039 F6AF2E10 		.ascii	"\366\257.\020q\301\226\035\224E\026WD\024\001Ad\261"
 178      71C1961D 
 178      94451657 
 178      44140141 
 178      64B1
 179 004b 50044441 		.ascii	"P\004DA\001\331\265@D\021\027d\021Y\325\334o\251z\257"
 179      01D9B540 
 179      44111764 
 179      1159D5DC 
 179      6FA97AAF 
 180 005f 8A57B6F9 		.ascii	"\212W\266\371\221:\347\326\253\373\336\375\356~\357"
 180      913AE7D6 
 180      ABFBDEFD 
 180      EE7EEF
 181 006e B7BC52AB 		.ascii	"\267\274R\253\220\212|\322\376Q\245\012wS\251\342\000"
 181      908A7CD2 
 181      FE51A50A 
 181      7753A9E2 
 181      00
 182 007f 7D091F35 		.ascii	"}\011\0375\334\373R%}0@\011\300\000\200\025\200\214"
 182      DCFB5225 
 182      7D304009 
 182      C0008015 
 182      808C
 183 0091 7A80540E 		.ascii	"z\200T\016\037\362\334\203\217{\010\317\306\001\252"
 183      1FF2DC83 
 183      8F7B08CF 
 183      C601AA
ARM GAS  /tmp/ccKC4QoY.s 			page 14


 184 00a0 01BA017F 		.ascii	"\001\272\001\177\004\327\006\270\276\003p\032~\203("
 184      04D706B8 
 184      BE03701A 
 184      7E8328
 185 00af D5085CAB 		.ascii	"\325\010\\\253\000\312\000*\000\316 \306\267\304\005"
 185      00CA002A 
 185      00CE20C6 
 185      B7C405
 186 00be 7F225BCF 		.ascii	"\177\"[\317\371\257\002X\243b\274\011\3373\000_p\376"
 186      F9AF0258 
 186      A362BC09 
 186      DF33005F 
 186      70FE
 187 00d0 ED4EF2B5 		.ascii	"\355N\362\265\200\367\000\364\312dv\301\357\353\000"
 187      80F700F4 
 187      CA6476C1 
 187      EFEB00
 188 00df 1D2A261B 		.ascii	"\035*&\033q\376\002\300,Z)\333\352Bv\231L\246M\017\271"
 188      71FE02C0 
 188      2C5A29DB 
 188      EA427699 
 188      4CA64D0F 
 189 00f4 6C0D97D3 		.ascii	"l\015\227\323\305e\331t\260\311\264r\231\313\0122\237"
 189      C565D974 
 189      B0C9B472 
 189      99CB0A32 
 189      9F
 190 0105 0BA878AC 		.ascii	"\013\250x\254\256G;\210\372\311\023\364\006B|\224\354"
 190      AE473B88 
 190      FAC913F4 
 190      06427C94 
 190      EC
 191 0116 83182076 		.ascii	"\203\030 v[\260\335b\317\234hm\204Hz\200T\016#h\354"
 191      5BB0DD62 
 191      CF9C686D 
 191      84487A80 
 191      540E2368 
 192 012b E947BA85 		.ascii	"\351G\272\205\350\207\017\222s\264\211\006\261\354'"
 192      E8870F92 
 192      73B48906 
 192      B1EC27
 193 013a 52D9B5B0 		.ascii	"R\331\265\260\321\312\370q\355\221\202^\364\203mF\307"
 193      D1CAF871 
 193      ED91825E 
 193      F4836D46 
 193      C7
 194 014b 1F1C59F4 		.ascii	"\037\034Y\364\306\300\023~\017-\034\373\305\272\023"
 194      C6C0137E 
 194      0F2D1CFB 
 194      C5BA13
 195 015a 66F82499 		.ascii	"f\370$\231\315\302\337H\236\351\210+\315\301O\005\264"
 195      CDC2DF48 
 195      9EE9882B 
 195      CDC14F05 
 195      B4
 196 016b 4A87D480 		.ascii	"J\207\324\200N\265e\335\361\006t\215\016\275\011\350"
 196      4EB565DD 
ARM GAS  /tmp/ccKC4QoY.s 			page 15


 196      F106748D 
 196      0EBD09E8 
 197 017b F3CBD959 		.ascii	"\363\313\331Y\302\332\014:n\233\371M5\372\362\207\250"
 197      C2DA0C3A 
 197      6E9BF94D 
 197      35FAF287 
 197      A8
 198 018c 18F9A2E3 		.ascii	"\030\371\242\343\310\027\304\237@k\341{\203\232q:\261"
 198      C817C49F 
 198      406BE17B 
 198      839A713A 
 198      B1
 199 019d B7F99EE6 		.ascii	"\267\371\236\346\255|s~\276y\270\377\351{\373\315\226"
 199      AD7C737E 
 199      BE79B8FF 
 199      E97BFBCD 
 199      96
 200 01ae 38182610 		.ascii	"8\030&\020*t\014aT\204\326\021c\340'\271\034E\203`C"
 200      2A740C61 
 200      5484D611 
 200      63E027B9 
 200      1C458360 
 201 01c3 097A0B46 		.ascii	"\011z\013F\226\326\305]s\307\353\251\242'O,\225\352"
 201      96D6C55D 
 201      73C7EBA9 
 201      A2274F2C 
 201      95EA
 202 01d5 D4C4F22F 		.ascii	"\324\304\362/\364\204\265\362\255\276\3557\016\270\326"
 202      F484B5F2 
 202      ADBEED37 
 202      0EB8D6
 203 01e4 EB34D5AB 		.ascii	"\3534\325\253\024q\305\216\3545g\351\364\273\315\346"
 203      1471C58E 
 203      EC3567E9 
 203      F4BBCDE6 
 204 01f4 5842BCEA 		.ascii	"XB\274\352\337\311s\031u\031\322s\335\200\366XUZ\261"
 204      DFC97319 
 204      7519D273 
 204      DD80F658 
 204      555AB1
 205 0207 27FE1951 		.ascii	"'\376\031QE\330\237^\335\347\215\374\365G\210\230\341"
 205      45D89F5E 
 205      DDE78DFC 
 205      F5478898 
 205      E1
 206 0218 ECF83FC5 		.ascii	"\354\370?\305l'\366\234\001\372r\311\036\030\016\027"
 206      6C27F69C 
 206      01FA72C9 
 206      1E180E17 
 207 0228 17DC5105 		.ascii	"\027\334Q\005\362w\024\360dq_\20575\206\3609\205\250"
 207      F27714F0 
 207      64715F85 
 207      373586F0 
 207      3985A8
 208 023b 39B75A8A 		.ascii	"9\267Z\212\212I\020\336\321!\022c\037\270u\352Q\365"
 208      8A4910DE 
 208      D1211263 
ARM GAS  /tmp/ccKC4QoY.s 			page 16


 208      1FB875EA 
 208      51F5
 209 024d 8217BB45 		.ascii	"\202\027\273E(:\023\247\017\271\343P\252Wq\362\303N"
 209      283A13A7 
 209      0FB9E350 
 209      AA5771F2 
 209      C34E
 210 025f 0FE4AF63 		.ascii	"\017\344\257cz\0155\177\232\274\203\350U\203t\250Z\322"
 210      7A0D357F 
 210      9ABC83E8 
 210      558374A8 
 210      5AD2
 211 0271 EB1D1D7C 		.ascii	"\353\035\035|\357\264\253\245\222t:\007:\001[B\207\316"
 211      EFB4ABA5 
 211      92743A07 
 211      3A015B42 
 211      87CE
 212 0283 C2CD2AB8 		.ascii	"\302\315*\270\011\"\212\016%\027j\360\011De\034?y\255"
 212      09228A0E 
 212      25176AF0 
 212      0944651C 
 212      3F79AD
 213 0296 C91DE9FC 		.ascii	"\311\035\351\374\025\031\324+0`\312\014&\274\017I\366"
 213      1519D42B 
 213      3060CA0C 
 213      26BC0F49 
 213      F6
 214 02a7 06AA035D 		.ascii	"\006\252\003]j%]@5f}\342\231\301e\037<\304d,\025\314"
 214      6A255D40 
 214      35667DE2 
 214      99C1651F 
 214      3CC4642C 
 215 02bd A6EAED76 		.ascii	"\246\352\355vd7}p\234\014m\200\241\347\245\241u\310"
 215      64377D70 
 215      9C0C6D80 
 215      A1E7A5A1 
 215      75C8
 216 02cf A51D1665 		.ascii	"\245\035\026e;R,\251\263\314\303\204U%\363p\347\344"
 216      3B522CA9 
 216      B3CCC384 
 216      5525F370 
 216      E7E4
 217 02e1 D55C4F96 		.ascii	"\325\\O\226\346o\000\232U\363\264\325\215\241Z@\223"
 217      E66F009A 
 217      55F3B4D5 
 217      8DA15A40 
 217      93
 218 02f2 CEE7D7B9 		.ascii	"\316\347\327\271\343q\252\026\3321\320\320\344\205\247"
 218      E371AA16 
 218      DA31D0D0 
 218      E485A7
 219 0301 18727BCF 		.ascii	"\030r{\317H+\302\213\014\231z\226:\354\203cYEY*\316"
 219      482BC28B 
 219      0C997A96 
 219      3AEC8363 
 219      5945592A 
 220 0316 95EBF16E 		.ascii	"\225\353\361n\206L-\347Vy0~kH\331\014%%\271\263*\312"
ARM GAS  /tmp/ccKC4QoY.s 			page 17


 220      864C2DE7 
 220      5679307E 
 220      6B48D90C 
 220      2525B9B3 
 221 032c 4780CF5C 		.ascii	"G\200\317\\\036\332\345\211\263\371\300\245\263\203"
 221      1EDAE589 
 221      B3F9C0A5 
 221      B383
 222 033a 7A5C4811 		.ascii	"z\\H\021]r\375\356t\017\264z\265\237\237\277\237\277"
 222      5D72FDEE 
 222      740FB47A 
 222      B59F9FBF 
 222      9FBF
 223 034c DECF2F99 		.ascii	"\336\317/\231\227\250\031\324FW\300\250Vbi'Xz\015\255"
 223      97A819D4 
 223      4657C0A8 
 223      56626927 
 223      587A0DAD 
 224 0360 26A6A21B 		.ascii	"&\246\242\033\360\373:\362C\035\000]\000\275\000=\310"
 224      F0FB3AF2 
 224      431D005D 
 224      00BD003D 
 224      C8
 225 0371 8FD6B3F2 		.ascii	"\217\326\263\362\350\313\340\315\327\031]H\234<\334"
 225      E8CBE0CD 
 225      D7195D48 
 225      9C3CDC
 226 0380 9D1A7EF8 		.ascii	"\235\032~\370h\2749)\020uC\202\266\360\261v\247\007"
 226      68BC3929 
 226      10754382 
 226      B6F0B176 
 226      A707
 227 0392 909259EF 		.ascii	"\220\222Y\357k#\267\234\353\325\333h\233\025i\213I\221"
 227      6B23B79C 
 227      EBD5DB68 
 227      9B15698B 
 227      4991
 228 03a4 A96C31DE 		.ascii	"\251l1\336\230\274\213\344j;\220\265IA\206Q2\371\021"
 228      98BC8BE4 
 228      6A3B90B5 
 228      49418651 
 228      32F911
 229 03b7 E94C3E09 		.ascii	"\351L>\011_\2233\317FdW\200\362\264Te\352\315f-e\301"
 229      5F9333CF 
 229      46645780 
 229      F2B45465 
 229      EACD662D 
 230 03cd D9A91CEB 		.ascii	"\331\251\034\353\261]6\\E\024\265\333j\351\312\374["
 230      B15D365C 
 230      4514B5DB 
 230      6AE9CAFC 
 230      5B
 231 03de D2A63069 		.ascii	"\322\2460i,W\235%]DN\246\236\357\365e\324\244r/)+\306"
 231      2C579D25 
 231      5D444EA6 
 231      9EEFF565 
 231      D4A4722F 
ARM GAS  /tmp/ccKC4QoY.s 			page 18


 232 03f5 AC85288F 		.ascii	"\254\205(\217\305gL\373\320,$\256\271\300\262\360\340"
 232      C5674CFB 
 232      D02C24AE 
 232      B9C0B2F0 
 232      E0
 233 0406 8DEA3C37 		.ascii	"\215\352<7\227m\253\237\266\255>[\333\262\324\236\330"
 233      976DAB9F 
 233      B6AD3E5B 
 233      DBB2D49E 
 233      D8
 234 0417 E10DFD74 		.ascii	"\341\015\375t\230\364\323e\257\214m\346\026\030\367"
 234      98F4D365 
 234      AF8C6DE6 
 234      1618F7
 235 0426 26214327 		.ascii	"&!C'%\337\235\224\367\323\001\332OG\356\327=\320\342"
 235      25DF9D94 
 235      F7D301DA 
 235      4F47EED7 
 235      3DD0E2
 236 0439 6E966E63 		.ascii	"n\226nc-m\361:\273\"\254}\336\311\330\377\024\273\324"
 236      2D6DF13A 
 236      BB22AC7D 
 236      DEC9D8FF 
 236      14BBD4
 237 044c E316D5E3 		.ascii	"\343\026\325\343\246M\2176sJ\033bzX:\257@\264c\314\346"
 237      A64D8F36 
 237      734A1B62 
 237      7A583AAF 
 237      40B463CC 
 238 0461 9F132290 		.ascii	"\237\023\"\220h\327bP\256\205\225j\321\373t\356\202"
 238      68D76250 
 238      AE85956A 
 238      D1FB74EE 
 238      82
 239 0472 0E8F302D 		.ascii	"\016\2170-\352\323N\355\363b\005r]\000\274u.\271\316"
 239      EAD34EED 
 239      F3620572 
 239      5D00BC75 
 239      2EB9CE
 240 0485 8B5588F9 		.ascii	"\213U\210\371\007\200\357\274\275\243K\307\236\317\023"
 240      0780EFBC 
 240      BDA34BC7 
 240      9ECF13
 241 0494 FA8AF8BC 		.ascii	"\372\212\370\2746^\257}\244\202j\236\347W\251\031\275"
 241      365EAF7D 
 241      A4826A9E 
 241      E757A919 
 241      BD
 242 04a5 C58BE055 		.ascii	"\305\213\340U\265M\274\200\337\0054g\350\202\225\327"
 242      B54DBC80 
 242      DF053467 
 242      E88295D7 
 243 04b5 5F23195E 		.ascii	"_#\031^9\224\266K\317\013\220Lk\031\367\332\246=\360"
 243      3994B64B 
 243      CF0B904C 
 243      6B19F7DA 
 243      A63DF0
ARM GAS  /tmp/ccKC4QoY.s 			page 19


 244 04c8 5DA64BD5 		.ascii	"]\246K\325Dq\025\327\305B{\376\275\234\275z\206\177"
 244      447115D7 
 244      C5427BFE 
 244      BD9CBD7A 
 244      867F
 245 04da 44EA7FDB 		.ascii	"D\352\177\333b\257\032O2Zs\332R\236\027^\242\210\260"
 245      62AF1A4F 
 245      325A73DA 
 245      529E175E 
 245      A288B0
 246 04ed 70A36751 		.ascii	"p\243gQ\347\252)N\270l\212\231Y\237v\320\016\375\030"
 246      E7AA294E 
 246      B86C8A99 
 246      599F76D0 
 246      0EFD18
 247 0500 12FA9173 		.ascii	"\022\372\221sk\003!7\237d\304k\3609L%.\234}\230\243"
 247      6B032137 
 247      9F64C46B 
 247      F0394C25 
 247      2E9C7D98 
 248 0515 C18D0C69 		.ascii	"\301\215\014i\035I\273%\340+\330A\3575\\\357\334\245"
 248      1D49BB25 
 248      E02BD841 
 248      EF355CEF 
 248      DCA5
 249 0527 8A4B9EB8 		.ascii	"\212K\236\270\213=,{\232\360Wx\220\375n\274\323\325"
 249      8B3D2C7B 
 249      9AF05778 
 249      90FD6EBC 
 249      D3D5
 250 0539 E2864718 		.ascii	"\342\206G\030\222P\036W\240\3063\0149\227^\373X\213"
 250      92501E57 
 250      A0C6330C 
 250      39975EFB 
 250      588B
 251 054b 1719D2F0 		.ascii	"\027\031\322\360\274?G\207w\253)Ry\357r\223\216\007"
 251      BC3F4787 
 251      77AB2952 
 251      79EF7293 
 251      8E07
 252 055d 84387CF9 		.ascii	"\2048|\371\360\265>-Na\017\367$\231\233\241\1771\244"
 252      F0B53E2D 
 252      4E610FF7 
 252      24999BA1 
 252      7F31A4
 253 0570 29316E8F 		.ascii	")1n\217\016\037\241\210\320z\374\312v\227.y\341\312"
 253      0E1FA188 
 253      D07AFCCA 
 253      76972E79 
 253      E1CA
 254 0582 25960C0D 		.ascii	"%\226\014\015\270\3439\270cY\301\035M\303\317\247}p"
 254      B8E339B8 
 254      6359C11D 
 254      4DC3CFA7 
 254      7D70
 255 0594 1993B6FD 		.ascii	"\031\223\266\375\273\222L\242\227\206M\215\356pktr\261"
 255      BB924CA2 
ARM GAS  /tmp/ccKC4QoY.s 			page 20


 255      97864D8D 
 255      EE706B74 
 255      72B1
 256 05a6 52CD6E11 		.ascii	"R\315n\021f[\211+\366\337<\355\215\3172\235\216-\026"
 256      665B892B 
 256      F6DF3CED 
 256      8DCF329D 
 256      8E2D16
 257 05b9 C4F2B9CB 		.ascii	"\304\362\271\313\274B\2478\301\237\014\244:\305\010"
 257      BC42A738 
 257      C19F0CA4 
 257      3AC508
 258 05c8 BEC82CD8 		.ascii	"\276\310,\330\3024\324\374\361Y2\001m\023t(V\260\253"
 258      C234D4FC 
 258      F1593201 
 258      6D137428 
 258      56B0AB
 259 05db A5E15A4D 		.ascii	"\245\341ZM/LV\250\361\005&\302\272\273\357\210\267+"
 259      2F4C56A8 
 259      F10526C2 
 259      BABBEF88 
 259      B72B
 260 05ed 113B5C8A 		.ascii	"\021;\\\212\030LXWLD\304\203\210\355\222\010\220\310"
 260      184C5857 
 260      4C44C483 
 260      88ED9208 
 260      90C8
 261 05ff 64F4EEE9 		.ascii	"d\364\356\351\032\324\340V&\343I\306\300^\037W2v\273"
 261      1AD4E056 
 261      26E349C6 
 261      C05E1F57 
 261      3276BB
 262 0612 949139C0 		.ascii	"\224\2219\300\263m\027\010\331)\011\211\267\011\311"
 262      B36D1708 
 262      D9290989 
 262      B709C9
 263 0621 9EB935CE 		.ascii	"\236\2715\316k\305\237L\3113\311\275n\370:\363\266m"
 263      6BC59F4C 
 263      C933C9BD 
 263      6EF83AF3 
 263      B66D
 264 0633 F9B78A2D 		.ascii	"\371\267\212-\377r\023\273+1\036d\317v\235\330\325\344"
 264      FF7213BB 
 264      2B311E64 
 264      CF769DD8 
 264      D5E4
 265 0645 8DEF32A4 		.ascii	"\215\3572\244\360|\315#w<\313G\365\304\336\321\3418"
 265      F07CCD23 
 265      773CCB47 
 265      F5C4DED1 
 265      E138
 266 0657 373663DE 		.ascii	"76c\336l.\365\306;\031R3\227]\343\203\023\031\322v\347"
 266      6C2EF5C6 
 266      3B195233 
 266      975DE383 
 266      1319D276 
 267 066c E5B40E67 		.ascii	"\345\264\016g0\244#\246\00021\227\2171/\355\327\343"
ARM GAS  /tmp/ccKC4QoY.s 			page 21


 267      30A423A6 
 267      00323197 
 267      8F312FED 
 267      D7E3
 268 067e 83141166 		.ascii	"\203\024\021f\362\006\247\\\372v\237+\273-Y$\2452\301"
 268      F206A75C 
 268      FA769F2B 
 268      BB2D5924 
 268      A532C1
 269 0691 E60C059B 		.ascii	"\346\014\005\233\333\247v\303\272\243\210IKH\177|\304"
 269      DBA776C3 
 269      BAA38849 
 269      4B487F7C 
 269      C4
 270 06a2 1B9F66C8 		.ascii	"\033\237f\310\322\375\264~\304,\326\003\032[\323\237"
 270      D2FDB47E 
 270      C42CD603 
 270      1A5BD39F 
 271 06b2 ECC3CA60 		.ascii	"\354\303\312`\230\346\342\265\374\031-\256g\264\325"
 271      98E6E2B5 
 271      FC192DAE 
 271      67B4D5
 272 06c1 C929A073 		.ascii	"\311)\240s#C\254\373\022j<q/C\352\023\247\317z`+Cv\314"
 272      2343ACFB 
 272      126A3C71 
 272      2F43EA13 
 272      A7CF7A60 
 273 06d9 8F94FAE0 		.ascii	"\217\224\372\3401\356\001\336\250\326\260F5\021ww\230"
 273      31EE01DE 
 273      A8D6B046 
 273      35117777 
 273      98
 274 06ea F7B5B574 		.ascii	"\367\265\265tB\2708\355\206'\030\351\251\355\243EZx"
 274      42B838ED 
 274      862718E9 
 274      A9EDA345 
 274      5A78
 275 06fc E60BA98E 		.ascii	"\346\013\251\216dK@_\266\004\254\260\314\224\250\361"
 275      644B405F 
 275      B604ACB0 
 275      CC94A8F1 
 276 070c 2C735247 		.ascii	",sRGy\377%\371\032\360\357h\352\026\201\371G%\363}\355"
 276      79FF25F9 
 276      1AF0EF68 
 276      EA1681F9 
 276      4725F37D 
 277 0721 4BA7C942 		.ascii	"K\247\311B\263f\255\012\275\347\213\336\005'\036\003"
 277      B366AD0A 
 277      BDE78BDE 
 277      05271E03 
 278 0731 27FA7227 		.ascii	"'\372r'\036\001'\036\026\330\0020\357X\243\027~\311"
 278      1E01271E 
 278      16D80230 
 278      EF58A317 
 278      7EC9
 279 0743 043C4E7B 		.ascii	"\004<N{\270\023\333\005\014&\370\322\304=\001\002\216"
 279      B813DB05 
ARM GAS  /tmp/ccKC4QoY.s 			page 22


 279      0C26F8D2 
 279      C43D0102 
 279      8E
 280 0754 4B028A04 		.ascii	"K\002\212\004\027\022\212\225%\304\246v\235\360\300"
 280      17128A95 
 280      25C4A676 
 280      9DF0C0
 281 0763 3B345442 		.ascii	";4TBZII\261\326.!3\353\343:\"\341\024H(\221$\234p%\341"
 281      5A4949B1 
 281      D62E2133 
 281      EBE33A22 
 281      E1144828 
 282 077d A4B2045B 		.ascii	"\244\262\004[r\257a\311\335x\254\332\352\205\0235,\356"
 282      72AF61C9 
 282      DD78ACDA 
 282      EA851335 
 282      2CEE
 283 078f 7B5E9CC2 		.ascii	"{^\234\3028\223I\237\253;Xaw\240e\0366\205\025 \271"
 283      3893499F 
 283      AB3B5861 
 283      77A0651E 
 283      36851520 
 284 07a4 EC352497 		.ascii	"\3545$\227+K\256\213\237\216\304yL\322\241\213\247:"
 284      2B4BAE8B 
 284      9F8EC479 
 284      4CD2A18B 
 284      A73A
 285 07b6 DCF15126 		.ascii	"\334\361Q&\351\371\320\343*o\273\244E\220t\026$U\276"
 285      E9F9D0E3 
 285      2A6FBBA4 
 285      45907416 
 285      2455BE
 286 07c9 86A42A65 		.ascii	"\206\244*eIyu"
 286      497975
 287 07d0 1D456A5C 		.ascii	"\035Ej\\\312Du\317\327-\352q\025E\324\345\261C\005 "
 287      CA4475CF 
 287      D72DEA71 
 287      1545D4E5 
 287      B1430520 
 288 07e4 CA1741B9 		.ascii	"\312\027A\271 &\220l\367`\305\016\022\317\011\330\266"
 288      2026906C 
 288      F760C50E 
 288      12CF09D8 
 288      B6
 289 07f5 45CC3283 		.ascii	"E\3142\203\264\311o\311m\370\255\245W\005\3715 \237"
 289      B4C96FC9 
 289      6DF8ADA5 
 289      5705F935 
 289      209F
 290 0807 3C82DE0C 		.ascii	"<\202\336\014\322k\231\364\201\346\253q\032\035\247"
 290      D26B99F4 
 290      81E6AB71 
 290      1A1DA7
 291 0816 4EFA3EEA 		.ascii	"N\372>\352\372\007\207\366\251\345{\257\363\240\211"
 291      FA0787F6 
 291      A9E57BAF 
 291      F3A089
ARM GAS  /tmp/ccKC4QoY.s 			page 23


 292 0825 B4D4B008 		.ascii	"\264\324\260\010z\276\017\315\353\253\266\252q-3\352"
 292      7ABE0FCD 
 292      EBABB6AA 
 292      712D33EA 
 293 0835 8EF96297 		.ascii	"\216\371b\227\200\033\031Rr\320z\330\003_eH\335@\312"
 293      801B1952 
 293      72D07AD8 
 293      035F6548 
 293      DD40CA
 294 0848 7D2FDCC9 		.ascii	"}/\334\311\020\353\311\027\265\032\334\303\220\274\233"
 294      10EBC917 
 294      B51ADCC3 
 294      90BC9B
 295 0857 5325EEB8 		.ascii	"S%\356\270\237\371\374\342ry\203\032\351\375e\202eK"
 295      9FF9FCE2 
 295      7279831A 
 295      E9FD6582 
 295      654B
 296 0869 1CD402AA 		.ascii	"\034\324\002\252~a\333\224\261\374K\237\013\316\251"
 296      7E61DB94 
 296      B1FC4B9F 
 296      0BCEA9
 297 0878 27CBAB66 		.ascii	"'\313\253fA\217\232\244\340|\241g\372\265t'\234W\343"
 297      418F9AA4 
 297      E07CA167 
 297      FAB57427 
 297      9C57E3
 298 088b DDEE54D6 		.ascii	"\335\356T\326\321+\303f7\374\035Cjw_Y\326\342$\206d"
 298      D12BC366 
 298      37FC1D43 
 298      6A775F59 
 298      D6E22486 
 299 08a0 9DDB11AB 		.ascii	"\235\333\021\253\303\251\014\031\216m\352\322\342\014"
 299      C3A90C19 
 299      8E6DEAD2 
 299      E20C
 300 08ae 864C4DDC 		.ascii	"\206LM\334X\366\302Y\0141/\324\017h\360\001\206\014"
 300      58F6C259 
 300      0C312FD4 
 300      0F68F001 
 300      860C
 301 08c0 A6CF0F7B 		.ascii	"\246\317\017{\340\002\206\024\277\234I\324\343C\014"
 301      E0028614 
 301      BF9C49D4 
 301      E3430C
 302 08cf 99AFED28 		.ascii	"\231\257\355(\024X\267\360\003\364\270%\241\005\363"
 302      1458B7F0 
 302      03F4B825 
 302      A105F3
 303 08de 550D2CA2 		.ascii	"U\015,\242<\333O\265Wj\220\037\377\254\366\363g+\350"
 303      3CDB4FB5 
 303      576A901F 
 303      FFACF6F3 
 303      672BE8
 304 08f1 8EA5AF4A 		.ascii	"\216\245\257J:G\315\346\024=5\3462\030sS\220\255T\017"
 304      3A47CDE6 
 304      143D35E6 
ARM GAS  /tmp/ccKC4QoY.s 			page 24


 304      32187353 
 304      90AD540F 
 305 0905 0AD24A95 		.ascii	"\012\322J\225\255l\313\256\320E<\241\276\352L\275b\031"
 305      AD6CCBAE 
 305      D0453CA1 
 305      BEEA4CBD 
 305      6219
 306 0917 9C23115F 		.ascii	"\234#\021_s&\016p\346\\)\021\267*\353!\343\\*\021\267"
 306      73260E70 
 306      E65C2911 
 306      B72AEB21 
 306      E35C2A11 
 307 092c 3913CB97 		.ascii	"9\023\313\227\327\214:K\242\276\256\250\207\214\363"
 307      D78C3A4B 
 307      A2BEAEA8 
 307      878CF3
 308 093b 0189B65D 		.ascii	"\001\211\266]\231\263|K#\021_r&\376N\322\331a\263\325"
 308      99B37C4B 
 308      23115F72 
 308      26FE4ED2 
 308      D961B3D5 
 309 094f 0529DF09 		.ascii	"\005)\337\011\317P\007\037A6[VH\263~\0016X\000\003\000"
 309      CF50071F 
 309      41365B56 
 309      48B37E01 
 309      36580003 
 310 0964 7D00DD00 		.ascii	"}\000\335\000\267\000z\001n\000\014\012\262\315\227"
 310      B7007A01 
 310      6E000C0A 
 310      B2CD97
 311 0973 A542127D 		.ascii	"\245B\022}E9\020\262\355\224e\177\002\335\372\000\225"
 311      453910B2 
 311      ED94657F 
 311      02DDFA00 
 311      95
 312 0984 7CEB43F6 		.ascii	"|\353C\366\263{\017\324\012\362\252\2233R\241!{\325"
 312      B37B0FD4 
 312      0AF2AA93 
 312      3352A121 
 312      7BD5
 313 0996 55BD7C30 		.ascii	"U\275|0\351\206o\322l\303c=\371\371\236\010\322(\231"
 313      E9866FD2 
 313      6CC3633D 
 313      F9F99E08 
 313      D22899
 314 09a9 CFBCD432 		.ascii	"\317\274\3242\273\374aP\3506\267\354\016X6\"\327\034"
 314      BBFC6150 
 314      E836B7EC 
 314      0E583622 
 314      D71C
 315 09bb EAE7B745 		.ascii	"\352\347\267EV\226t\300\0365rb\205\2100\335\313wS\335"
 315      569674C0 
 315      1E357262 
 315      858830DD 
 315      CB7753DD 
 316 09cf 6FAFD03D 		.ascii	"o\257\320=\361f\303\003\001\217\262\002xx\257\270G\300"
 316      F166C303 
ARM GAS  /tmp/ccKC4QoY.s 			page 25


 316      018FB202 
 316      7878AFB8 
 316      47C0
 317 09e1 0F19D2D4 		.ascii	"\017\031\322\324\361\262\336\003\3172\244\374eQ<\306"
 317      F1B2DE03 
 317      CF32A4FC 
 317      65513CC6 
 318 09f1 CF29F2B3 		.ascii	"\317)\362\263\236\273;2\240DV\373\351W\303\227\237\236"
 318      9EBB3B32 
 318      A04456FB 
 318      E957C397 
 318      9F9E
 319 0a03 560318E2 		.ascii	"V\003\030\342O.\360\275\006n\350\351\036[\257\367\367"
 319      4F2EF0BD 
 319      066EE8E9 
 319      1E5BAFF7 
 319      F7
 320 0a14 2357FBC7 		.ascii	"#W\373\307\237\354\273W\363\312\311-\374\313Q\266\367"
 320      9FECBB57 
 320      F3CAC92D 
 320      FCCB51B6 
 320      F7
 321 0a25 2CC07A34 		.ascii	",\300z4\011k\323qW9\350\020\375\005\240 \341A\213|\010"
 321      096BD371 
 321      5739E810 
 321      FD05A020 
 321      E1418B7C 
 322 0a3a F1513EF6 		.ascii	"\361Q>\366Gy\330\017=\200(\337w\210\362\274\321\274"
 322      4779D80F 
 322      3D8028DF 
 322      7788F2BC 
 322      D1BC
 323 0a4c 4B831E82 		.ascii	"K\203\036\202\233\246\224EP?\311\302\367\310!|d s\231"
 323      9BA69445 
 323      503FC9C2 
 323      F7C8217C 
 323      64207399 
 324 0a60 83126340 		.ascii	"\203\022c@p\217\3608\000\202'\270\022\271\360;\007\224"
 324      708FF038 
 324      008227B8 
 324      12B9F03B 
 324      0794
 325 0a72 C806C802 		.ascii	"\310\006\310\002\330\017\260\017 \023 \003 \035 \015"
 325      D80FB00F 
 325      20132003 
 325      201D200D 
 326 0a82 20152006 		.ascii	" \025 \006`\011\224}\0120\0030\0150\011\360\004\340"
 326      6009947D 
 326      0A300330 
 326      0D3009F0 
 326      04E0
 327 0a94 B143B06F 		.ascii	"\261C\260o\244\376w:lG\337%M\364\036DzBn\3028R.\021"
 327      A4FE773A 
 327      6C47DF25 
 327      4DF41E44 
 327      7A426EC2 
 328 0aac BB7E77F9 		.ascii	"\273~w\371\210\3777\375,]=|\247Nv\\\017\221\223\202"
ARM GAS  /tmp/ccKC4QoY.s 			page 26


 328      88FF37FD 
 328      2C5D3D7C 
 328      A74E765C 
 328      0F919382 
 329 0ac0 0F56B492 		.ascii	"\017V\264\222\232\014~\0160\005\256}\242L\357\034\223"
 329      9A0C7E0E 
 329      3005AE7D 
 329      A24CEF1C 
 329      93
 330 0ad1 7187984C 		.ascii	"q\207\230L\011\262c\205\\\233x\262\303Yrfw\327Q<\324"
 330      09B26385 
 330      5C9B78B2 
 330      C3597266 
 330      77D7513C 
 331 0ae6 42520FAD 		.ascii	"BR\017\255z\262`\177\251L\275^\"\236\377\214\320\316"
 331      7AB2607F 
 331      A94CBD5E 
 331      229EFF8C 
 331      D0CE
 332 0af8 02CD1EEE 		.ascii	"\002\315\036\356\307i\240%y\203\022\\4';\301\"\224\355"
 332      C769A025 
 332      7983125C 
 332      34273BC1 
 332      2294ED
 333 0b0b 1CF7FC02 		.ascii	"\034\367\374\002\374\236\007\317=s\360\334L\002\367"
 333      FC9E07CF 
 333      3D73F0DC 
 333      4C02F7
 334 0b1a 0449B267 		.ascii	"\004I\262g\240\314\234\213\366\316\004X\234\004\314"
 334      A0CC9C8B 
 334      F6CE0458 
 334      9C04CC
 335 0b29 F211AE05 		.ascii	"\362\021\256\005L\262\016G\330?Ud/\353\021C\254\277"
 335      4CB20E47 
 335      D83F5564 
 335      2FEB1143 
 335      ACBF
 336 0b3b CD39F608 		.ascii	"\3159\366\010\333q\354\347\354(\211xbN\332E\022b\356"
 336      DB71ECE7 
 336      EC288978 
 336      624EDA45 
 336      1262EE
 337 0b4e AAE1EED4 		.ascii	"\252\341\356\324-i\254\234\227\201h\257s\242~'8\233"
 337      2D69AC9C 
 337      978168AF 
 337      73A27E27 
 337      389B
 338 0b60 E3DCF2CC 		.ascii	"\343\334\362\314\220\235/\2709/\301\234\347\216Y&\367"
 338      909D2FB8 
 338      392FC19C 
 338      E78E5926 
 338      F7
 339 0b71 1531E685 		.ascii	"\0251\346\205\2621\312\274\023\005\254\310\233\231\336"
 339      B231CABC 
 339      1305ACC8 
 339      9B99DE
 340 0b80 C14C7FA1 		.ascii	"\301L\177\241hz\323\257b\250\351\304\252$i\251\362B"
ARM GAS  /tmp/ccKC4QoY.s 			page 27


 340      687AD3AF 
 340      62A8E9C4 
 340      AA2469A9 
 340      F242
 341 0b92 6E7A97C8 		.ascii	"nz\227\310M\217\305kP\262\262\351T\273\024%\355Tt\030"
 341      4D8FC56B 
 341      50B2B2E9 
 341      54BB1425 
 341      ED547418 
 342 0ba6 512D055C 		.ascii	"Q-\005\\\220\014\205\227\004\220\010\220\000\260\035"
 342      900C8597 
 342      04900890 
 342      00B01D
 343 0bb5 200E601B 		.ascii	" \016`\033\226\273\243\276\213F\226\344|\012\310#\014"
 343      96BBA3BE 
 343      8B4696E4 
 343      7C0AC823 
 343      0C
 344 0bc6 5CCEC779 		.ascii	"\\\316\307y\251\262\202K\375>\352\345N\3129\036zr\232"
 344      A9B2824B 
 344      FD3EEAE5 
 344      4ECA391E 
 344      7A729A
 345 0bd9 6B5A596D 		.ascii	"kZYm\356\300\362\332\204q*\347\222\310\201\371:\233"
 345      EEC0F2DA 
 345      84712AE7 
 345      92C881F9 
 345      3A9B
 346 0beb CCD759C0 		.ascii	"\314\327Y\300\220\220\023[w\203\255\273\300\256\235"
 346      9090135B 
 346      7783ADBB 
 346      C0AE9D
 347 0bfa 925DE0CA 		.ascii	"\222]\340\312\323\007\277\311`\256$\273\313tN\357b\371"
 347      D307BFC9 
 347      60AE24BB 
 347      CB744EEF 
 347      62F9
 348 0c0c 00A11B70 		.ascii	"\000\241\033p#\335\235\244\345~Nk/\017\347\004\357/"
 348      23DD9DA4 
 348      E57E4E6B 
 348      2F0FE704 
 348      EF2F
 349 0c1e 4024CA40 		.ascii	"@$\312@#\217\262\355\034\364\017\207\230\330=`w\356"
 349      238FB2ED 
 349      1CF40F87 
 349      98D83D60 
 349      77EE
 350 0c30 6BD9FD1D 		.ascii	"k\331\375\035PJv\357av\273\230G\320^\260V\232JlU\365"
 350      504A76EF 
 350      6176BB98 
 350      47D05EB0 
 350      569A4A6C 
 351 0c46 8B06FA92 		.ascii	"\213\006\372\222\203p: \245\326C\332\336\270b]\277\341"
 351      83703A20 
 351      A5D643DA 
 351      DEB8625D 
 351      BFE1
ARM GAS  /tmp/ccKC4QoY.s 			page 28


 352 0c58 8A41F7CF 		.ascii	"\212A\367\317{e\354\300\304\323\235\274\027\222\356"
 352      7B65ECC0 
 352      C4D39DBC 
 352      1792EE
 353 0c67 96FF7DD4 		.ascii	"\226\377}\324)\235\366NX\340\232\2269o\366\032u\036"
 353      299DF64E 
 353      58E09A96 
 353      396FF61A 
 353      751E
 354 0c79 D0AC709E 		.ascii	"\320\254p\236%\367\232o\246\331\022\203\351v\362\020"
 354      25F79A6F 
 354      A6D91283 
 354      E976F210 
 355 0c89 CF7EBE4F 		.ascii	"\317~\276Oa\313\316BA\312\257\224k\236\346\322\257\350"
 355      61CBCE42 
 355      41CAAF94 
 355      6B9EE6D2 
 355      AFE8
 356 0c9b 06F0B412 		.ascii	"\006\360\264\022m\251\214v\261\235\322\222-\334\031"
 356      6DA98C76 
 356      B19DD292 
 356      2DDC19
 357 0caa 255AF9B4 		.ascii	"%Z\371\264\322\275\227g9lsP\265s\015\256X\376V\266\333"
 357      D2BD9767 
 357      396C7350 
 357      B5730DAE 
 357      58FE56B6 
 358 0cbf 5B638333 		.ascii	"[c\2033\261|\361\307\227\212\022\365\005ejy\024\332"
 358      B17CF1C7 
 358      978A12F5 
 358      05656A79 
 358      14DA
 359 0cd1 7914C89A 		.ascii	"y\024\310\232\354\2423\371\312\265\365\001\306\234L"
 359      ECA233F9 
 359      CAB5F501 
 359      C69C4C
 360 0ce0 9FA3CAD4 		.ascii	"\237\243\312\3242\275\263\367:\315\031\023.\346\014"
 360      32BDB3F7 
 360      3ACD1913 
 360      2EE60C
 361 0cef 469ED1EE 		.ascii	"F\236\321\3560\003\254$\226\3058}/m\203\023\312m\360"
 361      3003AC24 
 361      96C5387D 
 361      2F6D8313 
 361      CA6DF0
 362 0d02 E373E4C4 		.ascii	"\343s\344\304\200$\365\230\224\252\023\262.\230[\370"
 362      8024F598 
 362      94AA13B2 
 362      2E985BF8 
 363 0d12 BBCCA366 		.ascii	"\273\314\243f\333|9\303\027[.\313q&\220\010\033\027"
 363      DB7C39C3 
 363      175B2ECB 
 363      71269008 
 363      1B17
 364 0d24 5CBD4928 		.ascii	"\\\275I(th+\005\012m\305\276\020<\010\305\365\252\205"
 364      74682B05 
 364      0A6DC5BE 
ARM GAS  /tmp/ccKC4QoY.s 			page 29


 364      103C08C5 
 364      F5AA85
 365 0d37 20AFFFBB 		.ascii	" \257\377\2734\205\011\337yi\012\033\247\026\220w\205"
 365      348509DF 
 365      79690A1B 
 365      A7169077 
 365      85
 366 0d48 B7B71DF2 		.ascii	"\267\267\035\362\301\255Z\272\340\315\277\262\263\335"
 366      C1AD5ABA 
 366      E0CDBFB2 
 366      B3DD
 367 0d56 03B733A4 		.ascii	"\003\2673\2444)&\006c+C\332\2364n\327\220\325\376\266"
 367      34292606 
 367      632B43DA 
 367      9E346ED7 
 367      90D5FEB6 
 368 0d6a 57EFB1F1 		.ascii	"W\357\261\361\214u\276\312\003\371\371\257.4\307m#\035"
 368      8C75BECA 
 368      03F9F9AF 
 368      2E34C76D 
 368      231D
 369 0d7c 26ACA988 		.ascii	"&\254\251\210\026\362Q\250\366#\030\243\343\370U\261"
 369      16F251A8 
 369      F62318A3 
 369      E3F855B1 
 370 0d8c C8A6B138 		.ascii	"\310\246\2618\356\330\254\224'\267\303\234\0311\277"
 370      EED8AC94 
 370      27B7C39C 
 370      1931BF
 371 0d9b 08CC3FC6 		.ascii	"\010\314?\306;*9\353\3335{J\215\357S\325\205#/b\313"
 371      3B2A39EB 
 371      DB357B4A 
 371      8DEF53D5 
 371      85232F62 
 372 0db0 7468B58B 		.ascii	"th\265\213\035G\011\214T\342b\213\177\030\233\006O\020"
 372      1D47098C 
 372      54E2628B 
 372      7F189B06 
 372      4F10
 373 0dc2 ADB1DD7D 		.ascii	"\255\261\335}DA*ia\337\370./<\307\234t\270\341\231E"
 373      44412A69 
 373      61DFF82E 
 373      2F3CC79C 
 373      74B8E199 
 374 0dd7 875F30A4 		.ascii	"\207_0\244\251\375z\236\033N\367\240\310\305\373\365"
 374      A9FD7A9E 
 374      1B4EF7A0 
 374      C8C5FBF5 
 375 0de7 996A72A0 		.ascii	"\231jr\240\261\3555\3370j\254y\213c\210l7`#ak\326\337"
 375      B1ED35DF 
 375      306AAC79 
 375      8B63886C 
 375      37602361 
 376 0dfe CA5E9A91 		.ascii	"\312^\232\221\027a\345+\\\371\252}\303)\314F\020K+\301"
 376      1761E52B 
 376      5CF9AA7D 
 376      C329CC46 
ARM GAS  /tmp/ccKC4QoY.s 			page 30


 376      104B2BC1 
 377 0e12 D22A4897 		.ascii	"\322*H\2272\200\012\2003\016\263l\362\000\257d\333\333"
 377      32800A80 
 377      330EB36C 
 377      F200AF64 
 377      DBDB
 378 0e24 B1729793 		.ascii	"\261r\227\223\021\304\330\2226@\213\3554\326\241R\254"
 378      11C4D892 
 378      36408BED 
 378      34D6A152 
 378      AC
 379 0e35 482CDF50 		.ascii	"H,\337P\316\261wi\345\012\363\221e\301\366\256\314\366"
 379      CEB17769 
 379      E50AF391 
 379      65C1F6AE 
 379      CCF6
 380 0e47 5A70A585 		.ascii	"Zp\245\205\353\371\273\257\324\326\262\007\3568\237"
 380      EBF9BBAF 
 380      D4D6B207 
 380      EE389F
 381 0e56 BA57487D 		.ascii	"\272WH}v\261J\260\207\330\331\360s`\354\367\031n\233"
 381      76B14AB0 
 381      87D8D9F0 
 381      7360ECF7 
 381      196E9B
 382 0e69 9A36C524 		.ascii	"\2326\305$\220pW\003\371Y)\334\345\266p\237\255{\374"
 382      90705703 
 382      F95929DC 
 382      E5B6709F 
 382      AD7BFC
 383 0e7c 137656E2 		.ascii	"\023vV\342K\336t\334\232\262x\362\203\\r\230Z\332\276"
 383      4BDE74DC 
 383      9AB278F2 
 383      835C7298 
 383      5ADABE
 384 0e8f 37C70B57 		.ascii	"7\307\013W\262\220\247\276h\276\350\216k\031Rg\231\251"
 384      B290A7BE 
 384      68BEE88E 
 384      6B195267 
 384      99A9
 385 0ea1 57E34686 		.ascii	"W\343F\206\354?_\332\214\361U\206<)<t_\300\235\014I"
 385      EC3F5FDA 
 385      8CF15586 
 385      3C293C74 
 385      5FC09D0C 
 386 0eb6 8ECB1FF3 		.ascii	"\216\313\037\363\301\375\014)I\216\201U\313m\206\234"
 386      C1FD0C29 
 386      498E8155 
 386      CB6D869C 
 387 0ec6 8C1DB9E4 		.ascii	"\214\035\271\344\216\237PD;\327\330\367\322\223\237"
 387      8E9F5044 
 387      3BD7D8F7 
 387      D2939F
 388 0ed5 C9904263 		.ascii	"\311\220Bc\353\320/\371\012\202\264_\013\350~\325U\034"
 388      EBD02FF9 
 388      0A82B45F 
 388      0BE87ED5 
ARM GAS  /tmp/ccKC4QoY.s 			page 31


 388      551C
 389 0ee7 98AFE7B2 		.ascii	"\230\257\347\262d\035\265\321\231\336q\342\200\260u"
 389      641DB5D1 
 389      99DE71E2 
 389      80B075
 390 0ef6 0DF8C650 		.ascii	"\015\370\306Pr\322\345.pr\205.\307\230\337\030\260\367"
 390      72D2E52E 
 390      7072852E 
 390      C798DF18 
 390      B0F7
 391 0f08 F6066555 		.ascii	"\366\006eUd\304SrM\352\235\311W\316J\326\001{s?\257"
 391      64C45372 
 391      4DEA9DC9 
 391      57CE4AD6 
 391      017B733F 
 392 0f1d 4C2DEB28 		.ascii	"L-\353(\035Y4\335\256*u\024\236(\265\330\027\325`2\230"
 392      1D5934DD 
 392      AE2A7514 
 392      9E28B5D8 
 392      17D56032 
 393 0f32 73238972 		.ascii	"s#\211r\005\022\245\031\022\244\005\340\022@+\300e\200"
 393      0512A519 
 393      12A405E0 
 393      12402BC0 
 393      6580
 394 0f44 26A9CB8C 		.ascii	"&\251\313\214>\311\030W\343\005\226\202s\323\005;=\221"
 394      3EC91857 
 394      E3059682 
 394      73D3053B 
 394      3D91
 395 0f56 FF6A5BDF 		.ascii	"\377j[\337\370\303m\372\202\344\032\260k\223\022\351"
 395      F8C36DFA 
 395      82E41AB0 
 395      6B9312E9 
 396 0f66 2A4D2465 		.ascii	"*M$e\351\355 \361\377 \375\372\323\203\27348\236\235"
 396      E9ED20F1 
 396      FF20FDFA 
 396      D383BB34 
 396      389E9D
 397 0f79 DBC75D8F 		.ascii	"\333\307]\217\371\027\234\304~\217\215\025\244\361W"
 397      F9179CC4 
 397      7E8F8D15 
 397      A4F157
 398 0f88 8D7F4DB4 		.ascii	"\215\177M\264,;\335\240\323I/:\310}\251qwar\230\032"
 398      2C3BDDA0 
 398      D3492F3A 
 398      C87DA971 
 398      77617298 
 399 0f9d E08B3A   		.ascii	"\340\213:"
 400 0fa0 313D4B7D 		.ascii	"1=K}|\270\275\214\234m\373\353\320\267\262\327\003\376"
 400      7CB8BD8C 
 400      9C6DFBEB 
 400      D0B7B2D7 
 400      03FE
 401 0fb2 8C754EF2 		.ascii	"\214uN\362H\246\007\316\243\210\260g\374\316q\037\333"
 401      48A607CE 
 401      A388B067 
ARM GAS  /tmp/ccKC4QoY.s 			page 32


 401      FCCE711F 
 401      DB
 402 0fc3 6BB9FC6D 		.ascii	"k\271\374m\346\267b\326\313vi}`\201?ok\335`\342\015"
 402      E6B762D6 
 402      CB76697D 
 402      60813F6F 
 402      6BDD60E2 
 403 0fd8 2CBD03FB 		.ascii	",\275\003\373#\3733I/4\214\036\3117\376\374=\312\216"
 403      23FB3349 
 403      2F348C1E 
 403      C937FEFC 
 403      3DCA8E
 404 0feb B863899E 		.ascii	"\270c\211\236\3708\023\322z\270eA\220\275\"\370W\372"
 404      F83813D2 
 404      7AB86541 
 404      90BD22F8 
 404      57FA
 405 0ffd D78F41   		.ascii	"\327\217A"
 406 1000 18D92F8D 		.ascii	"\030\331/\215\354\305\366\303\355\025z\014(\350A\216"
 406      ECC5F6C3 
 406      ED157A0C 
 406      28E8418E 
 407 1010 754F0D36 		.ascii	"uO\0156\252q9\0232\222\223\323 \275\207H\237\013\316"
 407      AA713913 
 407      329293D3 
 407      20BD8748 
 407      9F0BCE
 408 1023 BD414E69 		.ascii	"\275ANi\255 \345\246$e\360\025Rn)K\351<P\370\304kU\022"
 408      AD20E5A6 
 408      2465F015 
 408      526E294B 
 408      E93C50F8 
 409 103b 0FF7CFD7 		.ascii	"\017\367\317\327R\226\2430\350\016;#\303\253l!\000j"
 409      5296A330 
 409      E80E3B23 
 409      C3AB6C21 
 409      006A
 410 104d F7C5DAD4 		.ascii	"\367\305\332\32485-\353\325\264\347\323-\226\261*\326"
 410      38352DEB 
 410      D5B4E7D3 
 410      2D96B12A 
 410      D6
 411 105e 6C3EFD15 		.ascii	"l>\375\025\241E\035\240\314(d\210\215\003\032q^\203"
 411      A1451DA0 
 411      CC286488 
 411      8D031A71 
 411      5E83
 412 1070 E55A7995 		.ascii	"\345Zy\225\222\274\253\343\344\366\014s^\011W\374\211"
 412      92BCABE3 
 412      E4F60C73 
 412      5E0957FC 
 412      89
 413 1081 D411E975 		.ascii	"\324\021\351u'9\251\264\266p\\h\002\361\015JL\026B\367"
 413      2739A9B4 
 413      B6705C68 
 413      02F10D4A 
 413      4C1642F7 
ARM GAS  /tmp/ccKC4QoY.s 			page 33


 414 1095 1123960E 		.ascii	"\021#\226\016[\224Nc\326\252\320m \030&\004\3279{\222"
 414      5B944E63 
 414      D6AAD06D 
 414      20182604 
 414      D7397B92 
 415 10a9 DA77C155 		.ascii	"\332w\301U\267!\225G\000\356\001\334\001\030\226waK"
 415      B7219547 
 415      00EE01DC 
 415      01189677 
 415      614B
 416 10bb FA015AB2 		.ascii	"\372\001Z\262\243+f\010xVg\345S\023\231\220\017q\266"
 416      A32B6608 
 416      785667E5 
 416      53139990 
 416      0F71B6
 417 10ce F6EA4F90 		.ascii	"\366\352O\220iM\272\356\366\270g^\270\236\005\331:\323"
 417      694DBAEE 
 417      F6B8675E 
 417      B89E05D9 
 417      3AD3
 418 10e0 D4262BD0 		.ascii	"\324&+\320x\261\200&\34181D\012\362\250S\201\312\255"
 418      78B18026 
 418      E1383144 
 418      0AF2A853 
 418      81CAAD
 419 10f3 B80F9ABF 		.ascii	"\270\017\232\277\216\025\344p\364\351r\213\372\355\203"
 419      8E15E470 
 419      F4E9728B 
 419      FAED83
 420 1102 E6611AC3 		.ascii	"\346a\032\303_\355\353\2133\357\334@e\015\2615\230\235"
 420      5FEDEB8B 
 420      33EFDC40 
 420      650DB135 
 420      989D
 421 1114 AB8ADC81 		.ascii	"\253\212\334\201\357\007\370m\362F\374\342\341.O\371"
 421      EF07F86D 
 421      F246FCE2 
 421      E12E4FF9 
 422 1124 A1EAB8C3 		.ascii	"\241\352\270\303r\360![\016\222+\231\023\222\332k\034"
 422      72F0215B 
 422      0E922B99 
 422      1392DA6B 
 422      1C
 423 1135 4E60AB1D 		.ascii	"N`\253\035\210\037q\342G\224x\241l\364\267\270\225\225"
 423      881F71E2 
 423      479478A1 
 423      6CF4B7B8 
 423      9595
 424 1147 716F7F5C 		.ascii	"qo\177\\5\177\037\351I\016ho\247\237\347\357\263\372"
 424      357F1FE9 
 424      490E686F 
 424      A79FE7EF 
 424      B3FA
 425 1159 C8E382B6 		.ascii	"\310\343\202\266\231\014\035\356c\264\317'\257?\347"
 425      990C1DEE 
 425      63B4CF27 
 425      AF3FE7
ARM GAS  /tmp/ccKC4QoY.s 			page 34


 426 1168 DD440768 		.ascii	"\335D\007hJw{\233\353n2m\353&S,\3773\363{g\334\244\374"
 426      4A777B9B 
 426      EB6E326D 
 426      EB26532C 
 426      FF33F37B 
 427 1180 47F41DD1 		.ascii	"G\364\035\321\023H\307\011L\310gh\376O\363\374G\351"
 427      1348C709 
 427      4CC86768 
 427      FE4FF3FC 
 427      47E9
 428 1192 7567FF28 		.ascii	"ug\377('>\377*\342\264}\245\305\030<|\235\374s\245\302"
 428      273EFF2A 
 428      E2B47DA5 
 428      C5183C7C 
 428      9DFC73A5 
 429 11a7 3BD51CB7 		.ascii	";\325\034\267\317\254FO\241J&!\232\003\350-\331\320"
 429      CFAC464F 
 429      A14A2621 
 429      9A03E82D 
 429      D9D0
 430 11b9 C770E773 		.ascii	"\307p\347sA\205f\251\217\317\364\336}\346\216o3\363"
 430      418566A9 
 430      8FCFF4DE 
 430      7DE68E6F 
 430      33F3
 431 11cb 0E3EA8BE 		.ascii	"\016>\250\276\310\377\343A\376\362q\2630\3550\377\013"
 431      C8FFE341 
 431      FEF271B3 
 431      30ED30FF 
 431      0B
 432 11dc C87DFAA7 		.ascii	"\310}\372\247\204#\011\225Z\227\346.\330\314\315f/\242"
 432      84230995 
 432      5A97E62E 
 432      D8CCCD66 
 432      2FA2
 433 11ee 1ECC36F4 		.ascii	"\036\3146\364\352\234\315\235\0075\346\250\032\213\324"
 433      EA9CCD9D 
 433      0735E6A8 
 433      1A8BD4
 434 11fd 82059B05 		.ascii	"\202\005\233\005G\012\217\234\325:\333\353\222:kb\360"
 434      470A8F9C 
 434      D53ADBEB 
 434      923A6B62 
 434      F0
 435 120e 4B66AEA5 		.ascii	"Kf\256\245\357?w\226B},q[\255`\2534\354\031\267u\031"
 435      EF3F7796 
 435      427D2C71 
 435      5BAD60AB 
 435      34EC19B7 
 436 1224 BFADD21A 		.ascii	"\277\255\322\0326\213\206\220\360\020Q\373\313\377\372"
 436      368B8690 
 436      F01051FB 
 436      CBFFFA
 437 1233 E2CD4FD6 		.ascii	"\342\315O\326\257W\371\256[\027\360Ip\310\206\220\337"
 437      AF57F9AE 
 437      5B17F049 
 437      70C88690 
ARM GAS  /tmp/ccKC4QoY.s 			page 35


 437      DF
 438 1244 7C161011 		.ascii	"|\026\020\021\025`\022\003\242LA\001A\301\233\305uA"
 438      15601203 
 438      A24C4101 
 438      41C19BC5 
 438      7541
 439 1256 2A5D50F0 		.ascii	"*]P\360\227\237\177\032\361\231Q\374\017\355f\361\353"
 439      979F7F1A 
 439      F19951FC 
 439      0FED66F1 
 439      EB
 440 1267 E8F02083 		.ascii	"\350\360 \203\370\017+\006\204\204\007\205Fo4\302\240"
 440      F80F2B06 
 440      84840785 
 440      466F34C2 
 440      A0
 441 1278 A86FA2C4 		.ascii	"\250o\242\304o\"\215Q\353\202U:\203!:$\\|\357'\006\361"
 441      6F228D51 
 441      EB82553A 
 441      83213A24 
 441      5C7CEF27 
 442 128e FD80E828 		.ascii	"\375\200\350(S@\240)\354\307\341\021\341\306\037\033"
 442      5340A029 
 442      ECC7E111 
 442      E1C61F1B 
 443 129e 033784D8 		.ascii	"\0037\204\330\307\204\005\006\005\207\204\033\003\014"
 443      C7840506 
 443      0587841B 
 443      030C
 444 12ac 1B8D5F07 		.ascii	"\033\215_\007F\207\212\006\333x\255m\364\217^1\032\344"
 444      46878A06 
 444      DB78AD6D 
 444      F48F5E31 
 444      1AE4
 445 12be 0518A2C4 		.ascii	"\005\030\242\304\215@\012C<\210\370\2200\243At\007+"
 445      8D400A43 
 445      3C88F890 
 445      30A34174 
 445      072B
 446 12d0 89B6A034 		.ascii	"\211\266\24040\016\025\003\311\215H\223q3\271\206\033"
 446      300E1503 
 446      C98D4893 
 446      7133B986 
 446      1B
 447 12e1 B78A6F04 		.ascii	"\267\212o\004\005\0336\207\230\304\350\300P\003\031"
 447      051B3687 
 447      98C4E8C0 
 447      500319
 448 12f0 62D21082 		.ascii	"b\322\020\202@\223\217\303M\203\370\326\253\214\015"
 448      40938FC3 
 448      4D83F8D6 
 448      AB8C0D
 449 12ff 0ADE0852 		.ascii	"\012\336\010R\365\314G\2777F\201\227\204\240`]X \250"
 449      F5CC47BF 
 449      37468197 
 449      84A0605D 
 449      5820A8
ARM GAS  /tmp/ccKC4QoY.s 			page 36


 450 1312 136C3206 		.ascii	"\023l2\006n\324E\032\340\022\032i\012\211p\027\311\267"
 450      6ED4451A 
 450      E0121A69 
 450      0A897017 
 450      C9B7
 451 1324 41FC7005 		.ascii	"A\374p\005\303\310\010\223\030\025\360o\277\377\365"
 451      C3C80893 
 451      1815F06F 
 451      BFFFF5
 452 1333 27BFDE1A 		.ascii	"'\277\336\032\020\024\021\026\031\022j4E\005\374\362"
 452      10141116 
 452      19126A34 
 452      4505FCF2 
 453 1343 934F4086 		.ascii	"\223O@\206\315\033\036\221\2060qkhH\224\250\011\243"
 453      CD1B1E91 
 453      8630716B 
 453      684894A8 
 453      09A3
 454 1355 06B88719 		.ascii	"\006\270\207\031\"\266\204\033Mp\375K\2641\332\250\211"
 454      22B6841B 
 454      4D70FD4B 
 454      B431DAA8 
 454      89
 455 1366 B4DBC564 		.ascii	"\264\333\305dG\331\357\023\273}\034n\202\203\302\242"
 455      47D9EF13 
 455      BB7D1C6E 
 455      8283C2A2 
 456 1376 45E35683 		.ascii	"E\343V\203\250\005z\372\023T5F\032\303\301\223\233<"
 456      A8057AFA 
 456      13543546 
 456      1AC3C193 
 456      9B3C
 457 1388 8D9B8DE1 		.ascii	"\215\233\215\341bX`\324\237\015\242\033\310\215\332"
 457      625860D4 
 457      9F0DA21B 
 457      C88DDA
 458 1397 E46130F0 		.ascii	"\344a0\360`\270\363\253\033\3345\210:\372\224\262\004"
 458      60B8F3AB 
 458      1BDC3588 
 458      3AFA94B2 
 458      04
 459 13a8 05B70486 		.ascii	"\005\267\004\206\2100\334G\246\002Q\330[\216\030D\034"
 459      8830DC47 
 459      A60251D8 
 459      5B8E1844 
 459      1C
 460 13b9 6988D618 		.ascii	"i\210\326\030\267\020\366\232-\"\030\025\011\227(cX"
 460      B710F69A 
 460      2D221815 
 460      09972863 
 460      58
 461 13ca A45B9421 		.ascii	"\244[\224!(\\t\003\0001\\Q\360\255\001\236\005F\006"
 461      285C7403 
 461      00315C51 
 461      F0AD019E 
 461      054606
 462 13dd 47988C6E 		.ascii	"G\230\214n[D\321\024\271\212\261\003\307~m4\031\303"
ARM GAS  /tmp/ccKC4QoY.s 			page 37


 462      5B44D114 
 462      B98AB103 
 462      C77E6D34 
 462      19C3
 463 13ef 83C01860 		.ascii	"\203\300\030`\020\261\341\177\"\265\306\255!bP\304F"
 463      10B1E17F 
 463      22B5C6AD 
 463      216250C4 
 463      46
 464 1400 A3C6B4F1 		.ascii	"\243\306\264\361\033\320KC\274\377u\224\007K\304\217"
 464      1BD04B43 
 464      BCFF7594 
 464      074BC48F 
 465 1410 80ABED2A 		.ascii	"\200\253\355*\222\373p\2154|\035\032\270)\312]\014\203"
 465      92FB708D 
 465      347C1D1A 
 465      B829CA5D 
 465      0C83
 466 1422 51148F12 		.ascii	"Q\024\217\022\003E\243V\244\027`\014N\015\0143\252\203"
 466      0345A356 
 466      A417600C 
 466      4E0D0C33 
 466      AA83
 467 1434 82034DF0 		.ascii	"\202\003M\3600\"t\243\221\\\303\215[\214&\360L\220\270"
 467      302274A3 
 467      915CC38D 
 467      5B8C26F0 
 467      4C90B8
 468 1447 159BD6BF 		.ascii	"\025\233\326\277'\204\232\264&\343&\310P\203\370\316"
 468      27849AB4 
 468      26E326C8 
 468      5083F8CE 
 469 1457 F7843738 		.ascii	"\367\20478\010\014\201x\012\246\237\012\246\017\005"
 469      080C8178 
 469      0AA69F0A 
 469      A60F05
 470 1466 D30782E9 		.ascii	"\323\007\202\351}\340\261\036\340]\301\364\317\202\351"
 470      7DE0B11E 
 470      E05DC1F4 
 470      CF82E9
 471 1475 234F3280 		.ascii	"#O2\200\270\033\270\377\323\353p3l\3760\0148\272\007"
 471      B81BB8FF 
 471      D3EB7033 
 471      6CFE300C 
 471      38BA07
 472 1488 4584431C 		.ascii	"E\204C\034E\032\360\220\010\017{\024@\341\260\310\210"
 472      451AF090 
 472      080F7B14 
 472      40E1B0C8 
 472      88
 473 1499 88502D77 		.ascii	"\210P-w\234\370\367\257\310i\210\007\360z\025\005\204"
 473      9CF8F7AF 
 473      C8698807 
 473      F07A1505 
 473      84
 474 14aa 0328F0C6 		.ascii	"\003(\360\306\0154\320\244\342\214aPc\033\2427yD\006"
 474      0D34D0A4 
ARM GAS  /tmp/ccKC4QoY.s 			page 38


 474      E28C6150 
 474      631BA237 
 474      794406
 475 14bd 86870491 		.ascii	"\206\207\004\221\214\360\226\337\0067n\026I\354\177"
 475      8CF096DF 
 475      06376E16 
 475      49EC7F
 476 14cc E85C732C 		.ascii	"\350\\s,%tPy\274p\177\240\360\030r\315D\256\356&\356"
 476      25745079 
 476      BC707FA0 
 476      F01872CD 
 476      44AEEE26 
 477 14e1 7F13F7BF 		.ascii	"\177\023\367\277\211\370_c\242\326\302M\232/^ \202\030"
 477      89F85F63 
 477      A2D6C24D 
 477      9A2F5E20 
 477      8218
 478 14f3 F90D1DEA 		.ascii	"\371\015\035\352\001$\321&H\022Q/\3354\210\036v\275"
 478      0124D126 
 478      4812512F 
 478      DD34881E 
 478      76BD
 479 1505 BD433686 		.ascii	"\275C6\206\032\271\233 }y\313\372\360}\250\013\333\017"
 479      1AB99B20 
 479      7D79CBFA 
 479      F07DA80B 
 479      DB0F
 480 1517 5D94F8E7 		.ascii	"]\224\370\347\300\320\220M\341\006\321S\262W\3642\320"
 480      C0D0904D 
 480      E106D153 
 480      B257F432 
 480      D0
 481 1528 FE6230AC 		.ascii	"\376b0\254\373\340\247\357}\244\265a\362\333\357\177"
 481      FBE0A7EF 
 481      7DA4B561 
 481      F2DBEF7F 
 482 1538 F0BF35E1 		.ascii	"\360\2775\341A\273"
 482      41BB
 483              		.text
 484              		.section	.gnu.lto_.symtab.7148f4d6e7f2ea89,"",%progbits
 485 0000 5F76745F 		.ascii	"_vt_init\000"
 485      696E6974 
 485      00
 486 0009 00       		.ascii	"\000"
 487 000a 00       		.ascii	"\000"
 488 000b 00       		.ascii	"\000"
 489 000c 00000000 		.ascii	"\000\000\000\000\000\000\000\000"
 489      00000000 
 490 0014 AD000000 		.ascii	"\255\000\000\000"
 491 0018 63685654 		.ascii	"chVTDoSetI\000"
 491      446F5365 
 491      744900
 492 0023 00       		.ascii	"\000"
 493 0024 00       		.ascii	"\000"
 494 0025 00       		.ascii	"\000"
 495 0026 00000000 		.ascii	"\000\000\000\000\000\000\000\000"
 495      00000000 
ARM GAS  /tmp/ccKC4QoY.s 			page 39


 496 002e DA000000 		.ascii	"\332\000\000\000"
 497 0032 63685654 		.ascii	"chVTDoResetI\000"
 497      446F5265 
 497      73657449 
 497      00
 498 003f 00       		.ascii	"\000"
 499 0040 00       		.ascii	"\000"
 500 0041 00       		.ascii	"\000"
 501 0042 00000000 		.ascii	"\000\000\000\000\000\000\000\000"
 501      00000000 
 502 004a DE000000 		.ascii	"\336\000\000\000"
 503 004e 636800   		.ascii	"ch\000"
 504 0051 00       		.ascii	"\000"
 505 0052 02       		.ascii	"\002"
 506 0053 00       		.ascii	"\000"
 507 0054 00000000 		.ascii	"\000\000\000\000\000\000\000\000"
 507      00000000 
 508 005c EA010000 		.ascii	"\352\001\000\000"
 509              		.text
 510              		.section	.gnu.lto_.opts,"",%progbits
 511 0000 272D666D 		.ascii	"'-fmath-errno' '-fsigned-zeros' '-ftrapping-math' '"
 511      6174682D 
 511      6572726E 
 511      6F272027 
 511      2D667369 
 512 0033 2D666E6F 		.ascii	"-fno-trapv' '-fno-strict-overflow' '-fno-openmp' '-"
 512      2D747261 
 512      70762720 
 512      272D666E 
 512      6F2D7374 
 513 0066 666E6F2D 		.ascii	"fno-openacc' '-mcpu=cortex-m0' '-mno-thumb-interwor"
 513      6F70656E 
 513      61636327 
 513      20272D6D 
 513      6370753D 
 514 0099 6B272027 		.ascii	"k' '-mthumb' '-ggdb' '-O0' '-fomit-frame-pointer' '"
 514      2D6D7468 
 514      756D6227 
 514      20272D67 
 514      67646227 
 515 00cc 2D66616C 		.ascii	"-falign-functions=16' '-ffunction-sections' '-fdata"
 515      69676E2D 
 515      66756E63 
 515      74696F6E 
 515      733D3136 
 516 00ff 2D736563 		.ascii	"-sections' '-fno-common' '-flto'\000"
 516      74696F6E 
 516      73272027 
 516      2D666E6F 
 516      2D636F6D 
 517              		.text
 518              		.comm	__gnu_lto_v1,1,1
 519              		.comm	__gnu_lto_slim,1,1
 520              		.ident	"GCC: (GNU Tools for ARM Embedded Processors) 5.4.1 20160609 (release) [ARM/embedded-5-bran
ARM GAS  /tmp/ccKC4QoY.s 			page 40


DEFINED SYMBOLS
                            *ABS*:0000000000000000 chvt.c
                            *COM*:0000000000000001 __gnu_lto_v1
                            *COM*:0000000000000001 __gnu_lto_slim

NO UNDEFINED SYMBOLS
