ARM GAS  /tmp/ccXxqsPH.s 			page 1


   1              		.syntax unified
   2              		.cpu cortex-m0
   3              		.fpu softvfp
   4              		.eabi_attribute 20, 1
   5              		.eabi_attribute 21, 1
   6              		.eabi_attribute 23, 3
   7              		.eabi_attribute 24, 1
   8              		.eabi_attribute 25, 1
   9              		.eabi_attribute 26, 1
  10              		.eabi_attribute 30, 6
  11              		.eabi_attribute 34, 0
  12              		.eabi_attribute 18, 4
  13              		.thumb
  14              		.syntax unified
  15              		.file	"crt1.c"
  16              		.text
  17              	.Ltext0:
  18              		.section	.gnu.lto_.inline.f1d0dd30a6821d5d,"",%progbits
  19 0000 789C6361 		.ascii	"x\234ca`d\000\201\030\006\004`e``fb``bZ \317\300\302"
  19      60640081 
  19      18060460 
  19      65606066 
  19      62606062 
  20 0019 C0041262 		.ascii	"\300\004\022b\304\020a\302\020a\006S \014\025`a\020"
  20      C41061C2 
  20      10610653 
  20      200C1560 
  20      6110
  21 002b 11060AA8 		.ascii	"\021\006\012\250|X\301\004\023b\000\000\340f\004\322"
  21      7C58C104 
  21      13620000 
  21      E06604D2 
  22              		.text
  23              		.section	.gnu.lto___core_init.f1d0dd30a6821d5d,"",%progbits
  24 0000 789C6361 		.ascii	"x\234ca`d\000\201R \266\004bQ\020\207\231\201\221\211"
  24      60640081 
  24      5220B604 
  24      62511087 
  24      99819189 
  25 0014 01881941 		.ascii	"\001\210\031Ar\214\014\365L\214\365\214_\231\37621\036"
  25      728C0CF5 
  25      4C8CF58C 
  25      5F99FE32 
  25      311E
  26 0026 6A7FB693 		.ascii	"j\177\266\223Isy\003\020<h]f\330\260\342\000c+3\003"
  26      49737903 
  26      103C685D 
  26      66D8B0E2 
  26      00632B33 
  27 003b C37F26B0 		.ascii	"\303\177&\260\031\014\214\313\0315\031\200\312\036m"
  27      190C8CCB 
  27      19351980 
  27      CA1E6D
  28 004a FC379597 		.ascii	"\3747\225\227\255\005\244L\001\"\311\270\202\221\015"
  28      AD05A44C 
  28      0122C9B8 
  28      82910D
ARM GAS  /tmp/ccXxqsPH.s 			page 2


  29 0059 64D8FAA0 		.ascii	"d\330\372\240\003\015\377\377774|4\230\247\012\224\370"
  29      030DFFFF 
  29      3737347C 
  29      3498A70A 
  29      94F8
  30 006b 00D6F991 		.ascii	"\000\326\371\221\011H1\277\002Z\010T\0066\351\003\023"
  30      094831BF 
  30      025A0854 
  30      0636E903 
  30      13
  31 007c 503550D0 		.ascii	"P5P\320\\OO\3379#3)\323?X?\277X?9?77?O\277 \277\250"
  31      5C4F4FDF 
  31      39233329 
  31      D33F583F 
  31      BF583F39 
  32 0099 A458DF31 		.ascii	"\244X\3371\310\327\331\267\002$V\220\231\223ZT\254\357"
  32      C8D7D9B7 
  32      02245690 
  32      99935A54 
  32      ACEF
  33 00ab EEECAC9F 		.ascii	"\356\354\254\237\\Tb\250\227\314\000\000\276-7x"
  33      5C5462A8 
  33      97CC0000 
  33      BE2D3778 
  34              		.text
  35              		.section	.gnu.lto___early_init.f1d0dd30a6821d5d,"",%progbits
  36 0000 789C6361 		.ascii	"x\234ca`d\000\201\022 \266\004bQ\020\207\231\201\221"
  36      60640081 
  36      1220B604 
  36      62511087 
  36      998191
  37 0013 89018819 		.ascii	"\211\001\210\031Ar\214\014\365L\214\365\214_\231\376"
  37      41728C0C 
  37      F54C8CF5 
  37      8C5F99FE 
  38 0023 32311E6A 		.ascii	"21\036j\177\266\223Isy\003\020<x\272\316\260a\305\001"
  38      7FB69349 
  38      73790310 
  38      3C78BACE 
  38      B061C501 
  39 0037 C6566606 		.ascii	"\306Vf\006\206\377L`3\030\030\2273j2\000\225=\332\370"
  39      86FF4C60 
  39      33181897 
  39      336A3200 
  39      953DDAF8 
  40 004b 6F2A2F5B 		.ascii	"o*/[\013H\231\002D\222q\005#\033\310\260\365A\007\032"
  40      0B489902 
  40      44927105 
  40      231BC8B0 
  40      F541071A 
  41 005f FEFF6F6E 		.ascii	"\376\377onh\370\254\000\262\342\003X\343G& \305\374"
  41      68F8AC00 
  41      B2E20358 
  41      E3472620 
  41      C5FC
  42 0071 0A681F50 		.ascii	"\012h\037P\025\330\240\017L@\305@As==}\347\214\314\244"
  42      15D8A00F 
ARM GAS  /tmp/ccXxqsPH.s 			page 3


  42      4C40C540 
  42      41733D3D 
  42      7DE78CCC 
  43 0086 4CFF60FD 		.ascii	"L\377`\375\374b\375\344\374\334\334\374<\375\202\374"
  43      FC62FDE4 
  43      FCDCDCFC 
  43      3CFD82FC 
  44 0096 A292627D 		.ascii	"\242\222b}\307 _g\337\012\220XAfNjQ\261\276\273\263"
  44      C7205F67 
  44      DF0A9058 
  44      41664E6A 
  44      51B1BEBB 
  45 00ab B37E7251 		.ascii	"\263~rQ\211\241^2\003\000\221\3237\017"
  45      89A15E32 
  45      030091D3 
  45      370F
  46              		.text
  47              		.section	.gnu.lto___late_init.f1d0dd30a6821d5d,"",%progbits
  48 0000 789C6361 		.ascii	"x\234ca`d\000\201\022 \266\004bQ\020\207\231\201\221"
  48      60640081 
  48      1220B604 
  48      62511087 
  48      998191
  49 0013 89018819 		.ascii	"\211\001\210\031Ar\214\014\365L\214\365\214_\231\376"
  49      41728C0C 
  49      F54C8CF5 
  49      8C5F99FE 
  50 0023 32311E6A 		.ascii	"21\036j\177\266\223Isy\003\020<X\272\315\260a\305\001"
  50      7FB69349 
  50      73790310 
  50      3C58BACD 
  50      B061C501 
  51 0037 C6566606 		.ascii	"\306Vf\006\206\377L`3\030\030\2273j2\000\225=\332\370"
  51      86FF4C60 
  51      33181897 
  51      336A3200 
  51      953DDAF8 
  52 004b 6F2A2F5B 		.ascii	"o*/[\013H\231\002D\222q\005#\033\310\260\365A\007\032"
  52      0B489902 
  52      44927105 
  52      231BC8B0 
  52      F541071A 
  53 005f FEFF6F6E 		.ascii	"\376\377onh\370\250\000\262\342\003X\343G& \305\374"
  53      68F8A800 
  53      B2E20358 
  53      E3472620 
  53      C5FC
  54 0071 0A681F50 		.ascii	"\012h\037P\025\330\240\017L@\305@As==}\347\214\314\244"
  54      15D8A00F 
  54      4C40C540 
  54      41733D3D 
  54      7DE78CCC 
  55 0086 4CFF60FD 		.ascii	"L\377`\375\374b\375\344\374\334\334\374<\375\202\374"
  55      FC62FDE4 
  55      FCDCDCFC 
  55      3CFD82FC 
  56 0096 A292627D 		.ascii	"\242\222b}\307 _g\337\012\220XAfNjQ\261\276\273\263"
ARM GAS  /tmp/ccXxqsPH.s 			page 4


  56      C7205F67 
  56      DF0A9058 
  56      41664E6A 
  56      51B1BEBB 
  57 00ab B37E7251 		.ascii	"\263~rQ\211\241^2\003\000n\3576\325"
  57      89A15E32 
  57      03006EEF 
  57      36D5
  58              		.text
  59              		.section	.gnu.lto___default_exit.f1d0dd30a6821d5d,"",%progbits
  60 0000 789C6361 		.ascii	"x\234ca`d\000\201L \266\004bY\020\207\231\201\221\211"
  60      60640081 
  60      4C20B604 
  60      62591087 
  60      99819189 
  61 0014 0188C124 		.ascii	"\001\210\301$#C=\023c=\023\023\003\004|e\372\313\304"
  61      23433D13 
  61      633D1313 
  61      03047C65 
  61      FACBC4
  62 0027 78A8FDD9 		.ascii	"x\250\375\331N&\315\345\015@\360\340\350n\303\206\025"
  62      4E26CDE5 
  62      0D40F0E0 
  62      E86EC386 
  62      15
  63 0038 07185B99 		.ascii	"\007\030[\231\031\030\376C\0251.g\324d\000*{\264\361"
  63      1918FE43 
  63      15312E67 
  63      D464002A 
  63      7BB4F1
  64 004b DF545EB6 		.ascii	"\337T^\266\026\2202\005\210$\343\012F6\220\205\353\203"
  64      16903205 
  64      8824E30A 
  64      46369085 
  64      EB83
  65 005d 0E34FCFF 		.ascii	"\0164\374\377\337\334\320\360\335\340\267*P\340\003"
  65      DFDCD0F0 
  65      DDE0B72A 
  65      50E003
  66 006c 58E70790 		.ascii	"X\347\007\220-\314\037\230 N2\327\323\323w\316\310L"
  66      2DCC1F98 
  66      204E32D7 
  66      D3D377CE 
  66      C84C
  67 007e CAF40FD6 		.ascii	"\312\364\017\326\317/\326O\316\317\315\315\317\323/"
  67      CF2FD64F 
  67      CECFCDCD 
  67      CFD32F
  68 008d C82F2A29 		.ascii	"\310/*)\326w\014\362u\366\255\000\211\025d\346\244\026"
  68      D6770CF2 
  68      75F6AD00 
  68      891564E6 
  68      A416
  69 009f 15EBBB3B 		.ascii	"\025\353\273;;\353'\027\225\030\352%3\000\000\011}6"
  69      3BEB2717 
  69      9518EA25 
  69      33000009 
ARM GAS  /tmp/ccXxqsPH.s 			page 5


  69      7D36
  70 00b1 90       		.ascii	"\220"
  71              		.text
  72              		.section	.gnu.lto___init_ram_areas.f1d0dd30a6821d5d,"",%progbits
  73 0000 789C8D55 		.ascii	"x\234\215UMlTU\024\276\347\336\367f\336\374t\246M\313"
  73      4D6C5455 
  73      14BEE7DE 
  73      F766DEFC 
  73      74A64DCB 
  74 0014 0E936E66 		.ascii	"\016\223nf\301\246\317\272\321\260 \301\232\270B\"\256"
  74      C1A6CFBA 
  74      D1B020C1 
  74      9AB84222 
  74      AE
  75 0025 8D6835B1 		.ascii	"\215h5\261Q\350\244\255\321\205\311\274vfDjB\350\002"
  75      51E8A4AD 
  75      D185C9BC 
  75      7666446A 
  75      42E802
  76 0038 ECAF0D61 		.ascii	"\354\257\015aA\245\205a\250\325N\0132V\240R\307\021"
  76      41A58561 
  76      A8D54E0B 
  76      3256A052 
  76      C711
  77 004a 1AD2B030 		.ascii	"\032\322\2600\006kl\244\032\323\327)Q\211\264\234s\356"
  77      066B6CA4 
  77      1AD3D729 
  77      5189B49C 
  77      73EE
  78 005c 9BA44CC1 		.ascii	"\233\244L\301\360\222\336;\357\334\357|\347|\347\334"
  78      F092DE3B 
  78      EFDCEF7C 
  78      E77CE7DC 
  79 006c F36A0810 		.ascii	"\363j\010\020\364\274\340\023\342y\334\337\247\227\220"
  79      F4BCE013 
  79      E279DCDF 
  79      A79790
  80 007b 0029F00F 		.ascii	"\000)\360\017\024\256\012L\\\015^Mi\010\341H\304:\206"
  80      14AE0A4C 
  80      5C0D5E4D 
  80      6908E148 
  80      C43A86
  81 008e 0F2CB4F8 		.ascii	"\017,\264\370y\265\244\237\354\001\262\007\244\242\337"
  81      79B5A49F 
  81      EC01B207 
  81      A4A2DF
  82 009d 41FA1D04 		.ascii	"A\372\035\004b\007\221\220\3120}~+\020\204\204\241\204"
  82      62079190 
  82      CA307D7E 
  82      2B108484 
  82      A184
  83 00af 7E4C6FB7 		.ascii	"~Lo\267\274\375\256\274/a\346\320RN\3568\345\340s;\275"
  83      BCFDAEBC 
  83      2F61E6D0 
  83      524EEE38 
  83      E5E0733B 
  84 00c4 D8E88CE4 		.ascii	"\330\350\214\344!\215\016\033Rc\340\024\354\020\010"
ARM GAS  /tmp/ccXxqsPH.s 			page 6


  84      218D0E1B 
  84      5263E014 
  84      EC1008
  85 00d3 BB913A37 		.ascii	"\273\221:7\250\326dZ\001\030\370\352\376\320\377k\204"
  85      A8D6645A 
  85      0118F8EA 
  85      FED0FF6B 
  85      84
  86 00e4 5E25D4E3 		.ascii	"^%\324\343kjx$c\250\235@\310\323\377\336\350V\261\223"
  86      6B6A7824 
  86      63A89D40 
  86      C8D3FFDE 
  86      E856B193 
  87 00f8 8ED3E5E4 		.ascii	"\216\323\345\344\217\035y\252\317\311\247\352\323J\301"
  87      8F1D79AA 
  87      CFC9A7EA 
  87      D34AC1
  88 0107 6950480A 		.ascii	"iPH\012\237\303v\030\201\355L\216\350\305\354\372\261"
  88      9FC37618 
  88      81ED4C8E 
  88      E8C5ECFA 
  88      B1
  89 0118 2A5F8AC2 		.ascii	"*_\212\302\327\303(\304t`\030\003\037\012\361!\240/"
  89      D7C328C4 
  89      74601803 
  89      1F0AF121 
  89      A02F
  90 012a 7BDB353D 		.ascii	"{\3335=\272\211#\221\276\021\2463D%\027\234\201\030"
  90      BA892391 
  90      BE11A633 
  90      4425179C 
  90      8118
  91 013c C23F3D31 		.ascii	"\302?=1\361O\310\203\217\027\267yps+\374\354\026\370"
  91      F14FC883 
  91      8F17B779 
  91      70732BFC 
  91      EC16F8
  92 014f F562B8FB 		.ascii	"\365b\270\373h\247\365Ht\006b\224\035z\\\376\355\277"
  92      68A7F548 
  92      74066294 
  92      1D7A5CFE 
  92      EDBF
  93 0161 F990DAC5 		.ascii	"\371\220\332\305R;G\007\006\303\236\367@1\352I5\341"
  93      523B4707 
  93      06C39EF7 
  93      4031EA49 
  93      35E1
  94 0173 DC56A990 		.ascii	"\334V\251\220e\357B\376p&\250v\263\367\372\374\235\225"
  94      65EF42FE 
  94      7026A876 
  94      B3F7FAFC 
  94      9D95
  95 0185 B2B2C162 		.ascii	"\262\262\301b\330\321\261\341\374#\234\307!\226\331"
  95      D8D1B1E1 
  95      FC239CC7 
  95      2196D9
  96 0194 97773636 		.ascii	"\227w66\222N\276'r\261\367\257\3006\020\224\220db\305"
ARM GAS  /tmp/ccXxqsPH.s 			page 7


  96      924EBE27 
  96      72B1F7AF 
  96      C0361094 
  96      906462C5 
  97 01a8 0883578B 		.ascii	"\010\203W\213\355A\266\207\330\022\026H[\205\213\021"
  97      ED41B687 
  97      D8121648 
  97      5B858B11 
  98 01b8 E5F76A3E 		.ascii	"\345\367j>\253!k-\033\352\330E\210\025\356\271+qSK\320"
  98      AB216B2D 
  98      1BEAD845 
  98      8815EEB9 
  98      2B71534B 
  99 01cd 75EFD0C2 		.ascii	"u\357\320\302d\007u\"\251,L\367xz\346G?\265\334\307"
  99      64077522 
  99      A92C4CF7 
  99      787AE647 
  99      3FB5DCC7 
 100 01e1 D927EF5D 		.ascii	"\331'\357]*E\022\367\235^\307\251F\333a\245\373y\255"
 100      2A4512F7 
 100      9D5EC7A9 
 100      46DB61A5 
 100      FB79AD
 101 01f4 7FF49D61 		.ascii	"\177\364\235a\030\352<\312f?L@\002\276 \031x\266\261"
 101      18EA3CCA 
 101      663F4C40 
 101      02BE2019 
 101      78B6B1
 102 0207 7CFE6C40 		.ascii	"|\376l@\2738=@D_\3020\266\031\276\202\004\007V:\360"
 102      BB383D40 
 102      445FC230 
 102      B619BE82 
 102      0407563A 
 103 021c 947BB5A4 		.ascii	"\224{\265\244*\357\006\246L\271\362\325@\227IJ+\270"
 103      2AEF06A6 
 103      4CB9F2D5 
 103      4097494A 
 103      2BB8
 104 022e 392DC569 		.ascii	"9-\305i\375=;\367q\230\022 \257\327P\243\225\304+\233"
 104      FD3D3BF7 
 104      71981220 
 104      AFD750A3 
 104      95C42B9B 
 105 0242 F332F8AC 		.ascii	"\3632\370\254w\262\024\261\317Pj\001\230\302\340\353"
 105      77B214B1 
 105      CF506A01 
 105      98C2E0EB 
 106 0252 2C19A6C1 		.ascii	",\031\246\301\026\0248;[R\232:T\311\365\352\377r]`."
 106      1614383B 
 106      5B529A3A 
 106      54C9F5EA 
 106      FF725D60 
 107 0267 9EBD8BC8 		.ascii	"\236\275\213\310%V\001\260jr\314\375\035\367\272@\341"
 107      255601B0 
 107      6A72CCFD 
 107      1DF7BA40 
 107      E1
ARM GAS  /tmp/ccXxqsPH.s 			page 8


 108 0278 EE7E9467 		.ascii	"\356~\224gxu\355^\310=\247\243Tm\026`>$\000\353\023"
 108      7875ED5E 
 108      C83DA7A3 
 108      546D1660 
 108      3E2400EB 
 109 028d 4CE2787D 		.ascii	"L\342x}M\341\340\022\025\012}\217\237\250\"\317\312"
 109      4DE1E012 
 109      150A7D8F 
 109      9FA822CF 
 109      CA
 110 029e E4A20C56 		.ascii	"\344\242\014V\0368\217`\344F|r\360\243\237sO\353XQ\002"
 110      1E388F60 
 110      E4467C72 
 110      F0A39F73 
 110      4FEB5851 
 111 02b3 D08D62F3 		.ascii	"\320\215b\363R\356\031m\256\246 \372\242\271\322,7\240"
 111      52EE196D 
 111      AEA620FA 
 111      A2B9D22C 
 111      37A0
 112 02c5 306EEAE3 		.ascii	"0n\352\343\360\303)=\276\002\337p\005xxg\260\002\277"
 112      F0C3293D 
 112      BE02DF70 
 112      05787867 
 112      B002BF
 113 02d8 40EA56F2 		.ascii	"@\352V\362\240\307\201\221\251\314\253 \261g\352'\367"
 113      A0C78191 
 113      A9CCAB20 
 113      B167EA27 
 113      F7
 114 02e9 430C6B14 		.ascii	"C\014k\024Jo\256\202\302J\253?\311\0205.\224\366\343"
 114      4A6FAE82 
 114      C24AAB3F 
 114      C910352E 
 114      94F6E3
 115 02fc 15C4E62A 		.ascii	"\025\304\346*\227\276n\224\310\332\312\315\223\352\361"
 115      97BE6E94 
 115      C8DACACD 
 115      93EAF1
 116 030b 820D4FF0 		.ascii	"\202\015O\360\267\030{s%\2038\034\227\313J\027\246\274"
 116      B7187B73 
 116      2583381C 
 116      97CB4A17 
 116      A6BC
 117 031d 02D49243 		.ascii	"\002\324\222CY\251\345)\315\336,+\255yR\245WX))\202"
 117      59A9E529 
 117      CDDE2C2B 
 117      AD7952A5 
 117      57582929 
 118 0332 AB154A6B 		.ascii	"\253\025Jk0\204Vj\240f\037v\241\326?\306\275\017p<L"
 118      3084566A 
 118      A0661F76 
 118      A1D63FC6 
 118      BD0F703C 
 119 0347 6771A786 		.ascii	"gq\247\206\326!?2\317\257\024\206B\372\273Z\015\263"
 119      D6213F32 
 119      CFAF1486 
ARM GAS  /tmp/ccXxqsPH.s 			page 9


 119      42FABB5A 
 119      0DB3
 120 0359 180EE98A 		.ascii	"\030\016\351\212\311\351!\245\007\257\016!\375\323k"
 120      C9E921A5 
 120      07AF0E21 
 120      FDD36B
 121 0368 73264142 		.ascii	"s&AB`=\371\340]\3334x=s\003\313fc\306\3013\347=\224"
 121      603DF9E0 
 121      5DDB3478 
 121      3D7303CB 
 121      6663C6C1 
 122 0380 06732801 		.ascii	"\006s(\001\276\323_\027<\377\344\217;\327\243\336`\276"
 122      BED35F17 
 122      3CFFE48F 
 122      3BD7A3DE 
 122      60BE
 123 0392 4C93F43D 		.ascii	"L\223\364=4\242\272\002\217%U\013\377\267\250e\350\312"
 123      34A2BA02 
 123      8F25550B 
 123      FFB7A865 
 123      E8CA
 124 03a4 BB2FE9F1 		.ascii	"\273/\351\361\023\364\261\300\333\216\355~\266\241\301"
 124      13F4B1C0 
 124      DB8EED7E 
 124      B6A1C1
 125 03b3 6E7ABBE5 		.ascii	"nz\273\345\215\226\275\257\330\255\355vs\353\201\003"
 125      8D96BDAF 
 125      D8ADED76 
 125      73EB8103 
 126 03c3 AD07ED78 		.ascii	"\255\007\355xk[G\273\275{\337\236\246=\037\220-\336"
 126      6B5B47BB 
 126      BD7BDF9E 
 126      A63D1F90 
 126      2DDE
 127 03d5 F2EE5B6D 		.ascii	"\362\356[m\355\366\213MMvs[GcC\263Pm\257\307eG\034\342"
 127      EDF68B4D 
 127      4D76735B 
 127      476343B3 
 127      506DAFC7 
 128 03ed 0F0082B1 		.ascii	"\017\000\202\261\024\230"
 128      1498
 129              		.text
 130              		.section	.gnu.lto_ram_areas.f1d0dd30a6821d5d,"",%progbits
 131 0000 789C75D1 		.ascii	"x\234u\321\315O\023A\030\307\361yvZ\026\224W\021\021"
 131      CD4F1341 
 131      18C7F179 
 131      765A1694 
 131      571111
 132 0013 A9F81F74 		.ascii	"\251\370\037t\003\027\352\301\004\322\003'\242\321\377"
 132      0317EAC1 
 132      04D20327 
 132      A2D1FF
 133 0022 C0868426 		.ascii	"\300\206\204&@I\313\201[\367\300\002r\347\204\007\016"
 133      4049CB81 
 133      5BF7C002 
 133      72E78407 
 133      0E
ARM GAS  /tmp/ccXxqsPH.s 			page 10


 134 0033 187C012C 		.ascii	"\030|\001,/\202\255 \005\255\010(o\352\311\213\007\302"
 134      2F82AD20 
 134      05AD0828 
 134      6FEAC98B 
 134      07C2
 135 0045 C913C190 		.ascii	"\311\023\301\220\200\200\263\373\333\003n\363\314a\277"
 135      8080B3FB 
 135      DB036EF3 
 135      CC61BF
 136 0054 C93393C9 		.ascii	"\3113\223\311'\263>A\302^\315~!\356\012\2543\215\322"
 136      27B33E41 
 136      C25ECD7E 
 136      21EE0AAC 
 136      338DD2
 137 0067 E9DF3FF5 		.ascii	"\351\337?\365\344\2319h\232\277\236\235<\320-)\236\310"
 137      E4993968 
 137      9ABF9E9D 
 137      3CD02D29 
 137      9EC8
 138 0079 BC2D7396 		.ascii	"\274-s\226\234\015\312\333H8s-o^\344\314\2453\377s\260"
 138      9C0DCADB 
 138      4838732D 
 138      6F5EE4CC 
 138      A533FF73 
 139 008e BF5C189A 		.ascii	"\277\\\030\2327\007G\315&K\322\271&\350%%\3175\242\027"
 139      370747CD 
 139      264BD2B9 
 139      26E82525 
 139      CF35A217 
 140 00a2 76347A6E 		.ascii	"v4znG\3228%\355\343GC\326\261<\322,\251\221\376\377"
 140      47D23825 
 140      EDE34743 
 140      D6B13CD2 
 140      2CA991FE 
 141 00b7 ADD9A581 		.ascii	"\255\331\245\201{\316\275>\016\350g\200\005\014P\347"
 141      7BCEBD3E 
 141      0EE86780 
 141      050C50E7 
 142 00c7 8029005F 		.ascii	"\200)\000_\0038\005\340$\200\373\247\223\231R\000\013"
 142      033805E0 
 142      2480FBA7 
 142      93995200 
 142      0B
 143 00d8 3CC00517 		.ascii	"<\300\005\027X\310\001\213\030\340\025\006x\225\003"
 143      58C8018B 
 143      18E01506 
 143      789503
 144 00e7 CE03F806 		.ascii	"\316\003\370\006\3009\000g\001\\\037\313\374-\006\320"
 144      C0390067 
 144      015C1FCB 
 144      FC2D06D0 
 145 00f7 EF014EBB 		.ascii	"\357\001N\273\300b\016X\302\000K\031`\031\007\\\004"
 145      C0620E58 
 145      C2004B19 
 145      6019075C 
 145      04
 146 0108 F01D8019 		.ascii	"\360\035\200\031\000\323\000\356\366\245\236\272\277"
ARM GAS  /tmp/ccXxqsPH.s 			page 11


 146      00D300EE 
 146      F6A59EBA 
 146      BF
 147 0115 D8E7018E 		.ascii	"\330\347\001\216\270\300r\016X\301\000\2571\300J\016"
 147      B8C0720E 
 147      58C100AF 
 147      31C04A0E 
 148 0125 B80AE00A 		.ascii	"\270\012\340\012\200Y\000\227\001\\=L\215\273/(=\300"
 148      80590097 
 148      015C3D4C 
 148      8DBB2F28 
 148      3DC0
 149 0137 6117789D 		.ascii	"a\027x\235\003V1\300\033\014\260\232\003~\006p\015\300"
 149      035631C0 
 149      1B0CB09A 
 149      037E0670 
 149      0DC0
 150 0149 4F00E600 		.ascii	"O\000\346\000\314]\034g\313\000\324<\300\213~\000or"
 150      CC5D1C67 
 150      CB00D43C 
 150      C08B7E00 
 150      6F72
 151 015b C01A0678 		.ascii	"\300\032\006x\213\001\326r\300-\000\277\002\370\005"
 151      8B01D672 
 151      C02D00BF 
 151      02F805
 152 016a C04D002F 		.ascii	"\300M\000/\213N]Q\200\023\335fDu\214\350\016'\372\006"
 152      8B4E5D51 
 152      8013DD66 
 152      44758CE8 
 152      0E27FA06 
 153 017e D11E44BB 		.ascii	"\321\036D\273\020\355@\3247\222;\321q\334\224\226\224"
 153      10ED40D4 
 153      37923BD1 
 153      71DC9496 
 153      94
 154 018f 541FA0EF 		.ascii	"T\037\240\357\024\242\206\000m\253lP\200\326U?\252~"
 154      14A28600 
 154      6DAB6C50 
 154      80D6553F 
 154      AA7E
 155 01a1 507DAFBA 		.ascii	"P}\257\272\244\372VuAuFuZuB\365\025\205\004\375P\237"
 155      A4FA5675 
 155      41754675 
 155      5A7542F5 
 155      158504FD 
 156 01b7 C660D008 		.ascii	"\306`\320\010\267G\037G\357?2b\011#\022\353\354\214"
 156      B7471F47 
 156      EF3F3262 
 156      092312EB 
 156      EC8C
 157 01c9 7519DDB1 		.ascii	"u\031\335\261xO\302h~\330\032n\355\265g\335\321\216"
 157      784FC268 
 157      7ED81A6E 
 157      EDB567DD 
 157      D18E
 158 01db B678C268 		.ascii	"\266x\302h\011\207\215H\274\247>\030\021\377\000\230"
ARM GAS  /tmp/ccXxqsPH.s 			page 12


 158      09878D48 
 158      BCA73E18 
 158      11FF0098 
 159 01eb 0F1C33   		.ascii	"\017\0343"
 160              		.text
 161              		.section	.gnu.lto_.symbol_nodes.f1d0dd30a6821d5d,"",%progbits
 162 0000 789C55CD 		.ascii	"x\234U\315\305\021\302P\000E\321\027\371\270\006\367"
 162      C511C250 
 162      0045D117 
 162      F9B806F7 
 163 0010 E0EEEE4B 		.ascii	"\340\356\356K\312\372\303\014\005P\007U\340\354\250"
 163      CAFAC30C 
 163      05500755 
 163      E0ECA8
 164 001f 89F07659 		.ascii	"\211\360vY\235\231\273\271:\024\034\024\000jY\002\347"
 164      9D99BBB9 
 164      3A141C14 
 164      006A5902 
 164      E7
 165 0030 2F607139 		.ascii	"/`q9\026\255P\221\212=T\245j\0175\251\331C]\352\266"
 165      16AD5091 
 165      8A3D54A5 
 165      6A0F35A9 
 165      D9435DEA 
 166 0045 204A3819 		.ascii	" J8\031\200&\032\212i=DS%-\215\264u\322\021\244\353"
 166      80261A8A 
 166      693D4453 
 166      252D8DB4 
 166      75D211A4 
 167 005a 203D27E9 		.ascii	" ='\351\273\310\300M\206\0362\362\222\261\217L\374d"
 167      BBC8C04D 
 167      861E32F2 
 167      92B18F4C 
 167      FC64
 168 006c 1A20B320 		.ascii	"\032 \263 \231\207\310\"L\226\006YE\310:J61\262\215"
 168      9987C822 
 168      4C960659 
 168      45C83A4A 
 168      3631B28D 
 169 0080 935D82EC 		.ascii	"\223]\202\354\223\344\212\024\275!M\357\310\320\007"
 169      93E48A14 
 169      BD214DEF 
 169      C8D007
 170 008f B2F4891C 		.ascii	"\262\364\211\034}!O\337(\320\017\314\277\370\001\273"
 170      7D214FDF 
 170      28D00FCC 
 170      BFF801BB 
 171 009f 4125C3   		.ascii	"A%\303"
 172              		.text
 173              		.section	.gnu.lto_.refs.f1d0dd30a6821d5d,"",%progbits
 174 0000 789C05C1 		.ascii	"x\234\005\301\013\026BP\024\000\300k\216\247\217\024"
 174      0B164250 
 174      1400C06B 
 174      8EA78F14 
 175 0010 E9235248 		.ascii	"\351#RH\253i\377\373i&\217,~\021!\2272\251\235\222\302"
 175      AB69FFFB 
 175      69268F2C 
ARM GAS  /tmp/ccXxqsPH.s 			page 13


 175      7E112197 
 175      32A99D92 
 176 0025 C6D6CE5E 		.ascii	"\306\326\316^\351\240rtRk\234\265.\256n\356:\017\275"
 176      E9A07274 
 176      526B9CB5 
 176      2EAE6EEE 
 176      3A0FBD
 177 0038 C1D3E8E5 		.ascii	"\301\323\350\345m2[|\254\276\361\007y\217\003\216"
 177      6D325B7C 
 177      ACBEF107 
 177      798F038E 
 178              		.text
 179              		.section	.gnu.lto_.decls.f1d0dd30a6821d5d,"",%progbits
 180 0000 789C8D96 		.ascii	"x\234\215\226kL\024Y\026\200\353\366m\273\233\246y\004"
 180      6B4C1459 
 180      1680EBF6 
 180      6DBB9BA6 
 180      7904
 181 0012 D989D938 		.ascii	"\331\211\3318;\314\304\211l6C\017\212\372w6nv\366\317"
 181      3BCCC489 
 181      6C36430F 
 181      8AFA7736 
 181      6E76F6CF 
 182 0026 EC6ED6D9 		.ascii	"\354n\326\331\371\333i\2617\222\345a\240\315j\262?J"
 182      F9DB69B1 
 182      3792E561 
 182      A0CD6AB2 
 182      3F4A
 183 0038 E4212AD2 		.ascii	"\344!*\322\010#\362RPg\020P\001\025\225\207\330*\203"
 183      0823F252 
 183      50671050 
 183      01159587 
 183      D82A83
 184 004b F210E5A9 		.ascii	"\362\020\345\251<EQ\361\001\210<TTd\317=\267\372U\325"
 184      3C4551F1 
 184      01883C54 
 184      5464CF3D 
 184      B7FA55D5 
 185 005f 4CB69243 		.ascii	"L\266\222CW\335>\337wn\235{\253h\265@\004v\374&P\020"
 185      57DD3EDF 
 185      776E9D7B 
 185      AB68B540 
 185      0476FC26 
 186 0075 36514148 		.ascii	"6QAHR\011\302\"\034Z\030\373Ap\035\313 * \316BTC\324"
 186      5209C222 
 186      1C5A18FB 
 186      41701DCB 
 186      202A20CE 
 187 008d 42D4437C 		.ascii	"B\324C|\0161\0141\002\361\020\342\021\304\023\210\247"
 187      0E310C31 
 187      02F110E2 
 187      11C41388 
 187      A7
 188 009e 10CF21C6 		.ascii	"\020\317!\306!&!\246 \246!f!^C\274\205x\007\361\001"
 188      212621A6 
 188      20A62166 
 188      215E43BC 
ARM GAS  /tmp/ccXxqsPH.s 			page 14


 188      857807F1 
 189 00b3 E2232B00 		.ascii	"\342#+\000\323PA\250!4\020:\010=\204\001\302\037\"\020"
 189      D35041A8 
 189      2134103A 
 189      083D8401 
 189      C21F2210 
 190 00c7 22082218 		.ascii	"\"\010\"\030\342\023\210\025\020\277\205X\011\361;\""
 190      E2138815 
 190      10BF8558 
 190      09F13B22 
 191 00d7 781C155C 		.ascii	"x\034\025\\\347\234?\221\306\344\307Y/yg\275\344U{\311"
 191      E79C3F91 
 191      C6E4C759 
 191      2F7967BD 
 191      E4557BC9 
 192 00eb ABF69257 		.ascii	"\253\366\222W\353%\257\326K\036\353\233A\312\013\202"
 192      EB25AFD6 
 192      4B1EEB9B 
 192      41CA0B82 
 193 00fb 0886F80C 		.ascii	"\010\206\370\014\222W\303g\033D\010\234\017\301\347"
 193      9257C367 
 193      1B44089C 
 193      0FC1E7
 194 010a 20C4E770 		.ascii	" \304\347p\336\002\237\177\207PC\364@tAtBtK5\352\245"
 194      DE029F7F 
 194      875043F4 
 194      40744174 
 194      42744B35 
 195 0120 CF61599D 		.ascii	"\317aY\235a\211i\223\\\254\316\320\022\036v\204\010"
 195      61896993 
 195      5CACCED0 
 195      121E7684 
 195      08
 196 0131 BC972BA5 		.ascii	"\274\227+\245\336\256\220z\035,\365>PZ\013\203\2646"
 196      DEAE907A 
 196      1D2CF53E 
 196      505A0B83 
 196      B436
 197 0143 3A69ADD4 		.ascii	":i\255\324\322\332\261I\260\265dk\312\326\226\2551["
 197      D2DAB149 
 197      B0B5646B 
 197      CAD696AD 
 197      315B
 198 0155 6BB6E66C 		.ascii	"k\266\346l\355\331\036`{\201\355\011\2667\330\036a{"
 198      EDD91E60 
 198      7B81ED09 
 198      B637D81E 
 198      617B
 199 0167 85ED19B6 		.ascii	"\205\355\031\266wFd\363_P\221\362\261\313\275\272\001"
 199      774664F3 
 199      5F5091F2 
 199      B1CBBDBA 
 199      01
 200 0178 D287F640 		.ascii	"\322\207\366@B\210 \310\026[\252K\370\260\3121\304\277"
 200      428820C8 
 200      165BAA4B 
 200      F8B0CA31 
ARM GAS  /tmp/ccXxqsPH.s 			page 15


 200      C4BF
 201 018a 93E53A12 		.ascii	"\223\345:\022\211\353\013\"x\020\270\367\361p\015\021"
 201      89EB0B22 
 201      7810B8F7 
 201      F1700D11 
 202 019a 3C24C8DD 		.ascii	"<$\310\335\350(\355\274{\"8g\341\310u\363I\263'^\346"
 202      E828EDBC 
 202      7B223867 
 202      E1C875F3 
 202      49B3275E 
 203 01af 850775DC 		.ascii	"\205\007u\334\364\305\376\214\033\032\012N8\27758qj"
 203      F4C5FE8C 
 203      1B1A0A4E 
 203      38BF3538 
 203      716A
 204 01c1 19F5C7F3 		.ascii	"\031\365\307\363\312\202\017\035:\265J \245\204\362"
 204      CA820F1D 
 204      3AB54A20 
 204      A584F2
 205 01d0 CCFBF327 		.ascii	"\314\373\363'\377\034vJ\204\303&\212\252?\270\372\326"
 205      FF1C764A 
 205      84C3268A 
 205      AA3FB8FA 
 205      D6
 206 01e1 91545940 		.ascii	"\221TY@gU$HO\324p\371\352V\336\250?\\\006\353I\010\\"
 206      67552448 
 206      4FD470F9 
 206      EA56DEA8 
 206      3F5C06EB 
 207 01f8 2E34E7E7 		.ascii	".4\347\347\251V\034Bn\267\030\242&?|BN\223\225\344\024"
 207      A9561C42 
 207      6EB718A2 
 207      263F7C42 
 207      4E9395E4 
 208 020d 5909933B 		.ascii	"Y\011\223;CV\300\337\315jn*=~\243\212|Q$\026\025\211"
 208      4356C0DF 
 208      CD6A6E2A 
 208      3D7EA38A 
 208      7C512416 
 209 0223 23F323C1 		.ascii	"#\363#\301\207v\2137\241V\010\313\"'\011%\345$\014\262"
 209      87768B37 
 209      A15608CB 
 209      22270925 
 209      E5240CB2 
 210 0237 CB889A5D 		.ascii	"\313\210\232]\261\233.!\003p\223\025\344\013Vw\"\243"
 210      B19B2E21 
 210      03709315 
 210      E40B5677 
 210      22A3
 211 0249 3D807EBF 		.ascii	"=\200~\277\304\354\3676\337\235\364\341j\373\353\026"
 211      C4ECF736 
 211      DF9DF4E1 
 211      6AFBEB16 
 212 0259 83682B16 		.ascii	"\203h+\026\305oP\\\351\024W\201\270\322]|\026\305/\273"
 212      C56F505C 
 212      E9145781 
 212      B8D25D7C 
ARM GAS  /tmp/ccXxqsPH.s 			page 16


 212      16C52FBB 
 213 026d A7862935 		.ascii	"\247\206)5/!\276\222uoZ+\211\317\266\272\213\3179\305"
 213      2F21BE92 
 213      756F5A2B 
 213      89CFB6BA 
 213      8BCF39C5 
 214 0281 E7417CCE 		.ascii	"\347A|\316]\\\215\342\322\276\271k\2764\006\305G\233"
 214      5D5C8DE2 
 214      D2BEB96B 
 214      BE3406C5 
 214      479B
 215 0293 1F161BE8 		.ascii	"\037\026\033\350\177\361\374\331\323\356\201\000V\344"
 215      7FF1FCD9 
 215      D3EE8100 
 215      56E4
 216 02a1 A2A3C868 		.ascii	"\242\243\310hZG\275\217\243,\271D\324l\360Z\327\261"
 216      5A47BD8F 
 216      A32CB944 
 216      D46CF05A 
 216      D7B1
 217 02b3 2DAC70B1 		.ascii	"-\254p\261h\037\364(|\301Y\270\006\012_p/\\\213\205"
 217      681FF428 
 217      7CC159B8 
 217      060A5F70 
 217      2F5C8B85 
 218 02c7 EF1CDE97 		.ascii	"\357\034\336\227Bh2\301j\025\265}\207\014\322\015\330"
 218      426832C1 
 218      6A15B57D 
 218      870CD20D 
 218      D8
 219 02d8 DAC1B3CB 		.ascii	"\332\301\263\313\341\251sx\004v\352\222\324\243\244"
 219      E1A97378 
 219      0476EA92 
 219      D4A3A4
 220 02e7 A63DEBBA 		.ascii	"\246=\353\272?=\304%\027\23647\351\371\036\020\011["
 220      3F3DC425 
 220      179E3437 
 220      E9F91E10 
 220      095B
 221 02f9 F5DE178D 		.ascii	"\365\336\027\215\204o\002Q\007\327\263{\223\337H{D\013"
 221      846F0251 
 221      07D7B37B 
 221      93DF487B 
 221      440B
 222 030b 9713351F 		.ascii	"\227\0235\037\253|\365{\244M\021\364\0276\356\332\024"
 222      AB7CF57B 
 222      A44D11F4 
 222      1736EEDA 
 222      14
 223 031c 57891EFE 		.ascii	"W\211\036\376\032W\022;\\Bv^\335l\3132\0163W\352Lc\242"
 223      1A57123B 
 223      5C42765E 
 223      DD6CCB32 
 223      0E3357EA 
 224 0333 9A16F1C2 		.ascii	"\232\026\361\302C7K\313\231x\265\236\260\235\037\300"
 224      43374BCB 
 224      9978B59E 
ARM GAS  /tmp/ccXxqsPH.s 			page 17


 224      B09D1FC0 
 225 0343 6E68BC66 		.ascii	"nh\274f\336\217\017\261\214\316\214\351\023ZZ\216\351"
 225      DE8F0FB1 
 225      8CCE8CE9 
 225      135A5A8E 
 225      E9
 226 0354 AAF2CC17 		.ascii	"\252\362\314\027\235>$T\3773+=2\324\372\247\314T\330"
 226      9D3E2454 
 226      FF332B3D 
 226      32D4FAA7 
 226      CC54D8
 227 0367 CCE426D1 		.ascii	"\314\344&\321\223&\327\335\256\206\372\002\314.\221"
 227      9326D7DD 
 227      AE86FA02 
 227      CC2E91
 228 0376 CF4E70CE 		.ascii	"\317Np\316\215\334 \241\314\313\362\310/0\330\310gX"
 228      8DDC20A1 
 228      CCCBF2C8 
 228      2F30D8C8 
 228      6758
 229 0388 7A22F398 		.ascii	"z\"\363\230\206\276\3405\312\316\334n\322\022}\250W"
 229      86BEE035 
 229      CACEDC6E 
 229      D2127DA8 
 229      57
 230 0399 41AB1701 		.ascii	"A\253\027\001\237L_F\004<]\201\244\005\346\322\354\232"
 230      9F4C5F46 
 230      043C5D81 
 230      A405E6D2 
 230      EC9A
 231 03ab CB4DD60C 		.ascii	"\313M\326\014V\343\227\023iO\324\206\275N)&\272\232"
 231      56E39713 
 231      694FD486 
 231      BD4E2926 
 231      BA9A
 232 03bd D6460CD2 		.ascii	"\326F\014\322\363\330\332\226\336\240\245G\3703m\233"
 232      F3D8DA96 
 232      DEA0A547 
 232      F8336D9B 
 233 03cd 2CB8EC4B 		.ascii	",\270\354KO\362\213\316\251\266B_\336\310@\267E\013"
 233      4FF28BCE 
 233      A9B6425F 
 233      DEC840B7 
 233      450B
 234 03df 9616EDF6 		.ascii	"\226\026\355\366\370\233Kzz\021s5\335#\275W\264d\025"
 234      F89B4B7A 
 234      7A117335 
 234      DD23BD57 
 234      B46415
 235 03f2 1CA1CB8F 		.ascii	"\034\241\313\217\261\242#\363\365\233\262\340\211\374"
 235      B1A223F3 
 235      F59BB2E0 
 235      89FC
 236 0400 9A9522D7 		.ascii	"\232\225\"\327a\206w\311r\327\215]\303Y\204\303\037"
 236      618677C9 
 236      72D78D5D 
 236      C35984C3 
ARM GAS  /tmp/ccXxqsPH.s 			page 18


 236      1F
 237 0411 01D3ED83 		.ascii	"\001\323\355\203\0261M\203\271\267\344\271F\226z\232"
 237      16314D83 
 237      B9B7E4B9 
 237      46967A9A 
 238 0421 B872A79C 		.ascii	"\270r\247\234\271\035\336\275\356\311\375\316\344v\257"
 238      B91DDEBD 
 238      EEC9FDCE 
 238      E476AF
 239 0430 629C03F6 		.ascii	"b\234\003\366\324\336g\021E\035K\021\244v\262#Sz\207"
 239      D4DE6711 
 239      451D4B11 
 239      A476B223 
 239      537A87
 240 0443 89F01891 		.ascii	"\211\360\030\221;\200\336\306\022L\004I\244\027V\250"
 240      3B80DEC6 
 240      124C0449 
 240      A41756A8 
 241 0453 87AC225D 		.ascii	"\207\254\"]\020\235\020\335d\225\343M\327{\257\243\311"
 241      109D10DD 
 241      6495E34D 
 241      D77BAFA3 
 241      C9
 242 0464 87366283 		.ascii	"\2076b\203T\015\207\357T\371\222\320\345\274\322\214"
 242      540D87EF 
 242      54F992D0 
 242      E5BCD28C 
 243 0474 1F6CA37E 		.ascii	"\037l\243~P\334s-\035\253\273D9\370/\023\372\377T|\371"
 243      50DC732D 
 243      1DABBB44 
 243      39F82F13 
 243      FAFF547C 
 244 0489 BC4EA441 		.ascii	"\274N\244A6I\361\215\032K\\\001I\003\316y\200\0049\236"
 244      3649F18D 
 244      1A4B5C01 
 244      4903CE79 
 244      8004399E 
 245 049d 1796DD52 		.ascii	"\027\226\335Rz\2406`\271T\320\276dAa\251jg\036\024,"
 245      7AA03660 
 245      B954D0BE 
 245      644161A9 
 245      6A671E14 
 246 04b2 F8B9571B 		.ascii	"\370\271W\033\374\265j\315\231\24374_\036\027\357\300"
 246      FCB56ACD 
 246      99A33734 
 246      5F1E17EF 
 246      C0
 247 04c3 8B633EE5 		.ascii	"\213c>\345\263]\242]M\206H\020\271\314;\340\006\262"
 247      B35DA25D 
 247      4D864810 
 247      B9CC3BE0 
 247      06B2
 248 04d5 91EFE1ED 		.ascii	"\221\357\341\3555L\276\004nz6\375|\000\355\346[\362"
 248      354CBE04 
 248      6E7A36FD 
 248      7C00EDE6 
 248      5BF2
ARM GAS  /tmp/ccXxqsPH.s 			page 19


 249 04e7 48E574A3 		.ascii	"H\345t\243\037HF`a3\233\202s\305kj\334\330\367%\211"
 249      1F484660 
 249      61339B82 
 249      73C56B6A 
 249      DCD8F725 
 250 04fc 6B83DF67 		.ascii	"k\203\337g\257 2\202\212\347\351=\213\001t\214+Z>\334"
 250      AF203282 
 250      8AE7E93D 
 250      8B01748C 
 250      2B5A3EDC 
 251 0510 DD4FB942 		.ascii	"\335O\271B\314\267$\371 \377@\301?@\376!\362?\177\354"
 251      CCB724F9 
 251      20FF40C1 
 251      3F40FE21 
 251      F23F7FEC 
 252 0524 BEA0A173 		.ascii	"\276\240\241s\234O>\3323\356\340\373\034\374\250\202"
 252      9C4F3EDA 
 252      33EEE0FB 
 252      1CFCA882 
 253 0534 1F45FE11 		.ascii	"\037E\376\021\362\271e\023\271z\232D\221\317H\352\275"
 253      F2B96513 
 253      B97A9A44 
 253      91CF48EA 
 253      BD
 254 0545 B54CE273 		.ascii	"\265L\342s\233\014v\033A\303c\205\3411\032\236\240\341"
 254      9B0C761B 
 254      41C36385 
 254      E1311A9E 
 254      A0E1
 255 0557 F1F59B0F 		.ascii	"\361\365\233\017t4\233\033\016f^\311\322HM\310qk\302"
 255      74349B1B 
 255      0E665EC9 
 255      D2484DC8 
 255      716BC2
 256 056a 98423186 		.ascii	"\230B1\206\212\247\250H\234\312\251\362\245%\\\261\320"
 256      8AA7A848 
 256      9CCAA9F2 
 256      A5255CB1 
 256      D0
 257 057b D3755F25 		.ascii	"\323u_%o\3023\005\377\014\371\347\310w\330\253\313\264"
 257      6FC23305 
 257      FF0CF9E7 
 257      C877D8AB 
 257      CBB4
 258 058d B49AF3DD 		.ascii	"\264\232\363\335i\271\251Zy\023^(\370\027\310\217#\377"
 258      69B9A95A 
 258      79135E28 
 258      F817C88F 
 258      23FF
 259 059f 64747F95 		.ascii	"dt\177\225\2066r~n\317\371\253\032e\023&\024\206\011"
 259      8636727E 
 259      6ECFF9AB 
 259      1A651326 
 259      148609
 260 05b2 344CA261 		.ascii	"4L\242a\360h\311\274\201vsCe\342\323Qi\006\366B\267"
 260      F068C9BC 
 260      81767343 
ARM GAS  /tmp/ccXxqsPH.s 			page 20


 260      65E2D351 
 260      6906F642 
 261 05c7 26BC5428 		.ascii	"&\274T(^\242b\012\0259\265m\027\265t\214+\232\366t\266"
 261      5EA2620A 
 261      1539B56D 
 261      17B5748C 
 261      2B9AF674 
 262 05dc 06C89BF0 		.ascii	"\006\310\233\360J\301\277B~\032\371\305\366\243\267"
 262      4AC1BF42 
 262      7E1AF9C5 
 262      F6A3B7
 263 05eb 54748EF3 		.ascii	"Tt\216\363\217\017'\237\017\2207aF\301\317 ?\213|K\375"
 263      8F0F279F 
 263      0F903761 
 263      46C1CF20 
 263      3F8B7C4B 
 264 0600 C13AD809 		.ascii	"\301:\330\011j\344\017\274\255\234V+\2330\2470\314\241"
 264      6AE40FBC 
 264      AD9C562B 
 264      9B30A730 
 264      CCA1
 265 0612 E1351A0E 		.ascii	"\3415\032\016\357O\373\224fsAba\371^i\002\366sn=x\243"
 265      EF4FFB94 
 265      66734162 
 265      61F95E69 
 265      02F6736E 
 266 0629 30BC41C3 		.ascii	"0\274A\303[\3764\234\251\251\366\241%\\\221sb\361\230"
 266      5BFE349C 
 266      A9A9F6A1 
 266      255C9173 
 266      62F198
 267 063c 8FBC07F3 		.ascii	"\217\274\007\363\012~\036\371w\310\277/\236/S\323j\316"
 267      0A7E1EF9 
 267      77C8BF2F 
 267      9E2F53D3 
 267      6ACE
 268 064e 17D71E79 		.ascii	"\027\327\036y\256\350\301{\005\377\036\371\017\310\347"
 268      AEE8C17B 
 268      05FF1EF9 
 268      0FC8E7
 269 065d 171CA933 		.ascii	"\027\034\2513\320F\316\227\215\314\026\370({\260\240"
 269      D046CE97 
 269      8DCC16F8 
 269      287BB0A0 
 270 066d 302CA0E1 		.ascii	"0,\240\341#\032\3164\014\325\372\320nn\270:\177gF/5"
 270      231ACE34 
 270      0CD5FAD0 
 270      6E6EB83A 
 270      7F67462F 
 271 0682 A1C6AD09 		.ascii	"\241\306\255\011\213\012\305\"*D\025S$\277M\311\327"
 271      8B0AC522 
 271      2A441553 
 271      24BF4DC9 
 271      D7
 272 0693 D131AE78 		.ascii	"\3211\256x\177\256\377\236\242\011\273Tr\036F\340o\""
 272      7FAEFF9E 
 272      A209BB54 
ARM GAS  /tmp/ccXxqsPH.s 			page 21


 272      721E46E0 
 272      6F22
 273 06a5 F24D39E9 		.ascii	"\362M9\351\347}\351\034\3473\206\013'}\345M\330\255"
 273      E77DE91C 
 273      E733860B 
 273      277DE54D 
 273      D8AD
 274 06b7 E077239F 		.ascii	"\340w#\237\204\374O\263\266f5MZ\306\237\246kU\005*e"
 274      84FC4FB3 
 274      B666354D 
 274      5AC69FA6 
 274      6B55052A 
 275 06cc 13921586 		.ascii	"\023\222\025\206d4\244\240!\355\352\317\245z\232\315"
 275      6434A4A0 
 275      21EDEACF 
 275      A57A9ACD 
 276 06dc 0DC7861B 		.ascii	"\015\307\206\033\362\375\245&\\qkB\252B\221\212\212"
 276      F2FDA526 
 276      5C716B42 
 276      AA42918A 
 276      8A
 277 06ed 3DA8A83D 		.ascii	"=\250\250=Y1\015\257\004\256\350\252\353\255\322\310"
 277      59310DAF 
 277      04AEE8AA 
 277      EBADD2C8 
 278 06fd 9B90A6E0 		.ascii	"\233\220\246\340\323\220\337\213\374\245\211\376\267"
 278      D390DF8B 
 278      FCA589FE 
 278      B7
 279 070a 1A5ACDF9 		.ascii	"\032Z\315\371K\375\017Gu\362&\354S\360\373\220\337\217"
 279      4BFD0F47 
 279      75F226EC 
 279      53F0FB90 
 279      DF8F
 280 071c FC4CAB0D 		.ascii	"\374L\253\015\236\206F\316\237:\367\323i\275\262\011"
 280      9E8646CE 
 280      9F3AF7D3 
 280      69BDB209 
 281 072c E90A433A 		.ascii	"\351\012C:\032\016\240\241\256\376\375\247\264\233\013"
 281      1A0EA0A1 
 281      AEFEFDA7 
 281      B49B0B
 282 073b 725B32B3 		.ascii	"r[2\263\245\027\263\275\307\255\007\031\012C\006\032"
 282      A517B3BD 
 282      C7AD0719 
 282      0A43061A 
 283 074b 6C68B055 		.ascii	"lh\260U\024\177\200\215\300\025\2239\363\245\276\362"
 283      147F808D 
 283      C0159339 
 283      F3A5BEF2 
 284 075b 1E642AF8 		.ascii	"\036d*\370L\344\017\362{\350:u\327\217\316q\276ij\370"
 284      4CE40FF2 
 284      7BE83A75 
 284      D78FCE71 
 284      BE696AF8 
 285 076f B89FBC07 		.ascii	"\270\237\274\007Y\012>\013\371l\344G\252/T\370\323$"
 285      590A3E0B 
ARM GAS  /tmp/ccXxqsPH.s 			page 22


 285      F96CE447 
 285      AA2F54F8 
 285      D324
 286 0781 0DF28B6D 		.ascii	"\015\362\213m{Z\275\274\021~T\030~D\303!4\234\266\215"
 286      7B5ABDBC 
 286      117E5418 
 286      7E44C321 
 286      349CB68D 
 287 0795 E6686936 		.ascii	"\346hi67<~\364j\227\343i\030pkB\216B\221\203\212\303"
 287      373C7EF4 
 287      6A97E369 
 287      18706B42 
 287      8E429183 
 288 07ab A8C8EBCA 		.ascii	"\250\310\353\312\206\237\354%\\1\231Q\333\240\330\010"
 288      869FEC25 
 288      5C319951 
 288      DBA0D808 
 289 07bb B90A3E17 		.ascii	"\271\012>\027\371<\344\307S\357\017\303F\340|}_J;\221"
 289      F93CE4C7 
 289      53EF0FC3 
 289      46E07C7D 
 289      5F4A3B91 
 290 07cf 37       		.ascii	"7"
 291 07d0 215FC1E7 		.ascii	"!_\301\347#_\200|\316\314\273\335\260\0218\2377\220"
 291      235F807C 
 291      CECCBBDD 
 291      B011389F 
 291      3790
 292 07e2 784FAB6C 		.ascii	"xO\253lB\241\302P\210\206#h\230\233k\266\023\367\237"
 292      42A1C250 
 292      88862368 
 292      989B6BB6 
 292      13F79F
 293 07f5 BB836E3F 		.ascii	"\273\203n?\364\004rT\205?w\331'$\247L\225\265\373\273"
 293      F4047254 
 293      853F77D9 
 293      2724A74C 
 293      95B5FBBB 
 294 0809 27B3DF21 		.ascii	"'\263\337!\256\344\")\271\010\223{J\206\246\235f\333"
 294      AEE42229 
 294      B908937B 
 294      4A86A69D 
 294      66DB
 295 081b 523FA449 		.ascii	"R?\244I1@\276&Sd\\\274\305\024\025\033eU\377\307b\376"
 295      3140BE26 
 295      53645CBC 
 295      C514151B 
 295      6555FFC7 
 296 0831 B7EEDBBF 		.ascii	"\267\356\333\277\3763dcx\270\260!,\314\270qk\324\346"
 296      FE336463 
 296      78B8B021 
 296      2CCCB871 
 296      6BD4E6
 297 0844 A8BF6D32 		.ascii	"\250\277m2\306%\030#\343bb\342b\215\333\342\342\255"
 297      C6251823 
 297      E36262E2 
 297      628DDBE2 
ARM GAS  /tmp/ccXxqsPH.s 			page 23


 297      E2AD
 298 0856 09C63FFE 		.ascii	"\011\306?\376\343\273\215\337\355`c\333\242\242-\361"
 298      E3BB8DDF 
 298      ED6063DB 
 298      A2A22DF1 
 299 0866 09C66F37 		.ascii	"\011\306o7n4F\306[\303\303\"\005\203\311d1\307G\357"
 299      6E3446C6 
 299      5BC3C322 
 299      0583C964 
 299      31C747EF 
 300 087a 4425E8A3 		.ascii	"D%\350\243\315V\256\3677\231\266X\376e\336\036m5YvD"
 300      CD56AEF7 
 300      3799B658 
 300      FE65DE1E 
 300      6D355976 
 301 088f 5975B150 		.ascii	"Yu\261P\327\272=>6\320\204_\233\342\3151&s\274\305\234"
 301      D7BA3D3E 
 301      36D0845F 
 301      9BE2CD31 
 301      2673BCC5 
 302 08a4 E0E33CD3 		.ascii	"\340\343<\323GF\203\013\317\365&\323\366\250X\353\332"
 302      4746830B 
 302      CFF526D3 
 302      F6A858EB 
 302      DA
 303 08b5 35266B84 		.ascii	"5&k\204q{B\274\321\034\037\363Ul\\\254\345+\213ys\224"
 303      717B42BC 
 303      D11C1FF3 
 303      556C5CAC 
 303      E52B8B79 
 304 08cb 312A3632 		.ascii	"1*62z\373\026\2131\306\034\2715*\326bt\226\262\356\334"
 304      7AFB168B 
 304      31C61CB9 
 304      352AD662 
 304      7496B2EE 
 305 08e0 664908DB 		.ascii	"fI\010\333*\350\034\364\357\177\205N\330\231`4%X\267"
 305      2AE81CF4 
 305      EF7F854E 
 305      D8996034 
 305      2558B7
 306 08f3 402A203E 		.ascii	"@* >8-V\334\037\317\254\226\035\374\322\020\033gr~\027"
 306      382D56DC 
 306      1FCFAC96 
 306      1DFCD210 
 306      1B67727E 
 307 0908 C066EBBC 		.ascii	"\300f\353\2742Y\203L\354N\2766\271\020\223\237\373\220"
 307      3259834C 
 307      EC4EBE36 
 307      B910939F 
 307      FB90
 308 091a C95FBAE2 		.ascii	"\311_\272\342\367f\012\220.c\343\370\327\234\017W\362"
 308      F7660A90 
 308      2E63E3F8 
 308      D79C0F57 
 308      F2
 309 092b E11E7CB8 		.ascii	"\341\036|\270'\037.\343\327(\3715\036\374\032O~\215"
 309      271F2EE3 
ARM GAS  /tmp/ccXxqsPH.s 			page 24


 309      D728F935 
 309      1EFC1A4F 
 309      7E8D
 310 093d 8C5FABE4 		.ascii	"\214_\253\344\327z\360k=\371\2652>B\311Gx\360\021\236"
 310      D77AF06B 
 310      3DF9B532 
 310      3E42C947 
 310      78F0119E 
 311 0951 7C848C5F 		.ascii	"|\204\214_\247\344\327y\360\353<\371u2~\275\222_\357"
 311      A7E4D779 
 311      F0EB3CF9 
 311      75327EBD 
 311      925FEF
 312 0964 C1AFF7E4 		.ascii	"\301\257\367\344\327\313\370\015J~\203\007\277\301\223"
 312      D7CBF80D 
 312      4A7E8307 
 312      BFC193
 313 0973 DFE0E4FF 		.ascii	"\337\340\344\377\007\303\300:a"
 313      07C3C03A 
 313      61
 314              		.text
 315              		.section	.gnu.lto_.symtab.f1d0dd30a6821d5d,"",%progbits
 316 0000 5F5F636F 		.ascii	"__core_init\000"
 316      72655F69 
 316      6E697400 
 317 000c 00       		.ascii	"\000"
 318 000d 01       		.ascii	"\001"
 319 000e 00       		.ascii	"\000"
 320 000f 00000000 		.ascii	"\000\000\000\000\000\000\000\000"
 320      00000000 
 321 0017 AF000000 		.ascii	"\257\000\000\000"
 322 001b 5F5F6561 		.ascii	"__early_init\000"
 322      726C795F 
 322      696E6974 
 322      00
 323 0028 00       		.ascii	"\000"
 324 0029 01       		.ascii	"\001"
 325 002a 00       		.ascii	"\000"
 326 002b 00000000 		.ascii	"\000\000\000\000\000\000\000\000"
 326      00000000 
 327 0033 B2000000 		.ascii	"\262\000\000\000"
 328 0037 5F5F6C61 		.ascii	"__late_init\000"
 328      74655F69 
 328      6E697400 
 329 0043 00       		.ascii	"\000"
 330 0044 01       		.ascii	"\001"
 331 0045 00       		.ascii	"\000"
 332 0046 00000000 		.ascii	"\000\000\000\000\000\000\000\000"
 332      00000000 
 333 004e B5000000 		.ascii	"\265\000\000\000"
 334 0052 5F5F6465 		.ascii	"__default_exit\000"
 334      6661756C 
 334      745F6578 
 334      697400
 335 0061 00       		.ascii	"\000"
 336 0062 01       		.ascii	"\001"
 337 0063 00       		.ascii	"\000"
ARM GAS  /tmp/ccXxqsPH.s 			page 25


 338 0064 00000000 		.ascii	"\000\000\000\000\000\000\000\000"
 338      00000000 
 339 006c BA000000 		.ascii	"\272\000\000\000"
 340 0070 5F5F696E 		.ascii	"__init_ram_areas\000"
 340      69745F72 
 340      616D5F61 
 340      72656173 
 340      00
 341 0081 00       		.ascii	"\000"
 342 0082 00       		.ascii	"\000"
 343 0083 00       		.ascii	"\000"
 344 0084 00000000 		.ascii	"\000\000\000\000\000\000\000\000"
 344      00000000 
 345 008c BC000000 		.ascii	"\274\000\000\000"
 346 0090 5F5F7261 		.ascii	"__ram0_init_text__\000"
 346      6D305F69 
 346      6E69745F 
 346      74657874 
 346      5F5F00
 347 00a3 00       		.ascii	"\000"
 348 00a4 02       		.ascii	"\002"
 349 00a5 00       		.ascii	"\000"
 350 00a6 00000000 		.ascii	"\000\000\000\000\000\000\000\000"
 350      00000000 
 351 00ae E0000000 		.ascii	"\340\000\000\000"
 352 00b2 5F5F7261 		.ascii	"__ram0_init__\000"
 352      6D305F69 
 352      6E69745F 
 352      5F00
 353 00c0 00       		.ascii	"\000"
 354 00c1 02       		.ascii	"\002"
 355 00c2 00       		.ascii	"\000"
 356 00c3 00000000 		.ascii	"\000\000\000\000\000\000\000\000"
 356      00000000 
 357 00cb E2000000 		.ascii	"\342\000\000\000"
 358 00cf 5F5F7261 		.ascii	"__ram0_clear__\000"
 358      6D305F63 
 358      6C656172 
 358      5F5F00
 359 00de 00       		.ascii	"\000"
 360 00df 02       		.ascii	"\002"
 361 00e0 00       		.ascii	"\000"
 362 00e1 00000000 		.ascii	"\000\000\000\000\000\000\000\000"
 362      00000000 
 363 00e9 E4000000 		.ascii	"\344\000\000\000"
 364 00ed 5F5F7261 		.ascii	"__ram0_noinit__\000"
 364      6D305F6E 
 364      6F696E69 
 364      745F5F00 
 365 00fd 00       		.ascii	"\000"
 366 00fe 02       		.ascii	"\002"
 367 00ff 00       		.ascii	"\000"
 368 0100 00000000 		.ascii	"\000\000\000\000\000\000\000\000"
 368      00000000 
 369 0108 E6000000 		.ascii	"\346\000\000\000"
 370 010c 5F5F7261 		.ascii	"__ram1_init_text__\000"
 370      6D315F69 
ARM GAS  /tmp/ccXxqsPH.s 			page 26


 370      6E69745F 
 370      74657874 
 370      5F5F00
 371 011f 00       		.ascii	"\000"
 372 0120 02       		.ascii	"\002"
 373 0121 00       		.ascii	"\000"
 374 0122 00000000 		.ascii	"\000\000\000\000\000\000\000\000"
 374      00000000 
 375 012a E8000000 		.ascii	"\350\000\000\000"
 376 012e 5F5F7261 		.ascii	"__ram1_init__\000"
 376      6D315F69 
 376      6E69745F 
 376      5F00
 377 013c 00       		.ascii	"\000"
 378 013d 02       		.ascii	"\002"
 379 013e 00       		.ascii	"\000"
 380 013f 00000000 		.ascii	"\000\000\000\000\000\000\000\000"
 380      00000000 
 381 0147 EA000000 		.ascii	"\352\000\000\000"
 382 014b 5F5F7261 		.ascii	"__ram1_clear__\000"
 382      6D315F63 
 382      6C656172 
 382      5F5F00
 383 015a 00       		.ascii	"\000"
 384 015b 02       		.ascii	"\002"
 385 015c 00       		.ascii	"\000"
 386 015d 00000000 		.ascii	"\000\000\000\000\000\000\000\000"
 386      00000000 
 387 0165 EC000000 		.ascii	"\354\000\000\000"
 388 0169 5F5F7261 		.ascii	"__ram1_noinit__\000"
 388      6D315F6E 
 388      6F696E69 
 388      745F5F00 
 389 0179 00       		.ascii	"\000"
 390 017a 02       		.ascii	"\002"
 391 017b 00       		.ascii	"\000"
 392 017c 00000000 		.ascii	"\000\000\000\000\000\000\000\000"
 392      00000000 
 393 0184 EE000000 		.ascii	"\356\000\000\000"
 394 0188 5F5F7261 		.ascii	"__ram2_init_text__\000"
 394      6D325F69 
 394      6E69745F 
 394      74657874 
 394      5F5F00
 395 019b 00       		.ascii	"\000"
 396 019c 02       		.ascii	"\002"
 397 019d 00       		.ascii	"\000"
 398 019e 00000000 		.ascii	"\000\000\000\000\000\000\000\000"
 398      00000000 
 399 01a6 F0000000 		.ascii	"\360\000\000\000"
 400 01aa 5F5F7261 		.ascii	"__ram2_init__\000"
 400      6D325F69 
 400      6E69745F 
 400      5F00
 401 01b8 00       		.ascii	"\000"
 402 01b9 02       		.ascii	"\002"
 403 01ba 00       		.ascii	"\000"
ARM GAS  /tmp/ccXxqsPH.s 			page 27


 404 01bb 00000000 		.ascii	"\000\000\000\000\000\000\000\000"
 404      00000000 
 405 01c3 F2000000 		.ascii	"\362\000\000\000"
 406 01c7 5F5F7261 		.ascii	"__ram2_clear__\000"
 406      6D325F63 
 406      6C656172 
 406      5F5F00
 407 01d6 00       		.ascii	"\000"
 408 01d7 02       		.ascii	"\002"
 409 01d8 00       		.ascii	"\000"
 410 01d9 00000000 		.ascii	"\000\000\000\000\000\000\000\000"
 410      00000000 
 411 01e1 F4000000 		.ascii	"\364\000\000\000"
 412 01e5 5F5F7261 		.ascii	"__ram2_noinit__\000"
 412      6D325F6E 
 412      6F696E69 
 412      745F5F00 
 413 01f5 00       		.ascii	"\000"
 414 01f6 02       		.ascii	"\002"
 415 01f7 00       		.ascii	"\000"
 416 01f8 00000000 		.ascii	"\000\000\000\000\000\000\000\000"
 416      00000000 
 417 0200 F6000000 		.ascii	"\366\000\000\000"
 418 0204 5F5F7261 		.ascii	"__ram3_init_text__\000"
 418      6D335F69 
 418      6E69745F 
 418      74657874 
 418      5F5F00
 419 0217 00       		.ascii	"\000"
 420 0218 02       		.ascii	"\002"
 421 0219 00       		.ascii	"\000"
 422 021a 00000000 		.ascii	"\000\000\000\000\000\000\000\000"
 422      00000000 
 423 0222 F8000000 		.ascii	"\370\000\000\000"
 424 0226 5F5F7261 		.ascii	"__ram3_init__\000"
 424      6D335F69 
 424      6E69745F 
 424      5F00
 425 0234 00       		.ascii	"\000"
 426 0235 02       		.ascii	"\002"
 427 0236 00       		.ascii	"\000"
 428 0237 00000000 		.ascii	"\000\000\000\000\000\000\000\000"
 428      00000000 
 429 023f FA000000 		.ascii	"\372\000\000\000"
 430 0243 5F5F7261 		.ascii	"__ram3_clear__\000"
 430      6D335F63 
 430      6C656172 
 430      5F5F00
 431 0252 00       		.ascii	"\000"
 432 0253 02       		.ascii	"\002"
 433 0254 00       		.ascii	"\000"
 434 0255 00000000 		.ascii	"\000\000\000\000\000\000\000\000"
 434      00000000 
 435 025d FC000000 		.ascii	"\374\000\000\000"
 436 0261 5F5F7261 		.ascii	"__ram3_noinit__\000"
 436      6D335F6E 
 436      6F696E69 
ARM GAS  /tmp/ccXxqsPH.s 			page 28


 436      745F5F00 
 437 0271 00       		.ascii	"\000"
 438 0272 02       		.ascii	"\002"
 439 0273 00       		.ascii	"\000"
 440 0274 00000000 		.ascii	"\000\000\000\000\000\000\000\000"
 440      00000000 
 441 027c FE000000 		.ascii	"\376\000\000\000"
 442 0280 5F5F7261 		.ascii	"__ram4_init_text__\000"
 442      6D345F69 
 442      6E69745F 
 442      74657874 
 442      5F5F00
 443 0293 00       		.ascii	"\000"
 444 0294 02       		.ascii	"\002"
 445 0295 00       		.ascii	"\000"
 446 0296 00000000 		.ascii	"\000\000\000\000\000\000\000\000"
 446      00000000 
 447 029e 00010000 		.ascii	"\000\001\000\000"
 448 02a2 5F5F7261 		.ascii	"__ram4_init__\000"
 448      6D345F69 
 448      6E69745F 
 448      5F00
 449 02b0 00       		.ascii	"\000"
 450 02b1 02       		.ascii	"\002"
 451 02b2 00       		.ascii	"\000"
 452 02b3 00000000 		.ascii	"\000\000\000\000\000\000\000\000"
 452      00000000 
 453 02bb 02010000 		.ascii	"\002\001\000\000"
 454 02bf 5F5F7261 		.ascii	"__ram4_clear__\000"
 454      6D345F63 
 454      6C656172 
 454      5F5F00
 455 02ce 00       		.ascii	"\000"
 456 02cf 02       		.ascii	"\002"
 457 02d0 00       		.ascii	"\000"
 458 02d1 00000000 		.ascii	"\000\000\000\000\000\000\000\000"
 458      00000000 
 459 02d9 04010000 		.ascii	"\004\001\000\000"
 460 02dd 5F5F7261 		.ascii	"__ram4_noinit__\000"
 460      6D345F6E 
 460      6F696E69 
 460      745F5F00 
 461 02ed 00       		.ascii	"\000"
 462 02ee 02       		.ascii	"\002"
 463 02ef 00       		.ascii	"\000"
 464 02f0 00000000 		.ascii	"\000\000\000\000\000\000\000\000"
 464      00000000 
 465 02f8 06010000 		.ascii	"\006\001\000\000"
 466 02fc 5F5F7261 		.ascii	"__ram5_init_text__\000"
 466      6D355F69 
 466      6E69745F 
 466      74657874 
 466      5F5F00
 467 030f 00       		.ascii	"\000"
 468 0310 02       		.ascii	"\002"
 469 0311 00       		.ascii	"\000"
 470 0312 00000000 		.ascii	"\000\000\000\000\000\000\000\000"
ARM GAS  /tmp/ccXxqsPH.s 			page 29


 470      00000000 
 471 031a 08010000 		.ascii	"\010\001\000\000"
 472 031e 5F5F7261 		.ascii	"__ram5_init__\000"
 472      6D355F69 
 472      6E69745F 
 472      5F00
 473 032c 00       		.ascii	"\000"
 474 032d 02       		.ascii	"\002"
 475 032e 00       		.ascii	"\000"
 476 032f 00000000 		.ascii	"\000\000\000\000\000\000\000\000"
 476      00000000 
 477 0337 0A010000 		.ascii	"\012\001\000\000"
 478 033b 5F5F7261 		.ascii	"__ram5_clear__\000"
 478      6D355F63 
 478      6C656172 
 478      5F5F00
 479 034a 00       		.ascii	"\000"
 480 034b 02       		.ascii	"\002"
 481 034c 00       		.ascii	"\000"
 482 034d 00000000 		.ascii	"\000\000\000\000\000\000\000\000"
 482      00000000 
 483 0355 0C010000 		.ascii	"\014\001\000\000"
 484 0359 5F5F7261 		.ascii	"__ram5_noinit__\000"
 484      6D355F6E 
 484      6F696E69 
 484      745F5F00 
 485 0369 00       		.ascii	"\000"
 486 036a 02       		.ascii	"\002"
 487 036b 00       		.ascii	"\000"
 488 036c 00000000 		.ascii	"\000\000\000\000\000\000\000\000"
 488      00000000 
 489 0374 0E010000 		.ascii	"\016\001\000\000"
 490 0378 5F5F7261 		.ascii	"__ram6_init_text__\000"
 490      6D365F69 
 490      6E69745F 
 490      74657874 
 490      5F5F00
 491 038b 00       		.ascii	"\000"
 492 038c 02       		.ascii	"\002"
 493 038d 00       		.ascii	"\000"
 494 038e 00000000 		.ascii	"\000\000\000\000\000\000\000\000"
 494      00000000 
 495 0396 10010000 		.ascii	"\020\001\000\000"
 496 039a 5F5F7261 		.ascii	"__ram6_init__\000"
 496      6D365F69 
 496      6E69745F 
 496      5F00
 497 03a8 00       		.ascii	"\000"
 498 03a9 02       		.ascii	"\002"
 499 03aa 00       		.ascii	"\000"
 500 03ab 00000000 		.ascii	"\000\000\000\000\000\000\000\000"
 500      00000000 
 501 03b3 12010000 		.ascii	"\022\001\000\000"
 502 03b7 5F5F7261 		.ascii	"__ram6_clear__\000"
 502      6D365F63 
 502      6C656172 
 502      5F5F00
ARM GAS  /tmp/ccXxqsPH.s 			page 30


 503 03c6 00       		.ascii	"\000"
 504 03c7 02       		.ascii	"\002"
 505 03c8 00       		.ascii	"\000"
 506 03c9 00000000 		.ascii	"\000\000\000\000\000\000\000\000"
 506      00000000 
 507 03d1 14010000 		.ascii	"\024\001\000\000"
 508 03d5 5F5F7261 		.ascii	"__ram6_noinit__\000"
 508      6D365F6E 
 508      6F696E69 
 508      745F5F00 
 509 03e5 00       		.ascii	"\000"
 510 03e6 02       		.ascii	"\002"
 511 03e7 00       		.ascii	"\000"
 512 03e8 00000000 		.ascii	"\000\000\000\000\000\000\000\000"
 512      00000000 
 513 03f0 16010000 		.ascii	"\026\001\000\000"
 514 03f4 5F5F7261 		.ascii	"__ram7_init_text__\000"
 514      6D375F69 
 514      6E69745F 
 514      74657874 
 514      5F5F00
 515 0407 00       		.ascii	"\000"
 516 0408 02       		.ascii	"\002"
 517 0409 00       		.ascii	"\000"
 518 040a 00000000 		.ascii	"\000\000\000\000\000\000\000\000"
 518      00000000 
 519 0412 18010000 		.ascii	"\030\001\000\000"
 520 0416 5F5F7261 		.ascii	"__ram7_init__\000"
 520      6D375F69 
 520      6E69745F 
 520      5F00
 521 0424 00       		.ascii	"\000"
 522 0425 02       		.ascii	"\002"
 523 0426 00       		.ascii	"\000"
 524 0427 00000000 		.ascii	"\000\000\000\000\000\000\000\000"
 524      00000000 
 525 042f 1A010000 		.ascii	"\032\001\000\000"
 526 0433 5F5F7261 		.ascii	"__ram7_clear__\000"
 526      6D375F63 
 526      6C656172 
 526      5F5F00
 527 0442 00       		.ascii	"\000"
 528 0443 02       		.ascii	"\002"
 529 0444 00       		.ascii	"\000"
 530 0445 00000000 		.ascii	"\000\000\000\000\000\000\000\000"
 530      00000000 
 531 044d 1C010000 		.ascii	"\034\001\000\000"
 532 0451 5F5F7261 		.ascii	"__ram7_noinit__\000"
 532      6D375F6E 
 532      6F696E69 
 532      745F5F00 
 533 0461 00       		.ascii	"\000"
 534 0462 02       		.ascii	"\002"
 535 0463 00       		.ascii	"\000"
 536 0464 00000000 		.ascii	"\000\000\000\000\000\000\000\000"
 536      00000000 
 537 046c 1E010000 		.ascii	"\036\001\000\000"
ARM GAS  /tmp/ccXxqsPH.s 			page 31


 538              		.text
 539              		.section	.gnu.lto_.opts,"",%progbits
 540 0000 272D666D 		.ascii	"'-fmath-errno' '-fsigned-zeros' '-ftrapping-math' '"
 540      6174682D 
 540      6572726E 
 540      6F272027 
 540      2D667369 
 541 0033 2D666E6F 		.ascii	"-fno-trapv' '-fno-strict-overflow' '-fno-openmp' '-"
 541      2D747261 
 541      70762720 
 541      272D666E 
 541      6F2D7374 
 542 0066 666E6F2D 		.ascii	"fno-openacc' '-mcpu=cortex-m0' '-mno-thumb-interwor"
 542      6F70656E 
 542      61636327 
 542      20272D6D 
 542      6370753D 
 543 0099 6B272027 		.ascii	"k' '-mthumb' '-ggdb' '-O0' '-fomit-frame-pointer' '"
 543      2D6D7468 
 543      756D6227 
 543      20272D67 
 543      67646227 
 544 00cc 2D66616C 		.ascii	"-falign-functions=16' '-ffunction-sections' '-fdata"
 544      69676E2D 
 544      66756E63 
 544      74696F6E 
 544      733D3136 
 545 00ff 2D736563 		.ascii	"-sections' '-fno-common' '-flto'\000"
 545      74696F6E 
 545      73272027 
 545      2D666E6F 
 545      2D636F6D 
 546              		.text
 547              		.comm	__gnu_lto_v1,1,1
 548              		.comm	__gnu_lto_slim,1,1
 549              		.ident	"GCC: (GNU Tools for ARM Embedded Processors) 5.4.1 20160609 (release) [ARM/embedded-5-bran
ARM GAS  /tmp/ccXxqsPH.s 			page 32


DEFINED SYMBOLS
                            *ABS*:0000000000000000 crt1.c
                            *COM*:0000000000000001 __gnu_lto_v1
                            *COM*:0000000000000001 __gnu_lto_slim

NO UNDEFINED SYMBOLS
