ARM GAS  /tmp/ccg5QQHi.s 			page 1


   1              		.syntax unified
   2              		.cpu cortex-m0
   3              		.fpu softvfp
   4              		.eabi_attribute 20, 1
   5              		.eabi_attribute 21, 1
   6              		.eabi_attribute 23, 3
   7              		.eabi_attribute 24, 1
   8              		.eabi_attribute 25, 1
   9              		.eabi_attribute 26, 1
  10              		.eabi_attribute 30, 6
  11              		.eabi_attribute 34, 0
  12              		.eabi_attribute 18, 4
  13              		.thumb
  14              		.syntax unified
  15              		.file	"hal.c"
  16              		.text
  17              	.Ltext0:
  18              		.section	.gnu.lto_.inline.1fd0aa76a91c4800,"",%progbits
  19 0000 789C6361 		.ascii	"x\234ca`d\000\001o\006\004`b``\006b&\246\005\362\014"
  19      60640001 
  19      6F060460 
  19      62606006 
  19      6226A605 
  20 0016 2C201E03 		.ascii	", \036\003P\021\367I\0064!.L\202\211\033\244\024\301"
  20      5011F749 
  20      0634212E 
  20      4C82891B 
  20      A414C1
  21 0029 670000A8 		.ascii	"g\000\000\250\243\003\017"
  21      A3030F
  22              		.text
  23              		.section	.gnu.lto_osalInit.1fd0aa76a91c4800,"",%progbits
  24 0000 789C6361 		.ascii	"x\234ca`d\000\201R V\006bQ\020\207\231\201\221\211\001"
  24      60640081 
  24      52205606 
  24      62511087 
  24      99819189 
  25 0015 88194172 		.ascii	"\210\031Ar\214\014\365L\214\365\214_\231\37621\036j"
  25      8C0CF54C 
  25      8CF58C5F 
  25      99FE3231 
  25      1E6A
  26 0027 7FB69349 		.ascii	"\177\266\223Isy\003\020<X\372(\271\251\241U\242\225"
  26      73790310 
  26      3C58FA28 
  26      B9A9A155 
  26      A295
  27 0039 9981E13F 		.ascii	"\231\201\341?\023\330\014\006\306\345\214\232\014@e"
  27      13D80C06 
  27      C6E58C9A 
  27      0C4065
  28 0048 8F36FE9B 		.ascii	"\2176\376\233\312\313\326\002R\246\000\221d\\\301\310"
  28      CACBD602 
  28      52A60091 
  28      645CC1C8 
  29 0058 06326C7D 		.ascii	"\0062l}\320\201\206\377\377\233\033\032\246\033v\353"
  29      D08186FF 
ARM GAS  /tmp/ccg5QQHi.s 			page 2


  29      FF9B1B1A 
  29      A61B76EB 
  30 0068 03253E80 		.ascii	"\003%>\200u~d\002R\314\257\200\026\002\225\201M\372"
  30      757E6402 
  30      52CCAF80 
  30      16029581 
  30      4DFA
  31 007a C004540D 		.ascii	"\300\004T\015\024T\324\323\323w\316\310L\312\364\017"
  31      1454D4D3 
  31      D377CEC8 
  31      4CCAF40F 
  32 008a D6CF2FD6 		.ascii	"\326\317/\326\317H\314\001R@\242\250\004L\353e0\000"
  32      CF48CC01 
  32      5240A2A8 
  32      044CEB65 
  32      3000
  33 009c 0030872F 		.ascii	"\0000\207/\220"
  33      90
  34              		.text
  35              		.section	.gnu.lto_halInit.1fd0aa76a91c4800,"",%progbits
  36 0000 789C75D0 		.ascii	"x\234u\320\275J\003A\020\007\360\231\335\313\035\021"
  36      BD4A0341 
  36      1007F099 
  36      DDCB1D11 
  37 0010 22368245 		.ascii	"\"6\202E\020\033\21349\337\301\316F\320'\3204\011\012"
  37      101B8B34 
  37      39DFC1CE 
  37      46D027D0 
  37      34090A
  38 0023 8279805B 		.ascii	"\202y\200[M\026\265\023Q\221\200I\231\370\225\230\330"
  38      4D16B513 
  38      51918049 
  38      99F89598 
  38      D8
  39 0034 98423CD2 		.ascii	"\230B<\322YY\213\215X\210\004\213\210\212 &\347\314"
  39      59598B8D 
  39      5888048B 
  39      888A2026 
  39      E7CC
  40 0046 46248537 		.ascii	"F$\2057\315\262;\277\035\376\273\026 pY\002`\234\326"
  40      CDB23BBF 
  40      1DFEBB16 
  40      20705902 
  40      609CD6
  41 0059 51DE4840 		.ascii	"Q\336H@\332\242@\356!x\002=\374\020]\201\255\215\247"
  41      DAA240EE 
  41      2178023D 
  41      FC105D81 
  41      AD8DA7
  42 006c A6489415 		.ascii	"\246H\224\025\325\203.JU\361QK\200@\230\031\200eL\000"
  42      D5832E4A 
  42      55F1514B 
  42      80409819 
  42      80654C00 
  43 0080 B1C77A6F 		.ascii	"\261\307zo/f\347\231M\364\233XA\233\207\325\346|\025"
  43      2F66E799 
  43      4DF49B58 
ARM GAS  /tmp/ccg5QQHi.s 			page 3


  43      419B87D5 
  43      E67C15
  44 0093 0439A5EE 		.ascii	"\0049\245\356\246\212\223Q\200\216\271\371*h\221\317"
  44      A68A9351 
  44      808EB9F9 
  44      2A6891CF 
  45 00a3 98F33F63 		.ascii	"\230\363?c,yF\263\371r\357x]\265\251\324\210\226\030"
  45      2C7946B3 
  45      F972EF78 
  45      5DB5A9D4 
  45      889618
  46 00b6 08BA8E47 		.ascii	"\010\272\216G\350\201\226\002\230~c(\345\360\307\177"
  46      E8819602 
  46      987E6328 
  46      E5F0C77F 
  47 00c6 34EFEFD8 		.ascii	"4\357\357\330\377S\031\010J\217'D\251\267\257[\267\316"
  47      FF531908 
  47      4A8F2744 
  47      A9B7AF5B 
  47      B7CE
  48 00d8 BBD0D242 		.ascii	"\273\320\322B\336\346\276\256\337\206\211\036\030jm"
  48      DEE6BEAE 
  48      DF86891E 
  48      186A6D
  49 00e7 91E4E39B 		.ascii	"\221\344\343\233\302\311R\011\017\327\266\315q\004\317"
  49      C2C95209 
  49      0FD7B6CD 
  49      7104CF
  50 00f6 E86F4E31 		.ascii	"\350oN1nzA\273Q\215\322\2251\236Q\305R?!\326\320\323"
  50      6E7A41BB 
  50      518DD295 
  50      319E51C5 
  50      523F21D6 
  51 010c D236A17B 		.ascii	"\3226\241{!I(\264EI\316\007\336\267\353\204\322\010"
  51      214928B4 
  51      4549CE07 
  51      DEB7EB84 
  51      D208
  52 011e D1FA002D 		.ascii	"\321\372\000-\014\205R\233hc\200^\206S\207\350\305/"
  52      0C85529B 
  52      6863805E 
  52      865387E8 
  52      C52F
  53 0130 6DE3BA7F 		.ascii	"m\343\272\1775c(W\207\177\237~5\236L\272\323\351\314"
  53      35632857 
  53      877F9F7E 
  53      359E4CBA 
  53      D3E9CC
  54 0143 626676DE 		.ascii	"bfv\336]\311\272\351\205e7\273\232\3425\231\202\037"
  54      5DC9BAE9 
  54      856537BB 
  54      9AE23599 
  54      821F
  55 0155 F8F2B84F 		.ascii	"\370\362\270O"
  56              		.text
  57              		.section	.gnu.lto_.symbol_nodes.1fd0aa76a91c4800,"",%progbits
  58 0000 789C55CA 		.ascii	"x\234U\312\315\015\3020\014\206\341\367k\222\2261`\024"
ARM GAS  /tmp/ccg5QQHi.s 			page 4


  58      CD0DC230 
  58      0C86E1F7 
  58      6B929631 
  58      6014
  59 0012 2673907A 		.ascii	"&s\220z\344\300\012\010.p\342\237\005zf\006\220:\007"
  59      E4C00A08 
  59      2E70E29F 
  59      057A6606 
  59      903A07
  60 0025 C2444222 		.ascii	"\302DB\"\276\274\326cG\304\003\237f)\203\225\357\236"
  60      BEBCD663 
  60      47C4039F 
  60      66298395 
  60      EF9E
  61 0037 5D5EE7E0 		.ascii	"]^\347\340v\220\351g\373\305\014\322YL\375[wYS.\220"
  61      7690E967 
  61      FBC50CD2 
  61      594CFD5B 
  61      7759532E 
  62 004c B38B6EB2 		.ascii	"\263\213n\262P\301U\026+\270\310R\005'Y[\301Q\326\375"
  62      50C15516 
  62      2BB8C852 
  62      0527595B 
  62      C151D6FD 
  63 0060 43106C9E 		.ascii	"C\020l\236\357y\320\204\241\264c,m\351_\337&\266\245"
  63      EF79D084 
  63      A1B4632C 
  63      6DE95FDF 
  63      26B6A5
  64 0073 91A13430 		.ascii	"\221\24140z\371\000\367l5\304"
  64      7AF900F7 
  64      6C35C4
  65              		.text
  66              		.section	.gnu.lto_.refs.1fd0aa76a91c4800,"",%progbits
  67 0000 789C6361 		.ascii	"x\234ca`d`c```ddbbf\000\000\000\255\000\025"
  67      60646063 
  67      60606064 
  67      64626266 
  67      000000AD 
  68              		.text
  69              		.section	.gnu.lto_.decls.1fd0aa76a91c4800,"",%progbits
  70 0000 789C9555 		.ascii	"x\234\225UkL\024W\024\236\263\263,\313\002j\240iLJR"
  70      6B4C1457 
  70      149EB3B3 
  70      2CCB026A 
  70      A0694C4A 
  71 0015 6BD7489B 		.ascii	"k\327H\233\310T4M\177\364G-\326Gb\253\251\326\376\350"
  71      C854344D 
  71      7FF4472D 
  71      D64762AB 
  71      A9D6FEE8 
  72 0029 8FCDCAAE 		.ascii	"\217\315\312\256\262\011\260\233\335\245\325\364GGX"
  72      B209B09B 
  72      DDA5D5F4 
  72      474758
  73 0038 418D0F08 		.ascii	"A\215\017\010V\205\202\305GD\005\001\301\007\242\340"
  73      568582C5 
ARM GAS  /tmp/ccg5QQHi.s 			page 5


  73      47440501 
  73      C107A2E0 
  74 0048 8AEF27B8 		.ascii	"\212\357'\270T\024P\\_X\344\265 >h\261\366\334{gv\226"
  74      5414505C 
  74      5F58E4B5 
  74      203E68B1 
  74      F6DC7B67 
  75 005e 974D6F72 		.ascii	"\227Morf\346\334\371\316w\2363W\315\001GV\262\216\343"
  75      66E6DCF9 
  75      CE779E33 
  75      57CD0147 
  75      56B28EE3 
  76 0072 96A838AE 		.ascii	"\226\2508\256\036\237\337\340\342\361\276\224S\226\026"
  76      1E9FDFE0 
  76      E2F1BE94 
  76      539616
  77 0081 E5204A29 		.ascii	"\345 J)\312!\224\012\224#(\307P\272Q|(\204\251\217\033"
  77      CA21940A 
  77      942328C7 
  77      50BA517C 
  77      2884A98F 
  78 0096 BA0E4AFB 		.ascii	"\272\016J\3732\027H{\303\027\341\015\226p\317P\212Q"
  78      3217487B 
  78      C317E10D 
  78      9670CF50 
  78      8A51
  79 00a8 FA513A50 		.ascii	"\372Q:P\236\242t\005\304Q*q\370$\337\307\244X*\244\330"
  79      9EA27405 
  79      C4512A71 
  79      F824DFC7 
  79      A4582AA4 
  80 00bd 468BE3B5 		.ascii	"F\213\343\265\012\212\236T7j[\240\211\274\206\011\000"
  80      0A8A9E54 
  80      376A5BA0 
  80      89BC8609 
  80      00
  81 00ce C049B9FB 		.ascii	"\300I\271\373\0270\001\266\255\222\267\330\273aX\031"
  81      173001B6 
  81      AD92B7D8 
  81      BB615819 
  82 00de 08CA0BE0 		.ascii	"\010\312\013\340\206X\320:\322\245l\001]\222Q \243\354"
  82      8658D03A 
  82      D2A56C01 
  82      5D925120 
  82      A3EC
  83 00f0 1ADDB247 		.ascii	"\032\335\262G\340\374Q\310\330\000>)z\030%.\272x9\351"
  83      E0FC51C8 
  83      D8003E29 
  83      7A18252E 
  83      BA7839E9 
  84 0104 ED07B20A 		.ascii	"\355\007\262\012By\344\304\347{\003\373\346\304\024"
  84      4279E4C4 
  84      E77B03FB 
  84      E6C414
  85 0113 8BB83245 		.ascii	"\213\2702EQ\365\236R\231\033\256\262<\276_\005\021:"
  85      51F59E52 
  85      991BAEB2 
ARM GAS  /tmp/ccg5QQHi.s 			page 6


  85      3CBE5F05 
  85      113A
  86 0125 50A3DA7B 		.ascii	"P\243\332{-\367\3418T\337\321\301$T__\372-W5q+\265K"
  86      2DF7E138 
  86      54DFD1C1 
  86      24545F5F 
  86      FA2D5735 
  87 013d 1327A961 		.ascii	"\023'\251a\351\273P\004Qp\000\242\320}1L\304\35325c"
  87      E9BB5004 
  87      517000A2 
  87      D07D314C 
  87      C4EB3235 
  88 0152 7AF028BD 		.ascii	"z\360(\275C;\271@t\027\210\336\246=\237\027\227\213"
  88      433BB940 
  88      741788DE 
  88      A63D9F17 
  88      978B
  89 0164 E23A5174 		.ascii	"\342:Qt\253\011\014\366\001\017\373!\206d\203\217\344"
  89      AB090CF6 
  89      010FFB21 
  89      8664838F 
  89      E4
  90 0175 56082D98 		.ascii	"V\010-\230\304A\230\214\246\276\012\361\201\216\377"
  90      C441988C 
  90      A6BE0AF1 
  90      818EFF
  91 0184 9446BAE9 		.ascii	"\224F\272\351VVM\010\322\024 \315\353\3733rD\267\013"
  91      56564D08 
  91      D21420CD 
  91      EBFB3372 
  91      44B70B
  92 0197 BDAB284B 		.ascii	"\275\253(K\211\302R\022\310RJY2\312\273\357\005\361"
  92      89C25212 
  92      C8524A59 
  92      32CABBEF 
  92      05F1
  93 01a9 3F5096F6 		.ascii	"?P\226\366\015\217\2524\310\342\025E\357\257\031\337"
  93      0D8FAA34 
  93      C8E21545 
  93      EFAF19DF 
  94 01b9 AFDE9DEE 		.ascii	"\257\336\235\356\316\004\0321\224)$e\300\212\005\207"
  94      CE041A31 
  94      94292465 
  94      C08A0587 
  95 01c9 28C1D5B6 		.ascii	"(\301\325\266\273?\363\251@\011:\376\3666\206I\004\225"
  95      BB3FF3A9 
  95      40093AFE 
  95      F6368649 
  95      0495
  96 01db 97BFCA2B 		.ascii	"\227\277\312+\027]!\324\274\\1/\227\315+\250y\335\345"
  96      175D21D4 
  96      BC5C312F 
  96      97CD2BA8 
  96      79DDE5
  97 01ee DD83E1FC 		.ascii	"\335\203\341\3746f\337\354\032\274%\0070\270~\341\226"
  97      3666DFEC 
  97      1ABC2507 
ARM GAS  /tmp/ccg5QQHi.s 			page 7


  97      30B87EE1 
  97      96
  98 01ff B48279D4 		.ascii	"\264\202y\324\374\260b~X6?B\315_\035\337rA\307\3272"
  98      FCB0627E 
  98      58363F42 
  98      CD5F1DDF 
  98      7241C7D7 
  99 0214 F3DAD64D 		.ascii	"\363\332\326M\376\370\017_7\370\315\217*\346Ge\363c"
  99      FEF80F5F 
  99      37F8CD8F 
  99      2AE64765 
  99      F363
 100 0226 D4FC4071 		.ascii	"\324\374@q\316\343\020\276\203\2317\264\355t\205\261"
 100      CEE310BE 
 100      839937B4 
 100      ED7485B1 
 101 0236 AED613BD 		.ascii	"\256\326\023\275\262\272+\226\251Q\250U\335\355u\207"
 101      B2BA2B96 
 101      A951A855 
 101      DDED7587 
 102 0246 B2267B01 		.ascii	"\262&{\001\365}my\233$\364g\250\036\271V\331\032\304"
 102      F57D6D79 
 102      9B24F467 
 102      A81EB956 
 102      D91AC4
 103 0259 0F30A66E 		.ascii	"\0170\246n\327co({7\021U\217\357j\276\244N@\365\316"
 103      D7636F28 
 103      7B371155 
 103      8FEF6ABE 
 103      A44E40F5 
 104 026e BAF41D1A 		.ascii	"\272\364\035\032^d3v\367\342\376\"2JSu@&u<n\225v\036"
 104      5E643376 
 104      F7E2FE22 
 104      324A5375 
 104      4026753C 
 105 0286 1F08675B 		.ascii	"\037\010g[\004\341\331\334\267'\230_C\341\252\242\254"
 105      04E1D9DC 
 105      B727985F 
 105      43E1AAA2 
 105      AC
 106 0297 0E4F0844 		.ascii	"\016O\010D\353\366\222\351\362\336\360\314\316\312 "
 106      EBF692E9 
 106      F2DEF0CC 
 106      CECA20
 107 02a6 7D3E073A 		.ascii	"}>\007:8\243d9\025\177N\334ZQL%\003\0301\217\363\217"
 107      38A36439 
 107      157F4EDC 
 107      5A514C25 
 107      0318318F 
 108 02bc 1F9C8568 		.ascii	"\037\234\205h\302KpP\213\233\247q\023}\354\337\223\265"
 108      C24B7050 
 108      8B9BA771 
 108      137DECDF 
 108      93B5
 109 02ce 4BC39F63 		.ascii	"K\303\237c>\016\224\324\235\017\006]\364\250\004\027"
 109      3E0E94D4 
 109      9D0F065D 
ARM GAS  /tmp/ccg5QQHi.s 			page 8


 109      F4A80417 
 110 02de 472160C1 		.ascii	"G!`\301To\235\211\337\312\004\270\200\261\234Wb\301"
 110      546F9D89 
 110      DFCA04B8 
 110      80B19C57 
 110      62C1
 111 02f0 D0A451AF 		.ascii	"\320\244Q\257\272\263Z\305\277bi\347\236\350\277\034"
 111      BAB35AC5 
 111      BF6269E7 
 111      9EE8BF1C 
 112 0300 C44AA245 		.ascii	"\304J\242E\265'\373\3345\025?\310\336\265\335N\313\321"
 112      B527FBDC 
 112      35153FC8 
 112      DEB5DD4E 
 112      CBD1
 113 0312 F0A93C55 		.ascii	"\360\251<U2_7\211\032~=S6\366\274\332\251\346\263\230"
 113      325F3789 
 113      1A7E3D53 
 113      36F6BCDA 
 113      A9E6B398 
 114 0326 D294F6B2 		.ascii	"\322\224\366\262\021'\207*!\371\025\215g\203A\257\327"
 114      1127872A 
 114      21F9158D 
 114      678341AF 
 114      D7
 115 0337 47EAF5D1 		.ascii	"G\352\365\321z\375.\022\272w\240\371\227\354\302t1\323"
 115      7AFD2E12 
 115      BA77A0F9 
 115      97ECC274 
 115      31D3
 116 0349 4863BA84 		.ascii	"Hc\272\20415@\244\222\312)\372=N\307\013G\361\356\276"
 116      313540A4 
 116      92CA29FA 
 116      3D4EC70B 
 116      47F1EEBE 
 117 035d BA30197C 		.ascii	"\2720\031|m8X \330\"P\300/\024\360\325\341\340\313\012"
 117      6D385820 
 117      D82250C0 
 117      2F14F0D5 
 117      E1E0CB0A 
 118 0371 7396F4FB 		.ascii	"s\226\364\373\020A\315\301\011\004T\321w\004\216\005"
 118      1041CDC1 
 118      090454D1 
 118      77048E05 
 119 0381 82462CE7 		.ascii	"\202F,\347m\320\303\015\024\017\312\037(\365(\267Pn"
 119      6DD0C30D 
 119      140FCA1F 
 119      28F528B7 
 119      506E
 120 0393 829ECE2A 		.ascii	"\202\236\316*\363\367\227\342\357\312\350\376\002\243"
 120      F3F797E2 
 120      EFCAE8FE 
 120      02A3
 121 03a1 DBEAF1A3 		.ascii	"\333\352\361\243\353\206\243k\224\350h\347\334-H-j\011"
 121      EB86A36B 
 121      94E868E7 
 121      DC2D482D 
ARM GAS  /tmp/ccg5QQHi.s 			page 9


 121      6A09
 122 03b3 8893BAA6 		.ascii	"\210\223\272\246\270\315\366D\221\277\011O\251\334\243"
 122      B8CDF644 
 122      91BF094F 
 122      A9DCA3
 123 03c2 9730D071 		.ascii	"\2270\320q\253\022\346\365QkH\375b\373N\375\343\252"
 123      AB12E6F5 
 123      516B48FD 
 123      62FB4EFD 
 123      E3AA
 124 03d4 D7F0F5B4 		.ascii	"\327\360\365\264}\252\354\236\243'\264\020\035\311\342"
 124      7DAAEC9E 
 124      A327B410 
 124      1DC9E2
 125 03e3 C9F10089 		.ascii	"\311\361\000\211\247\005m\233\224A\"\341\215QOh\306"
 125      A7056D9B 
 125      944122E1 
 125      8D514F68 
 125      C6
 126 03f4 32FE9F92 		.ascii	"2\376\237\222\222\257\260\2571#\224\177\310f\251tpK"
 126      92AFB0AF 
 126      3123947F 
 126      C866A974 
 126      704B
 127 0406 A1867FCA 		.ascii	"\241\206\177\312\2247\355M\273C\330l\372\210\236^\330"
 127      9437ED4D 
 127      BB43D86C 
 127      FA889E5E 
 127      D8
 128 0417 BC91675F 		.ascii	"\274\221g_\276\030L\376\023/\3533t|/\005k\0063\366\376"
 128      BE184CFE 
 128      132FEB33 
 128      747C2F05 
 128      6B0633F6 
 129 042c 1E0E9164 		.ascii	"\036\016\221d\350\364Cb\273\207\261\265\322\362\334"
 129      E8F44362 
 129      BB87B1B5 
 129      D2F2DC
 130 043b 97027B88 		.ascii	"\227\002{\210\201\265a\020\017P\036\243<R\372\213I7"
 130      81B56110 
 130      0F501EA3 
 130      3C52FA8B 
 130      4937
 131 044d 79A256D3 		.ascii	"y\242V\323B\223\264\357`\332\304\314\237`M@\241Y\221"
 131      4293B4EF 
 131      60DAC4CC 
 131      9F604D40 
 131      A15991
 132 0460 4E7868D3 		.ascii	"Nxh\323\356\217h\032)`C\000\227w8\327\361\241MC\274"
 132      EE8F681A 
 132      29604300 
 132      977738D7 
 132      F1A14D43 
 133 0475 EF5BD233 		.ascii	"\357[\3223\002\256\036\016>9\344#Al\275\037{w8vH\177"
 133      02AE1E0E 
 133      3E39E423 
 133      416CBD1F 
ARM GAS  /tmp/ccg5QQHi.s 			page 10


 133      7B773876 
 134 048b 4F0F74AE 		.ascii	"O\017t\256\031\317\277b\375\255\277X\335\037\356\357"
 134      19CFBF62 
 134      FDADBF58 
 134      DD1FEEEF 
 135 049b EFF306DA 		.ascii	"\357\363\006\332\337v\264}\242\364\367\376\310\376\312"
 135      DF76B47D 
 135      A2F4F7FE 
 135      C8FECA
 136 04aa 35843FB1 		.ascii	"5\204?\261t\377UFrxo\277\371q\244\304\340\036\223\201"
 136      74FF5546 
 136      72786FBF 
 136      F971A4C4 
 136      E01E9381 
 137 04be 1BCB7CED 		.ascii	"\033\313|\355\225\316\032m\330z\377o\017\236\006L/\007"
 137      95CE1A6D 
 137      D87AFF6F 
 137      0F9E064C 
 137      2F07
 138 04d0 1D102601 		.ascii	"\035\020&\001O\246\016\034\032\247V\261=r\226\343^k"
 138      4FA60E1C 
 138      1AA756B1 
 138      3D7296E3 
 138      5E6B
 139 04e2 DFE9BA71 		.ascii	"\337\351\272qc\236\372]\364\324\357\004\351\330?\270"
 139      639EFA5D 
 139      F4D4EF04 
 139      E9D83FB8 
 140 04f2 21BF4BCD 		.ascii	"!\277K\315N*\367\266\207_d\221\223\012!P\251\224\243"
 140      4E2AF7B6 
 140      875F6491 
 140      930A2150 
 140      A994A3
 141 0505 523EA9BA 		.ascii	"R>\251\272\351I\225\263cs\031\317\247\252\351\204\272"
 141      E94995B3 
 141      637319CF 
 141      A7AAE984 
 141      BA
 142 0516 AA5EB6CB 		.ascii	"\252^\266\313\347l\315\003[w\300A\335\2430\364\310\014"
 142      E76CCD03 
 142      5B77C041 
 142      DDA330F4 
 142      C80C
 143 0528 3ECA70F1 		.ascii	">\312p\361L\311\213P\276\2261<\337q&?t\312n\321\207"
 143      4CC98B50 
 143      BE96313C 
 143      DF71263F 
 143      74CA6ED1 
 144 053d 0C03B986 		.ascii	"\014\003\271\206\355>\227\2706\202\346\333\313\010\002"
 144      ED3E97B8 
 144      3682E6DB 
 144      CB0802
 145 054c E6B797F0 		.ascii	"\346\267\227\360@\037L!\377\355\246\274+CJD|*i>c%\""
 145      401F4C21 
 145      FFEDA6BC 
 145      2B434A44 
 145      7C2A693E 
ARM GAS  /tmp/ccg5QQHi.s 			page 11


 146 0563 7772B6E5 		.ascii	"wr\266\345\347\366\005\007\202\273\206\200\373%0\271"
 146      E7F60507 
 146      82BB8680 
 146      FB2530B9 
 147 0573 6BAD0E63 		.ascii	"k\255\016c\342\374d\213S;\367\233\357&\305M\237\316"
 147      E2FC648B 
 147      533BF79B 
 147      EF26C54D 
 147      9FCE
 148 0585 7D101323 		.ascii	"}\020\023#\304%X\226Y\026.\026\254\016!\301\230(\020"
 148      C4255896 
 148      59162E16 
 148      AC0E21C1 
 148      982810
 149 0598 8C6077D2 		.ascii	"\214`w\322{L\002\027\234\300L\242F\"\035\366xr\217\211"
 149      7B4C0217 
 149      9CC04CA2 
 149      46221DF6 
 149      78728F89 
 150 05ac E7340E27 		.ascii	"\3474\016'\301\274?\022cI\216OL1\231\005\207\023\271"
 150      C1BC3F12 
 150      63498E4F 
 150      4C319905 
 150      8713B9
 151 05bf 4296598D 		.ascii	"B\226Y\215v\023A\352b\004\372\214\233\032\007\335\371"
 151      761341EA 
 151      6204FA8C 
 151      9B1A07DD 
 151      F9
 152 05d0 F02DB666 		.ascii	"\360-\266f\273\205\305b\373)\211`'\215\215E\004\002"
 152      BB85C562 
 152      FB298960 
 152      278D8D45 
 152      0402
 153 05e2 C30D3663 		.ascii	"\303\0156c\242!1\321d\260 \\\263(n\266\321iT\033\227"
 153      A22131D1 
 153      64B0205C 
 153      B3286EB6 
 153      D169541B 
 154 05f7 DB137506 		.ascii	"\333\023u\006C\212%\3319#\326\340\234)\2448\354\202"
 154      438A25D9 
 154      3923D6E0 
 154      9C29A438 
 154      EC82
 155 0609 D19E342D 		.ascii	"\321\2364-\331\232l\236f6.\263\370i\222\214\361\011"
 155      D99A6C9E 
 155      66362EB3 
 155      F869928C 
 155      F109
 156 061b 9664B360 		.ascii	"\226d\263`0\231\227\033S\022\235\006\347*\233\331\201"
 156      3099971B 
 156      53129D06 
 156      E72A9BD9 
 156      81
 157 062c CC5AD9FA 		.ascii	"\314Z\331\372\243\267X;V9\004\203\303iB(\232\360V\223"
 157      A3B7583B 
 157      56390483 
ARM GAS  /tmp/ccg5QQHi.s 			page 12


 157      C3694228 
 157      9AF05693 
 158 0640 3DC89662 		.ascii	"=\310\226b3\331\203\255\016\233\331l\262k\254\204\316"
 158      33D983AD 
 158      0E9BD96C 
 158      B26BAC84 
 158      CE
 159 0651 1E946435 		.ascii	"\036\224d5\231\355$\254\204\031#3\262Y\355N\207\260"
 159      99ED24AC 
 159      84192333 
 159      B259ED4E 
 159      87B0
 160 0663 78C9D733 		.ascii	"x\311\3273b\205\005\013f\013s\027\315_\370c\254 %\206"
 160      6285050B 
 160      660B7317 
 160      CD5FF863 
 160      AC202586 
 161 0677 BC110E67 		.ascii	"\274\021\016g\022F\262\302f\261\032\034fg\212\315\200"
 161      1246B2C2 
 161      66B11A1C 
 161      66678ACD 
 161      80
 162 0688 997E4932 		.ascii	"\231~I2\325,\232\305ns\310-d\321\254\005q\326\344\345"
 162      D52C9AC5 
 162      6E73C82D 
 162      64D1AC05 
 162      71D6E4E5 
 163 069c 96156109 		.ascii	"\226\025a\011\001U\211}\273Kz\235\363\311\312\225B\202"
 163      0155897D 
 163      BB4B7A9D 
 163      F3C9CA95 
 163      4282
 164 06ae E2913897 		.ascii	"\342\2218\227+\022O)\377\005\306!\335)"
 164      2B124F29 
 164      FF05C621 
 164      DD29
 165              		.text
 166              		.section	.gnu.lto_.symtab.1fd0aa76a91c4800,"",%progbits
 167 0000 68616C49 		.ascii	"halInit\000"
 167      6E697400 
 168 0008 00       		.ascii	"\000"
 169 0009 00       		.ascii	"\000"
 170 000a 00       		.ascii	"\000"
 171 000b 00000000 		.ascii	"\000\000\000\000\000\000\000\000"
 171      00000000 
 172 0013 AF000000 		.ascii	"\257\000\000\000"
 173 0017 70616C5F 		.ascii	"pal_default_config\000"
 173      64656661 
 173      756C745F 
 173      636F6E66 
 173      696700
 174 002a 00       		.ascii	"\000"
 175 002b 02       		.ascii	"\002"
 176 002c 00       		.ascii	"\000"
 177 002d 00000000 		.ascii	"\000\000\000\000\000\000\000\000"
 177      00000000 
 178 0035 F2000000 		.ascii	"\362\000\000\000"
ARM GAS  /tmp/ccg5QQHi.s 			page 13


 179 0039 7374496E 		.ascii	"stInit\000"
 179      697400
 180 0040 00       		.ascii	"\000"
 181 0041 02       		.ascii	"\002"
 182 0042 00       		.ascii	"\000"
 183 0043 00000000 		.ascii	"\000\000\000\000\000\000\000\000"
 183      00000000 
 184 004b B1000000 		.ascii	"\261\000\000\000"
 185 004f 626F6172 		.ascii	"boardInit\000"
 185      64496E69 
 185      7400
 186 0059 00       		.ascii	"\000"
 187 005a 02       		.ascii	"\002"
 188 005b 00       		.ascii	"\000"
 189 005c 00000000 		.ascii	"\000\000\000\000\000\000\000\000"
 189      00000000 
 190 0064 B3000000 		.ascii	"\263\000\000\000"
 191 0068 7364496E 		.ascii	"sdInit\000"
 191      697400
 192 006f 00       		.ascii	"\000"
 193 0070 02       		.ascii	"\002"
 194 0071 00       		.ascii	"\000"
 195 0072 00000000 		.ascii	"\000\000\000\000\000\000\000\000"
 195      00000000 
 196 007a B5000000 		.ascii	"\265\000\000\000"
 197 007e 70776D49 		.ascii	"pwmInit\000"
 197      6E697400 
 198 0086 00       		.ascii	"\000"
 199 0087 02       		.ascii	"\002"
 200 0088 00       		.ascii	"\000"
 201 0089 00000000 		.ascii	"\000\000\000\000\000\000\000\000"
 201      00000000 
 202 0091 B7000000 		.ascii	"\267\000\000\000"
 203 0095 5F70616C 		.ascii	"_pal_lld_init\000"
 203      5F6C6C64 
 203      5F696E69 
 203      7400
 204 00a3 00       		.ascii	"\000"
 205 00a4 02       		.ascii	"\002"
 206 00a5 00       		.ascii	"\000"
 207 00a6 00000000 		.ascii	"\000\000\000\000\000\000\000\000"
 207      00000000 
 208 00ae EE000000 		.ascii	"\356\000\000\000"
 209 00b2 68616C5F 		.ascii	"hal_lld_init\000"
 209      6C6C645F 
 209      696E6974 
 209      00
 210 00bf 00       		.ascii	"\000"
 211 00c0 02       		.ascii	"\002"
 212 00c1 00       		.ascii	"\000"
 213 00c2 00000000 		.ascii	"\000\000\000\000\000\000\000\000"
 213      00000000 
 214 00ca F0000000 		.ascii	"\360\000\000\000"
 215              		.text
 216              		.section	.gnu.lto_.opts,"",%progbits
 217 0000 272D666D 		.ascii	"'-fmath-errno' '-fsigned-zeros' '-ftrapping-math' '"
 217      6174682D 
ARM GAS  /tmp/ccg5QQHi.s 			page 14


 217      6572726E 
 217      6F272027 
 217      2D667369 
 218 0033 2D666E6F 		.ascii	"-fno-trapv' '-fno-strict-overflow' '-fno-openmp' '-"
 218      2D747261 
 218      70762720 
 218      272D666E 
 218      6F2D7374 
 219 0066 666E6F2D 		.ascii	"fno-openacc' '-mcpu=cortex-m0' '-mno-thumb-interwor"
 219      6F70656E 
 219      61636327 
 219      20272D6D 
 219      6370753D 
 220 0099 6B272027 		.ascii	"k' '-mthumb' '-ggdb' '-O0' '-fomit-frame-pointer' '"
 220      2D6D7468 
 220      756D6227 
 220      20272D67 
 220      67646227 
 221 00cc 2D66616C 		.ascii	"-falign-functions=16' '-ffunction-sections' '-fdata"
 221      69676E2D 
 221      66756E63 
 221      74696F6E 
 221      733D3136 
 222 00ff 2D736563 		.ascii	"-sections' '-fno-common' '-flto'\000"
 222      74696F6E 
 222      73272027 
 222      2D666E6F 
 222      2D636F6D 
 223              		.text
 224              		.comm	__gnu_lto_v1,1,1
 225              		.comm	__gnu_lto_slim,1,1
 226              		.ident	"GCC: (GNU Tools for ARM Embedded Processors) 5.4.1 20160609 (release) [ARM/embedded-5-bran
ARM GAS  /tmp/ccg5QQHi.s 			page 15


DEFINED SYMBOLS
                            *ABS*:0000000000000000 hal.c
                            *COM*:0000000000000001 __gnu_lto_v1
                            *COM*:0000000000000001 __gnu_lto_slim

NO UNDEFINED SYMBOLS
