ARM GAS  /tmp/ccLohoeZ.s 			page 1


   1              		.syntax unified
   2              		.cpu cortex-m0
   3              		.fpu softvfp
   4              		.eabi_attribute 20, 1
   5              		.eabi_attribute 21, 1
   6              		.eabi_attribute 23, 3
   7              		.eabi_attribute 24, 1
   8              		.eabi_attribute 25, 1
   9              		.eabi_attribute 26, 1
  10              		.eabi_attribute 30, 6
  11              		.eabi_attribute 34, 0
  12              		.eabi_attribute 18, 4
  13              		.thumb
  14              		.syntax unified
  15              		.file	"hal_lld.c"
  16              		.text
  17              	.Ltext0:
  18              		.section	.gnu.lto_.inline.9572eccdd6802e8b,"",%progbits
  19 0000 789C6361 		.ascii	"x\234ca`d\000\001'\006\004`f`\020\023e``\322\230p\202"
  19      60640001 
  19      27060460 
  19      66601013 
  19      656060D2 
  20 0017 89818581 		.ascii	"\211\201\205\201\011$\306\310 (\011\024\222\331\360"
  20      0924C6C8 
  20      20280914 
  20      92D9F0
  21 0026 8A112EC4 		.ascii	"\212\021.\304\005$\230\030\0162\034\000\321u\015/\330"
  21      05249818 
  21      0E321C00 
  21      D1750D2F 
  21      D8
  22 0037 61320C00 		.ascii	"a2\014\000\365\354\007m"
  22      F5EC076D 
  23              		.text
  24              		.section	.gnu.lto_hal_lld_backup_domain_init.9572eccdd6802e8b,"",%progbits
  25 0000 789C9556 		.ascii	"x\234\225VIL\024A\024\255\337\325=\303\3000\262I\330"
  25      494C1441 
  25      14ADDFD5 
  25      3DC3C030 
  25      B249D8
  26 0013 4CB870F0 		.ascii	"L\270p\360B\273]<\270$&\334\214\211z7.1\232`4\352\201"
  26      42BB5D3C 
  26      B82426DC 
  26      8C897A37 
  26      2E319A60 
  27 002a 9B05CC28 		.ascii	"\233\005\314(\032\017^\324`4@\214\0217\026w\024eD\301"
  27      1A0F5ED4 
  27      6034408C 
  27      11371677 
  27      146544C1 
  28 003e 15C10551 		.ascii	"\025\301\005QP\203\212K\334\302\350\0201q\300\377\273"
  28      50838A4B 
  28      DCC2E810 
  28      3171C0FF 
  28      BB
  29 004f 7A1CE9A6 		.ascii	"z\034\351\246\215=\311\374\236_\375\352\275\367\373"
ARM GAS  /tmp/ccLohoeZ.s 			page 2


  29      8D3DC9FC 
  29      9E5FFDEA 
  29      BDF7FB
  30 005e 57558FCA 		.ascii	"WU\217\312\200\321g\255\217\2619x\235G\211\227\201\302"
  30      80D167AD 
  30      8FB13978 
  30      9D478997 
  30      81C2
  31 0070 F0AB70C6 		.ascii	"\360\253p\306\204\242bP9\340\005TE\243\021\017\215h"
  31      84A26250 
  31      39E00554 
  31      45A3110F 
  31      8D68
  32 0082 8017F000 		.ascii	"\200\027\360\000\315\007\266M\341\252\346\201m0\242"
  32      CD07B64D 
  32      E1AAE681 
  32      6D30A2
  33 0091 C41468DF 		.ascii	"\304\024h\337\361\256E\231~T\340g\260c  \352\303\020"
  33      F1AE4599 
  33      7E54E067 
  33      B0632020 
  33      EAC310
  34 00a4 42AE71C5 		.ascii	"B\256q\305\320bp\024\2463\204\275n\036\333\233\352\011"
  34      D0627014 
  34      A63384BD 
  34      6E1EDB9B 
  34      EA09
  35 00b6 12AC50DE 		.ascii	"\022\254P\336\204zdd,\013o>\0106\035\344Q%\304\001T"
  35      847A6464 
  35      2C0B6F3E 
  35      08361DE4 
  35      5125C401 
  36 00cb 4C235D07 		.ascii	"L#]\007\336\004(U\240\020\323\375u\347FS\212\016\013"
  36      DE042855 
  36      A010D3FD 
  36      75E74653 
  36      8A0E0B
  37 00de 5121C2DF 		.ascii	"Q!\302\3377T\327\207\203\205!\316\211\004\216C\001\034"
  37      3754D787 
  37      838521CE 
  37      89048E43 
  37      011C
  38 00f0 8302A974 		.ascii	"\203\002\251t\002\212&\242\305\351\036\001\016\340\223"
  38      028A26A2 
  38      C5E91E01 
  38      0EE093
  39 00ff 06B8BA79 		.ascii	"\006\270\272y0\242Y\300\252\035|\312\015\270\301j#<"
  39      30A259C0 
  39      AA1D7CCA 
  39      0DB8C16A 
  39      233C
  40 0111 FAB616C4 		.ascii	"\372\266\026\304\316\205!\256\331\321\215n\250\233l"
  40      CE8521AE 
  40      D9D18D6E 
  40      A89B6C
  41 0120 E0DE2193 		.ascii	"\340\336!\223z\022t\263\315Hl\245\371\364&1r\332\206"
  41      7A1274B3 
ARM GAS  /tmp/ccLohoeZ.s 			page 3


  41      CD486CA5 
  41      F9F42631 
  41      72DA86
  42 0133 1EFB87ED 		.ascii	"\036\373\207\35536tog\2523\371Y7U\236sU\345y\233\223"
  42      3336746F 
  42      67AA33F9 
  42      5937559E 
  42      7355E579 
  43 0149 679D539C 		.ascii	"g\235S\234\235\\p\\$\223\200/\272\261\335\342\006|\311"
  43      9D5C705C 
  43      2493802F 
  43      BAB1DDE2 
  43      067CC9
  44 015c E6FA65A7 		.ascii	"\346\372e\247\177\327\236\362\244I}\\vc\272\325\215"
  44      7FD79EF2 
  44      A4497D5C 
  44      7663BAD5 
  44      8D
  45 016d 8F2B6EC0 		.ascii	"\217+n\300W\241\250qiX\214\217W\212\360\213\271\035"
  45      57A1A871 
  45      69588C8F 
  45      578AF08B 
  45      B91D
  46 017f 2325D338 		.ascii	"#%\3238\303\315\245R\360`P\275\024|\030\264d\372\225"
  46      C3CDA552 
  46      F06050BD 
  46      147C18B4 
  46      64FA95
  47 0192 42C14F69 		.ascii	"B\301Oi\200B\032\205t\032\313\240\220Ii\026\205\251"
  47      80421A85 
  47      741ACBA0 
  47      90496916 
  47      85A9
  48 01a4 946653C8 		.ascii	"\224fS\310\2414\227B\036\245\371\024\030\0336\316\222"
  48      A1349742 
  48      1EA5F914 
  48      181B36CE 
  48      92
  49 01b5 888217FE 		.ascii	"\210\202\027\376\016*\242\303\255\371txTr\216\336\353"
  49      0E2AA2C3 
  49      ADF97478 
  49      54728EDE 
  49      EB
  50 01c6 62C1061F 		.ascii	"b\301\006\037\035\026\034\304`\271P\241\015\355\"j\253"
  50      1D161CC4 
  50      60B950A1 
  50      0DED226A 
  50      AB
  51 01d7 84C4F3F6 		.ascii	"\204\304\363\366K \007<8g_\250\275\333+\347\320\331"
  51      4B20073C 
  51      38675FA8 
  51      BDDB2BE7 
  51      D0D9
  52 01e9 F4E3E69D 		.ascii	"\364\343\346\235*\177\015\034\302\203\313\230\021\246"
  52      2A7F0D1C 
  52      C283CB98 
  52      11A6
ARM GAS  /tmp/ccLohoeZ.s 			page 4


  53 01f7 8271BCEF 		.ascii	"\202q\274\357\333\267\353~\375\224\010\226\213\264\020"
  53      DBB7EB7E 
  53      FD940896 
  53      8BB410
  54 0206 F7C235A8 		.ascii	"\367\3025\250\2011\303\013\264\203\216\244\225\243\036"
  54      8131C30B 
  54      B4838EA4 
  54      95A31E
  55 0215 49EA95BC 		.ascii	"I\352\225\274\015\037\332\016&\023\257\012B\201\353"
  55      0D1FDA0E 
  55      2613AF0A 
  55      4281EB
  56 0224 52789F21 		.ascii	"Rx\237!l\223\341\21627\0222\035\240#9\225\023\3353_"
  56      6C93E18E 
  56      32371232 
  56      1DA02339 
  56      9513DD33 
  57 0239 4AF970C6 		.ascii	"J\371p\306@c\327\247$\322\321@\324Va\315\235\023kL\376"
  57      4063D7A7 
  57      24D2D140 
  57      D45661CD 
  57      9D136B4C 
  58 024e BB46CD5A 		.ascii	"\273F\315Zc\022\222\300M\2538\220\364-C\3328\346o\313"
  58      631292C0 
  58      4DAB3890 
  58      F42D43DA 
  58      38E66FCB 
  59 0262 0A7F6D7F 		.ascii	"\012\177m\177\254H\322\024\311;td\250\326g\326\350\201"
  59      AC48D214 
  59      C93B7464 
  59      A8D667D6 
  59      E881
  60 0274 3B48F30A 		.ascii	";H\363\012\202\003\225y&\210\326\351\227\237y&@\205"
  60      82039579 
  60      2688D6E9 
  60      979F7926 
  60      4085
  61 0286 BBE6E289 		.ascii	"\273\346\342\211\320\013\306\350^S[\216\304\372\343"
  61      D00BC6E8 
  61      5E535B8E 
  61      C4FAE3
  62 0295 B6A38353 		.ascii	"\266\243\203S,\217\250\234\336\0233\231\341\325\357"
  62      2C8FA89C 
  62      DE133399 
  62      E1D5EF
  63 02a4 E0F55EC2 		.ascii	"\340\365^\302k\027\350x\373\375\327\223\273\275\246"
  63      6B17E878 
  63      FBFDD793 
  63      BBBDA6
  64 02b3 302ADF97 		.ascii	"0*\337\227\353 \332\263@\312\005\376O.\340 \327\235"
  64      EB20DAB3 
  64      40CA05FE 
  64      4F2EE020 
  64      D79D
  65 02c5 90EB31E4 		.ascii	"\220\3531\344\376<`/0x`\224\031\241\027\250,\262\267"
  65      FE3C602F 
  65      30786094 
ARM GAS  /tmp/ccLohoeZ.s 			page 5


  65      19A117A8 
  65      2CB2B7
  66 02d8 994BD934 		.ascii	"\231K\3314ks\322m\335Hs\220|\230\220|d\355F\206$\212"
  66      6B73D26D 
  66      DD487390 
  66      7C98907C 
  66      64ED4686 
  67 02ee D5F6C7B4 		.ascii	"\325\366\307\264x\315\012<\226\355\350\217\267#\003"
  67      78CD0A3C 
  67      96EDE88F 
  67      B72303
  68 02fd 218D9F5B 		.ascii	"!\215\237[~\246J\010\203\336?\355\320\342N\237DL\247"
  68      7EA64A08 
  68      83DE3FED 
  68      D0E24E9F 
  68      444CA7
  69 0310 99A6D3F8 		.ascii	"\231\246\323\370\326\311\262:\237js\236ewn.\342'\011"
  69      D6C9B23A 
  69      9F6A739E 
  69      65776E2E 
  69      E22709
  70 0323 EF7D13F7 		.ascii	"\357}\023\367J6\022\031\313\302ao$\221\023'\332\247"
  70      4A361219 
  70      CBC2616F 
  70      24911327 
  70      DAA7
  71 0335 09DA67B4 		.ascii	"\011\332g\2647\262e\213\373L\2079\226\022r\255%\344"
  71      37B2658B 
  71      FB4C8739 
  71      961272AD 
  71      25E4
  72 0347 D9B4721D 		.ascii	"\331\264r\035\265\372\023Z\003\023K\310G\"\343Y;\227"
  72      B5FA135A 
  72      03134BC8 
  72      4722E359 
  72      3B97
  73 0359 90E348FB 		.ascii	"\220\343H\373<A\373\202J\3107\332\201\177\260\370G\250"
  73      3C41FB82 
  73      4AC837DA 
  73      817FB0F8 
  73      47A8
  74 036b 088F9410 		.ascii	"\010\217\224\020\235\321\243a\002\34190\253\270X_\264"
  74      9DD1A361 
  74      02E13930 
  74      ABB8585F 
  74      B4
  75 037c 6EFDAAF5 		.ascii	"n\375\252\365K\226\351\033\267\350\353V\226\352\233"
  75      4B96E91B 
  75      B7E8EB56 
  75      96EA9B
  76 038b 366EDEBA 		.ascii	"6n\336\272E_\266|\361\354Y2\226\314(+\243;+JK\327\024"
  76      455FB67C 
  76      F1EC5932 
  76      96CC282B 
  76      A33B2B4A 
  77 03a2 AF66BF01 		.ascii	"\257f\277\001G\376\002B"
  77      47FE0242 
ARM GAS  /tmp/ccLohoeZ.s 			page 6


  78              		.text
  79              		.section	.gnu.lto_hal_lld_init.9572eccdd6802e8b,"",%progbits
  80 0000 789C9555 		.ascii	"x\234\225UKL\023Q\024}w\336\320\026\250-\204\024Hd\301"
  80      4B4C1351 
  80      147D77DE 
  80      D016A82D 
  80      84144864 
  81 0015 86059B8E 		.ascii	"\206\005\233\216@\\\27111qgH\304\275\361\263\200\244"
  81      405CB931 
  81      31716748 
  81      C4BDF1B3 
  81      80A4
  82 0027 09468861 		.ascii	"\011F\210a\307\320O$,\024\027\202\020\015\032\027\200"
  82      C7D04F24 
  82      2C141782 
  82      100D1A17 
  82      80
  83 0038 88FC0429 		.ascii	"\210\374\004)\370\031\213\002\242X\300\017\"\232\020"
  83      F8198B02 
  83      A258C00F 
  83      229A10
  84 0047 8D8D1112 		.ascii	"\215\215\021\022\013B$*\324w\337P\012\035\246\311\274"
  84      0B42242A 
  84      D477DF50 
  84      0A1DA6C9 
  84      BC
  85 0058 A477E6CD 		.ascii	"\244w\346\315=\357\234{O\347\275\021\011\020\034n\013"
  85      3DEF9C7B 
  85      4FE7BD11 
  85      09101C6E 
  85      0B
  86 0069 2187D9D5 		.ascii	"!\207\331\325\201\023J@ \354\007\230\003R-@5\254\011"
  86      81134A40 
  86      20EC0798 
  86      03522D40 
  86      35AC09
  87 007c 1B02042E 		.ascii	"\033\002\004.\206\374B~\253\314\306\202o\245@nS\300"
  87      86FC427E 
  87      ABCCC682 
  87      6FA5406E 
  87      53C0
  88 008e 47098908 		.ascii	"G\011\211\010\234\203@+\344\023\006\373\322\263yu\237"
  88      9C83402B 
  88      E41306FB 
  88      D2B37975 
  88      9F
  89 009f C98BB05C 		.ascii	"\311\213\260\\5\011m`bd\351,9\355\355\276NW\005\037"
  89      35096D60 
  89      6264E92C 
  89      39EDEDBE 
  89      4E57051F 
  90 00b3 0510D974 		.ascii	"\005\020\331ty\262\371\253\015\247\002\344\262i\343"
  90      79B2F9AB 
  90      0DA702E4 
  90      B269E3
  91 00c2 ADFEF5D4 		.ascii	"\255\376\365\324\274\333\262\354\226\225\306 4\265)"
  91      BCDBB2EC 
ARM GAS  /tmp/ccLohoeZ.s 			page 7


  91      9695C620 
  91      34B529
  92 00d1 DE5C1FA5 		.ascii	"\336\\\037\245\310\002w \007\332!G\225\352\200<\006"
  92      C8027720 
  92      07DA2147 
  92      95EA803C 
  92      06
  93 00e2 5F1BF6CE 		.ascii	"_\033\366\316\331\350A@\325\305\360\317q\263\272T\356"
  93      D9E84140 
  93      D5C5F0CF 
  93      71B3BA54 
  93      EE
  94 00f3 9D920117 		.ascii	"\235\222\001\027\212p\027\250fm'_\273Cj\033\277\207"
  94      8A7017A8 
  94      666D275F 
  94      BB436A1B 
  94      BF87
  95 0105 D03D23E0 		.ascii	"\320=#\340\256x\260r-h\255\253\257\261\354\211\356\346"
  95      AE78B072 
  95      2D68ADAB 
  95      AFB1EC89 
  95      EEE6
  96 0117 E8BAC5C0 		.ascii	"\350\272\305\300\245Tz\210\367\360\257\253\357S\222"
  96      A5547A88 
  96      F7F0AFAB 
  96      EF5392
  97 0126 A6879E3D 		.ascii	"\246\207\236=z\3505RV\237\021\360}M\017\315\011z\350"
  97      7AE83552 
  97      569F11F0 
  97      7D4D0FCD 
  97      097AE8
  98 0139 37423DC0 		.ascii	"7B=\300\301M=\013\313\232&\265\340\007F\300\203F\312"
  98      C14D3D0B 
  98      CB9A26B5 
  98      E00746C0 
  98      8346CA
  99 014c F06B3AEC 		.ascii	"\360k:\354N\320\341\220\021\352a#E?4\002~\004y]\307"
  99      4ED0E190 
  99      11EA6123 
  99      453F3402 
  99      7E04795D 
 100 0161 153912F1 		.ascii	"\0259\022\361\310\312\025\273\177\360o\362~ \254\006"
 100      C8CA15BB 
 100      7FF06FF2 
 100      7E20AC06 
 101 0171 CA8228E2 		.ascii	"\312\202(\342\235\011\203\005C2>K\301;+\006\033\006"
 101      9D098305 
 101      43323E4B 
 101      C13B2B06 
 101      1B06
 102 0183 3B86344C 		.ascii	";\2064L\244c\310\300\251\003C&\206,|\226\215\201\220"
 102      A463C8C0 
 102      A9034326 
 102      862C7C96 
 102      8D8190
 103 0196 30DFCECB 		.ascii	"0\337\316\313\002\273\320\020\270W\303\337\212p\377"
 103      02BBD010 
ARM GAS  /tmp/ccLohoeZ.s 			page 8


 103      B857C3DF 
 103      8A70FF
 104 01a5 7A28B06A 		.ascii	"z(\260j\347\273&\027-\270_)\3107ke\021\036\263\002C"
 104      E7BB2617 
 104      2DB85F29 
 104      C8376B65 
 104      111EB302 
 105 01ba 10180215 		.ascii	"\020\030\002\025C\031\246\301\027\010\232U\014\276\324"
 105      4319A6C1 
 105      17089A55 
 105      0CBED4
 106 01c9 BFC7266A 		.ascii	"\277\307&j\255-p\203\235\025I\214\004\236`K\354\371"
 106      AD2D7083 
 106      9D15498C 
 106      049E604B 
 106      ECF9
 107 01db ECCACA88 		.ascii	"\354\312\312\210U\352\224\2755r\232\217\232@\201\026"
 107      55EA94BD 
 107      35729A8F 
 107      9A408116 
 108 01eb D8E4DAF0 		.ascii	"\330\344\332\360\024$F\352\256T9\267E\370\\\303(\352"
 108      142446EA 
 108      AE5439B7 
 108      45F85CC3 
 108      28EA
 109 01fd 3206628C 		.ascii	"2\006b\214# 1\300\347\361\366\016~\370\210\020a\303"
 109      232031C0 
 109      E7F1F60E 
 109      7EF88810 
 109      61C3
 110 020f 0ECF3871 		.ascii	"\016\3178qT\310\224X\310\244\025\002\224y\036\223\031"
 110      54C89458 
 110      C8A41502 
 110      94791E93 
 110      19
 111 0220 E532DB06 		.ascii	"\3452\333\006\260C\017\306T\211\325\372\020UU,\361\236"
 111      B0430FC6 
 111      5489D5FA 
 111      1055552C 
 111      F19E
 112 0232 256B942C 		.ascii	"%k\224,\272-\215s-~0\277\330eRJ\342\332St\031'b\214"
 112      BA2D8D73 
 112      2D7E30BF 
 112      D865524A 
 112      E2DA5374 
 113 024a 2F418A73 		.ascii	"/A\212s\304\232\230\325\252\343\310\253\030\347$\343"
 113      C49A98D5 
 113      AAE3C8AB 
 113      18E724E3 
 114 025a 8C5A3015 		.ascii	"\214Z0\025\265\300\266E\033\225\261\307[\222\246\221"
 114      B5C0B645 
 114      1B95B1C7 
 114      5B92A691 
 115 026a B2EB36F0 		.ascii	"\262\3536\360\232\213\361\317L\220[\342Y7\251,\351*"
 115      9A8BF1CF 
 115      4C905BE2 
 115      5937A92C 
ARM GAS  /tmp/ccLohoeZ.s 			page 9


 115      E92A
 116 027c D1CCE57A 		.ascii	"\321\314\345z\305\272\375\257o\330aJ\025k\200=\233\262"
 116      C5BAFDAF 
 116      6FD8614A 
 116      156B803D 
 116      9BB2
 117 028e E92A4DC7 		.ascii	"\351*M\307\224f@b\374;Z\310H\354T\206\216Sob\224ow8"
 117      94664062 
 117      FC3B5AC8 
 117      48EC5486 
 117      8E536F62 
 118 02a6 55BFB4E5 		.ascii	"U\277\264\345\224#\316\251\314x\247\2624R\231\272\365"
 118      9423CEA9 
 118      CC78A7B2 
 118      345299BA 
 118      F5
 119 02b7 BFE36214 		.ascii	"\277\343b\024\305\336\357v*[%\032\035\372\363k\313)"
 119      C5DEEF76 
 119      2A5B251A 
 119      1DFAF36B 
 119      CB29
 120 02c9 FC7A03CC 		.ascii	"\374z\003\314&t\312\241\253\364!\2464\207Ne\223\357"
 120      2674CAA1 
 120      ABF421A6 
 120      34874E65 
 120      93EF
 121 02db E05106EC 		.ascii	"\340Q\006\354H\203x\277\177i\336\\\275!\327\312\210"
 121      488378BF 
 121      7F69DE5C 
 121      BD21D7CA 
 121      88
 122 02ec 3747F05D 		.ascii	"7G\360]\201\217P\315N \013\371\001ne\276\230Cq\2041"
 122      818F50CD 
 122      4E200BF9 
 122      016E65BE 
 122      98437184 
 123 0301 C91C2A74 		.ascii	"\311\034*t:\245#\245e\247\313\212K\244\362\012\251\364"
 123      3AA523A5 
 123      65A7CB8A 
 123      4BA4F20A 
 123      A9F4
 124 0313 944B3A57 		.ascii	"\224K:W~\276\262B*9q\254\250P\215G\017TUa\346\244\313"
 124      7EBEB242 
 124      2A3971AC 
 124      A8508D47 
 124      0F545561 
 125 032a 75D67986 		.ascii	"u\326y\206$](w9\017\360X\360\037\210\303\273\207"
 125      245D2877 
 125      390FF058 
 125      F01F88C3 
 125      BB87
 126              		.text
 127              		.section	.gnu.lto_stm32_clock_init.9572eccdd6802e8b,"",%progbits
 128 0000 789C9559 		.ascii	"x\234\225Ygl\024G\024\2767w\347\353\276\263\010M4\013"
 128      676C1447 
 128      14BE3777 
 128      E7EBBEB3 
ARM GAS  /tmp/ccLohoeZ.s 			page 10


 128      084D340B 
 129 0014 30108A0F 		.ascii	"0\020\212\017\014\010!\212(\242\210.\210\3627JQ\004"
 129      0C08218A 
 129      28A2882E 
 129      88F2374A 
 129      5104
 130 0026 12125140 		.ascii	"\022\022Q@\021\377\262\330>ZHB0\230@(NHB\307t0\365("
 130      11FFB2D8 
 130      3E5A4842 
 130      30984028 
 130      4E4842C7 
 131 003e 8E03C414 		.ascii	"\216\003\304\024\323\002N\241\330@(\211M\216\320\271"
 131      D3024EA1 
 131      D8402889 
 131      4D8ED0B9 
 132 004e CC9BDDF5 		.ascii	"\314\233\335\365\372f\230\205\261\304\333}s\317\337"
 132      FA669885 
 132      B1C4DB7D 
 132      73CFDF
 133 005d FBDEF7DE 		.ascii	"\373\336\367\336\314\336\032\227\003\034\370\343o\356"
 133      CCDE1A97 
 133      031CF8E3 
 133      6FEE
 134 006b 70F4A0D7 		.ascii	"p\364\240\327K\350d8\2008\350?pR\353$\324j\304E\215"
 134      4BE86438 
 134      8038E83F 
 134      7052EB24 
 134      D46AC445 
 135 0080 CB056EBA 		.ascii	"\313\005n\272\342&n\\I\303\2254\360\320\025\017\361"
 135      E2266E5C 
 135      49C39534 
 135      F0D0150F 
 135      F1
 136 0091 E08A1757 		.ascii	"\340\212\027W\274\340\243+>\342\303\025?\256\370!@W"
 136      BCE0A32B 
 136      3EE2C315 
 136      3FAEF821 
 136      4057
 137 00a3 0224802B 		.ascii	"\002$\200+A\\\011B\210\256\204H\010W\322q%\035\302t"
 137      415C0942 
 137      88AE8448 
 137      0857D271 
 137      251DC274 
 138 00b7 254CC2B8 		.ascii	"%L\302\270\022\301\225\010 3p|J\234.w\232\307\353\363"
 138      12C19508 
 138      2033707C 
 138      4A9C2E77 
 138      9AC7EBF3 
 139 00cb 0782A1F4 		.ascii	"\007\202\241\364p\004>\365:\035\372\217\333\270z\214"
 139      70043EF5 
 139      3A1DFA8F 
 139      DBB87A8C 
 140 00db ABCFB806 		.ascii	"\253\317\270\006\214k\310\270\206\215\353\003\362\234"
 140      8C6BC8B8 
 140      868DEB03 
 140      F29C
 141 00e9 C0E15937 		.ascii	"\300\341Y7J\310\233\2535\372s\2454\331M[\023\207\030"
ARM GAS  /tmp/ccLohoeZ.s 			page 11


 141      4AC89BAB 
 141      35FA73A5 
 141      34D94D5B 
 141      138718
 142 00fc 054C123D 		.ascii	"\005L\022=\006V\303\233\016\032vm\313\213E\241\264|"
 142      0656C39B 
 142      0E1A766D 
 142      CB8B45A1 
 142      B47C
 143 010e 0CCBD43F 		.ascii	"\014\313\324?\2045\220F)\035\302O\317\344o^\346L\220"
 143      84359046 
 143      291DC24F 
 143      CFE46F5E 
 143      E64C90
 144 0121 9813C045 		.ascii	"\230\023\300E\335\332\362\245\327\323\321%\220I\335"
 144      DDDAF2A5 
 144      D7D3D125 
 144      9049DD
 145 0130 C5DFEE78 		.ascii	"\305\337\356x\024\310Z\245i\271Z|qEh\311\232x~f\314"
 145      14C85AA5 
 145      69B95A7C 
 145      714568C9 
 145      9A787E66 
 146 0145 E9441858 		.ascii	"\351D\030X\007\315a-4\327s\255\207\254\324pm\353i\015"
 146      07CD612D 
 146      34D773AD 
 146      87ACD470 
 146      6DEB690D 
 147 0159 24C11B58 		.ascii	"$\301\033X\360\222-Wj\335\\\260K\014\336\250\022\274"
 147      F0922D57 
 147      6ADD5CB0 
 147      4B0CDEA8 
 147      12BC
 148 016b 89A7115F 		.ascii	"\211\247\021_R\021\226\263.V\301\336,\004_\252*\002"
 148      521196B3 
 148      2E56C1DE 
 148      2C045FAA 
 148      2A02
 149 017d 6DCE8097 		.ascii	"m\316\200\227Fo\021\230\354\250H\2273\331\252\242\337"
 149      466F1198 
 149      ECA84897 
 149      33D9AAA2 
 149      DF
 150 018e 3615DADB 		.ascii	"6\025\332\333U\202w\010\254wV\004\347\316\237\341})"
 150      55827708 
 150      AC775604 
 150      E7CE9FE1 
 150      7D29
 151 01a0 8F9D2AA4 		.ascii	"\217\235*\244w\251\360\330-\360(Y`\323\307\022\025\354"
 151      77A9F0D8 
 151      2DF02859 
 151      60D3C712 
 151      15EC
 152 01b2 3D4270A5 		.ascii	"=Bp\245M\037\367\012L\316\330\355\203}*\222\354W\241"
 152      4D1FF70A 
 152      4CCED8ED 
 152      837D2A92 
ARM GAS  /tmp/ccLohoeZ.s 			page 12


 152      EC57A1
 153 01c5 7D4025F8 		.ascii	"}@%\370\240\300\372\354\002\247\234u\\\010_T`3\254\207"
 153      A0C0FAEC 
 153      02A79C75 
 153      5C085F54 
 153      6033AC87 
 154 01d9 548A3CAC 		.ascii	"T\212<\254\302\373\210J\360Q\201\365\342\2636CR\252"
 154      C2FB884A 
 154      F05181F5 
 154      E2B33643 
 154      52AA
 155 01eb 82FD93D2 		.ascii	"\202\375\223\322\220\224\011L\266\331\351\367\263\212"
 155      9094094C 
 155      B6D9E9F7 
 155      B38A
 156 01f9 7EC75468 		.ascii	"~\307Th\037W\011>!\036Qv\372\375\242\202]\256\244\337"
 156      1F57093E 
 156      211E5176 
 156      FAFDA282 
 156      5DAEA4DF 
 157 020d 497193D9 		.ascii	"Iq\223\331\351wJE\277\323*\264\317\250\004W\210\233"
 157      E9774A45 
 157      BFD32AB4 
 157      CFA80457 
 157      889B
 158 021f ACC046BF 		.ascii	"\254\300F\277\263*\330\347\224\0366\347\005&\277\027"
 158      B32AD8E7 
 158      941E36E7 
 158      0526BF17 
 159 022f D86CF70B 		.ascii	"\330l\367\013Bx\315Y\371)\177Q\210~d\023\375\253\020"
 159      4278CD59 
 159      F9297F51 
 159      887E6413 
 159      FDAB10
 160 0242 5D70C1A6 		.ascii	"]p\301\246\225\227TZyYE\301J\225\340\337\304\003\360"
 160      9597545A 
 160      795945C1 
 160      4A95E0DF 
 160      C403F0
 161 0255 824D2B7F 		.ascii	"\202M+\177W\301\376C\251\225\177\012LV\026\006\015&"
 161      57C1FE43 
 161      A9957F0A 
 161      4C561606 
 161      0D26
 162 0267 6E31FC8A 		.ascii	"n1\374\212\370\240\264\223\373\252\212\334\327T\252"
 162      F8A0B493 
 162      FBAA8ADC 
 162      D754AA
 163 0276 BCAE125C 		.ascii	"\274\256\022\\%\260\336[h#w\265\012\366\015\245\223"
 163      25B0DE5B 
 163      682377B5 
 163      0AF60DA5 
 163      93
 164 0287 E7A6C0E4 		.ascii	"\347\246\300\344\342\005\2203\271\245\242\337_*\264"
 164      E2059033 
 164      B9A5A2DF 
 164      5F2AB4
ARM GAS  /tmp/ccLohoeZ.s 			page 13


 165 0296 6FAB04DF 		.ascii	"o\253\004\337\201\254\342\361q-\231\314\323\342\317"
 165      81ACE2F1 
 165      712D99CC 
 165      D3E2CF
 166 02a5 C3FB77DF 		.ascii	"\303\373w\337\361\217\007\007\345@\320\270\250q\271"
 166      F18F0707 
 166      E540D0B8 
 166      A871B9
 167 02b4 D178D0F5 		.ascii	"\321x\320\365\342\235\017\215\037\335\000\232 \272!"
 167      E29D0F8D 
 167      1FDD009A 
 167      20BA21
 168 02c3 34617423 		.ascii	"4at#h2\320m\200wo\340]C4\215\320m\214\246\011\272M\321"
 168      6832D06D 
 168      80776FE0 
 168      5D43348D 
 168      D06D8CA6 
 169 02db 3443B705 		.ascii	"4C\267\005\232\226hZ\341Z&\232\326\350\266\301\273\266"
 169      9A96685A 
 169      E15A269A 
 169      D6E8B6C1 
 169      BBB6
 170 02ed 68B2D06D 		.ascii	"h\262\320m\207\246=\272\035\320tD\267\023\336uF\323"
 170      87A63DBA 
 170      1DD07444 
 170      B713DE75 
 170      46D3
 171 02ff 05DD6C34 		.ascii	"\005\335l4Qt\273\242\311A\267;\336\365@\323\023\335"
 171      5174BBA2 
 171      C941B73B 
 171      DEF540D3 
 171      13DD
 172 0311 5E687AA3 		.ascii	"^hz\243\351\203\246/\232~\370i\1774\003\320\035\210"
 172      E983A62F 
 172      9A7EF869 
 172      7F3403D0 
 172      1D88
 173 0323 7783D00C 		.ascii	"w\203\320\014\246\306=\004\327\206\242\031\206k\303"
 173      A6C63D04 
 173      D786A219 
 173      866BC3
 174 0332 D18C4077 		.ascii	"\321\214@w$\336\215B3\032\3351h\306\242;\016\215\303"
 174      24DE8D42 
 174      331ADD31 
 174      68C6A23B 
 174      0E8DC3
 175 0345 51C35E9E 		.ascii	"Q\303^\236j\011\2758o@n\242\246t\273\023_\227\362\234"
 175      6A09BD38 
 175      6F406EA2 
 175      A674BB13 
 175      5F97F29C 
 176 0359 40DB5359 		.ascii	"@\333SY\\~\307\213oGN\320\212fk.\270K;B\303\246\351"
 176      5C7EC78B 
 176      6F474ED0 
 176      8A666B2E 
 176      B84B3B42 
 177 0370 21C4F00F 		.ascii	"!\304\360\017\357\001}\001\337\250\012c\207Oy\364\337"
ARM GAS  /tmp/ccLohoeZ.s 			page 14


 177      EF017D01 
 177      DFA80A63 
 177      874F79F4 
 177      DF
 178 0381 C1F7AD87 		.ascii	"\301\367\255\207e\307g\007W\302r\372\252\306~\343\036"
 178      65C76707 
 178      57C272FA 
 178      AAC67EE3 
 178      1E
 179 0392 F694AE5F 		.ascii	"\366\224\256_\274\177\377H0\272Q\313\237\241EbN\017"
 179      BC7FFF48 
 179      30BA51CB 
 179      9FA14562 
 179      4E0F
 180 03a4 FC0D2BE1 		.ascii	"\374\015+\341\005#\003\377@\224\202\346=J\323A\335:"
 180      052303FF 
 180      409482E6 
 180      3D4AD341 
 180      DD3A
 181 03b6 EEF6A365 		.ascii	"\356\366\243e3\031\027\027\000\324\350y\013Y^!\013H"
 181      33191717 
 181      00D4E879 
 181      0B595E21 
 181      0B48
 182 03c8 B3D45A59 		.ascii	"\263\324ZY\356C\224b\263\342\235F\361\233\177J\030\305"
 182      EE439462 
 182      B3E29D46 
 182      F19B7F4A 
 182      18C5
 183 03da 7BF8CABC 		.ascii	"{\370\312\274B\022\217\230\0040\305\277V\212\204^\310"
 183      42128F98 
 183      0430C5BF 
 183      568A845E 
 183      C8
 184 03eb B3995544 		.ascii	"\263\231UDG\361\351@\245\311\207\361\260^\012\201\007"
 184      47F1E940 
 184      A5C987F1 
 184      B05E0A81 
 184      07
 185 03fc 14E52AE4 		.ascii	"\024\345*\344_\316\373\320\210\241\001\305wK\036\207"
 185      5FCEFBD0 
 185      88A101C5 
 185      774B1E87 
 186 040c F40007FC 		.ascii	"\364\000\007\374g\354\202Z|\223\327y\226\2373x\372\271"
 186      67EC825A 
 186      7C93D779 
 186      969F3378 
 186      FAB9
 187 041e 8E0478DE 		.ascii	"\216\004x\336A\201w@*\316C\306\234\275\273?2\230\033"
 187      41817740 
 187      2ACE43C6 
 187      9CBDBB3F 
 187      32981B
 188 0431 2D08E940 		.ascii	"-\010\351@\007\376\213}\242\263z\226L&\303\360\330\266"
 188      07FE8B7D 
 188      A2B37A96 
 188      4C26C3F0 
ARM GAS  /tmp/ccLohoeZ.s 			page 15


 188      D8B6
 189 0443 0B7E69A2 		.ascii	"\013~i\242'V\242\247\330\205\020V\2208]\356\322\263"
 189      2756A2A7 
 189      D8851056 
 189      90385DEE 
 189      D2B3
 190 0455 85B9A222 		.ascii	"\205\271\242\"|Q\031B\256\2104\3273+\327sV\224\214n"
 190      7C511942 
 190      AE8834D7 
 190      332BD773 
 190      56948C6E 
 191 0469 580AF1C2 		.ascii	"X\012\361\302\202H\"\335\014\326\014\267\331\214\223"
 191      824822DD 
 191      0CD60CB7 
 191      D98C93
 192 0478 5546331A 		.ascii	"UF3\032\360<\337\020\2224\220\014\215F\352R\314 \306"
 192      F03CDF10 
 192      9234900C 
 192      8D46EA52 
 192      CC20C6
 193 048b D0DC3586 		.ascii	"\320\3345\206\246\241\016\364\364\326\302K\240\253\037"
 193      A6A10EF4 
 193      F4D6C24B 
 193      A0AB1F
 194 049a 845CC286 		.ascii	"\204\\\302\206\246\322\034\232\206\365\246$\315$v\316"
 194      A6D21C9A 
 194      86F5A624 
 194      CD2476CE 
 195 04aa DCCA8D38 		.ascii	"\334\312\2158A\033\363D\233\010D\033K\325\310#u\363"
 195      411BF344 
 195      9B08441B 
 195      4BD5C823 
 195      75F3
 196 04bc 9D4F52A6 		.ascii	"\235OR\246\244\251\016T|,Vf\020}\014\020#v3\322H\232"
 196      A4A90E54 
 196      7C2C5666 
 196      107D0C10 
 196      237633D2 
 197 04d2 66A69566 		.ascii	"f\246\225f\026\241\2427e3Rs\356\003=W3\263\204\304\225"
 197      16A1A237 
 197      65335273 
 197      EE033D57 
 197      33B384C4 
 198 04e7 740E7906 		.ascii	"t\016y\006\376\345'\304\340\233I\344\236m\311=\207D"
 198      FEE527C4 
 198      E09B49E4 
 198      9E6DC93D 
 198      8744
 199 04f9 EB1F5A1E 		.ascii	"\353\037Z\036\272\341\3462\312T\300\352\243\206\200"
 199      BAE1E632 
 199      CA54C0EA 
 199      A38680
 200 0508 2D38015B 		.ascii	"-8\001[\362\002\266\022*k)\255\3543\226\234\375]j\036"
 200      F202B612 
 200      2A6B29AD 
 200      EC33969C 
 200      FD5D6A1E 
ARM GAS  /tmp/ccLohoeZ.s 			page 16


 201 051c 4939E932 		.ascii	"I9\3512)\320+\216\266\026R\330\317-\330/P\260L6\014"
 201      29D02B8E 
 201      B61652D8 
 201      CF2DD82F 
 201      50B04C36 
 202 0531 1EF35CAF 		.ascii	"\036\363\\\2576\217\266\326<\3676B\222\326\022\331\276"
 202      368FB6D6 
 202      3CF73642 
 202      92D612D9 
 202      BE
 203 0542 B452CCE7 		.ascii	"\264R\314\347\247\264-\005\022\316\262\266\365\306\322"
 203      A7B42D05 
 203      12CEB2B6 
 203      F5C6D2
 204 0551 6B32B96B 		.ascii	"k2\271k\252\232\305\251\332\216g\326^`\326NZ\376W\026"
 204      AA9AC5A9 
 204      DA8E67D6 
 204      5E60D64E 
 204      5AFE5716 
 205 0565 B705A9AA 		.ascii	"\267\005\251\252v\320\201n\376\275a\236G\037K\215>\311"
 205      76D0816E 
 205      FEBD619E 
 205      471F4B8D 
 205      3EC9
 206 0577 0A6CE732 		.ascii	"\012l\3472K\232g\241\225g\021\312\334\201\025\3473\367"
 206      4B9A67A1 
 206      956711CA 
 206      DC8115E7 
 206      33F7
 207 0589 DC3D53E6 		.ascii	"\334=S\346\216|1\235\204$\035%2\027Z)\026\3632w\326"
 207      8E7C319D 
 207      84241D25 
 207      32175A29 
 207      16F33277 
 208 059e 818EAC58 		.ascii	"\201\216\254X\221O\314b\274\3605I\325\275s=\335\375"
 208      914FCC62 
 208      BCF03549 
 208      D5BD733D 
 208      DDFD
 209 05b0 26B584A9 		.ascii	"&\265\204\251{\027N\367l\236jT\240\232-\325c\011#\213"
 209      7B174EF7 
 209      6C9E6A54 
 209      A09A2DD5 
 209      6309238B 
 210 05c4 7FD785A5 		.ascii	"\177\327\205\245\251\272w\245@\257\230\346.R\330o,\330"
 210      A9BA77A5 
 210      40AF98E6 
 210      2E52D86F 
 210      2CD8
 211 05d6 65287357 		.ascii	"e(sWVK\300\234\241\204y\346\346\360\334\273\013Ir$2"
 211      564BC09C 
 211      A18479E6 
 211      E6F0DCBB 
 211      0B497224 
 212 05eb 2FB752AC 		.ascii	"/\267R\254 \334\203\272\007\005\022\246\271G=U\203\246"
 212      20DC83BA 
 212      070512A6 
ARM GAS  /tmp/ccLohoeZ.s 			page 17


 212      B9473D55 
 212      83A6
 213 05fd AA0F8D03 		.ascii	"\252\017\215\003\251g\335\201T\024\226\037H=%\\VZ\007"
 213      A967DD81 
 213      5414961F 
 213      483D255C 
 213      565A07
 214 0610 52113B90 		.ascii	"R\021;\220\026U\345\3268\365\003I\323\212\000\2765\316"
 214      1655E5D6 
 214      38F50349 
 214      D38A00BE 
 214      35CE
 215 0622 A4F9CF8C 		.ascii	"\244\371\317\214\207d\257\327\312\327K\222\357;\226"
 215      8764AFD7 
 215      CAD74B92 
 215      EF3B96
 216 0631 CF85F956 		.ascii	"\317\205\371V\221h\335\2117\377\205\201\336\373\265"
 216      9168DD89 
 216      37FF8581 
 216      DEFBB5
 217 0640 D07B4BD0 		.ascii	"\320{K\320\277g\350\370\335\012~\250\207^s\364\274\321"
 217      BF67E8F8 
 217      DD0A7EA8 
 217      875E73F4 
 217      BCD1
 218 0652 B53EDC04 		.ascii	"\265>\334\004\366\345\273\330O\350b_\351\250\374h=)"
 218      F6E5BBD8 
 218      4FE8625F 
 218      E9A8FC68 
 218      3D29
 219 0664 56A74E60 		.ascii	"V\247N`\177\035\350L\365\223S>s\263\320\335\262\306"
 219      7F1DE84C 
 219      F593533E 
 219      73B3D0DD 
 219      B2C6
 220 0676 76EBF791 		.ascii	"v\353\367\221&Zk%Z\2073\331\237MB\310\234\204\322\007"
 220      265A6B25 
 220      5A8733D9 
 220      9F4D42C8 
 220      9C84D207 
 221 068a 467503F8 		.ascii	"Fu\003\370j\006\012I\006H\224[o\245\330\300\317\344"
 221      6A060A49 
 221      0648945B 
 221      6FA5D8C0 
 221      CFE4
 222 069c 201DE844 		.ascii	" \035\350Dr\336?\356\272j\"\260\221\333\373\203\352"
 222      72DE3FEE 
 222      BA6A22B0 
 222      91DBFB83 
 222      EA
 223 06ad 4D69BAB9 		.ascii	"Mi\272\271_\312b\006\267\301\024\341Iu\351g\354\233"
 223      5FCA6206 
 223      B7C114E1 
 223      4975E967 
 223      EC9B
 224 06bf B41BB438 		.ascii	"\264\033\2648~\253\337D\270^\327=\016\335)\337\341Y"
 224      7EABDF44 
ARM GAS  /tmp/ccLohoeZ.s 			page 18


 224      B85ED73D 
 224      0EDD29DF 
 224      E159
 225 06d1 EBBBD117 		.ascii	"\353\273\321\027\007/\005\202b\362\262\0126\263\012"
 225      072F0582 
 225      62F2B20A 
 225      36B30A
 226 06e0 D2B0822D 		.ascii	"\322\260\202-l\222\367\034,;\036\322'9\003\266\232\217"
 226      6C92F71C 
 226      2C3B1ED2 
 226      273903B6 
 226      9A8F
 227 06f2 D693E628 		.ascii	"\326\223\346(\014\341Fa(/\3360A\274\241\322\016m\263"
 227      0CE14661 
 227      282FDE30 
 227      41BCA1D2 
 227      0E6DB3
 228 0705 B6D1F6D4 		.ascii	"\266\321\366\324Q\030N\201\330\206\2267~\210\024v\207"
 228      51184E81 
 228      D8869637 
 228      7E881476 
 228      87
 229 0716 05BB131B 		.ascii	"\005\273\023\033?\234\211\0336\305=Ym\3242\202\347>"
 229      3F9C891B 
 229      36C53D59 
 229      6DD43282 
 229      E73E
 230 0728 52483242 		.ascii	"RH2B\322\370]V\212\335\374\231?\212\002\011\337\370"
 230      D2F85D56 
 230      8ADDFC99 
 230      3F8A0209 
 230      DFF8
 231 073a 465188A5 		.ascii	"FQ\210\245{\023\307\215Q\360B\0111\273\0361\211\235"
 231      7B13C78D 
 231      51F04209 
 231      31BB1E31 
 231      899D
 232 074c EFA9C78E 		.ascii	"\357\251\307\216\3464\036\303\363\034+\360\034#\025"
 232      E6341EC3 
 232      F31C2BF0 
 232      1C2315
 233 075b 630F638A 		.ascii	"c\017c\212\377q\007{S5\036G\201^q\340\217\226\302\356"
 233      FF71077B 
 233      53351E47 
 233      815E71E0 
 233      8F96C2EE 
 234 076f B360F7A3 		.ascii	"\263`\367\243\306\343\034\267!7^\3716\302\260\272jP"
 234      C6E31CB7 
 234      21375EF9 
 234      36C2B0BA 
 234      6A50
 235 0781 1DBA3572 		.ascii	"\035\2725r\262\263\243\203'Nzo\322\330\011\321)S\243"
 235      B2B3A383 
 235      274E7A6F 
 235      D2D809D1 
 235      2953A3
 236 0794 13DF9D1C 		.ascii	"\023\337\235\034\375h\312\307\323\246F'\2745\272{\216"
ARM GAS  /tmp/ccLohoeZ.s 			page 19


 236      FD68CAC7 
 236      D3A64627 
 236      BC35BA7B 
 236      8E
 237 07a5 6E87769D 		.ascii	"n\207v\235>\035?yg\362\344\017\262\337w\374\017U\232"
 237      3E1D3F79 
 237      67F2E40F 
 237      B2DF77FC 
 237      0F559A
 238 07b8 DFA4     		.ascii	"\337\244"
 239              		.text
 240              		.section	.gnu.lto_.symbol_nodes.9572eccdd6802e8b,"",%progbits
 241 0000 789C6361 		.ascii	"x\234ca`d\360a\000\002\246\215\214\365\014\014\023\316"
 241      6064F061 
 241      0002A68D 
 241      8CF50C0C 
 241      13CE
 242 0012 313000A9 		.ascii	"10\000\251\025\215\013\033\230\201b\233\030\353\031"
 242      158D0B1B 
 242      9881629B 
 242      18EB19
 243 0021 6162AB1A 		.ascii	"ab\253\032\025\201\"\233\031\353\231PDX702\264\012\001"
 243      1581229B 
 243      19EB9950 
 243      44583730 
 243      32B40A01 
 244 0035 0D606664 		.ascii	"\015`fd`X\334\367f>\007\003\000\353\033\022\202"
 244      6058DCF7 
 244      663E0703 
 244      00EB1B12 
 244      82
 245              		.text
 246              		.section	.gnu.lto_.refs.9572eccdd6802e8b,"",%progbits
 247 0000 789C6361 		.ascii	"x\234ca`\004B \000\000\0009\000\007"
 247      60044220 
 247      00000039 
 247      0007
 248              		.text
 249              		.section	.gnu.lto_.decls.9572eccdd6802e8b,"",%progbits
 250 0000 789CAD56 		.ascii	"x\234\255VkLTG\024\336sg\221e\027\224\210iL\343\017"
 250      6B4C5447 
 250      14DE7367 
 250      91651794 
 250      88694CE3 
 251 0015 D3D2B8FD 		.ascii	"\323\322\270\375!+h\232\376iR\\\2614}h\356Z\233\376"
 251      212B689A 
 251      FE69525C 
 251      B1347D68 
 251      EE5A9BFE 
 252 0029 DA20AC71 		.ascii	"\332 \254q#\017\343.\251\376\273\010Uk\037\262>[\304"
 252      230FE32E 
 252      A9FEBB08 
 252      556B1FB2 
 252      3E5BC4
 253 003c 16A95511 		.ascii	"\026\251U\021\344\241\245t+\342\372\306'\002\305\362"
 253      E4A1A574 
 253      2BE2FAC6 
ARM GAS  /tmp/ccLohoeZ.s 			page 20


 253      2702C5F2 
 254 004c B43C041F 		.ascii	"\264<\004\037Xy\370(\250\324\236\231\271\273\367\262"
 254      5879F828 
 254      A8D49E99 
 254      B9BBF7B2 
 255 005c 5C4DD374 		.ascii	"\\M\323t\222\357\336{f\276\371\346\314\2343gW\257\003"
 255      92EFDE7B 
 255      66BEF9E6 
 255      CC9C3367 
 255      57AF03
 256 006f 1D6D5911 		.ascii	"\035mY\021:]\003~&\"\236a\323c\337R\235\322\010\342"
 256      3A5D037E 
 256      26229E61 
 256      D363DF52 
 256      9DD208E2 
 257 0083 10A20C51 		.ascii	"\020\242\014Q\201\240\263\252u\343\033\035\017\223\347"
 257      81A0B3AA 
 257      75E31B1D 
 257      0F93E7
 258 0092 4D454C43 		.ascii	"MELC\234G\314B\014\"\316!j\020\003\010\001q\006\321"
 258      9C47CC42 
 258      0C22CE21 
 258      6A100308 
 258      017106D1 
 259 00a6 296B1DD2 		.ascii	")k\035\322Mle\032z\203\262\336\200\2545\204(AP\177\357"
 259      4D6C651A 
 259      7A83B2DE 
 259      80AC3584 
 259      2841507F 
 260 00bb 206E23AE 		.ascii	" n#\256#n\310k\224=G\273\342\005\332FP\364\015\370m"
 260      236EC86B 
 260      943D47BB 
 260      E205DA46 
 260      50F40DF8 
 261 00d0 C0F75D44 		.ascii	"\300\367]D\027\242\037\321\215\350A\364\3225p\374\246"
 261      17A21FD1 
 261      8DE841F4 
 261      D23570FC 
 261      A6
 262 00e1 BC870A8D 		.ascii	"\274\207\012\215u\306\004(\276y\354\232\241\015Z(\005"
 262      75C60428 
 262      BE79EC9A 
 262      A10D5A28 
 262      05
 263 00f2 22014027 		.ascii	"\"\001@'\237y\240\001\007\360n\301\337\305\307\202\270"
 263      9F79A001 
 263      07F06EC1 
 263      DFC5C782 
 263      B8
 264 0103 7E222803 		.ascii	"~\"(\003\240\0337\203\305\2175\245\013X\223'\251\025"
 264      A01B3783 
 264      C58F35A5 
 264      0B589327 
 264      A915
 265 0115 FD4BF39D 		.ascii	"\375K\363\235\340\033t\001/\374\\\225\236\354=h\370"
 265      E01B7401 
 265      2FFC5C95 
ARM GAS  /tmp/ccLohoeZ.s 			page 21


 265      9EEC3D68 
 265      F8
 266 0126 C51AF16F 		.ascii	"\305\032\361ozwsa\215@P\023\277\377\030=\2600\246D\302"
 266      7A777361 
 266      8D405013 
 266      BFFF183D 
 266      B030A644 
 267 013b 962B49C2 		.ascii	"\226+I\302[\312\311\324\347\224\347\223\007\002L5\202"
 267      5BCAC9D4 
 267      E794E793 
 267      07024C35 
 267      82
 268 014c 1ECDA1CB 		.ascii	"\036\315\241\313y=\223\321\234f\204\231h\216\235\337"
 268      793D93D1 
 268      9C668499 
 268      688E9DDF 
 269 015c 95274CDF 		.ascii	"\225'L\337\301\346eK3\365\260\364%(\206\031p\020f\340"
 269      C1E6654B 
 269      33F5B0F4 
 269      25288619 
 269      701066E0 
 270 0170 F225301D 		.ascii	"\362%0\035\237\313\364\\\351T\2077;\344\225\002\311"
 270      9FCBF45C 
 270      E9548737 
 270      3BE49502 
 270      C9
 271 0181 572075EE 		.ascii	"W u\356\366\256\364dK\2658m&e\301\001 P\0041t3\370I"
 271      F6AEF464 
 271      4BB5386D 
 271      2665C101 
 271      20500431 
 272 0199 5FFBA10D 		.ascii	"_\373\241\015\367p\010^\301\231\337~\267\271\234\220"
 272      F770085E 
 272      C199DF7E 
 272      B7B99C90 
 273 01a9 4F98A3F5 		.ascii	"O\230\243\3655W\332\303Q\245\000\205<\233\311\267\222"
 273      3557DAC3 
 273      51A50085 
 273      3C9BC9B7 
 273      92
 274 01ba 2F075504 		.ascii	"/\007U\004\246R\252\250\224\252U\312\230\212t\353h\373"
 274      A652AAA8 
 274      94AA55CA 
 274      988A74EB 
 274      68FB
 275 01cc 14B29CA9 		.ascii	"\024\262\234\251\344v\327\324\230d\225\247u\341Rn\226"
 275      E476D7D4 
 275      986495A7 
 275      75E1526E 
 275      96
 276 01dd 24BDCD34 		.ascii	"$\275\3154\312\025\215r\265F\005\323\350\250-*\246\247"
 276      CA158D72 
 276      B54605D3 
 276      E8A82D2A 
 276      A6A7
 277 01ef 31CB08F4 		.ascii	"1\313\010\364\260\247`W\331]\357h\004\357\242\312\015"
 277      B0A76057 
ARM GAS  /tmp/ccLohoeZ.s 			page 22


 277      D95DEF68 
 277      04EFA2CA 
 277      0D
 278 0200 9B87F786 		.ascii	"\233\207\367\206\222O\351\267P\354\351o\010\003\263"
 278      924FE9B7 
 278      50ECE96F 
 278      0803B3
 279 020f 711F3D9F 		.ascii	"q\037=\237\316\355\027\026x6PW\177\006#\374\244,3\313"
 279      CEED1716 
 279      78365057 
 279      7F0623FC 
 279      A42C33CB 
 280 0223 88CF8D92 		.ascii	"\210\317\215\222\264\216\036\341\324D]\340\000\241\022"
 280      B48E1EE1 
 280      D4445DE0 
 280      00A112
 281 0232 CC5496F2 		.ascii	"\314T\226\362\340\010v\036\306N\\\242h\257\247p\022"
 281      E008761E 
 281      C64E5CA2 
 281      68AFA770 
 281      12
 282 0243 A902B6C6 		.ascii	"\251\002\266\306\301\322\272\263\241`4k\012x5\004\270"
 282      C1D2BAB3 
 282      A160346B 
 282      0A783504 
 282      B8
 283 0254 339EAFE7 		.ascii	"3\236\257\347a\264#\341\027\364\245J\361\005]\343\301"
 283      61B423E1 
 283      17F4A54A 
 283      F1055DE3 
 283      C1
 284 0265 BA34D0B7 		.ascii	"\2724\320\267o\022\356\212\216K\315C/aW\371\336\336"
 284      6F12EE8A 
 284      8E4BCD43 
 284      2F6157F9 
 284      DEDE
 285 0277 57C91DB6 		.ascii	"W\311\035\266*tU\236\331\036\372\332\017RA!\306\362"
 285      2A74559E 
 285      D91EFADA 
 285      0F524121 
 285      C6F2
 286 0289 9888B14C 		.ascii	"\230\210\261Ld\324\243\\J\225\003\264\347W\352K5\274"
 286      64D4A35C 
 286      4A9503B4 
 286      E757EA4B 
 286      35BC
 287 029b 8613AFFE 		.ascii	"\206\023\257\376\332\331;\231<\226U\256VJaF\364<\373"
 287      DAD93B99 
 287      3C9655AE 
 287      564A6146 
 287      F43CFB
 288 02ae 5F798E33 		.ascii	"_y\2163\362\216>\270\020\302\263\321\200f\325\275\342"
 288      F28E3EB8 
 288      10C2B3D1 
 288      8066D5BD 
 288      E2
 289 02bf AA089E8D 		.ascii	"\252\010\236\215>:\274\323\333=8\231\2141u\375\255\223"
ARM GAS  /tmp/ccLohoeZ.s 			page 23


 289      3E3ABCD3 
 289      DB3D3899 
 289      8C3175FD 
 289      AD93
 290 02d1 976A0C10 		.ascii	"\227j\014\020\025m\216\366\260\374\364I\022\350u\340"
 290      156D8EF6 
 290      B0FCF449 
 290      12E875E0 
 291 02e1 43B5E3CC 		.ascii	"C\265\343\314\265\223\020\305\234=\215k\235\201h8\005"
 291      B59310C5 
 291      9C3D8D6B 
 291      9D816838 
 291      05
 292 02f2 D12CEB0B 		.ascii	"\321,\353\013\245\234l\251s\353\226\217v\374\270^\312"
 292      A59C6CA9 
 292      73EB968F 
 292      76FCB85E 
 292      CA
 293 0303 4D821ADC 		.ascii	"M\202\032\334\330\011\334\006\345\007\034\264P\205b"
 293      D809DC06 
 293      E5071CB4 
 293      508562
 294 0312 AAC34FD4 		.ascii	"\252\303O\324w\2745\\\222\014\224\244\223O3\240\345"
 294      77BC355C 
 294      920C94A4 
 294      934F33A0 
 294      E5
 295 0323 6B6C9D46 		.ascii	"kl\235F\023\2250\251c\232R\2613\370\301\347\035>}<\224"
 295      139530A9 
 295      639A52B1 
 295      33F8C1E7 
 295      1D3E7D3C 
 296 0338 54B25B29 		.ascii	"T\262[)\\\317\035|\023\242\314\232\376C-\272\375\274"
 296      5CCF1D7C 
 296      13A2CC9A 
 296      FE432DBA 
 296      FDBC
 297 034a 2D70977E 		.ascii	"-p\227~\317\003\352\3229$\235UbL=dK\235n\317\252\327"
 297      CF03EAD2 
 297      39249D55 
 297      624C3D64 
 297      4B9D6ECF 
 298 0360 876F0A24 		.ascii	"\207o\012$\016#*\221;\017\341\254\372\340\033\311G\253"
 298      0E232A91 
 298      3B0FE1AC 
 298      FAE01BC9 
 298      47AB
 299 0372 AACFCA27 		.ascii	"\252\317\312'?\007\315\221o>\333\017\344\004/\036\273"
 299      3F07CD91 
 299      6F3EDB0F 
 299      E4042F1E 
 299      BB
 300 0383 EE77DC0E 		.ascii	"\356w\334\016\343cf4/^\333S\032B\316\361\261\3137+\032"
 300      E3636634 
 300      2F5EDB53 
 300      1A42CEF1 
 300      B1CB372B 
ARM GAS  /tmp/ccLohoeZ.s 			page 24


 301 0398 42C9656E 		.ascii	"B\311en\370\253\307T^=<\247\036\3367\221&>v/\247\267"
 301      F8ABC754 
 301      5E3D3CA7 
 301      1EDE3791 
 301      263E762F 
 302 03ae D3C4C7A6 		.ascii	"\323\304\307\246\323y\237o\331.\220Vy\336\325S\233\302"
 302      D3799F6F 
 302      D92E9056 
 302      79DED553 
 302      9BC2
 303 03c0 4837371A 		.ascii	"H77\032\006/\355\226\211\221hn:\321\262>\214\334\341"
 303      062FED96 
 303      8991686E 
 303      3AD1B23E 
 303      8CDCE1
 304 03d3 637B6E79 		.ascii	"c{ny\267N!C\334\250n\253\264\220\307\374\273\310\373"
 304      B74E2143 
 304      DCA86EAB 
 304      B490C7FC 
 304      BBC8FB
 305 03e6 555708C9 		.ascii	"UW\010\311&\314\350\251\312y\244'\033\270q\240/\377"
 305      26CCE8A9 
 305      CA79A427 
 305      1BB871A0 
 305      2FFF
 306 03f8 EB702EF7 		.ascii	"\353p.\367&\232\303?\224}\017rJ\021\264\177\3636m4\221"
 306      269AC33F 
 306      947D0F72 
 306      4A11B47F 
 306      F3366D34 
 307 040d 2F1937F2 		.ascii	"/\0317\362\320\316\307-!\020\355o4\267\260\361\030?"
 307      D0CEC72D 
 307      2110ED6F 
 307      34B7B0F1 
 307      183F
 308 041f 51C7B819 		.ascii	"Q\307\270\031\217\273O\035c\236q,\310\234\376\024\323"
 308      8FBB4F1D 
 308      639E712C 
 308      C89CFE14 
 308      D3
 309 0430 45CEADDF 		.ascii	"E\316\255\337\265\311<\2718;\267-\300n\012f\3776\201"
 309      B5C93CB9 
 309      383BB72D 
 309      C06E0A66 
 309      FF3681
 310 0443 BD43615F 		.ascii	"\275Ca_\015f\327\005;2\2428\322\022L\266\004+\177\243"
 310      0D66D705 
 310      3B32A238 
 310      D2124CB6 
 310      042B7FA3 
 311 0457 289FD056 		.ascii	"(\237\320VV\263\363\025\366\345`\366\245\011\354m\012"
 311      56B3F315 
 311      F6E560F6 
 311      A509EC6D 
 311      0A
 312 0468 BB21985D 		.ascii	"\273!\230]?\201\375\235\302\276\030\314\276\240\354"
 312      3F81FD9D 
ARM GAS  /tmp/ccLohoeZ.s 			page 25


 312      C2BE18CC 
 312      BEA0EC
 313 0477 D123FFA4 		.ascii	"\321#\377\244\261\253\323\206\204V6\326'\337\233[xo"
 313      B1ABD386 
 313      845636D6 
 313      27DF9B5B 
 313      786F
 314 0489 EEE2BDE9 		.ascii	"\356\342\275\351Bt \256#n#\376@\334D\334@t\"\272\021"
 314      427420AE 
 314      236E23FE 
 314      40DC44DC 
 314      407422BA 
 315 049e 77103D88 		.ascii	"w\020=\210^D\277\272T\370\266(\2764j{\036\253\324\211"
 315      5E44BFBA 
 315      54F8B628 
 315      BE346A7B 
 315      1EABD489 
 316 04b2 FBBC4EF4 		.ascii	"\373\274N\364i\325\211g\352\034\272\246\035hU\350\362"
 316      69D58967 
 316      EA1CBAA6 
 316      1D6855E8 
 316      F2
 317 04c3 9475AF68 		.ascii	"\224u\257h\237\257\212\\\256\220\333\265\017L}\274\217"
 317      9FAF8A5C 
 317      AE90DBB5 
 317      0F4C7DBC 
 317      8F
 318 04d4 94AC38A6 		.ascii	"\224\2548\246\231\025\376z\365\260\244\244\303Dr\331"
 318      9915FE7A 
 318      F5B0A4A4 
 318      C34472D9 
 319 04e4 FD10EABE 		.ascii	"\375\020\352\276\312\356\011\007s\024\337\351\221]\254"
 319      CAEE0907 
 319      7314DFE9 
 319      915DAC
 320 04f3 FC0CE0DC 		.ascii	"\374\014\340\334?\225\362\323\307\312\217f\\\340\036"
 320      3F95F2D3 
 320      C7CA8F66 
 320      5CE01E
 321 0502 86E3FF0A 		.ascii	"\206\343\377\012\015\365\315\267o$B]\340\006\306\025"
 321      0DF5CDB7 
 321      6F24425D 
 321      E006C615 
 322 0512 B841B9C0 		.ascii	"\270A\271\300\015\262\002\227\327\222\177\321\240&\323"
 322      0DB20297 
 322      D7927FD1 
 322      A026D3
 323 0521 7F030A79 		.ascii	"\177\003\012yH&\0171r\337^\357\025\201\344\363\012r"
 323      48260F31 
 323      72DF5EEF 
 323      1581E4F3 
 323      0A72
 324 0533 EFE41627 		.ascii	"\357\344\026')\340\337\255\207\273\272&\221\"n\014\347"
 324      29E0DFAD 
 324      87BBBA26 
 324      91226E0C 
 324      E7
ARM GAS  /tmp/ccLohoeZ.s 			page 26


 325 0544 9DED3792 		.ascii	"\235\3557\222\022n\354*=\230CH\0317\332\253\263NO&U"
 325      126EEC2A 
 325      3D984348 
 325      1937DAAB 
 325      B34E4F26 
 326 0559 DCE8FA7E 		.ascii	"\334\350\372~\335\215\020R\315\215\221\352\372B\201"
 326      DD8D1052 
 326      CD8D91EA 
 326      FA4281
 327 0568 97A36834 		.ascii	"\227\243h4\017\372\276\250%\274\034\025\010h\357\253"
 327      0FFABEA8 
 327      25BC1C15 
 327      0868EFAB 
 328 0578 1BDD06C4 		.ascii	"\033\335\006\304\307\270\246\246=Y_\352\001\313\020"
 328      C7B8A6A6 
 328      3D595FEA 
 328      01CB10
 329 0587 6DE64025 		.ascii	"m\346@%\032mTe\321\023<\371\261\347\024\200qAx\214\204"
 329      1A6D5465 
 329      D1133CF9 
 329      B1E71480 
 329      7141788C 
 330 059c 51363626 		.ascii	"Q66&G [0\303:!\032\262\020\177\343\311>C\344\340\367"
 330      47205B30 
 330      C33A211A 
 330      B2107FE3 
 330      C93E43E4 
 331 05b2 7AC46708 		.ascii	"z\304g\010\011\361t\334Eho\014d\315\243\340u'T\300\353"
 331      09F174DC 
 331      45686F0C 
 331      64CDA3E0 
 331      752754C0 
 332 05c7 0AF9A136 		.ascii	"\012\371\2416y\\B*\354\341`\366\304\352\320\252\260"
 332      795C422A 
 332      ECE160F6 
 332      C4EAD0AA 
 332      B0
 333 05d8 FF0A664F 		.ascii	"\377\012fO(j\315\012yD\223\254\272\275M\215\354\366"
 333      286ACD0A 
 333      794493AC 
 333      BABD4D8D 
 333      ECF6
 334 05ea 8E69DDDE 		.ascii	"\216i\335\336\241\306\240_\371\261\027\336\336\007\312"
 334      A1C6A05F 
 334      F9B117DE 
 334      DE07CA
 335 05f9 B2F7B577 		.ascii	"\262\367\265w\244\"\017+\344\007\332\312|G\230\"\353"
 335      A4220F2B 
 335      E407DACA 
 335      7C479822 
 335      EB
 336 060a 5BA46613 		.ascii	"[\244f\0239\303o\244\257\266\021\177_\375\177!\202B"
 336      39C36FA4 
 336      AFB6117F 
 336      5FFD7F21 
 336      8242
 337 061c 0D9F6384 		.ascii	"\015\237c\204\377K\264\371Y<\331\312\356\367F!\0126"
ARM GAS  /tmp/ccLohoeZ.s 			page 27


 337      FF4BB4F9 
 337      593CD9CA 
 337      EEF74621 
 337      0A36
 338 062e 0881FB3D 		.ascii	"\010\201\373=\346\377{\321\272\265\277c\334\355\243"
 338      E6FF7BD1 
 338      BAB5BF63 
 338      DCEDA3
 339 063d 44E5426D 		.ascii	"D\345Bm\022\370\205\242\357\227W$\245\332SSS\354\313"
 339      12F885A2 
 339      EF975724 
 339      A5DA5353 
 339      53ECCB
 340 0650 92925766 		.ascii	"\222\222Wf\256\262\247d\244%9\323\355\316t\247\333\360"
 340      AEB2A764 
 340      A42539D3 
 340      EDCE74A7 
 340      DBF0
 341 0662 CE871FCD 		.ascii	"\316\207\037\315\264\306\306\352\342bb,\326\025\316"
 341      B4C6C6EA 
 341      E262622C 
 341      D615CE
 342 0671 65CE4536 		.ascii	"e\316E6K\206\313\2023,\2532V\273]\026\333\222\017\346"
 342      4B86CB82 
 342      332CAB32 
 342      56BB5D16 
 342      DB920FE6 
 343 0685 C6F1E7C2 		.ascii	"\306\361\347\3029k\326Xd\255\230d]\270_\226\012E\272"
 343      396BD658 
 343      64AD9864 
 343      5DB85F96 
 343      0A45BA
 344 0698 DC6973E3 		.ascii	"\334is\343\354\311\251\031\311+Y\207\321n\317t\246\273"
 344      ECC9A919 
 344      C92B5987 
 344      D16ECF74 
 344      A6BB
 345 06aa B1CF3DCF 		.ascii	"\261\317=\317\222\351ZmIZ\2356;=#\3351\333\221\264\314"
 345      92E95A6D 
 345      495A9D36 
 345      3B3D23DD 
 345      31DB91B4 
 346 06bf 6971A627 		.ascii	"iq\246'\247f\2468,iI\311+\234\351\016\213=\305\261<"
 346      A766A638 
 346      2C6949C9 
 346      2B9CE90E 
 346      8B3DC5B1 
 347 06d4 2933D56D 		.ascii	")3\325mw\257]\345p\305\254\320\031\374\263_\177\301"
 347      77AF5DE5 
 347      70C5ACD0 
 347      19FCB35F 
 347      7FC1
 348 06e6 6CD75A97 		.ascii	"l\327Z\227\305\356r\247 \025\247L\261\255u\271\035i"
 348      C5EE72A7 
 348      2015A74C 
 348      B1AD75B9 
 348      1D69
ARM GAS  /tmp/ccLohoeZ.s 			page 28


 349 06f8 D68CD50E 		.ascii	"\326\214\325\016+\365C\260\212\304j\023\347\216\337"
 349      2BF543B0 
 349      8AC46A13 
 349      E78EDF
 350 0707 9A638DDB 		.ascii	"\232c\215\333b\375\300\366\256\0157\245\332\027\363"
 350      62FDC0F6 
 350      AE0D37A5 
 350      DA17F3
 351 0716 7FF99C79 		.ascii	"\177\371\234yqk\336@)\323\342\217E\373\022te\201cy\210"
 351      716BDE40 
 351      29D3E28F 
 351      45FB1274 
 351      65816379 
 352 072b 75E13BE2 		.ascii	"u\341;\342\\\366\214\013\215O\234/\332\226\210\372\371"
 352      5CF68C0B 
 352      8D4F9C2F 
 352      DA9688FA 
 352      F9
 353 073c 0BAC6268 		.ascii	"\013\254bh\374\342\371\261\011\037\262w\034\276'\341"
 353      FCE2F9B1 
 353      091FB277 
 353      1CBE27E1 
 354 074c 20BE0CB4 		.ascii	" \276\014\264\233\222\350G\034\375 \326wE=\235O\254"
 354      9B92E847 
 354      1CFD20D6 
 354      77453D9D 
 354      4FAC
 355 075e 629C49B4 		.ascii	"b\234I\264Z\375\322d\321|\321 &\330\022\304\245\011"
 355      5AFDD264 
 355      D17CD120 
 355      26D812C4 
 355      A509
 356 0770 0B847851 		.ascii	"\013\204xQ\260\211\241\213\026/y/\341\023QO\037$\336"
 356      B089A18B 
 356      162F792F 
 356      E113514F 
 356      1F24DE
 357 0783 2AEA3F16 		.ascii	"*\352?\026\027\213\021\013\337\217\267%\372\247\375"
 357      178B110B 
 357      DF8FB725 
 357      FAA7FD
 358 0792 03776478 		.ascii	"\003wdx\247"
 358      A7
 359              		.text
 360              		.section	.gnu.lto_.symtab.9572eccdd6802e8b,"",%progbits
 361 0000 68616C5F 		.ascii	"hal_lld_init\000"
 361      6C6C645F 
 361      696E6974 
 361      00
 362 000d 00       		.ascii	"\000"
 363 000e 00       		.ascii	"\000"
 364 000f 00       		.ascii	"\000"
 365 0010 00000000 		.ascii	"\000\000\000\000\000\000\000\000"
 365      00000000 
 366 0018 AF000000 		.ascii	"\257\000\000\000"
 367 001c 73746D33 		.ascii	"stm32_clock_init\000"
 367      325F636C 
ARM GAS  /tmp/ccLohoeZ.s 			page 29


 367      6F636B5F 
 367      696E6974 
 367      00
 368 002d 00       		.ascii	"\000"
 369 002e 00       		.ascii	"\000"
 370 002f 00       		.ascii	"\000"
 371 0030 00000000 		.ascii	"\000\000\000\000\000\000\000\000"
 371      00000000 
 372 0038 B1000000 		.ascii	"\261\000\000\000"
 373 003c 53797374 		.ascii	"SystemCoreClock\000"
 373      656D436F 
 373      7265436C 
 373      6F636B00 
 374 004c 00       		.ascii	"\000"
 375 004d 00       		.ascii	"\000"
 376 004e 00       		.ascii	"\000"
 377 004f 00000000 		.ascii	"\000\000\000\000\000\000\000\000"
 377      00000000 
 378 0057 BC000000 		.ascii	"\274\000\000\000"
 379              		.text
 380              		.section	.gnu.lto_.opts,"",%progbits
 381 0000 272D666D 		.ascii	"'-fmath-errno' '-fsigned-zeros' '-ftrapping-math' '"
 381      6174682D 
 381      6572726E 
 381      6F272027 
 381      2D667369 
 382 0033 2D666E6F 		.ascii	"-fno-trapv' '-fno-strict-overflow' '-fno-openmp' '-"
 382      2D747261 
 382      70762720 
 382      272D666E 
 382      6F2D7374 
 383 0066 666E6F2D 		.ascii	"fno-openacc' '-mcpu=cortex-m0' '-mno-thumb-interwor"
 383      6F70656E 
 383      61636327 
 383      20272D6D 
 383      6370753D 
 384 0099 6B272027 		.ascii	"k' '-mthumb' '-ggdb' '-O0' '-fomit-frame-pointer' '"
 384      2D6D7468 
 384      756D6227 
 384      20272D67 
 384      67646227 
 385 00cc 2D66616C 		.ascii	"-falign-functions=16' '-ffunction-sections' '-fdata"
 385      69676E2D 
 385      66756E63 
 385      74696F6E 
 385      733D3136 
 386 00ff 2D736563 		.ascii	"-sections' '-fno-common' '-flto'\000"
 386      74696F6E 
 386      73272027 
 386      2D666E6F 
 386      2D636F6D 
 387              		.text
 388              		.comm	__gnu_lto_v1,1,1
 389              		.comm	__gnu_lto_slim,1,1
 390              		.ident	"GCC: (GNU Tools for ARM Embedded Processors) 5.4.1 20160609 (release) [ARM/embedded-5-bran
ARM GAS  /tmp/ccLohoeZ.s 			page 30


DEFINED SYMBOLS
                            *ABS*:0000000000000000 hal_lld.c
                            *COM*:0000000000000001 __gnu_lto_v1
                            *COM*:0000000000000001 __gnu_lto_slim

NO UNDEFINED SYMBOLS
