ARM GAS  /tmp/cchFxX7Q.s 			page 1


   1              		.syntax unified
   2              		.cpu cortex-m0
   3              		.fpu softvfp
   4              		.eabi_attribute 20, 1
   5              		.eabi_attribute 21, 1
   6              		.eabi_attribute 23, 3
   7              		.eabi_attribute 24, 1
   8              		.eabi_attribute 25, 1
   9              		.eabi_attribute 26, 1
  10              		.eabi_attribute 30, 6
  11              		.eabi_attribute 34, 0
  12              		.eabi_attribute 18, 4
  13              		.thumb
  14              		.syntax unified
  15              		.file	"nvic.c"
  16              		.text
  17              	.Ltext0:
  18              		.section	.gnu.lto_.inline.e8dc883ea32c1db3,"",%progbits
  19 0000 789C6361 		.ascii	"x\234ca`d\000\001_\006\004`a`\220\224```\322k\370\316"
  19      60640001 
  19      5F060460 
  19      61609094 
  19      606060D2 
  20 0017 04E43081 		.ascii	"\004\3440\201\304\030\031\004\370\201B2\033^1\302\204"
  20      C4181904 
  20      F8814232 
  20      1B5E31C2 
  20      84
  21 0028 98184445 		.ascii	"\230\030DE\200\244\332\201\035pU\314\014\354l@!\256"
  21      80A4DA81 
  21      1D7055CC 
  21      0CEC6C40 
  21      21AE
  22 003a 07B13011 		.ascii	"\007\2610\021\006\000?}\007H"
  22      06003F7D 
  22      0748
  23              		.text
  24              		.section	.gnu.lto_nvicEnableVector.e8dc883ea32c1db3,"",%progbits
  25 0000 789C9556 		.ascii	"x\234\225V[O\\U\024>\353\3543783@\303%\300\304\362B"
  25      5B4F5C55 
  25      143EEBEC 
  25      33373833 
  25      40C325C0 
  26 0017 080F7244 		.ascii	"\010\017rD\023}\360E\323\244o\215I\375\005JLJ\3222\275"
  26      137DF045 
  26      D3A46F8D 
  26      49FD054A 
  26      4C4AD232 
  27 002c 18D3374E 		.ascii	"\030\3237N\347\246\365ISa\002Q+\261\015\324\2262Tj;"
  27      E7A6F549 
  27      53610251 
  27      2BB10DD4 
  27      9632546A 
  28 0041 B4E2E974 		.ascii	"\264\342\351t\000\301\326\026E\261V#\265#&\3066\200"
  28      00C1D616 
  28      45B15623 
  28      B52326C6 
ARM GAS  /tmp/cchFxX7Q.s 			page 2


  28      3680
  29 0053 90D27019 		.ascii	"\220\322p\031\327\332\373`\011{f\314L\302\232\263\327"
  29      D7DAFB60 
  29      097B66CC 
  29      4CC29AB3 
  29      D7
  30 0064 F9D6B7BF 		.ascii	"\371\326\267\277o\355\2355h\012(\364\271\354Q\224\347"
  30      6FED9D35 
  30      680A28F4 
  30      B9EC5194 
  30      E7
  31 0075 F1BB8216 		.ascii	"\361\273\202\026L\001U\301?\240w\240\264\253\320\016"
  31      4C0155C1 
  31      3FA077A0 
  31      B4ABD00E 
  32 0085 CBEABA0A 		.ascii	"\313\352\272\012\311\267\347\022jc\257\211\237\331\323"
  32      C9B7E712 
  32      6A63AF89 
  32      9FD9D3
  33 0094 1F33B3CF 		.ascii	"\0373\263\317\202\010S\224\214\3129\024\350\205FDM\205"
  33      82085394 
  33      8CCA3914 
  33      E8854644 
  33      4D85
  34 00a6 E31FB225 		.ascii	"\343\037\262%5\302\0004\\.\334\354\276\357\243\245\012"
  34      35C20034 
  34      5C2EDCEC 
  34      BEEFA3A5 
  34      0A
  35 00b7 75B85C37 		.ascii	"u\270\\7?\350\364\261g@\301\347\256d\307]o\303i\323"
  35      3FE8F4B1 
  35      6740C1E7 
  35      AE64C75D 
  35      6FC369D3 
  36 00cb 0C9AE6FB 		.ascii	"\014\232\346\373o\230\236\010c\360\0310\344\2033\340"
  36      6F989E08 
  36      63F01930 
  36      E48333E0 
  37 00db 873EF02B 		.ascii	"\207>\360+\230R\340,4 \372l\360\317\007\214=\313+\217"
  37      9852E02C 
  37      3420FA6C 
  37      F0CF078C 
  37      3DCB2B8F 
  38 00ef 4FACDF77 		.ascii	"O\254\337w\331\225\011\273\362\\\226\312~h \370\357"
  38      D99509BB 
  38      F25C96CA 
  38      7E6820F8 
  38      EF
  39 0100 831B1D5E 		.ascii	"\203\033\035^g\230\204\327\011\271p\036\234h\257\012"
  39      679884D7 
  39      09B9701E 
  39      9C68AF0A 
  40 0110 5FC67A2E 		.ascii	"_\306z.\256\024\327\177J\\\326\343_\365w\337;\346\216"
  40      AE14D77F 
  40      4A5CD6E3 
  40      5FF577DF 
  40      3BE68E
ARM GAS  /tmp/cchFxX7Q.s 			page 3


  41 0123 304DD9CA 		.ascii	"0M\331\312\305\335\015@=i\036\234]p\010\264\231H\177"
  41      C5DD0D40 
  41      3D691E9C 
  41      5D7008B4 
  41      99487F
  42 0136 02E6F197 		.ascii	"\002\346\361\227\"\314!\243\343\034\275\205\333\314"
  42      22CC21A3 
  42      E31CBD85 
  42      DBCC
  43 0144 6CA2B370 		.ascii	"l\242\263p\017J\334]\177\344\346\276 \241cy\320\237"
  43      0F4ADC5D 
  43      7FE4E6BE 
  43      20A16379 
  43      D09F
  44 0156 4BE8D53C 		.ascii	"K\350\325<\350!\011}\341\266\011\341\272\254\340\213"
  44      E821097D 
  44      E1B609E1 
  44      BAACE08B 
  45 0166 12787993 		.ascii	"\022xy\223\332)\243\277\220\320Sy\320\227\012\021ry"
  45      DA29A3BF 
  45      90D05379 
  45      D0970A11 
  45      7279
  46 0178 3BD85A7D 		.ascii	";\330Z}\000]}V\016xB\342\376-OK\206\013QrE\002\337\311"
  46      005D7D56 
  46      0E7842E2 
  46      FE2D4F4B 
  46      860B5172 
  47 0190 437D55D2 		.ascii	"C}U\322\375xY\317\255\373\313\355\227\312:1\306lx\226"
  47      FD7859CF 
  47      ADFBCBED 
  47      97CA3A31 
  47      C66C7896 
  48 01a4 5B352237 		.ascii	"[5\"7<\317\215\375JBw\344Qn\311-L\347>\314k\222\360"
  48      3CCF8DFD 
  48      4A4277E4 
  48      516EC92D 
  48      4CE73ECC 
  49 01bb 8E7CC293 		.ascii	"\216|\302\223\005\011\277^\220\360TA\302G\241~`\257"
  49      0509BF5E 
  49      90F05441 
  49      C247A17E 
  49      60AF
  50 01cd 65663221 		.ascii	"ef2!\323\372\247q,\266\373)\300\311\242\341l\304\241"
  50      D3FAA771 
  50      2CB6FB29 
  50      C0C9A2E1 
  50      6CC4A1
  51 01e0 C4F0D1A1 		.ascii	"\304\360\321\241\321\332AO.\012n\012\036\012E\030\234"
  51      D1DA414F 
  51      2E0A6E0A 
  51      1E0A4518 
  51      9C
  52 01f1 C514745A 		.ascii	"\305\024tZz\201\246\221\217\036K(\224R(\243\260\203"
  52      7A81A691 
  52      8F1E4B28 
  52      945228A3 
ARM GAS  /tmp/cchFxX7Q.s 			page 4


  52      B083
  53 0203 4239D154 		.ascii	"B9\321T\320S%\205*\252\253\246\\\015-k)\320Ls*\312<"
  53      D0532585 
  53      2AAAABA6 
  53      5C0D2D6B 
  53      29D04C73 
  54 021a 1FB70B2A 		.ascii	"\037\267\013*~\2619\010.\305G\\4\315B\014\320\327P\317"
  54      7EB13908 
  54      2EC5475C 
  54      34CD420C 
  54      D0D750CF 
  55 022e C3159DA6 		.ascii	"\303\025\235\246\255\006f2d\372`\014\235\314Ah1\232"
  55      AD066632 
  55      64FA600C 
  55      9DCC4168 
  55      319A
  56 0240 06816221 		.ascii	"\006\201b!F\263|4\363\310*!\240\003\007\3758\007\005"
  56      46B37C34 
  56      F3C82A21 
  56      A00307FD 
  56      380705
  57 0253 9766770A 		.ascii	"\227fw\012\214\266\245L\023)\007\226\331\270\344\310"
  57      8CB6A54C 
  57      13290796 
  57      D9B8E4C8 
  58 0263 BD7A9174 		.ascii	"\275z\221t!Qg$y\313%v\244Q\373h|\362\035\375$|t\214"
  58      21516724 
  58      79CB2576 
  58      A451FB68 
  58      7CF21DFD 
  59 027b 866D3B2A 		.ascii	"\206m;*v\021\335\327\324O|;\263\270x]7\372\3150\376"
  59      7611DDD7 
  59      D44F7C3B 
  59      B3B8785D 
  59      37FACD30 
  60 0290 70B86102 		.ascii	"p\270a\002N\302\006w\203\257\316u\307~\3615\017\230"
  60      4EC20677 
  60      83AFCE75 
  60      C77EF135 
  60      0F98
  61 02a2 61AC8CE1 		.ascii	"a\254\214\341k\017L\202\201\373\362c\370\006\232I\316"
  61      6B0F4C82 
  61      81FBF263 
  61      F8069A49 
  61      CE
  62 02b3 5AF46FDB 		.ascii	"Z\364o\333\253[\270H.\306{u\341\202\301\015\241\271"
  62      AB5BB848 
  62      2EC67B75 
  62      E182C10D 
  62      A1B9
  63 02c5 DB29201E 		.ascii	"\333) \036D!\244\373\312\322\244C@\334pS@\346\243\323"
  63      4421A4FB 
  63      CAD2A443 
  63      40DC7053 
  63      40E6A3D3 
  64 02d9 364F1122 		.ascii	"6O\021\"\006\"\3513nB8!\003\360-\370\261\226\332\261"
  64      0622E933 
ARM GAS  /tmp/cchFxX7Q.s 			page 5


  64      6E423821 
  64      03F02DF8 
  64      B196DAB1 
  65 02ed 119DB6A9 		.ascii	"\021\235\266\251\212\021(\366O\331\031=D\306\212\005"
  65      8A1128F6 
  65      4FD9193D 
  65      44C68A05 
  66 02fd D9C34B36 		.ascii	"\331\303K6\233/\304\274H\230^\355\037\366\011B'\334"
  66      9B2FC4BC 
  66      48985EED 
  66      1FF60942 
  66      27DC
  67 030f 125BAE45 		.ascii	"\022[\256E\327\354\322\022\352\3446\255\245\230~\"."
  67      D7ECD212 
  67      EAE436AD 
  67      A5987E22 
  67      2E
  68 0320 6D67CB38 		.ascii	"mg\3138c)%W\242s3\317\211\354\016\276{\031\035Dg\217"
  68      63292557 
  68      A27333CF 
  68      89EC0EBE 
  68      7B191D44 
  69 0336 9F72DBDB 		.ascii	"\237r\333\333^\302\273\0169\272~;W\327_\240\246OQ\323"
  69      5EC2BB0E 
  69      39BA7E3B 
  69      57D75FA0 
  69      A64F51D3 
  70 034a 196FFA77 		.ascii	"\031o\372w\320\214\273\361\2131\237:$6/\177r3R\252H"
  70      D08CBBF1 
  70      8B319F3A 
  70      24362F7F 
  70      723352AA 
  71 035f 5588A398 		.ascii	"U\210\243\23085\274\246\013\323\016\370~\323\364\264"
  71      3835BCA6 
  71      0BD30EF8 
  71      7ED3F4B4 
  72 036f 7D7D2A05 		.ascii	"}}*\005\350\304\251\363\011\2578\214\2350\375\237_&"
  72      E8C4A9F3 
  72      09AF388C 
  72      9D30FD9F 
  72      5F26
  73 0381 40F46B3C 		.ascii	"@\364k<\224\032\217\332\207\001\360\003\235E%wz\257"
  73      941A8FDA 
  73      8701F003 
  73      9D452577 
  73      7AAF
  74 0393 2AB7D3F2 		.ascii	"*\267\323\362\254N\213\340G\356\024d\247/\222\323\031"
  74      AC4E8BE0 
  74      47EE1464 
  74      A72F92D3 
  74      19
  75 03a4 72CAFFE1 		.ascii	"r\312\377\341\201\237\310i\025w\032\037\265\235V\313"
  75      819FC869 
  75      15771A1F 
  75      B59D56CB 
  76 03b4 4E6BE8E4 		.ascii	"Nk\350\344$k\265\224\225\274\370\205\370\332\377\025"
  76      246BB594 
ARM GAS  /tmp/cchFxX7Q.s 			page 6


  76      95BCF885 
  76      F8DAFF15 
  77 03c4 5F9D43FC 		.ascii	"_\235C\374\035.^\315!\376g\022_\303\305\337%\361~\345"
  77      1D2E5ECD 
  77      21FE6712 
  77      5FC3C5DF 
  77      25F17EE5 
  78 03d8 2F085AB1 		.ascii	"/\010Z\261\335\264\017\237\\\363\344\033\253\237nj2"
  78      DDB40F9F 
  78      5CF3E41B 
  78      AB9F6E6A 
  78      32
  79 03e9 76ED6B7D 		.ascii	"v\355k}\275\365\225W\215\300\021c\337k\373\215\203\201"
  79      BDF59557 
  79      8DC01163 
  79      DF6BFB8D 
  79      8381
  80 03fb C36F1E31 		.ascii	"\303o\0361Z\002\007\016\004\332\214\227\367\356\331"
  80      5A02070E 
  80      04DA8C97 
  80      F7EED9
  81 040a B5E7A8D1 		.ascii	"\265\347\250\321\366VkKS\213\002m\332\301\303\255\201"
  81      F6566B4B 
  81      538B026D 
  81      DAC1C3AD 
  81      81
  82 041b 7F01E2E6 		.ascii	"\177\001\342\346#`"
  82      2360
  83              		.text
  84              		.section	.gnu.lto_nvicDisableVector.e8dc883ea32c1db3,"",%progbits
  85 0000 789C9594 		.ascii	"x\234\225\224\317KTQ\024\307\357yw\336s\306\371\241"
  85      CF4B5451 
  85      14C7EF79 
  85      77DE73C6 
  85      F9A1
  86 0012 12D146D0 		.ascii	"\022\321F\320\315 .\362\345\252E\233Bh'\201\375\005"
  86      CD202EF2 
  86      E5AA459B 
  86      42682781 
  86      FD05
  87 0024 2581426A 		.ascii	"%\201BjeE\233\360\346\314\233jm*J\241\222\241\226\277"
  87      65459BF0 
  87      E6CC9B6A 
  87      6D2A4AA1 
  87      92A196BF 
  88 0038 D36A3475 		.ascii	"\323j4u\032\177\245Y&\024\005\011Y\215.\\\204\232\241"
  88      1A7FA559 
  88      26140509 
  88      598D2E5C 
  88      849AA1
  89 004b 813A9DF3 		.ascii	"\201:\235\363\356\210\342\323\001\037\314}\357\336\373"
  89      EE88E2D3 
  89      011FCC7D 
  89      EFDEFB
  90 005a B9E79CEF 		.ascii	"\271\347\234\3579\367\214\215\001\243\347\206\306X6"
  90      39F78C8D 
  90      01A3E786 
ARM GAS  /tmp/cchFxX7Q.s 			page 7


  90      C65836
  91 0069 BE8FD284 		.ascii	"\276\217\322\2043P\030\376\200\366\200\225)P\006\177"
  91      335018FE 
  91      80F68095 
  91      2950067F 
  92 0079 954D05C2 		.ascii	"\225M\005\302w\027\202Jf\223\300gnt\341\204h\016\201"
  92      7717824A 
  92      6693C067 
  92      6E74E184 
  92      680E81
  93 008c C1198B2A 		.ascii	"\301\031\213*\246\015\006M\220\211\324\214\277\363!"
  93      A60D064D 
  93      9089D48C 
  93      BFF321
  94 009b 5F550C0E 		.ascii	"_U\014\016`\303\351\362\373\332_\036\232*\220\216\323"
  94      60C3E9F2 
  94      FBDA5F1E 
  94      9A2A908E 
  94      D3
  95 00ac 4DF1A0CA 		.ascii	"M\361\240\312\303O\000\303\357\232p\3457w\306\023!\312"
  95      C34F00C3 
  95      EF9A70E5 
  95      3777C613 
  95      21CA
  96 00be 85A8B824 		.ascii	"\205\250\270$\034\006\347\360\0248\332\203\026H\205"
  96      1C06E7F0 
  96      1438DA83 
  96      164885
  97 00cd 664865B8 		.ascii	"fHe\270\304\340\031d\020\376\263k\253\322\255\371\311"
  97      C4E01964 
  97      10FEB36B 
  97      ABD2ADF9 
  97      C9
  98 00de 7DBA740A 		.ascii	"}\272t\012\255\240a\220\036\334\254n\350]wz\037\223"
  98      ADA06190 
  98      1EDCAC6E 
  98      E85D777A 
  98      1F93
  99 00f0 AD50708C 		.ascii	"\255Pp\214\3274\207\374\351\006\267\261\335\306\314"
  99      D73487FC 
  99      E906B7B1 
  99      DDC6CC
 100 00ff 20DBC04B 		.ascii	" \333\300K\256\273\346\226U\211\213\231H=\210\373\247"
 100      AEBBE696 
 100      55898B99 
 100      483D88FB 
 100      A7
 101 0110 0DAE5AE9 		.ascii	"\015\256Z\351v\013]9\1770\335a\241\277o\333\326\254"
 101      760B5D39 
 101      7F30DD61 
 101      A1BF6FDB 
 101      D6AC
 102 0122 74A749EF 		.ascii	"t\247I\357\016| ^\340]\026\343\3018\201w\3575.6\267"
 102      0E7C205E 
 102      E05D16E3 
 102      C1388177 
 102      EF352E36 
ARM GAS  /tmp/cchFxX7Q.s 			page 8


 103 0137 E97D6C3F 		.ascii	"\351}l?\267\330\256\216#\263\347PI\351\265\320\377\342"
 103      B7D8AE8E 
 103      23B3E750 
 103      49E9B5D0 
 103      FFE2
 104 0149 D02F2C74 		.ascii	"\320/,t\367G\001\224\222}\340\227\026\370\317\374\301"
 104      F7470194 
 104      927DE097 
 104      16F8CFFC 
 104      C1
 105 015a F97E65A1 		.ascii	"\371~e\241\207\342\320\301\303\004\322\007\336\216\274"
 105      87E2D0C1 
 105      C304D207 
 105      DE8EBC
 106 0169 9088467D 		.ascii	"\220\210F}\"\324\253M}]\264\037\001\274\2736\354!\274"
 106      22D4AB4D 
 106      7D5DB41F 
 106      01BCBB36 
 106      EC21BC
 107 017c BC1C3F55 		.ascii	"\274\034?U\033\015*\016\232\235v\0344M\244/'}\271hp"
 107      1B0D2A0E 
 107      9A9D761C 
 107      344DA42F 
 107      277DB968 
 108 0191 D3E0A121 		.ascii	"\323\340\241!\211\270d\032Rh\312\330\222\331c\313\012"
 108      89B8641A 
 108      5268CAD8 
 108      92D963CB 
 108      0A
 109 01a2 BEF80294 		.ascii	"\276\370\002\224\257v~\270J\227\337\307\001\203\354"
 109      AF767EB8 
 109      4A97DFC7 
 109      0183EC
 110 01b1 69F8BDEE 		.ascii	"i\370\275\356\242\026\263\201\010\373\204\007\3721\256"
 110      A216B381 
 110      08FB8407 
 110      FA31AE
 111 01c0 05F0AD04 		.ascii	"\005\360\255\004F\024Iq\037\247\006\236h\354\3330A\015"
 111      46144971 
 111      1FA7069E 
 111      68ECDB30 
 111      410D
 112 01d2 54782DA1 		.ascii	"Tx-\241\215\300'\233\204l\022\252hl\017\272\011R!\015"
 112      8DC0279B 
 112      846C12AA 
 112      686C0FBA 
 112      0952210D 
 113 01e6 0624B414 		.ascii	"\006$\264\024\210p\011\251\344od<`\227f\000\006!\025"
 113      887009A9 
 113      E46F643C 
 113      60976600 
 113      062115
 114 01f9 8F2214AE 		.ascii	"\217\"\024\256\372q\214\030\004\252\214\360t\202\014"
 114      FA718C18 
 114      04AA8CF0 
 114      74820C
 115 0208 881A776D 		.ascii	"\210\032wm|\362\236\253\016\036\335\241\326M2x\002\206"
ARM GAS  /tmp/cchFxX7Q.s 			page 9


 115      7CF29EAB 
 115      0E1EDDA1 
 115      D64D3278 
 115      0286
 116 021a 0D43943B 		.ascii	"\015C\224;\334\374\262\2622\354\322\333\204\037\377"
 116      DCFCB2B2 
 116      32ECD2DB 
 116      841FFF
 117 0229 4BEC1082 		.ascii	"K\354\020\202:\3302\265\342Vkm\365\254'\273C\370\361"
 117      3AD832B5 
 117      E2566B6D 
 117      F5AC27BB 
 117      43F8F1
 118 023c E029833B 		.ascii	"\340)\203;\340\015\350\250\305\314x\030\2621\030f\346"
 118      E00DE8A8 
 118      C5CC7818 
 118      B2311866 
 118      E6
 119 024d 623A960B 		.ascii	"b:\226\013\373\216\360\010\310%\207\3244\032]\013%I"
 119      FB8EF008 
 119      C82587D4 
 119      341A5D0B 
 119      2549
 120 025f 4D0A0C9B 		.ascii	"M\012\014\233P\371j}\232d\022w\216\315\306R\341\304"
 120      50F96A7D 
 120      9A641277 
 120      8ECDC652 
 120      E1C4
 121 0271 63312E3C 		.ascii	"c1.<\330\340\225\213\256\275Rn3SK\342\276Z\022a\304"
 121      D8E0958B 
 121      AEBD526E 
 121      33534BE2 
 121      BE5A1261 
 122 0286 D402562D 		.ascii	"\324\002V-\225@bFI\214\323\0243\006\331\262\024\221"
 122      95406246 
 122      498CD314 
 122      3306D9B2 
 122      1491
 123 0298 04E9CA2D 		.ascii	"\004\351\312-\303\016\257t6\271d\330\034\306e\220\265"
 123      C30EAF74 
 123      36B964D8 
 123      1CC66590 
 123      B5
 124 02a9 9A443C48 		.ascii	"\232D<H!R\333\277:\251J\304\016o\267\2535\025\263\223"
 124      2152DBBF 
 124      3AA94AC4 
 124      0E6FB7AB 
 124      3515B393 
 125 02bd 84448711 		.ascii	"\204D\207\021i\211U+\0120A\345\362\220\376\255\300T"
 125      6989552B 
 125      0A3041E5 
 125      F290FEAD 
 125      C054
 126 02cf CC543282 		.ascii	"\314T2\202\322\377\206*WRP-\256\233UmH\215Uu\2372\332"
 126      D2FF862A 
 126      5752502D 
 126      AE9B556D 
ARM GAS  /tmp/cchFxX7Q.s 			page 10


 126      488D5575 
 127 02e6 0F903E79 		.ascii	"\017\220>y\220\364\223\244\374\035)w\230\312\247\250"
 127      90F493A4 
 127      FC1D2977 
 127      98CAA7A8 
 128 02f6 8C296C11 		.ascii	"\214)l\021\312C\237\317\222\037\263\237\226\350(\336"
 128      CA439FCF 
 128      921FB39F 
 128      96E828DE 
 129 0306 82E35959 		.ascii	"\202\343YYzNA\341\305\302s\347\365\222R\275\340\302"
 129      7A4E41E1 
 129      C5C273E7 
 129      F59252BD 
 129      E0C2
 130 0318 65FD4AC9 		.ascii	"e\375J\311\265\353\245z~IQQI\261~&/7'\367\226^|\263"
 130      B5EBA57A 
 130      7E495151 
 130      49B17E26 
 130      2F3727F7 
 131 0330 303F2B9F 		.ascii	"0?+\237A\361\177-D\034\017"
 131      41F17F2D 
 131      441C0F
 132              		.text
 133              		.section	.gnu.lto_nvicSetSystemHandlerPriority.e8dc883ea32c1db3,"",%progbits
 134 0000 789C9595 		.ascii	"x\234\225\225\337O\024W\024\307\357\231;3\273\033\226"
 134      DF4F1457 
 134      14C7EF99 
 134      3B33BB1B 
 134      96
 135 0011 5D7F80D1 		.ascii	"]\177\200\321\204\244\274 \361AF\236\332\207>h|\360"
 135      84A4BC20 
 135      F141469E 
 135      DA873E68 
 135      7CF0
 136 0023 C998E85F 		.ascii	"\311\230\350_\200@\002\011\262\006\233\3067/;\273ki"
 136      80400209 
 136      B2069BC6 
 136      372F3BBB 
 136      6B69
 137 0035 4C53AB62 		.ascii	"LS\253b\000\215\0325`\225\237-\352\012\322\351\212("
 137      008D1A35 
 137      60959F2D 
 137      EA0AD2E9 
 137      8A28
 138 0047 58AB4D9A 		.ascii	"X\253M\2324iHK+\320\304\204\0066k Q\030\317\231;\033"
 138      3469484B 
 138      2BD0C484 
 138      06366B20 
 138      5118CF99 
 139 005d CCCE62B2 		.ascii	"\314\316b\262\223\354\231{\317\375\334s\276\367\334"
 139      93EC997B 
 139      CFFDDC73 
 139      BEF7DC
 140 006c B9775506 		.ascii	"\271wU\006\214\236q\037c\237\343\273\214:*\003\205\341"
 140      8C9E711F 
 140      639FE3BB 
 140      8C3A2A03 
ARM GAS  /tmp/cchFxX7Q.s 			page 11


 140      85E1
 141 007e 0F385A0E 		.ascii	"\0178Z\016D\000;\245p8\005o\224U\005R\247\347\223\312"
 141      44003BA5 
 141      7038056F 
 141      94550552 
 141      A7E793CA 
 142 0092 AE6E81CF 		.ascii	"\256n\201\317\314\343\377\367\210\036\013\342\210\332"
 142      CCE3FFF7 
 142      881E0BE2 
 142      88DA
 143 00a0 8A138A41 		.ascii	"\212\023\212A7\354B\352\267\330\300%\236Q\342\030@\305"
 143      37EC42EA 
 143      B7D8C025 
 143      9E51E218 
 143      40C5
 144 00b2 EED2F3CE 		.ascii	"\356\322\363\316W!\352*P\216]\363\334\330\250\237\357"
 144      5721EA2A 
 144      508E5DF3 
 144      DCD8A89F 
 144      EF
 145 00c3 0186ED05 		.ascii	"\001\206\355\0051\331\252W\336\024\"*D\262^\004\342"
 145      31D9AA57 
 145      DE14222A 
 145      44B25E04 
 145      E2
 146 00d4 9CC3F7C0 		.ascii	"\234\303\367\3001\036\334\2022\350\2012\206.\006\267"
 146      311EDC82 
 146      32E88132 
 146      862E06B7 
 147 00e4 A112E9DB 		.ascii	"\241\022\351\333\321\377\0268\377\314\231\3316\271\372"
 147      D1FF1638 
 147      FFCC99D9 
 147      36B9FA
 148 00f3 CAE7CE5C 		.ascii	"\312\347\316\\ug\336\3113\263\027*\011\377wp\355B\261"
 148      7567DEC9 
 148      33B3172A 
 148      09FF7770 
 148      ED42B1
 149 0106 1E23E1E5 		.ascii	"\036#\341\345mY\305\320\007:.\261\004\307/^\033^)\252"
 149      6D59C5D0 
 149      073A2EB1 
 149      04C72F5E 
 149      1B5E29AA 
 150 011a B84EE12C 		.ascii	"\270N\341,;\301;z\254Xy\234\253\354\303x\316\012\373"
 150      3BC13B7A 
 150      AC58799C 
 150      ABECC378 
 150      CE0AFB
 151 012d A102F18E 		.ascii	"\241\002\361\216\301\231%M\342\"9{\025D\333\3368\327"
 151      C199254D 
 151      E222397B 
 151      1544DBDE 
 151      38D7
 152 013f BCF48087 		.ascii	"\274\364\200\207\036z)\200B\347\201\007\013\201\207"
 152      1E7A2980 
 152      42E78107 
 152      0B8187
ARM GAS  /tmp/cchFxX7Q.s 			page 12


 153 014e 1CF803D9 		.ascii	"\034\370\003\331\242k\316\325\221G\365\017\236\320\367"
 153      A26BCED5 
 153      9147F50F 
 153      9ED0F7
 154 015d E63656FD 		.ascii	"\3466V\375c!B\206\013\201\357z\340\341\217\350\270\347"
 154      63214286 
 154      0B81EF7A 
 154      E0E18FE8 
 154      B8E7
 155 016f 553D11FC 		.ascii	"U=\021\374\372\333V\177^\372~!B\222\036x0\033Z\367\322"
 155      FADB567F 
 155      5EFA7E21 
 155      42921E78 
 155      301B5AF7 
 156 0184 0F3CF46A 		.ascii	"\017<\364jVv\036z\244\020!\243\271\260u\366t\205\373"
 156      56761E7A 
 156      A41021A3 
 156      B9B075F6 
 156      7485FB
 157 0197 F9E5C11F 		.ascii	"\371\345\301\037n\254$\017=V\210\222\237<\360\362GB"
 157      6EAC240F 
 157      3D568892 
 157      9F3CF0F2 
 157      4742
 158 01a9 5B1EDDF6 		.ascii	"[\036\335\366D\335Y3\376T\250y\371\237\241\002\317]"
 158      44DD5933 
 158      FE54A879 
 158      F99FA102 
 158      CF5D
 159 01bb FF614BD8 		.ascii	"\377aK\330\266)\2547\372\031s\344\033\330\016xJU\005"
 159      B629AC37 
 159      FA1973E4 
 159      1BD80E78 
 159      4A5505
 160 01ce E880736C 		.ascii	"\350\200slj*\031\215\214N#>j\371\311\004\310\024\221"
 160      6A2A198D 
 160      8C4E233E 
 160      6AF9C904 
 160      C81491
 161 01e1 09922926 		.ascii	"\011\222)&\023B\243\207\311l\242\356f\240\323\276\205"
 161      1342A387 
 161      C96CA2EE 
 161      66A0D3BE 
 161      85
 162 01f2 9A5BC994 		.ascii	"\232[\311\224\220)%\263\215\014c\213\3165\265\250\340"
 162      902925B3 
 162      8D0C638B 
 162      CE35B5A8 
 162      E0
 163 0203 8B2F2978 		.ascii	"\213/)x\013\360y\210f\026\377\256\241\213\300\344\200"
 163      0BF07988 
 163      6616FFAE 
 163      A18BC0E4 
 163      80
 164 0214 0B6A4D8E 		.ascii	"\013jM\216\236\327\350\256RA\374i\212\020\244p\001\363"
 164      9ED7E8AE 
 164      5241FC69 
ARM GAS  /tmp/cchFxX7Q.s 			page 13


 164      8A10A470 
 164      01F3
 165 0226 60BE4BCC 		.ascii	"`\276K\314\202\244\270\311\351&\354Kg\372t\0025\010"
 165      82A4B8C9 
 165      E926EC4B 
 165      67FA7402 
 165      3508
 166 0238 C32309B5 		.ascii	"\303#\011\265\353\022Q\221B\344\367\330\215\277\002"
 166      EB125191 
 166      42E4F7D8 
 166      8DBF02
 167 0247 1259B16D 		.ascii	"\022Y\261m;\014\343\022K\273\230\206$b\217\355e+,1\354"
 167      3B0CE312 
 167      4BBB9886 
 167      24628FED 
 167      652B2C31 
 168 025c 38483433 		.ascii	"8H43\263S2\372\272\200iM\272|( 7\243\037\335\271\341"
 168      B35332FA 
 168      BA80694D 
 168      BA7C2820 
 168      37A31FDD 
 169 0272 03E876E3 		.ascii	"\003\350v\343\245\306\256\355\226\316\"L\330\036O\275"
 169      A5C6AEED 
 169      96CE224C 
 169      D81E4FBD 
 170 0282 F0C935D2 		.ascii	"\360\3115\322\325\270\374d\352\253\340\025\270\334J"
 170      D5B8FC64 
 170      EAABE015 
 170      B8DC4A
 171 0291 9763176D 		.ascii	"\227c\027m\210\217\362N\320\316\341\360\037\351\364"
 171      888FF24E 
 171      D0CEE1F0 
 171      1FE9F4
 172 02a0 A3A0D12B 		.ascii	"\243\240\321+bx\323\373\341\011\\\2015\247\2148t\247"
 172      6278D3FB 
 172      E1095C81 
 172      35A78C38 
 172      74A7
 173 02b2 F3E274A8 		.ascii	"\363\342t\250\272_\304p\3520\016\007\340)\030\230\330"
 173      BA5FC470 
 173      EA300E07 
 173      E0291898 
 173      D8
 174 02c3 D9F049A8 		.ascii	"\331\360I\250vu\357\220\251\203\262p\251\364@wP.\227"
 174      7675EF90 
 174      A983B270 
 174      A9F44077 
 174      502E97
 175 02d6 C39494DC 		.ascii	"\303\224\224\334\351J.F\012\221\316\221\314\224&\021"
 175      E94A2E46 
 175      0A91CE91 
 175      CC942611 
 176 02e6 3F3C93C8 		.ascii	"?<\223\310bb\334\215\023B\242?>{\313O\204\0166\300/"
 176      6262DC8D 
 176      1342A23F 
 176      3E7BCB4F 
 176      840E36C0 
ARM GAS  /tmp/cchFxX7Q.s 			page 14


 177 02fb 508673A9 		.ascii	"P\206s\251nk\211\361\355\222\012#(\363g|\322\263\011"
 177      6E6B89F1 
 177      ED920A23 
 177      28F3677C 
 177      D2B309
 178 030e 578F7E19 		.ascii	"W\217~\031l\342\322yw?\267\230|3F\234}\333\373 $#\352"
 178      6CE2D279 
 178      773FB798 
 178      7C33469C 
 178      7DDBFB20 
 179 0325 F03C5BF3 		.ascii	"\360<[\363\354\334\255T\363\034\261%\350^W7\355\222"
 179      ECDCAD54 
 179      F31CB125 
 179      E85E5737 
 179      ED92
 180 0337 A54EC412 		.ascii	"\245N\304\022r\256$\326\272\276s\335\333\234\374\245"
 180      72AE24D6 
 180      BABE73DD 
 180      DB9CFCA5 
 181 0347 B417EDFF 		.ascii	"\264\027\355\377|B\276\334\312\027;u\207\015\352\376"
 181      7C42BEDC 
 181      CA173B75 
 181      870DEAFE 
 182 0357 EB4675FF 		.ascii	"\353Fu\377\224\312\376\202\312\2569e\177\011\325\230"
 182      94CAFE82 
 182      CAAE3965 
 182      7F09D598 
 183 0367 8DBD86A8 		.ascii	"\215\275\206\250u\371\000\345a\362\233\307\3779\234"
 183      75F900E5 
 183      61F29BC7 
 183      FF399C
 184 0376 BEBBAACA 		.ascii	"\276\273\252\312\330\337\320x\264\361\320\021#r\302"
 184      D8DFD078 
 184      B4F1D011 
 184      2372C2
 185 0385 68A86932 		.ascii	"h\250i2\216GZ\2768a\324F\216\035\2134\033\373\016\037"
 185      8E475ABE 
 185      3861D446 
 185      8E1D8B34 
 185      1BFB0E1F 
 186 0399 DC7FF0A4 		.ascii	"\334\177\360\244\321\374ecmU-\3635\3244\3275\325\267"
 186      D1FC6563 
 186      6D552DF3 
 186      35D434D7 
 186      35D5B7
 187 03ac A8C75B1A 		.ascii	"\250\307[\032#\357\001s,\177z"
 187      23EF0173 
 187      2C7F7A
 188              		.text
 189              		.section	.gnu.lto_nvicClearPending.e8dc883ea32c1db3,"",%progbits
 190 0000 789C7D92 		.ascii	"x\234}\222\301k\023A\024\306\347\233\331\3354\230\304"
 190      C16B1341 
 190      14C6E79B 
 190      D9DD3498 
 190      C4
 191 0011 93B780B9 		.ascii	"\223\267\200\271\204R\304ls\366\242\364\340\251\010"
 191      8452C46C 
ARM GAS  /tmp/cchFxX7Q.s 			page 15


 191      73F6A2F4 
 191      E0A908
 192 0020 F52FD020 		.ascii	"\365/\320 4`\023\265\"\336:&\331T\217E\233\332b\251"
 192      346013B5 
 192      22DE3A26 
 192      D9548F45 
 192      9BDA62A9 
 193 0034 C596466D 		.ascii	"\305\226Fm\233F[\265zp\215\205\242\"\022\020<\250P\324"
 193      9B465BB5 
 193      7A708D85 
 193      A2221210 
 193      3CA850D4 
 194 0048 E620A849 		.ascii	"\346 \250IHi\221\266\361\315\256\202\020t\0163\363\336"
 194      486991B6 
 194      F1CDAE82 
 194      10740E33 
 194      F3DE
 195 005a FCE67B6F 		.ascii	"\374\346{o\336\033\215\201\251\261\316\031\213\322\272"
 195      DE1B8D81 
 195      A9B1CE19 
 195      8BD2BA
 196 0069 4F198281 		.ascii	"O\031\202\201Lp\2503\260\001\216\001l\360\035\216\322"
 196      4C70A833 
 196      B0018E01 
 196      6CF01D8E 
 196      D2
 197 007a 60659977 		.ascii	"`e\231w\314H\032k\323\233\2352o\303\022\2145\271\243"
 197      CC481A6B 
 197      D39B9D32 
 197      6FC3128C 
 197      35B9A3
 198 008d C130830E 		.ascii	"\3010\203\016\242\312\231\205\033\242\301-\001hd\326"
 198      A2CA9985 
 198      1BA2C12D 
 198      016864D6 
 199 009d 5E8F7D0E 		.ascii	"^\217}\016(\223#D\346\216\274\226\013\210N0\332\217"
 199      28932344 
 199      E68EBC96 
 199      0B884E30 
 199      DA8F
 200 00af 9686DFFB 		.ascii	"\226\206\337\373\333\247\245LI9tJz-!p\007\202\364p\033"
 200      DBA7A54C 
 200      4939744A 
 200      7A2D2170 
 200      0782F470 
 201 00c4 41E41164 		.ascii	"A\344\021d\344b\270\213v\205\177*\356\016\373\215\214"
 201      E462B88B 
 201      76857F2A 
 201      EE0EFB8D 
 201      8C
 202 00d5 0A1F7283 		.ascii	"\012\037r\203b\026\006%\251\323\341\310\344\322\326"
 202      62160625 
 202      A9D3E1C8 
 202      E4D2D6
 203 00e4 9EF02DA5 		.ascii	"\236\360-\245e?]\025\243y;\023\262\204\306\376\026s"
 203      653F5D15 
 203      A3793B13 
ARM GAS  /tmp/cchFxX7Q.s 			page 16


 203      B284C6FE 
 203      1673
 204 00f6 929C4358 		.ascii	"\222\234CX\205.\256\325t\027\227\345/7!\257\034\266"
 204      852EAED5 
 204      741797E5 
 204      2F3721AF 
 204      1CB6
 205 0108 84DE4ACF 		.ascii	"\204\336J\317\267\320C\353\377\246\013\016\375\255\370"
 205      B7D043EB 
 205      FFA60B0E 
 205      FDADF8
 206 0117 6CDCAF68 		.ascii	"l\334\257h\032\033\177\264\215Vz\241E\373\343\1772)"
 206      1A1B7FB4 
 206      8D567AA1 
 206      45FBE37F 
 206      3229
 207 0129 225CE8B1 		.ascii	"\"\\\350\261e\263\231\226\366\023\317\253\353?\333\274"
 207      65B39996 
 207      F613CFAB 
 207      EB3FDBBC 
 208 0139 A0F268D4 		.ascii	"\240\362h\324&\252\217\240\255\256\251I\247\3110\324"
 208      26AA8FA0 
 208      ADAEA949 
 208      A7C930D4 
 209 0149 8EB1AAD3 		.ascii	"\216\261\252\323\231\032\247ET\220jT\177\234U%K\013"
 209      991AA745 
 209      54906A54 
 209      7F9C5525 
 209      4B0B
 210 015b 50E0C5C9 		.ascii	"P\340\305\311\357[>\325\030\015\262\224\226\001\334"
 210      EF5B3ED5 
 210      180DB294 
 210      9601DC
 211 016a A35015A4 		.ascii	"\243P\025\244\353\331\025\356R\"-T\333_L=\336v@\003"
 211      EBD915EE 
 211      52222D54 
 211      DB5F4C3D 
 211      DE764003 
 212 017e 3AEEBBD0 		.ascii	":\356\273\320vvEs!\315\205\256N\315/\373\025\244c?\026"
 212      76764573 
 212      21CD85AE 
 212      4ECD2FFB 
 212      15A4633F 
 213 0193 5DA89A7D 		.ascii	"]\250\232}+\\H\307\201 \241\344L\325\007\033\277\345"
 213      2B5C48C7 
 213      8120A1E4 
 213      4CD5071B 
 213      BFE5
 214 01a5 959F3CA5 		.ascii	"\225\237<\245\034\224M\0329\253\364\306\343f\244\372"
 214      1C944D1A 
 214      39ABF4C6 
 214      E366A4FA 
 215 01b5 BDB9FAF2 		.ascii	"\275\271\372\362\262o\002\343\227T!\367Z\302CycI\325"
 215      B26F02E3 
 215      975421F7 
 215      5AC24379 
 215      6349D5
ARM GAS  /tmp/cchFxX7Q.s 			page 17


 216 01c8 830EDFD5 		.ascii	"\203\016\337\325\353\317}\346\234\314\320\027l\303\003"
 216      EBCF7DE6 
 216      9CCCD017 
 216      6CC303
 217 01d7 4C60D779 		.ascii	"L`\327y,\035\315\216\215|\010D\0132C\027\017Y\302\213"
 217      2C1DCD8E 
 217      8D7C0844 
 217      0B324317 
 217      0F59C28B 
 218 01eb 8730E931 		.ascii	"\2070\3511N\025\037!J\201\331W\244\354\362Q\025\326"
 218      4E151F21 
 218      4A81D957 
 218      A4ECF251 
 218      15D6
 219 01fd 296E95D3 		.ascii	")n\225\323/\242\353\007#\021\263\2537~2~\354\270\231"
 219      2FA2EB07 
 219      2311B3AB 
 219      377E327E 
 219      ECB899
 220 0210 EC377B4F 		.ascii	"\3547{O\2346\317$\317\235\3577c\311\276\276d\302<\322"
 220      9C36CF24 
 220      CF9DEF37 
 220      63C9BEBE 
 220      64C23CD2 
 221 0224 D3DDD57D 		.ascii	"\323\335\325}\321L\\\210\307\"1\206\304/\315\360\375"
 221      D14C5C88 
 221      C7223186 
 221      C42FCDF0 
 221      FD
 222 0235 12       		.ascii	"\022"
 223              		.text
 224              		.section	.gnu.lto_.symbol_nodes.e8dc883ea32c1db3,"",%progbits
 225 0000 789C6361 		.ascii	"x\234ca`d\360b\000\002\246\015\214\365\014\014\023\316"
 225      6064F062 
 225      0002A60D 
 225      8CF50C0C 
 225      13CE
 226 0012 313000A9 		.ascii	"10\000\251U\215\212@\221\215\214\365\214\250\"\233\030"
 226      558D8A40 
 226      918D8CF5 
 226      8CA8229B 
 226      18
 227 0023 EB995045 		.ascii	"\353\231PE63\3263\243\2100\000\000\264:\021\310"
 227      3633D633 
 227      A3883000 
 227      00B43A11 
 227      C8
 228              		.text
 229              		.section	.gnu.lto_.refs.e8dc883ea32c1db3,"",%progbits
 230 0000 789C6361 		.ascii	"x\234ca`\004B \000\000\0009\000\007"
 230      60044220 
 230      00000039 
 230      0007
 231              		.text
 232              		.section	.gnu.lto_.decls.e8dc883ea32c1db3,"",%progbits
 233 0000 789C9D57 		.ascii	"x\234\235WkL\024Y\026\356S\267\321\246i\220m\311\306"
 233      6B4C1459 
ARM GAS  /tmp/cchFxX7Q.s 			page 18


 233      16EE53B7 
 233      D1A66990 
 233      6DC9C6
 234 0013 6CD88D99 		.ascii	"l\330\215\231e\"\223\211\264\257l\262\311&\343l\313"
 234      65229389 
 234      B4AF6CB2 
 234      C926E36C 
 234      CB
 235 0024 AEFC7086 		.ascii	"\256\374p\206t\3170\1776\323A\354Y\331@3\201v3\376\332"
 235      74CF307F 
 235      36D341EC 
 235      59D94033 
 235      817633FE 
 236 0039 C2664665 		.ascii	"\302fFe|\200\012\214\200\202 \276`\021|\000>Zpt|\362"
 236      7C800A8C 
 236      808220BE 
 236      60117C00 
 236      3E5A7074 
 237 004f 1AE4B123 		.ascii	"\032\344\261#>@Ea\000\227\227\012\276\330s\357\255\352"
 237      3E404561 
 237      0097970A 
 237      BED873EF 
 237      ADEA
 238 0061 2A4B70CD 		.ascii	"*Kp\315\334\344t\325\271\367\273\3379\367\3249\247\272"
 238      DCE474D5 
 238      B9F7BBDF 
 238      39F7D439 
 238      A7BA
 239 0073 F43AD0D1 		.ascii	"\364:\320\321\021\022\254\323\325\343\355&\224I\034"
 239      1112ACD3 
 239      D5E3ED26 
 239      94491C
 240 0082 7E3817A3 		.ascii	"~8\027\243S\206\036\245\032\345\024\212\027\245V\367"
 240      53861EA5 
 240      1AE5148A 
 240      17A556F7 
 241 0092 FAA0EB01 		.ascii	"\372\240\353\001\322>3\345D9\2022\2122\017\345c\224"
 241      D23E33E5 
 241      44398232 
 241      8A320FE5 
 241      6394
 242 00a4 1194BB28 		.ascii	"\021\224\273(\255(m(\004\245\037\245\007e\000\005$\036"
 242      AD286D28 
 242      04A51FA5 
 242      07650005 
 242      241E
 243 00b6 ED38F596 		.ascii	"\3558\365\226\334m\0227\265!\240\334\227\370A\342\320"
 243      DC6D1237 
 243      B521A0DC 
 243      97F841E2 
 243      D0
 244 00c7 0E7A16E3 		.ascii	"\016z\026\343\024\274!\240\360\316\306\373\247\022/"
 244      14BC21A0 
 244      F0CEC6FB 
 244      A7122F
 245 00d6 E53102BF 		.ascii	"\3451\002\277z%\375\367\360*g\3554\234\262\257\321\032"
 245      7A25FDF7 
ARM GAS  /tmp/cchFxX7Q.s 			page 19


 245      F02A67ED 
 245      349CB2AF 
 245      D11A
 246 00e8 5F413A3F 		.ascii	"_A:?L\023\327\027\002\224>\360\266\033:\341'\012\201"
 246      4C13D717 
 246      02943EF0 
 246      B61B3AE1 
 246      270A81
 247 00fb 6000C903 		.ascii	"`\000\311\003\325\000.\300\247\005y\212\257i\2602\020"
 247      D5002EC0 
 247      A705798A 
 247      AF69B032 
 247      10
 248 010c 9405D0BD 		.ascii	"\224\005\320\275\262\203\345\000\033\312\024\260!mR"
 248      B283E500 
 248      1BCA14B0 
 248      216D52
 249 011b 33CAA6D1 		.ascii	"3\312\246\321,\277\005\235\317\013\031\253\342\223\274"
 249      2CBF059D 
 249      CF0B19AB 
 249      E293BC
 250 012a 8729FC62 		.ascii	"\207)\374b\203\310\207\316k\275S,\020\344\304\373\333"
 250      83C887CE 
 250      6BBD532C 
 250      10E4C4FB 
 250      DB
 251 013b 1307FE12 		.ascii	"\023\007\376\022Q&\342\310\020E\341}%27/\035,%c\002"
 251      5126E2C8 
 251      1045E17D 
 251      2532372F 
 251      1D2C2563 
 252 0150 CC3302A5 		.ascii	"\3143\002\245\237\205S\207\007NL\004\362)\212h\331:"
 252      9F855387 
 252      074E4C04 
 252      F2298A68 
 252      D93A
 253 0162 B2772609 		.ascii	"\262w&\011e\367?\246U\344S\264\331\010zT\207\033r\357"
 253      65F73FA6 
 253      55E453B4 
 253      D9087A54 
 253      871B72EF 
 254 0176 06A11A62 		.ascii	"\006\241\032b\204\271/\004\2414\263\277\305\037\302"
 254      84B92F04 
 254      A134B3BF 
 254      C51FC2
 255 0185 8DFBA89D 		.ascii	"\215\373\250\235\256\202\022\323\011Q\014\206\0120B"
 255      AE8212D3 
 255      09510C86 
 255      0A3042
 256 0194 19103808 		.ascii	"\031\0208\010\021\3640\363\350\243\335 \212\353\304"
 256      11F430F3 
 256      E8A3DD20 
 256      8AEBC4
 257 01a3 0C8F685E 		.ascii	"\014\217h^\256\203r\010\205\177C\250\016\016C8\265I"
 257      AE837208 
 257      857F43A8 
 257      0E0E4338 
ARM GAS  /tmp/cchFxX7Q.s 			page 20


 257      B549
 258 01b5 71508A93 		.ascii	"qP\212\223\207p\022\215\034\334\233Y4\203\374\215\332"
 258      8770128D 
 258      1CDC9B59 
 258      3483FC8D 
 258      DA
 259 01c6 170E9537 		.ascii	"\027\016\2257]\230\011\306\360)\367\037\235b?w%o\375"
 259      5D9809C6 
 259      F029F71F 
 259      9D623F77 
 259      256FFD
 260 01d9 9232EACA 		.ascii	"\2222\352\312\021t\245Rq\005=\343A\350>\227%\006\351"
 260      1174A552 
 260      71053DE3 
 260      41E83E97 
 260      2506E9
 261 01ec 69B82962 		.ascii	"i\270)b\245\236\316U\026\326\334\022|s\307\200MVo\336"
 261      A59ECE55 
 261      16D6DC12 
 261      7C73C780 
 261      4D566FDE 
 262 0200 340873B2 		.ascii	"4\010s\262Y\034=\342\\=\304\374\332g_\007U0\007\177"
 262      591C3DE2 
 262      5C3DC4FC 
 262      DA675F07 
 262      5530077F 
 263 0214 8F839EB3 		.ascii	"\217\203\236\263\336\337\231\223K\336)\024\013\013\305"
 263      DEDF9993 
 263      4BDE2914 
 263      0B0BC5
 264 0223 AEDA2B7F 		.ascii	"\256\332+\177\312\366\210\227p\337\\\012\203\003\212"
 264      CAF68897 
 264      70DF5C0A 
 264      83038A
 265 0232 17784B2F 		.ascii	"\027xK/\373\241\023\037j5\274\203;\333ny\207\010\361"
 265      FBA1131F 
 265      6A35BC83 
 265      3BDB6E79 
 265      8708F1
 266 0245 024CE75C 		.ascii	"\002L\347\\swM\236iZ?N2?N\310~Lf\365\025\370q?\352\216"
 266      73774D9E 
 266      695A3F4E 
 266      323F4EC8 
 266      7E4C66F5 
 267 025f 5D308919 		.ascii	"]0\211\031\251\242\270\224\202\240F\361\242F\355\305"
 267      A9A2B894 
 267      82A046F1 
 267      A246EDC5 
 268 026f 29E645E5 		.ascii	")\346E\345x\277\207\220&\356\305\316\332\234\201\000"
 268      78BF8790 
 268      26EEC5CE 
 268      DA9C8100 
 269 027f 8964CC47 		.ascii	"\211d\314GB\217rZ!9\255&\3612\022\357\376\234(2\300"
 269      428F725A 
 269      2139AD26 
 269      F13212EF 
 269      FE9C2832 
ARM GAS  /tmp/cchFxX7Q.s 			page 21


 270 0294 3946731F 		.ascii	"9Fs\0377\004I\034'/\252\0359\243p\234Qs\3242\216{%\367"
 270      3704491C 
 270      272FAA1D 
 270      39A3709C 
 270      5173D432 
 271 02ac 0AFD79D6 		.ascii	"\012\375y\326\2113Tigfi\007\345\275\265\371F\236\205"
 271      89335469 
 271      67666907 
 271      E5BDB5F9 
 271      469E85
 272 02bf A2807ACE 		.ascii	"\242\200z\316\340\304o$\264^\265l\226\226\007\353{\212"
 272      E0C46F24 
 272      B45EB56C 
 272      969607EB 
 272      7B8A
 273 02d1 F4123C18 		.ascii	"\364\022<\030\365s\243\371\303&\362\202\273x\307\263"
 273      F573A3F9 
 273      C326F282 
 273      BB78C7B3 
 274 02e1 4D3471F0 		.ascii	"M4q\360\007\250\016\214m\272n0n\220\342l^N\347\2258"
 274      07A80E8C 
 274      6DBA6E30 
 274      6E90E26C 
 274      5E4EE795 
 275 02f6 5FA2F903 		.ascii	"_\242\371\003\226P\270\3103\265`\244\353\256\2379C\252"
 275      9650B8C8 
 275      33B560A4 
 275      EBAE9F39 
 275      43AA
 276 0308 B2A57AF6 		.ascii	"\262\245z\366\300~@\370y\006\277\014fy\023E\037\363"
 276      C07E40F8 
 276      7906BF0C 
 276      66791345 
 276      1FF3
 277 031a 0E97C8A7 		.ascii	"\016\227\310\247\"\250g\246\216\036\220\364\347,\327"
 277      22A867A6 
 277      8E1E90F4 
 277      E72CD7
 278 0329 7EBED725 		.ascii	"~\276\327%p?\273f\242\236\332[\261\236\220\365\274\236"
 278      703FBB66 
 278      A29EDA5B 
 278      B19E90F5 
 278      BC9E
 279 033b 4F7A4A2B 		.ascii	"OzJ+\0029\370wTM;P\0218\255\237M\262\237\215\334\317"
 279      0239F877 
 279      544D3B50 
 279      1138AD9F 
 279      4DB29F8D 
 280 0351 BEE71D4F 		.ascii	"\276\347\035Ofi\375\254G\370U\006of~6\311~\366\224\336"
 280      6669FDAC 
 280      47F85506 
 280      6F667E36 
 280      C97EF694 
 281 0366 2936924C 		.ascii	")6\222Ln\267~_q\252\377\264\206ZdC\026f\347T\311\343"
 281      6EB77E5F 
 281      71AAFFB4 
 281      865A6443 
ARM GAS  /tmp/cchFxX7Q.s 			page 22


 281      1666E754 
 282 037c 8A00C98E 		.ascii	"\212\000\311\216G\266\243\240\2571;-\276\"l>.2j\317"
 282      47B6A3A0 
 282      AF313B2D 
 282      BE226C3E 
 282      2E326ACF 
 283 0390 5B5536EE 		.ascii	"[U6\356\2308\270\255+P\315\337\372&\376\311\274\241"
 283      9838B8AD 
 283      2B50CDDF 
 283      FA26FEC9 
 283      BCA1
 284 03a2 5D2692CD 		.ascii	"]&\222\315\317\321\324WU)\220B\256T\335\277|A\316\020"
 284      CFD1D457 
 284      55299042 
 284      AE54DDBF 
 284      7C41CE10 
 285 03b6 A0CDF2A7 		.ascii	"\240\315\362\247\266J\023)\341\213\033\017\337\371\326"
 285      B64A1329 
 285      E18B1B0F 
 285      DFF9D6
 286 03c5 8F9473A5 		.ascii	"\217\224s\245\373\346\203\364 r\224+\027/\254\373\007"
 286      FBE683F4 
 286      2072942B 
 286      172FACFB 
 286      07
 287 03d6 F1F2FB89 		.ascii	"\361\362\373\211\312\3411\003\247(\244)Z\363\370\204"
 287      CAE13103 
 287      A728A429 
 287      5AF3F884 
 288 03e6 4DCAB145 		.ascii	"M\312\261E\250n\351\310\374\200|\317\241c\351_?\221"
 288      A86EE9C8 
 288      FC807CCF 
 288      A163E95F 
 288      3F91
 289 03f8 7A287DAC 		.ascii	"z(}\254\203'^V\006L\033\321n9\242]\374\310?\034\351"
 289      83275E56 
 289      064C1BD1 
 289      6E39A25D 
 289      FCC83F1C 
 290 040d D96ED23E 		.ascii	"\331n\322>\272\357\021~\226\301\357\260#w\313G\276\372"
 290      BAEF117E 
 290      96C1EFB0 
 290      2377CB47 
 290      BEFA
 291 041f 6CF4D00C 		.ascii	"l\364\320\0145\272\365\015h\323\266\215W\036\005@\030"
 291      35BAF50D 
 291      68D3B68D 
 291      571E0540 
 291      18
 292 0430 1DB3E94F 		.ascii	"\035\263\351OxX\221\230\226\212\3353;&\253\344\0331"
 292      78589198 
 292      968ADD33 
 292      3B26ABE4 
 292      1B31
 293 0442 2316DAC0 		.ascii	"#\026\332\300\014\035X\252}0[y8<\271\027\342\217\216"
 293      0C1D58AA 
 293      7D305B79 
ARM GAS  /tmp/cchFxX7Q.s 			page 23


 293      383CB917 
 293      E28F8E
 294 0455 E1EB6EB4 		.ascii	"\341\353n\264\233d\360\217Z\360\025-\270U\001_\327\202"
 294      9B64F08F 
 294      5AF0152D 
 294      B855015F 
 294      D782
 295 0467 FFA306E3 		.ascii	"\377\243\006\343\250k\217\241X\314O|\223s\254\234\265"
 295      A86B8FA1 
 295      58CC4F7C 
 295      9373AC9C 
 295      B5
 296 0478 12B61C14 		.ascii	"\022\266\034\024\360-\037\270A\013\276\242\002gJ\321"
 296      F02D1FB8 
 296      410BBEA2 
 296      02674AD1 
 297 0488 11B15DC2 		.ascii	"\021\261]\302-D\334d\213\024\217\371\006\0171\365\006"
 297      2D44DC64 
 297      8B148FF9 
 297      060F31F5 
 297      06
 298 0499 200C0651 		.ascii	" \014\006Q\356\243<@\271\207\362_\224\036\224^\224\237"
 298      EEA33C40 
 298      B987F25F 
 298      941E945E 
 298      949F
 299 04ab 51FA218C 		.ascii	"Q\372!\214\275R\271\355!f\033\013\036.H\266\3456\000"
 299      BD52B9ED 
 299      21661B0B 
 299      1E2E48B6 
 299      E53600
 300 04be E7B41118 		.ascii	"\347\264\021\030a\330\273\210\275-a\345'\004uZl\263"
 300      61D8BB88 
 300      BD2D61E5 
 300      2704755A 
 300      6CB3
 301 04d0 12AD1BDA 		.ascii	"\022\255\033\332hY4\301j\361\235\277S{~\213r|\366\202"
 301      685934C1 
 301      6AF19DBF 
 301      537B7E8B 
 301      727CF682 
 302 04e4 ACF322AF 		.ascii	"\254\363\"\257h\240 \235\324\207\225\263t\266\207\240"
 302      68A0209D 
 302      D48795B3 
 302      74B687A0 
 303 04f4 E534C2A8 		.ascii	"\3454\302\250\332\265T\347U\241\304\214{\331~\373<\220"
 303      DAB554E7 
 303      55A1C48C 
 303      7BD97EFB 
 303      3C90
 304 0506 6196E9C2 		.ascii	"a\226\351\302\331\275[\252\002!|6\267\361([\2406Fp\367"
 304      D9BD5BAA 
 304      02217C36 
 304      B7F1285B 
 304      A0364670 
 305 051b 90D2EEA9 		.ascii	"\220\322\356\251\311i\036\002\014c\354\177\351s@_\306"
 305      C9691E02 
ARM GAS  /tmp/cchFxX7Q.s 			page 24


 305      0C63EC7F 
 305      E973405F 
 305      C6
 306 052c 3DFBB3F4 		.ascii	"=\373\263\364\246t\337_\005fZ)\255Q0\261\177_xE\360"
 306      A674DF5F 
 306      05665A29 
 306      AD5130B1 
 306      7F5F7845 
 307 0541 C3B49EAE 		.ascii	"\303\264\236\256\000^\225sP\315=5v\305\217\253\006\332"
 307      005E9573 
 307      50CD3D35 
 307      76C58FAB 
 307      06DA
 308 0553 8B1F9656 		.ascii	"\213\037\226V\007\362z\256\243\324\345\217\267\344\004"
 308      07F27AAE 
 308      A3D4E58F 
 308      B7E404
 309 0562 90676FD3 		.ascii	"\220go\323\023\307\345\012^\300\0128\375\314\310n\220"
 309      13C7E50A 
 309      5EC00A38 
 309      FDCCC86E 
 309      90
 310 0573 4AB24E2E 		.ascii	"J\262N.\340\307\210~\304\320\023\254$\307\345\002N\277"
 310      E0C7887E 
 310      C4D013AC 
 310      24C7E502 
 310      4EBF
 311 0585 D6903A53 		.ascii	"\326\220:S\215n}\023\372t\303DY\020\231\344^\265\014"
 311      8D6E7D13 
 311      FA74C344 
 311      591099E4 
 311      5EB50C
 312 0598 D5EF920E 		.ascii	"\325\357\222\016D\337r\336\226\033K\311F\302\226\036"
 312      44DF72DE 
 312      961B4BC9 
 312      46C2961E 
 313 05a8 35DEE806 		.ascii	"5\336\350\006\262\231+iW/\357\237I2\271r\357\376\323"
 313      B2992B69 
 313      572FEF9F 
 313      4932B972 
 313      EFFED3
 314 05bb 1A4272B8 		.ascii	"\032Br\270\262o\240h\263?\311\347\312\265\246\262\001"
 314      B26FA068 
 314      B33FC9E7 
 314      CAB5A6B2 
 314      01
 315 05cc A3DC9D33 		.ascii	"\243\334\2353\336\246;\347\215\336\354\223\336g\341"
 315      DEA63BE7 
 315      8DDEEC93 
 315      DE67E1
 316 05db A86E6D2E 		.ascii	"\250nm.\3504H!\244\257\341\035\215;\212\003H\021c\017"
 316      E8344821 
 316      A4AFE11D 
 316      8D3B8A03 
 316      4811630F 
 317 05ef E86FDE6D 		.ascii	"\350o\336m\341\235',\234\366\036\314v\217Xw\274#d'\313"
 317      E19D272C 
ARM GAS  /tmp/cchFxX7Q.s 			page 25


 317      9CF61ECC 
 317      768F5877 
 317      BC236427 
 318 0604 3C7A6A51 		.ascii	"<zjQ \260Y\320\346\273\\\360\024^\323\301\212\203\202"
 318      20B059D0 
 318      E6BB5CF0 
 318      145ED3C1 
 318      8A8382
 319 0617 2741037E 		.ascii	"'A\003~\004Z\364i\005\375B\213~\376\032\372\244\202"
 319      045AF469 
 319      05FD428B 
 319      7EFE1AFA 
 319      A482
 320 0629 7E39355A 		.ascii	"~95Z]\245\237Q\354S,\227'\022V~d0\366\032s\213\302\374"
 320      5DA59F51 
 320      EC532C97 
 320      2712567E 
 320      6430F61A 
 321 0641 B5F68867 		.ascii	"\265\366\210gA[\250\005\035\254P\021\245.\324W\312'"
 321      415BA805 
 321      1DAC5011 
 321      A52ED457 
 321      CA27
 322 0653 4D08058F 		.ascii	"M\010\005\217@7R.Z;\233\204p\330\"\204\3017([Q\326\243"
 322      4037522E 
 322      5A3B9B84 
 322      70D82284 
 322      C137285B 
 323 066a 6C44D980 		.ascii	"lD\331\200\222\201\222\216\362\255 \367\257\035\350"
 323      9281928E 
 323      F2AD20F7 
 323      AF1DE8
 324 0679 D45139F2 		.ascii	"\324Q9\362\353\004#\244N\031y\271\323\254\023\353\252"
 324      EB0423A4 
 324      4E1979B9 
 324      D3AC13EB 
 324      AA
 325 068a F8116826 		.ascii	"\370\021h&wN\035x\025\370\214\002~\246\005\217)`\314"
 325      774E1D78 
 325      15F88C02 
 325      7EA6058F 
 325      2960CC
 326 069d 90C6DB59 		.ascii	"\220\306\333Y\215zr\200e\2100Y]|n\226\257\227\264u\000"
 326      8D7A7280 
 326      65883059 
 326      5D7C6E96 
 326      AF97B475 
 327 06b2 0DC376DC 		.ascii	"\015\303v\334\234)\370z\011\215\3124\301\200m\030\203"
 327      9C29F87A 
 327      098DCA34 
 327      C1806D18 
 327      83
 328 06c3 5F120F9A 		.ascii	"_\022\017\232\251\325\225\255\202\272\217l\027\324}"
 328      A9D595AD 
 328      82BA8F6C 
 328      17D47D
 329 06d2 6487C0FB 		.ascii	"d\207\300\373\010^\021|\250d\367E\023\251\344ES\324"
ARM GAS  /tmp/cchFxX7Q.s 			page 26


 329      085E117C 
 329      A864F745 
 329      13A9E445 
 329      53D4
 330 06e4 DB7059EA 		.ascii	"\333pY\352\"\277\245\177\353\267\017l\001^\002\275\364"
 330      22BFA57F 
 330      EBB70F6C 
 330      015E02BD 
 330      F4
 331 06f5 7FC69E86 		.ascii	"\177\306\236\206\321l#\251\345\330\032\357\340\"\016"
 331      D16C23A9 
 331      E5D81AEF 
 331      E0220E
 332 0704 0D454DAC 		.ascii	"\015EM\254\312\351\2371mO\311\025\244\236\262S`\245"
 332      CAE99F31 
 332      6D4FC915 
 332      A49EB253 
 332      60A5
 333 0716 D636EE7D 		.ascii	"\3266\356}j\"\227\030\221\376\350\272\333{\202 <\024"
 333      6A229718 
 333      91FEE8BA 
 333      DB7B8220 
 333      3C14
 334 0728 100EFC5B 		.ascii	"\020\016\374[\214~\363\351\240\000\237e\236@\344\357"
 334      8C7EF3E9 
 334      A0009F65 
 334      9E40E4EF 
 335 0738 C45C11E9 		.ascii	"\304\\\021\351\207\376E\247\361\336\300\256\354\273"
 335      87FE45A7 
 335      F1DEC0AE 
 335      ECBB
 336 0746 6AA8489C 		.ascii	"j\250H\2341G\007\213Y\313\202|\014V\001\263\267\033"
 336      3147078B 
 336      59CB827C 
 336      0C5601B3 
 336      B71B
 337 0758 63B98B1B 		.ascii	"c\271\213\033L\035\235\0307(\177,\200q\347\340z6K\274"
 337      4C1D9D18 
 337      37287F2C 
 337      8071E7E0 
 337      7A364BBC 
 338 076c 42C12C7B 		.ascii	"B\301,{I\321\327/\326\247\261\303P\356\214\377\307\235"
 338      49D1D72F 
 338      D6A7B1C3 
 338      50EE8CFF 
 338      C79D
 339 077e DF5B7736 		.ascii	"\337[w6P\315\275\347M\334\265{\353\373f\275[,6\343G"
 339      50CDBDE7 
 339      4DDCB57B 
 339      EBFB66BD 
 339      5B2C36E3 
 340 0793 D699F4CF 		.ascii	"\326\231\364\3173\305\264\357D=\024\011f\370\016\023"
 340      33C5B4EF 
 340      443D1409 
 340      66F80E13 
 341 07a3 03BF4154 		.ascii	"\003\277AT[\263p\346\023\014D\261\360\256.\330\365\317"
 341      5BB370E6 
ARM GAS  /tmp/cchFxX7Q.s 			page 27


 341      130C44B1 
 341      F0AE2ED8 
 341      F5CF
 342 07b5 F8B84857 		.ascii	"\370\270HW\354\312\004g\2143\316\235\224l\370\353G\237"
 342      ECCA0467 
 342      8C33CE9D 
 342      946CF8EB 
 342      479F
 343 07c7 CEB52E5C 		.ascii	"\316\265.\\\2503:\034k"
 343      A8333A1C 
 343      6B
 344 07d0 E25DEEC5 		.ascii	"\342]\356\305\213\034\356%\2265)\311\226\330\344\304"
 344      8B1CEE25 
 344      963529C9 
 344      96D8E4C4 
 345 07e0 F9AE2497 		.ascii	"\371\256$\227s\2763ve\274%\336\025\227\260f\225\323"
 345      73BE3376 
 345      65BC25DE 
 345      1597B066 
 345      95D3
 346 07f2 92181BB7 		.ascii	"\222\030\033\267:\336\345\2648V9\277\210]\223\340v\270"
 346      3ADEE5B4 
 346      385639BF 
 346      885D93E0 
 346      76B8
 347 0804 D77EE94C 		.ascii	"\327~\351L\211X\2553\310\273\337{\303\356\224\265)\026"
 347      8958AD33 
 347      C8BBDF7B 
 347      C3EE94B5 
 347      2916
 348 0816 478A7B15 		.ascii	"G\212{\025Bq\313\374\210\010\213uu\374\312\370\217\355"
 348      4271CBFC 
 348      88088B75 
 348      75FCCAF8 
 348      8FED
 349 0828 96A414CB 		.ascii	"\226\244\024\313\352\330\004\313\227I\311\356\024K\\"
 349      EAD804CB 
 349      9749C9EE 
 349      144B5C
 350 0837 52626292 		.ascii	"Rbb\222\313\362\241m\205u\305W\026\352rD\234\356W\364"
 350      CBF2A16D 
 350      8575C557 
 350      16EA7244 
 350      9CEE57F4 
 351 084b BA2C3E45 		.ascii	"\272,>E\361=\224\316\330\235n\373\332\024\2673qy\254"
 351      F13D94CE 
 351      D89D6EFB 
 351      DA14B733 
 351      7179AC
 352 085e 6B558233 		.ascii	"kU\20239:9>)9\336\275\226\235\324\232\340\214M\216v"
 352      393A393E 
 352      2939DEBD 
 352      969DD49A 
 352      E08C4D8E 
 353 0873 BAD0E0DF 		.ascii	"\272\320\340\337\375m\221\366H[L\344\262%\276\273\305"
 353      FD6D91F6 
 353      485B4CE4 
ARM GAS  /tmp/cchFxX7Q.s 			page 28


 353      B225BEBB 
 353      C5
 354 0884 FA286BB4 		.ascii	"\372(k\264\315\247.\322G\331\243m\006\033\327\026\342"
 354      CDA72ED2 
 354      47D9A36D 
 354      061BD716 
 354      E2
 355 0895 62A4B2B8 		.ascii	"b\244\262\270\000\027#mBT\364\373\257z\355\374\312m"
 355      0017236D 
 355      4254F4FB 
 355      AF7AEDFC 
 355      CA6D
 356 08a7 B1AEB047 		.ascii	"\261\256\260G\331}\207\214KJv:\342\022\027\340\011\375"
 356      D97D878C 
 356      4B4A763A 
 356      E21217E0 
 356      09FD
 357 08b9 3F8A89B2 		.ascii	"?\212\211\262:>\301\020\021\373\362h\037\327Bb\265\332"
 357      3A3EC110 
 357      11FBF268 
 357      1FD74262 
 357      B5DA
 358 08cb 88DD6AF3 		.ascii	"\210\335j\363\3730\312f\265\241!\273\315\317\032\375"
 358      FB30CA66 
 358      B5A121BB 
 358      CDCF1AFD 
 359 08db 69D4323F 		.ascii	"i\3242?\373r\2747\330\255\177f\273\002\035\216/\326"
 359      FB72BC37 
 359      D8AD7F66 
 359      BB021D8E 
 359      2FD6
 360 08ed B8E21C8E 		.ascii	"\270\342\034\216\210?,\376\343\002\203\254\351\343V"
 360      883F2CFE 
 360      E30283AC 
 360      E9E356
 361 08fc C726FF0F 		.ascii	"\307&\377\017\017D8\\"
 361      0F44385C 
 362              		.text
 363              		.section	.gnu.lto_.symtab.e8dc883ea32c1db3,"",%progbits
 364 0000 6E766963 		.ascii	"nvicEnableVector\000"
 364      456E6162 
 364      6C655665 
 364      63746F72 
 364      00
 365 0011 00       		.ascii	"\000"
 366 0012 00       		.ascii	"\000"
 367 0013 00       		.ascii	"\000"
 368 0014 00000000 		.ascii	"\000\000\000\000\000\000\000\000"
 368      00000000 
 369 001c B7000000 		.ascii	"\267\000\000\000"
 370 0020 6E766963 		.ascii	"nvicDisableVector\000"
 370      44697361 
 370      626C6556 
 370      6563746F 
 370      7200
 371 0032 00       		.ascii	"\000"
 372 0033 00       		.ascii	"\000"
ARM GAS  /tmp/cchFxX7Q.s 			page 29


 373 0034 00       		.ascii	"\000"
 374 0035 00000000 		.ascii	"\000\000\000\000\000\000\000\000"
 374      00000000 
 375 003d BB000000 		.ascii	"\273\000\000\000"
 376 0041 6E766963 		.ascii	"nvicSetSystemHandlerPriority\000"
 376      53657453 
 376      79737465 
 376      6D48616E 
 376      646C6572 
 377 005e 00       		.ascii	"\000"
 378 005f 00       		.ascii	"\000"
 379 0060 00       		.ascii	"\000"
 380 0061 00000000 		.ascii	"\000\000\000\000\000\000\000\000"
 380      00000000 
 381 0069 BD000000 		.ascii	"\275\000\000\000"
 382 006d 6E766963 		.ascii	"nvicClearPending\000"
 382      436C6561 
 382      7250656E 
 382      64696E67 
 382      00
 383 007e 00       		.ascii	"\000"
 384 007f 00       		.ascii	"\000"
 385 0080 00       		.ascii	"\000"
 386 0081 00000000 		.ascii	"\000\000\000\000\000\000\000\000"
 386      00000000 
 387 0089 BF000000 		.ascii	"\277\000\000\000"
 388              		.text
 389              		.section	.gnu.lto_.opts,"",%progbits
 390 0000 272D666D 		.ascii	"'-fmath-errno' '-fsigned-zeros' '-ftrapping-math' '"
 390      6174682D 
 390      6572726E 
 390      6F272027 
 390      2D667369 
 391 0033 2D666E6F 		.ascii	"-fno-trapv' '-fno-strict-overflow' '-fno-openmp' '-"
 391      2D747261 
 391      70762720 
 391      272D666E 
 391      6F2D7374 
 392 0066 666E6F2D 		.ascii	"fno-openacc' '-mcpu=cortex-m0' '-mno-thumb-interwor"
 392      6F70656E 
 392      61636327 
 392      20272D6D 
 392      6370753D 
 393 0099 6B272027 		.ascii	"k' '-mthumb' '-ggdb' '-O0' '-fomit-frame-pointer' '"
 393      2D6D7468 
 393      756D6227 
 393      20272D67 
 393      67646227 
 394 00cc 2D66616C 		.ascii	"-falign-functions=16' '-ffunction-sections' '-fdata"
 394      69676E2D 
 394      66756E63 
 394      74696F6E 
 394      733D3136 
 395 00ff 2D736563 		.ascii	"-sections' '-fno-common' '-flto'\000"
 395      74696F6E 
 395      73272027 
 395      2D666E6F 
ARM GAS  /tmp/cchFxX7Q.s 			page 30


 395      2D636F6D 
 396              		.text
 397              		.comm	__gnu_lto_v1,1,1
 398              		.comm	__gnu_lto_slim,1,1
 399              		.ident	"GCC: (GNU Tools for ARM Embedded Processors) 5.4.1 20160609 (release) [ARM/embedded-5-bran
ARM GAS  /tmp/cchFxX7Q.s 			page 31


DEFINED SYMBOLS
                            *ABS*:0000000000000000 nvic.c
                            *COM*:0000000000000001 __gnu_lto_v1
                            *COM*:0000000000000001 __gnu_lto_slim

NO UNDEFINED SYMBOLS
