ARM GAS  /tmp/ccVOWOvB.s 			page 1


   1              		.syntax unified
   2              		.cpu cortex-m0
   3              		.fpu softvfp
   4              		.eabi_attribute 20, 1
   5              		.eabi_attribute 21, 1
   6              		.eabi_attribute 23, 3
   7              		.eabi_attribute 24, 1
   8              		.eabi_attribute 25, 1
   9              		.eabi_attribute 26, 1
  10              		.eabi_attribute 30, 6
  11              		.eabi_attribute 34, 0
  12              		.eabi_attribute 18, 4
  13              		.thumb
  14              		.syntax unified
  15              		.file	"pal.c"
  16              		.text
  17              	.Ltext0:
  18              		.section	.gnu.lto_.inline.140b98c8acb0ebb0,"",%progbits
  19 0000 789C6361 		.ascii	"x\234ca`d\000\001\027\006\004`f`\340\344```\342k\250"
  19      60640001 
  19      17060460 
  19      6660E0E4 
  19      606060E2 
  20 0016 65606160 		.ascii	"e`a`\002\01112\010\360\003Ed6\274b\204\01111p\013\003"
  20      02093132 
  20      08F00345 
  20      6436BC62 
  20      84093131 
  21 002d 49AE07B1 		.ascii	"I\256\007\2610\021\026^\240\336\011~ \310\000\000\324"
  21      3011165E 
  21      A0DE097E 
  21      20C80000 
  21      D4
  22 003e 8A076D   		.ascii	"\212\007m"
  23              		.text
  24              		.section	.gnu.lto_palReadBus.140b98c8acb0ebb0,"",%progbits
  25 0000 789C9593 		.ascii	"x\234\225\223MKTQ\030\307\317\377<\367mR\253\0170\320"
  25      4D4B5451 
  25      18C7CFFF 
  25      3CF76D52 
  25      AB0F30D0 
  26 0014 500CE2A2 		.ascii	"P\014\342\242\271\037\242M\273\240>\201J\240 $\015\255"
  26      B91FA24D 
  26      BBA03E81 
  26      4AA02024 
  26      0DAD
  27 0026 3DCDCC95 		.ascii	"=\315\314\225\214ZH\324`\026\"1\250\225/c\331\313Tp"
  27      8C5A48D4 
  27      60162231 
  27      A8952F63 
  27      D9CB5470 
  28 003a 313008A4 		.ascii	"10\010\244lS\233hPq\321\252;\030\265H\247\347\234;\305"
  28      6C539B68 
  28      5071D1AA 
  28      3B18B548 
  28      A7E79C3B 
  29 004f 3016E885 		.ascii	"0\026\350\205\373\234\267\377\371\335\377}\236s,\001"
ARM GAS  /tmp/ccVOWOvB.s 			page 2


  29      FB9CB7FF 
  29      F9DDFF7D 
  29      9E732C01 
  30 005f A19F1209 		.ascii	"\241\237\022\011q\234\333\023z`\013H\301/x\022\004\213"
  30      719CDB13 
  30      7A600B48 
  30      C12F7812 
  30      048B
  31 0071 A305AD83 		.ascii	"\243\005\255\203\030\222da\010\337\345\216\304Za\341"
  31      18926461 
  31      08DFE58E 
  31      C45A61E1 
  32 0081 0E6DCB80 		.ascii	"\016m\313\200x\231\207\321\352\355\215\303z\010\244"
  32      789987D1 
  32      EAED8DC3 
  32      7A08A4
  33 0090 7838AE3E 		.ascii	"x8\256>\214\270]SJ\345T\265\264>8\232\017N\007$E]\012"
  33      8CB85D53 
  33      4AE554B5 
  33      B43E389A 
  33      0F4E0724 
  34 00a7 4C238929 		.ascii	"L#\211)$5p\006]\254\015\326\212\303D\307 \270\377\371"
  34      24357006 
  34      5DAC0DD6 
  34      8AC344C7 
  34      20B8FFF9 
  35 00bb 4B75C6EB 		.ascii	"Ku\306\353,\351}j\364\274J\004D\270\017j\336\307S\002"
  35      2CE97D6A 
  35      F4BC4A04 
  35      44B80F6A 
  35      DEC75302 
  36 00cf 0FD0A9E5 		.ascii	"\017\320\251\345\353\345\335\233\035NA\361\223\032a"
  36      EBE5DD9B 
  36      1D4E41F1 
  36      931A61
  37 00de BFAC63EC 		.ascii	"\277\254c\354C8\354\327\343\365\261r5\262\323\3674."
  37      4338ECD7 
  37      E3F5B172 
  37      35B2D3F7 
  37      342E
  38 00f0 2CAE606C 		.ascii	",\256`l:,\244\002\262Z|\360\226Y\244Y~\355\372\316\366"
  38      3A2CA402 
  38      B25A7CF0 
  38      9659A459 
  38      7EEDFACE 
  39 0105 112DBFAA 		.ascii	"\021-\277\252\302\361\341\216\206\274\3256\313\347\214"
  39      C2F1E18E 
  39      86BCD536 
  39      CBE78C
  40 0114 BC38B9F4 		.ascii	"\2748\271\364\263-\246\253\305\367\012Zl\357\025\317"
  40      B32DA6AB 
  40      C5F70A5A 
  40      6CEF15CF 
  41 0124 1B719395 		.ascii	"\033q\223\225\277bg\257x\341\277\342\177\270.\037\204"
  41      BF6267AF 
  41      78E1BFE2 
  41      7FB82E1F 
ARM GAS  /tmp/ccVOWOvB.s 			page 3


  41      84
  42 0135 BC7810F1 		.ascii	"\274x\020\361#\2449\237\363gCU\257\347Ux\303Y\375\264"
  42      23A4399F 
  42      F3674355 
  42      AFE75578 
  42      C359FDB4 
  43 0149 E1252474 		.ascii	"\341%$t\342\211K`[\034\034\233\203\345\350\236\253\203"
  43      E2894B60 
  43      5B1C1C9B 
  43      83E5E89E 
  43      AB83
  44 015b 2774B2C4 		.ascii	"'t\262\3047]\004\216\334P$\271*\264\205\\%Z\231$]\231"
  44      375D048E 
  44      DC5024B9 
  44      2AB4855C 
  44      255A9924 
  45 0171 3C11DBB8 		.ascii	"<\021\333\270\025,\277s\365q!S\366\037o\336^i\237\300"
  45      152CBF73 
  45      F5712153 
  45      F61F6FDE 
  45      5E699FC0 
  46 0185 5D04E4E6 		.ascii	"]\004\344\346I\342\261\366\301\363\245\315\334\234\353"
  46      49E2B1F6 
  46      C1F3A5CD 
  46      DC9CEB
  47 0194 9F0CC8C3 		.ascii	"\237\014\310\303\022&\260k\310x\002_la\271\202\230g"
  47      1226B06B 
  47      C878025F 
  47      6C61B982 
  47      9867
  48 01a6 35F3BC56 		.ascii	"5\363\274V^\202?\210\247\015\336\307Z\355u\273?\253"
  48      5E823F88 
  48      A70DDEC7 
  48      5AED75BB 
  48      3FAB
  49 01b8 0ABC7008 		.ascii	"\012\274p\010\317\014\322\034\355\347\006\231\373\203"
  49      CF0CD21C 
  49      EDE70699 
  49      FB83
  50 01c6 B4F7E3A9 		.ascii	"\264\367\343\251\015\025\0030g\356\205\001\344kN\014"
  50      0D150330 
  50      67EE8501 
  50      E46B4E0C 
  51 01d6 D0B618D3 		.ascii	"\320\266\030\323\314t\367\303\224xi\230\244\231\257"
  51      CC74F7C3 
  51      94786998 
  51      A499AF
  52 01e5 62E6AF06 		.ascii	"b\346\257\006\3233X\227W\"\311\267\2226q\371\250P\234"
  52      D3335897 
  52      5722C9B7 
  52      923671F9 
  52      A8509C
  53 01f8 C0AF7C59 		.ascii	"\300\257|YcE\234x\376#\366\224\314d\374S}\375=\375g"
  53      63459C78 
  53      FE23F694 
  53      CC64FC53 
  53      7DFD3DFD 
ARM GAS  /tmp/ccVOWOvB.s 			page 4


  54 020d CEF917B2 		.ascii	"\316\371\027\262~_\367\200\237\275\330\353\017v\017"
  54      7E5FF780 
  54      9FBDD8EB 
  54      0F760F
  55 021c 647A05F5 		.ascii	"dz\005\365\\\312\376\006=,!\233"
  55      5CCAFE06 
  55      3D2C219B 
  56              		.text
  57              		.section	.gnu.lto_palWriteBus.140b98c8acb0ebb0,"",%progbits
  58 0000 789C9594 		.ascii	"x\234\225\224\317O\023Q\020\307\337\274\267\273m\351"
  58      CF4F1351 
  58      10C7DFBC 
  58      B7BB6DE9 
  59 0010 0FF4DE44 		.ascii	"\017\364\336D\022\3234\034\354\352\337`\342\325D\377"
  59      12D3341C 
  59      ECEADF60 
  59      E2D544FF 
  60 0020 02401348 		.ascii	"\002@\023HH4V\317\254m\327\237\027/@0\020\242\206PT"
  60      483456CF 
  60      AC6DD79F 
  60      172F4030 
  60      10A28650 
  61 0035 7E14452C 		.ascii	"~\024E,\376Z\213\264\212\032\305\203\236\014D\221D\017"
  61      FE5A8BB4 
  61      8A1AC583 
  61      9E0C4491 
  61      440F
  62 0047 5A50624D 		.ascii	"ZPbM\260u\346\355\022j\321\244\273\207\331}\363\276"
  62      B075E6ED 
  62      126AD1A4 
  62      BB87D97D 
  62      F3BE
  63 0059 EF3333BB 		.ascii	"\35733\2733\2530`t\201\306X\024\357aZ(\0148\2728\010"
  63      33AB3060 
  63      7481C658 
  63      14EF615A 
  63      280C38BA 
  64 006f B4024801 		.ascii	"\264\002H\001\254\213\013\350\202u\376\233C\356\354"
  64      AC8B0BE8 
  64      8275FE9B 
  64      43EEEC
  65 007e 4A96370F 		.ascii	"J\2267\017\033x-\315}\335k\244-0QZ\341\314f\015C3\252"
  65      1B782DCD 
  65      7DDD6BA4 
  65      2D30515A 
  65      E1CC660D 
  66 0095 165213FD 		.ascii	"\026R\023\375\342\0077\021\240\340r\365\345\345\217"
  66      E2073711 
  66      A0E072F5 
  66      E5E58F
  67 00a4 215A7268 		.ascii	"!Zrh\302\245\271\320{F\210]\300\360\371\375\342\322"
  67      C2A5B9D0 
  67      7B46885D 
  67      C0F0F9FD 
  67      E2D2
  68 00b6 88373A64 		.ascii	"\2107:d\030\011\303\370~\304\360\231B\300u\020\310\203"
  68      1809C3F8 
ARM GAS  /tmp/ccVOWOvB.s 			page 5


  68      7EC4F099 
  68      42C07510 
  68      C883
  69 00c8 1108431A 		.ascii	"\021\010C\032\302\014]\014n@\024\325\003\345\253\005"
  69      C20C5D0C 
  69      6E4014D5 
  69      03E5AB05 
  70 00d8 BFD82D4F 		.ascii	"\277\330-Of\007\373G4\347\344\364Q:\251\300\315\332"
  70      6607FB47 
  70      34E7E4F4 
  70      513AA9C0 
  70      CDDA
  71 00ea 9358CE28 		.ascii	"\223X\316(DI\376!S\356\016j)J\274\351\374f\3060\006"
  71      4449FE21 
  71      53EE0E6A 
  71      294ABCE9 
  71      FC66C630 
  72 00ff 1A9618C2 		.ascii	"\032\226\030\302\375\276\314\322\252\032\271F8\353W"
  72      FDBECCD2 
  72      AA1AB946 
  72      38EB57
  73 010e 1EFAD256 		.ascii	"\036\372\322V\252\311\024*\253\346\311\012\307!\202"
  73      AAC9142A 
  73      ABE6C90A 
  73      C72182
  74 011d F2DE2B53 		.ascii	"\362\336+S%\277#\337\310\007.\\:\3555\205\266]=!\325"
  74      25BF23DF 
  74      C8072E5C 
  74      3AED3585 
  74      B65D3D21 
  75 0132 557063F2 		.ascii	"Upc\362\265\001\204\366l\027g\334\210'\335\210o\375"
  75      B50184F6 
  75      6C1767DC 
  75      8827DD88 
  75      6FFD
  76 0144 57FC8F0A 		.ascii	"W\374\217\012o\273\021O\271I\343\216\033\361\264\033"
  76      6FBB114F 
  76      B949E38E 
  76      1BF1B41B 
  77 0154 F15D3739 		.ascii	"\361]79g\335\220g\334\210\357A\004\233k\374\220eT*I"
  77      67DD9067 
  77      DC88EF41 
  77      049B6BFC 
  77      9065542A 
  78 0169 C35AD73E 		.ascii	"\303Z\327>\227\276ywr\240\376\025\330\217\232\002\324"
  78      97BE7977 
  78      72A0FE15 
  78      D88F9A02 
  78      D4
  79 017a 902A3E7A 		.ascii	"\220*>z42\0362^4\252\217L\003-\375d\002d\202\344\013"
  79      34321E32 
  79      5E34AA8F 
  79      4C032DFD 
  79      64026482 
  80 0190 D1532319 		.ascii	"\321S#\031\306\212r\316\212\034ob\225c\033\213\025H"
  80      C68A72CE 
  80      8A1C6F62 
ARM GAS  /tmp/ccVOWOvB.s 			page 6


  80      95631B8B 
  80      1548
  81 01a2 CC6416F7 		.ascii	"\314d\026\367Q''\205\300L{\314\334+\017\015\233\220"
  81      51272785 
  81      C04C7BCC 
  81      DC2B0F0D 
  81      9B90
  82 01b4 63F2B330 		.ascii	"c\362\2630\177.0\010\0038\246\336$\016\340}J\025\375"
  82      7F2E3008 
  82      0338A6DE 
  82      240EE07D 
  82      4A15FD
  83 01c7 43CB8931 		.ascii	"C\313\2111\217\276\307\024>x\000\203P\226`x\010:CbY"
  83      8FBEC714 
  83      3E780083 
  83      50966078 
  83      083A4362 
  84 01dc B3796A12 		.ascii	"\263yj\022'\210\"\200\275\326\352\001*\360H\002\345"
  84      27882280 
  84      BDD6EA01 
  84      2AF04802 
  84      E5
  85 01ed BFC392C0 		.ascii	"\277\303\222\300\344\206\003\364H\246V\315\364\326\303"
  85      E48603F4 
  85      48A656CD 
  85      F4D6C3
  86 01fc 6C80C792 		.ascii	"l\200\307\222)\2076g3{\034\246\317f\274)\276\030\360"
  86      29873667 
  86      337B1CA6 
  86      CF66BC29 
  86      BE18F0
  87 020f 53DD2AEC 		.ascii	"S\335*\354\200Y\004\240\244\350H\032dd_uX\177}\245<"
  87      805904A0 
  87      A4E8481A 
  87      64645F75 
  87      587F7DA5 
  88 0224 D92A65EE 		.ascii	"\331*e\356\357R\002\310\250y=\301\372J\311o\225R\260"
  88      EF5202C8 
  88      A8793DC1 
  88      FA4AC96F 
  88      9552B0
  89 0237 999B7986 		.ascii	"\231\233y\206$6H\256\222\343j\224\331\207\320\225\353"
  89      243648AE 
  89      92E36A94 
  89      D987D095 
  89      EB
  90 0248 9161AA3F 		.ascii	"\221a\252?\261\257\366\023cF\002\236:!\337\255\255\315"
  90      B1AFF613 
  90      6346029E 
  90      3A21DFAD 
  90      ADCD
  91 025a 06F45123 		.ascii	"\006\364Q#\205\033\001x&\243b\313\320\326\305\345Oo"
  91      851B0178 
  91      26A362CB 
  91      D0D6C5E5 
  91      4F6F
  92 026c 55672B08 		.ascii	"Ug+\010\363\240\227\271B\371<\007\035C\262/\220\260"
ARM GAS  /tmp/ccVOWOvB.s 			page 7


  92      F3A097B9 
  92      42F93C07 
  92      1D43B22F 
  92      90B0
  93 027e 2A07281A 		.ascii	"*\007(\032\263\373\015_\000\346\033\216\305\364\375"
  93      B3FB0D5F 
  93      00E61B8E 
  93      C5F4FD
  94 028d ED1DAD1D 		.ascii	"\355\035\255\035\007\017\353\307\342z{K\247\036?\321"
  94      070FEBC7 
  94      E27A7B4B 
  94      A71E3FD1 
  95 029d A61F6FE9 		.ascii	"\246\037o\351\214\2651\321z*\256\264v\234\214\377\001"
  95      8CB531D1 
  95      7A2AAEB4 
  95      769C8CFF 
  95      01
  96 02ae 1151D7BF 		.ascii	"\021Q\327\277"
  97              		.text
  98              		.section	.gnu.lto_palSetBusMode.140b98c8acb0ebb0,"",%progbits
  99 0000 789C9592 		.ascii	"x\234\225\222KkSA\024\307\347?\347\346\336\304\244\342"
  99      4B6B5341 
  99      14C7E73F 
  99      E7E6DEC4 
  99      A4E2
 100 0012 07081890 		.ascii	"\007\010\030\220\020\2720W\361#\270p)\350\306m_\320"
 100      10BA3057 
 100      F123B870 
 100      29E8C66D 
 100      5FD0
 101 0024 42A56270 		.ascii	"B\245bp\2351\311hu!\202h\251(E$4\365\3216\215US\021"
 101      9D31C968 
 101      75218268 
 101      A9284524 
 101      34F5D136 
 102 003c 2EDD0414 		.ascii	".\335\004\024\321\342BQJ\203J\021q\221\340\243\242\264"
 102      D1E24251 
 102      4A834A11 
 102      7191E0A3 
 102      A2B4
 103 004e F1CCA442 		.ascii	"\361\314\244B\265\012u\340\316\314\231\373?\2779\217"
 103      B50A75E0 
 103      CECC99FB 
 103      3FBF398F 
 104 005e 71048419 		.ascii	"q\004\204\031\373H\210\024\257qc8\002R\360\007>\004"
 104      FB488814 
 104      AF716338 
 104      0252F007 
 104      3E04
 105 0070 C12820B2 		.ascii	"\301( \262\222\220\305\027\271*1\177z\271*;\307\025"
 105      9290C517 
 105      B92A317F 
 105      7AB92A3B 
 105      C715
 106 0082 8F7AF1FB 		.ascii	"\217z\361\373\036U\012\240Y\332\222\026%0\216NV-\024"
 106      1E550AA0 
 106      59DA9216 
ARM GAS  /tmp/ccVOWOvB.s 			page 8


 106      25308E4E 
 106      562D14
 107 0095 A6AFD067 		.ascii	"\246\257\320g\251\031\340\260\331|r\371\355vcJ$\330"
 107      A919E0B0 
 107      D97C72F9 
 107      ED76634A 
 107      24D8
 108 00a7 D40B23A7 		.ascii	"\324\013#\247\210vB\360~q\251>\021N\025\225\312)\265"
 108      887642F0 
 108      7E71A93E 
 108      114E1595 
 108      CA29B5
 109 00ba D2AB229A 		.ascii	"\322\253\"\232\0107@\314\303\004\342(!.\370H\340&R\254"
 109      083740CC 
 109      C304E228 
 109      212EF848 
 109      E02652AC 
 110 00ce FE54295E 		.ascii	"\376T)^\210\322.\353\371\370\334\303#\353\216\225>\343"
 110      88D22EEB 
 110      F9F8DCC3 
 110      23EB8E95 
 110      3EE3
 111 00e0 E8E0D69F 		.ascii	"\350\340\326\237\216\234\315m\244\214\372My\355b\207"
 111      8E9CCD6D 
 111      A48CFA4D 
 111      79ED6287 
 112 00f0 5B307127 		.ascii	"[0q'\316\374\012\030\223p9C\227\377\217\226\353\315"
 112      CEFC0A18 
 112      93703943 
 112      97FF8F96 
 112      EBCD
 113 0102 50F2BAC1 		.ascii	"P\362\272\301\005/j\030-\005\205\204\246\220\330\310"
 113      052F6A18 
 113      2D058584 
 113      A690D8C8 
 114 0112 B3094E21 		.ascii	"\263\011N!\311\362\221k\263\337\242\353\362W\265\330"
 114      C9F2916B 
 114      B3DFA2EB 
 114      F257B5D8 
 115 0122 D9F327C3 		.ascii	"\331\363'\303\232\334\315\352i\253\336\000W3\317\024"
 115      9ADCCDEA 
 115      69ABDE00 
 115      5733CF14 
 116 0132 0CDADB2C 		.ascii	"\014\332\333,.\377S\374\2278f\376\207\\A\222\223\236"
 116      2EFF53FC 
 116      973866FE 
 116      875C4192 
 116      939E
 117 0144 3A14A856 		.ascii	":\024\250V+\257\202\347\336\322\313\037\341\210\204"
 117      2BAF82E7 
 117      DED2CB1F 
 117      E18884
 118 0153 292B719D 		.ascii	")+q\235\\\207'/\304S\3105;\017\266n\242a\333\332\220"
 118      5C87272F 
 118      C453C835 
 118      3B0FB66E 
 118      A261DBDA 
ARM GAS  /tmp/ccVOWOvB.s 			page 9


 119 0168 BC505372 		.ascii	"\274PSr\331h\031\271\271\346\327\275\246ry\"\216\340"
 119      D96819B9 
 119      B9E6D7BD 
 119      A6727922 
 119      8EE0
 120 017a 929E7FEA 		.ascii	"\222\236\177\352\231\336\222\355\312J\355\321pl\014"
 120      99DE92ED 
 120      CA4AEDD1 
 120      706C0C
 121 0189 57F95584 		.ascii	"W\371U\204\363\334\357;&\004>/\276\313Mz\376nM\021\314"
 121      F3DCEF3B 
 121      26043E2F 
 121      BECB4D7A 
 121      FE6E4D11 
 122 019e 620C6B16 		.ascii	"b\014k\026\214\273\360\205!\242\315s\266\002\330\206"
 122      8CBBF085 
 122      21A2CD73 
 122      B602D886 
 123 01ae 7B16609F 		.ascii	"{\026`\237\346\375\337\001\241\255\000\242\250Z\200"
 123      E6FDDF01 
 123      A1AD00A2 
 123      A85A80
 124 01bd 7D017316 		.ascii	"}\001s\026\220o\270m\200\011\2021\342=\354\201\361\253"
 124      906FB86D 
 124      80098231 
 124      E23DEC81 
 124      F1AB
 125 01cf 563FBEF6 		.ascii	"V?\276\366\262\253jX\251\035\232b-s1\036 +8\177\353"
 125      B2AB6A58 
 125      A91D9A62 
 125      2D73311E 
 125      202B387F 
 126 01e4 E069EA10 		.ascii	"\340i\352\020\037\220\013\026\017X\237v\311X\305\027"
 126      1F900B16 
 126      0F589F76 
 126      C958C517 
 127 01f4 C4D3697F 		.ascii	"\304\323i\177\177\377@\367\300\301\303\376P\306\357"
 127      7FFF40F7 
 127      C0C1C3FE 
 127      50C6EF
 128 0203 EF1AF433 		.ascii	"\357\032\3643\307{\374c]\203\351\036A\335'2\316\321"
 128      C77BFC63 
 128      5D83E91E 
 128      41DD2732 
 128      CED1
 129 0215 A1DEBE9F 		.ascii	"\241\336\276\237<\362\005m"
 129      3CF2056D 
 130              		.text
 131              		.section	.gnu.lto_.symbol_nodes.140b98c8acb0ebb0,"",%progbits
 132 0000 789C6361 		.ascii	"x\234ca`d\010d\000\002\246\015\214\365\014\014\023\316"
 132      60640864 
 132      0002A60D 
 132      8CF50C0C 
 132      13CE
 133 0012 313000A9 		.ascii	"10\000\251U\215\212@\221\215\214\365\214\250\"\233\030"
 133      558D8A40 
 133      918D8CF5 
ARM GAS  /tmp/ccVOWOvB.s 			page 10


 133      8CA8229B 
 133      18
 134 0023 EB995044 		.ascii	"\353\231PD\030\2672\3263\203E\030\030\032\032\024\030"
 134      18B732D6 
 134      33834518 
 134      181A1A14 
 134      18
 135 0034 18989998 		.ascii	"\030\230\231\230\031\226<\374\347\310\000\0004\227\023"
 135      19963CFC 
 135      E7C80000 
 135      349713
 136 0043 F1       		.ascii	"\361"
 137              		.text
 138              		.section	.gnu.lto_.refs.140b98c8acb0ebb0,"",%progbits
 139 0000 789C6361 		.ascii	"x\234ca`\004B \000\000\0009\000\007"
 139      60044220 
 139      00000039 
 139      0007
 140              		.text
 141              		.section	.gnu.lto_.decls.140b98c8acb0ebb0,"",%progbits
 142 0000 789CA558 		.ascii	"x\234\245X{P\024G\032\237\236\236\205e\331\005\013\275"
 142      7B501447 
 142      1A9F9E9E 
 142      8565D905 
 142      0BBD
 143 0012 C4AA2355 		.ascii	"\304\252#UV\202\312UE\367\204\224\347\325\375\343)j"
 143      5682CA55 
 143      45F78494 
 143      E7D5FDE3 
 143      296A
 144 0024 BCD3ACB5 		.ascii	"\274\323\254\265\232\244\256\256\256\366\0200n\035\202"
 144      9AA4AEAE 
 144      AEF61030 
 144      6E1D82
 145 0033 C52E5795 		.ascii	"\305.W\225\2772\300*\2401\002*\002\212\362\020\025A"
 145      BF32C02A 
 145      A031022A 
 145      028AF210 
 145      1541
 146 0045 C10702A2 		.ascii	"\301\007\002\242\262Q\243\010\302\">\020\211\001\203"
 146      B251A308 
 146      C2223E10 
 146      890183
 147 0054 06F18982 		.ascii	"\006\361\211\202\002*\341\276\356\236\335\031\226]\357"
 147      022AE1BE 
 147      EE9EDD19 
 147      965DEF
 148 0063 AAAEAB7A 		.ascii	"\252\256\253z{\272\373\327\337\367\373\036\335=\263"
 148      7BBAFBD7 
 148      DFF7FB1E 
 148      DD3DB3
 149 0072 02873852 		.ascii	"\002\2078RF\2028n\036\317q6\350\216A\021`\354\013N."
 149      4682386E 
 149      1ECF7136 
 149      E88E4111 
 149      60EC0B4E 
 150 0087 A4AF81B9 		.ascii	"\244\257\201\271@\250\357C\375\000q\023\012\231\327"
ARM GAS  /tmp/ccVOWOvB.s 			page 11


 150      40A8EF43 
 150      FD007113 
 150      0A99D7
 151 0096 420BA2B8 		.ascii	"B\013\242\270)Pk\240\372\302\230\001\332\001\2503\241"
 151      29506BA0 
 151      FAC29801 
 151      DA01A833 
 151      A1
 152 00a7 AAA0FF0A 		.ascii	"\252\240\377\012\332\347P\317@\035\225d#\030\357\201"
 152      DAE750CF 
 152      401D9564 
 152      2318EF81 
 153 00b7 1613FDA4 		.ascii	"\026\023\375\244/\311\003J\334\307\320\316r\323Gx\004"
 153      2FC9034A 
 153      DCC7D0CE 
 153      72D34778 
 153      04
 154 00c8 481C9DFA 		.ascii	"H\034\235\372\210.\242\323\223\276QI\347-I\257J\322"
 154      882EA2D3 
 154      93BE5149 
 154      E72D49AF 
 154      4AD2
 155 00da 3926E9EC 		.ascii	"9&\351\354\205\266]\322Kd\2236\314M\347\373^t\006y\261"
 155      85B65DD2 
 155      4B649336 
 155      CC4DE7FB 
 155      5E740679 
 156 00ef B146D21B 		.ascii	"\261F\322\033\016\375`\250\330M'\317\311\276$\252\376"
 156      0EFD60A8 
 156      D84D27CF 
 156      C9BE24AA 
 156      FE
 157 0100 E4A66F94 		.ascii	"\344\246o\224Ge\275gn\252;Q\007\231A\223\020\222\220"
 157      4765BD67 
 157      6EAA3B51 
 157      07994193 
 157      109290
 158 0113 8A825845 		.ascii	"\212\202XEl\230w\016\2619\367 I@$O n\334\012\032{Z\344"
 158      6C98770E 
 158      B139F720 
 158      4940244F 
 158      206EDC0A 
 159 012b 21448BB4 		.ascii	"!D\213\264H)\321\251\032\324\262G\304\271X8\261\012"
 159      4829D1A9 
 159      1AD4B247 
 159      C4B95838 
 159      B10A
 160 013d 79127BE4 		.ascii	"y\022{\344\201\027-\330i\364\335\266\323\243j\0142\341"
 160      81172DD8 
 160      69F4DDB6 
 160      D3A36A0C 
 160      32E1
 161 014f B96BE4E0 		.ascii	"\271k\344\340\342\331\345\"\224\014Q\344?\220=s\325"
 161      E2D9E522 
 161      940C51E4 
 161      3F903D73 
 161      D5
ARM GAS  /tmp/ccVOWOvB.s 			page 12


 162 0160 56B91B0F 		.ascii	"V\271\033\017\362(H\203\004\350>o\316\353\011\200\356"
 162      F2284883 
 162      04E83E6F 
 162      CEEB0980 
 162      EE
 163 0171 140D9A06 		.ascii	"\024\015\232\006\335\274\272\301F\025\233UCwl\177e\272"
 163      DDBCBAC1 
 163      46159B55 
 163      43776C7F 
 163      65BA
 164 0183 1ABF4725 		.ascii	"\032\277G%\336i(-#\013gj\020\341\025\010C\025\217kG"
 164      DE69282D 
 164      230B676A 
 164      10E11508 
 164      43158F6B 
 165 0198 746C8820 		.ascii	"tl\210 \332\266\276\330\347\213\177K\236\371\262\314"
 165      DAB6BED8 
 165      E78B7F4B 
 165      9EF9B2CC 
 166 01a8 476D7E28 		.ascii	"Gm~(T\263\237P\350\316/\321\326\212\342$t\014iP%\302"
 166      54B39F50 
 166      E8CE2FD1 
 166      D68AE224 
 166      740C6950 
 167 01be A814CD26 		.ascii	"\250\024\315&v\316\324\300o\232(&\213\031)b\320\247"
 167      76CED4C0 
 167      6F9A2826 
 167      8B192962 
 167      D0A7
 168 01d0 1C2A43C1 		.ascii	"\034*C\301\350\020\012\346\320Q\024J\244\022\034\252"
 168      E8100AE6 
 168      D051144A 
 168      A4121CAA 
 169 01e0 80C12330 		.ascii	"\200\301#0\010\032J\367e\026\371\340\277S\015\207\216"
 169      081A4AF7 
 169      6516F9E0 
 169      BF530D87 
 169      8E
 170 01f1 382EFA22 		.ascii	"8.\372\"M\250\307\365U\036\3263*\271\251\237\224\023"
 170      4DA8C7F5 
 170      551ED633 
 170      2AB9A99F 
 170      9413
 171 0203 2A2780CA 		.ascii	"*'\200\312q\231\0120c\376\261]x\225\251\303\337!\252"
 171      71990A30 
 171      63FEB15D 
 171      7895A9C3 
 171      DF21AA
 172 0216 A32DBDB7 		.ascii	"\243-\275\267PpY1\324\370\315\276\015\340MT\003kO\312"
 172      50705931 
 172      D4F8CDBE 
 172      0DE04D54 
 172      036B4FCA 
 173 022a 6B4F20AF 		.ascii	"kO \257vT{\266\343\306\363\027\331\001\330A\225\240"
 173      76547BB6 
 173      E3C6F317 
 173      D901D841 
ARM GAS  /tmp/ccVOWOvB.s 			page 13


 173      95A0
 174 023c 5D0377FA 		.ascii	"]\003w\372\374\230\317C\025\021\011b\021\031.\274\227"
 174      FC98CF43 
 174      15110962 
 174      11192EBC 
 174      97
 175 024d C5E39B0C 		.ascii	"\305\343\233\014z\267\265J\364\323\200\246\224\377\311"
 175      7AB7B54A 
 175      F4D380A6 
 175      94FFC9
 176 025c 62585139 		.ascii	"bXQ9\266\275[\207;\331\362\247\266\373\335\376L\364"
 176      B6BD5B87 
 176      3BD9F2A7 
 176      B6FBDDFE 
 176      4CF4
 177 026e 54E81E1E 		.ascii	"T\350\036\036\356:\251\302\335ln\313\366s\347\004|\237"
 177      EE3AA9C2 
 177      DD6C6ECB 
 177      F673E704 
 177      7C9F
 178 0280 758A7333 		.ascii	"u\212s3SU\370!\353\224feTj\360c\326i\353\277\222\357"
 178      5355F821 
 178      EB946665 
 178      546AF063 
 178      D669EBBF 
 179 0296 CFF26512 		.ascii	"\317\362e\022t\177\030\033\262\0072\211<ts\016\265\277"
 179      747F181B 
 179      B2073289 
 179      3C74730E 
 179      B5BF
 180 02a8 F6C34F19 		.ascii	"\366\303O\031\264\344\365\233~\22203H\302`E\272\314"
 180      B4E4F59B 
 180      7E923033 
 180      48C26045 
 180      BACC
 181 02ba 60E952DF 		.ascii	"`\351R\337ty\277\026\017J\236>\2273\352\357\214&\230"
 181      7479BF16 
 181      0F4A9E3E 
 181      9733EAEF 
 181      8C2698
 182 02cd A709E5D0 		.ascii	"\247\011\345\320\0050\343\007b[\023\3306C\262\255\001"
 182      0530E307 
 182      625B13D8 
 182      3643B2AD 
 182      01
 183 02de 062FB9A2 		.ascii	"\006/\271\242\231\377\344/)\242\210P#D\344\262\034\221"
 183      99FFE42F 
 183      29A28850 
 183      2344E4B2 
 183      1C91
 184 02f0 195230CF 		.ascii	"\031R0\317fv\376\242\301cL\305\276\036\261N\360\246"
 184      6676FEA2 
 184      C1634CC5 
 184      BE1EB14E 
 184      F0A6
 185 0302 A2C5AB8A 		.ascii	"\242\305\253\212\334\324\0314a\232A\305\025YE\2433a"
 185      DCD41934 
ARM GAS  /tmp/ccVOWOvB.s 			page 14


 185      619A41C5 
 185      155945A3 
 185      3361
 186 0314 92878B4E 		.ascii	"\222\207\213N\253q\032\335vB\357\360&\233\032\205L\016"
 186      AB711ADD 
 186      7642EFF0 
 186      269B1A85 
 186      4C0E
 187 0326 092D225A 		.ascii	"\011-\"Z eb\267\245n\024[\377I\227_\204\345W\321dY\253"
 187      206562B7 
 187      A56E145B 
 187      FF49975F 
 187      84E557D1 
 188 033d 3E98A31C 		.ascii	">\230\243\034@R&\335\253v0\206\227\243\312Q8hD\327\200"
 188      405226DD 
 188      AB763086 
 188      97A3CA51 
 188      386844D7 
 189 0352 5F1B0A41 		.ascii	"_\033\012A\255(\204\356d*\336^\271U\353\224\355\360"
 189      AD2884EE 
 189      642ADE5E 
 189      B955EB94 
 189      EDF0
 190 0364 287B0E11 		.ascii	"({\016\021M\355\260\357u\360\242\250&\030N\262\201\235"
 190      4DEDB0EF 
 190      75F0A2A8 
 190      26184EB2 
 190      819D
 191 0376 08C2969C 		.ascii	"\010\302\226\234\261\227:\0242%4\244\210\002\253\034"
 191      B1973A14 
 191      322534A4 
 191      8802AB1C 
 192 0386 3849B427 		.ascii	"8I\264'3q\347A\354\0154E\3163Yl\026eL\334/(\031\023"
 192      3371E741 
 192      EC0D3445 
 192      CE33596C 
 192      16654CDC 
 193 039e 34617C13 		.ascii	"4a|\023\030\267\003\343\353\022c\306b\327\326\000\302"
 193      18B703E3 
 193      EB1263C6 
 193      62D7D600 
 193      C2
 194 03af 02404A16 		.ascii	"\002@J\026\314\232|Gp\256h\267a\2727\317yW\014N\337"
 194      CC9A7C47 
 194      70AE68B7 
 194      61BA37CF 
 194      79570C4E 
 195 03c4 98B6F332 		.ascii	"\230\266\3632\236\002\014\222\2743\340\306\251W\344"
 195      9E020C92 
 195      BC33E0C6 
 195      A957E4
 196 03d3 6E10CB5D 		.ascii	"n\020\313]\333\371\033UZ\374-;/\3577U$\253q\006\353"
 196      DBF91B55 
 196      5AFC2D3B 
 196      2FEF3755 
 196      24AB7106 
 197 03e8 EC693ED2 		.ascii	"\354i>\322\244\302\333Y\247\256\354H\033\217\363X\247"
ARM GAS  /tmp/ccVOWOvB.s 			page 15


 197      A4C2DB59 
 197      A7AEEC48 
 197      1B8FF358 
 197      A7
 198 03f9 BCB67F33 		.ascii	"\274\266\1773\302E\254\363<\265\302\212K\331\263-?\303"
 198      C245ACF3 
 198      3CB5C28A 
 198      4BD9B32D 
 198      3FC3
 199 040b C133D91F 		.ascii	"\3013\331\037C7;}w\267\300\266I7\331\030\307n\036\254"
 199      43373B7D 
 199      77B7C0B6 
 199      4937D918 
 199      C76E1EAC 
 200 041f 53E30A8A 		.ascii	"S\343\012\212\325\015=m|\254#I\302J(\324\"\321\226\""
 200      D50D3D6D 
 200      7CAC2349 
 200      C24A28D4 
 200      22D19622 
 201 0433 DAB31D5A 		.ascii	"\332\263\035Z1#\022\235\001\363;\301\374{\340\177\227"
 201      3123129D 
 201      01F33BC1 
 201      FC7BE07F 
 201      97
 202 0444 F91DC865 		.ascii	"\371\035\310e\177\246t\254S\263\357\002\240\233\316"
 202      7FA674AC 
 202      53B3EF02 
 202      A09BCE
 203 0453 DD9352E5 		.ascii	"\335\223R\34518\376\011X\376\010j\037\324\007P{\240"
 203      3138FE09 
 203      58FE086A 
 203      1FD40750 
 203      7BA0
 204 0465 3E84DA0B 		.ascii	">\204\332\013\365\031\324\373P\237B\375\305\225ND\377"
 204      F519D4FB 
 204      509F42FD 
 204      C5954E44 
 204      FF
 205 0476 2959FF59 		.ascii	")Y\377Yw\375u\262~\006>+\203\177v\007\237\032\007\206"
 205      77FD75B2 
 205      7E063E2B 
 205      837F7607 
 205      9F1A0786 
 206 048a 6CAA76F0 		.ascii	"l\252v\360,\264\267 6\337\273\303\353\335e\357pf\002"
 206      2CB4B720 
 206      36DFBBC3 
 206      EBDD65EF 
 206      706602
 207 049d 91FEA33B 		.ascii	"\221\376\243;\274\234\302\313\220\214\317\222\271\334"
 207      BC9CC2CB 
 207      908CCF92 
 207      B9DC
 208 04ab F18C5608 		.ascii	"\361\214V\010\317\221\301\267={Y):CF\377\344\216\326"
 208      CF91C1B7 
 208      3D7B5929 
 208      3A4346FF 
 208      E48ED6
ARM GAS  /tmp/ccVOWOvB.s 			page 16


 209 04be CB6096DD 		.ascii	"\313`\226\335oZ\264$\273\357\215\337cL\320X\213\302"
 209      6F5AB424 
 209      BBEF8DDF 
 209      634CD058 
 209      8BC2
 210 04d0 A62E8FA2 		.ascii	"\246.\217\242\024$O\313jO{\016\205\222d\215\214\266"
 210      14244FCB 
 210      6A4F7B0E 
 210      8592648D 
 210      8CB6
 211 04e2 7B762E43 		.ascii	"{v.CC&\332\233\207O\250\360q\232\211\274\255!\345\261"
 211      4326DA9B 
 211      874FA8F0 
 211      719A89BC 
 211      AD21E5B1 
 212 04f6 1F9A1CEA 		.ascii	"\037\232\034\3521\243\320\013H\244\377'\251\230O\256"
 212      31A3D00B 
 212      48A4FF27 
 212      A9984FAE 
 213 0506 3A10F1C9 		.ascii	":\020\361\311s\020\324/\037\237\304E\224O\327\331\247"
 213      7310D42F 
 213      1F9FC445 
 213      944FD7D9 
 213      A7
 214 0517 A703B59B 		.ascii	"\247\003\265\233\\\227'\005\312{y\000i\245%\200\255"
 214      5C972705 
 214      CA7B7900 
 214      69A52580 
 214      AD
 215 0528 4ECFE9D5 		.ascii	"N\317\351\325a;\343\376\262o\247\303\027\205j\231\226"
 215      613BE3FE 
 215      B26FA7C3 
 215      17856A99 
 215      96
 216 0539 6BD9C144 		.ascii	"k\331\301D\313+\200\017\312Z`54^\204\243\227`\3238\371"
 216      CB2B800F 
 216      CA5A6035 
 216      345E84A3 
 216      9760D338 
 217 054e 6F1E6CEF 		.ascii	"o\036l\357@l\023k\311\311^\327\221\031(mb2=\270\355"
 217      406C136B 
 217      C9C95ED7 
 217      9119286D 
 217      62323DB8 
 218 0563 7657006E 		.ascii	"vW\000n\342\307\275\016\031&\276\016\031\330\375\366"
 218      E2C7BD0E 
 218      1926BE0E 
 218      19D8FDF6 
 219 0573 B8D5710D 		.ascii	"\270\325q\015\3416\306\366\341\231\023\315*oo+\277\002"
 219      E136C6F6 
 219      E19913CD 
 219      2A6F6F2B 
 219      BF02
 220 0585 118374F9 		.ascii	"\021\203t\371\274\201\301\327\256\313g,{n=\271|F!\262"
 220      BC81C1D7 
 220      AECB672C 
 220      7B6E3DB9 
ARM GAS  /tmp/ccVOWOvB.s 			page 17


 220      7C4621B2 
 221 0599 6F65BB0C 		.ascii	"oe\273\014\354\356Q\025\367=\314\025\350u\023\302\356"
 221      ECEE5115 
 221      F73DCC15 
 221      E87513C2 
 221      EE
 222 05aa 9BDCBCC5 		.ascii	"\233\334\274\305Y\0076\222\\ \357(\207a\205\310{N\330"
 222      59073692 
 222      5C20EF28 
 222      876185C8 
 222      7B4ED8
 223 05bd 71211F06 		.ascii	"q!\037\006\300\020\3657\201\223x'\363\241(\211\017A"
 223      C010F537 
 223      81937827 
 223      F3A12889 
 223      0F41
 224 05cf 6310CF14 		.ascii	"c\020\317\024^y\347\274\275Ds\215x\272\326\243|\305"
 224      5E79E7BC 
 224      BD44738D 
 224      78BAD6A3 
 224      7CC5
 225 05e1 9DF3F212 		.ascii	"\235\363\362\022\335\017\200\231x\332\037m\224\366\003"
 225      DD0F8099 
 225      78DA1F6D 
 225      94F603
 226 05f0 B16DC45D 		.ascii	"\261m\304]\222b\327\202+GJ\007\0061.\301,\360\245\333"
 226      9262D782 
 226      2B474A07 
 226      06312EC1 
 226      2CF0A5DB 
 227 0604 5A03DD93 		.ascii	"Z\003\335\223\326i\001\332\010\304\337e\004#v\274\221"
 227      D66901DA 
 227      08C4DF65 
 227      042376BC 
 227      91
 228 0615 26E50600 		.ascii	"&\345\006\000\332x\227[\011O\252/g(e\2512'7\360\312"
 228      DA78975B 
 228      094FAA2F 
 228      672865A9 
 228      322737F0 
 229 062a 9C4CE5B5 		.ascii	"\234L\345\265\322\215\222\336\276\347\031\026x6\206"
 229      D28D92DE 
 229      BEE71916 
 229      783686
 230 0639 560B64AC 		.ascii	"V\013d\254\267\344\344m\335\324l\351r\234&\320H\310"
 230      B7E4E46D 
 230      DDD46CE9 
 230      729C26D0 
 230      48C8
 231 064b 8BD3F9A9 		.ascii	"\213\323\371\251\360\233\306\013\222e;Gn\253>,\020\013"
 231      F09BC60B 
 231      92653B47 
 231      6EAB3E2C 
 231      100B
 232 065d 0AC4EEEA 		.ascii	"\012\304\356\352\316\210\273\305\020\274$Q\234O\201"
 232      CE88BBC5 
 232      10BC2451 
ARM GAS  /tmp/ccVOWOvB.s 			page 18


 232      9C4F81
 233 066c E8A01C72 		.ascii	"\350\240\034rx$\315\001\270\0318\264\211\377\020\326"
 233      7824CD01 
 233      B81938B4 
 233      89FF10D6 
 234 067c 1EC84969 		.ascii	"\036\310Ii\362\307\015\324+\250\343\\\306\235\000J\205"
 234      F2C70DD4 
 234      2BA8E35C 
 234      C69D004A 
 234      85
 235 068d E86354F6 		.ascii	"\350cT\366\335\031n\363s\321\373\226\247\203\345\035"
 235      DD196EF3 
 235      73D1FB96 
 235      A783E51D 
 236 069d 557641C9 		.ascii	"UvA\311\357\213\367\024\364\276\243\364\2668\351]\310"
 236      EF8BF714 
 236      F4BEA3F4 
 236      B638E95D 
 236      C8
 237 06ae 1F6DD130 		.ascii	"\037m\3210z\366\227\0331\011\230H\336\200\001\2066\313"
 237      7AF6971B 
 237      31099848 
 237      DE800186 
 237      36CB
 238 06c0 8E834799 		.ascii	"\216\203G\231\334VJn\364\247\236\027<\276\316\310\035"
 238      DC564A6E 
 238      F4A79E17 
 238      3CBECEC8 
 238      1D
 239 06d1 6A2E7D2B 		.ascii	"j.}+\340\237Y\374\312/\357-\364\367\266\025\266\361"
 239      E09F59FC 
 239      CA2FEF2D 
 239      F4F7B615 
 239      B6F1
 240 06e3 DE5EDC87 		.ascii	"\336^\334\2076-.\241o\337Y\274\006e\362no\337\240\244"
 240      362D2EA1 
 240      6FDF59BC 
 240      0665F26E 
 240      6FDFA0A4 
 241 06f7 A0EAFE23 		.ascii	"\240\352\376#-\265\226 \230\007\312m\235'}\\\036\330"
 241      2DB59620 
 241      9807CA6D 
 241      9D277D5C 
 241      1ED8
 242 0709 CE3C9057 		.ascii	"\316<\220W\334p<\320\253\007\262\251\007v8=\260\367"
 242      DC703CD0 
 242      AB07B2A9 
 242      0776383D 
 242      B0F7
 243 071b 4575AAC6 		.ascii	"Eu\252\306\025 \353\335c\242\230\016\013\005\202C\031"
 243      1520EBDD 
 243      63A2980E 
 243      0B058243 
 243      19
 244 072c 328D0CA5 		.ascii	"2\215\014\245\013vR\027<)I\331\026\210\0371\027xbWy"
 244      0B765217 
 244      3C2949D9 
ARM GAS  /tmp/ccVOWOvB.s 			page 19


 244      16881F31 
 244      17786257 
 245 0741 25957785 		.ascii	"%\225w\205,\227\221\2735\222\377\002\321A\262\303\362"
 245      2C9791BB 
 245      3592FF02 
 245      D141B2C3 
 245      F2
 246 0752 D8E0B38D 		.ascii	"\330\340\263\215]\231\276^\031\357\246\214w9\031\277"
 246      5D99BE5E 
 246      19EFA68C 
 246      773919BF 
 247 0762 3936E8E0 		.ascii	"96\350\340\201q7u\332\232\234\312{bZ\020E\241\034\231"
 247      81713775 
 247      DA9A9CCA 
 247      7B625A10 
 247      45A11C99 
 248 0776 6F0ECFBE 		.ascii	"o\016\317\276\033Q>\345:\230|\241O\300I\002\345\332"
 248      1B513EE5 
 248      3A987CA1 
 248      4FC04902 
 248      E5DA
 249 0788 DE61AB95 		.ascii	"\336a\253\225\316A\177r\354\336\335Q\357\307\316\301"
 249      CE417F72 
 249      ECDEDD51 
 249      EFC7CEC1 
 250 0798 5B64BAB0 		.ascii	"[d\272\260y [\203\2672\354h\177\353\250\226a5\320\315"
 250      79205B83 
 250      B732EC68 
 250      7FEBA896 
 250      6135D0CD 
 251 07ac BAD1D2AC 		.ascii	"\272\321\322\254!_(\242\264u\202\224\311_\314C\254\340"
 251      215F28A2 
 251      B4758294 
 251      C95FCC43 
 251      ACE0
 252 07be 9440453C 		.ascii	"\224@E<\373\016\032>\363Z\213s\250$\341xrW"
 252      FB0E1A3E 
 252      F35A8B73 
 252      A824E178 
 252      7257
 253 07d0 61000A0D 		.ascii	"a\000\012\015F\000G\354\223\213|\273B\352\203\303\366"
 253      460047EC 
 253      938B7CBB 
 253      42EA83C3 
 253      F6
 254 07e1 4974A1E4 		.ascii	"It\241\344\211 \276\377\0332\014\317j\332\322\\\352"
 254      8920BEFF 
 254      1B320CCF 
 254      6ADAD25C 
 254      EA
 255 07f2 2F127DA6 		.ascii	"/\022}\246r(<\030\375\0362\251\0042\351 \325w\200\017"
 255      72283C18 
 255      FD1E32A9 
 255      0432E920 
 255      D577800F 
 256 0806 46FB99C2 		.ascii	"F\373\231\302\235\005\355\003\252\240\014I\366|De\027"
 256      9D05ED03 
ARM GAS  /tmp/ccVOWOvB.s 			page 20


 256      AAA00C49 
 256      F67C4465 
 256      17
 257 0817 C0FC5E9E 		.ascii	"\300\374^\236\360+\345\203\234,\011\372\366\245+6\037"
 257      F02BE583 
 257      9C2C09FA 
 257      F6A52B36 
 257      1F
 258 0828 8D243BE3 		.ascii	"\215$;\343\277\311\336q\246\346\037J\321\207\336%\272"
 258      BFC9DE71 
 258      A6E61F4A 
 258      D187DE25 
 258      BA
 259 0839 BE7A7BAB 		.ascii	"\276z{\253vz\261\330J\323j\321\321d\273\2302\037\225"
 259      767AB1D8 
 259      4AD36AD1 
 259      D164BB98 
 259      321F95
 260 084c F141A810 		.ascii	"\361A\250\020b\004\373[\261t\017\214\254\002?\224\363"
 260      6204FB5B 
 260      B1740F8C 
 260      AC023F94 
 260      F3
 261 085d D3C95B6C 		.ascii	"\323\311[l\375\365!\277\217\012\3511\226\277XLSC2\320"
 261      FDF521BF 
 261      8F0AE931 
 261      96BF584C 
 261      534332D0 
 262 0871 138185F3 		.ascii	"\023\201\205\3630\377\021\200\366W\264\246\370\340|"
 262      30FF1180 
 262      F657B4A6 
 262      F8E07C
 263 0880 16A282D7 		.ascii	"\026\242\202\327\355\365~^cR\341\214\311^f\306\223\224"
 263      EDF57E5E 
 263      6352E18C 
 263      C95E66C6 
 263      9394
 264 0892 CABC4077 		.ascii	"\312\274@w\027\311\027D%\265\243\302i\307\235\332\332"
 264      17C91744 
 264      25B5A3C2 
 264      69C79DDA 
 264      DA
 265 08a3 8B01EE56 		.ascii	"\213\001\356V{E\177_\365\274\317\217Ym\037\271\210\222"
 265      7B457F5F 
 265      F5BCCF8F 
 265      596D1FB9 
 265      8892
 266 08b5 0AEC49D3 		.ascii	"\012\354I\323\320Q\311h87\024+\217HF\037\243F?x3P\255"
 266      D051C968 
 266      3837142B 
 266      8F48461F 
 266      A3463F78 
 267 08cc 529EC824 		.ascii	"R\236\310$\233e\033\216\263\023\231\264\344/\216\315"
 267      9B651B8E 
 267      B31399B4 
 267      E42F8ECD 
 268 08dc FD3D6A5C 		.ascii	"\375=j\\&\345\347\217I\277J/\346\001\344\037\215\276"
ARM GAS  /tmp/ccVOWOvB.s 			page 21


 268      26E5E78F 
 268      49BF4A2F 
 268      E601E41F 
 268      8DBE
 269 08ee 8E622997 		.ascii	"\216b)\227\373\351\227\356\303\332\363\322\037\036:"
 269      FBE997EE 
 269      C3DAF3D2 
 269      1F1E3A
 270 08fd 725EF45C 		.ascii	"r^\364\\\332\246\363\352\252\032\247\253\252\231\253"
 270      DAA6F3EA 
 270      AA1AA7AB 
 270      AA99AB
 271 090c 0A2AEA93 		.ascii	"\012*\352\223u\356\256:\011q\253\242q\253\245\306\327"
 271      75EEAE3A 
 271      0971ABA2 
 271      71ABA5C6 
 271      D7
 272 091d 388D4F2A 		.ascii	"8\215O*\331\272i\202\253\274\242\2577\264\364j$W\335"
 272      D9BA6982 
 272      ABBCA2AF 
 272      37B4F46A 
 272      2457DD
 273 0930 5C925609 		.ascii	"\\\222V\011\211~Jr\024\234.\212u'$G\325\361\3239\315"
 273      897E4A72 
 273      149C2E8A 
 273      75272447 
 273      D5F1D339 
 274 0945 FAC85863 		.ascii	"\372\310XcLd\364\202D\213z\311g\237O[8g\016'\254\213"
 274      4C64F482 
 274      448B7AC9 
 274      679F4F5B 
 274      38670E27 
 275 095b B4FC4B63 		.ascii	"\264\374Kc2%\232\343\254\341a&\353'\372DK\202>2a\335"
 275      32259AE3 
 275      ACE16126 
 275      EB27FA44 
 275      4B823E32 
 276 0971 ACB8F8B8 		.ascii	"\254\270\370\270\230Y1\221\253\315zs\\Tlbt\214~]d\324"
 276      98593191 
 276      ABCD7A73 
 276      5C546C62 
 276      748C7E5D 
 277 0987 5A735C8C 		.ascii	"Zs\\\214\336\024\035\263&21\326j\262~\275>\3062{-\247"
 277      DE141DB3 
 277      263231D6 
 277      6AB27EBD 
 277      3EC6327B 
 278 099d 76AEFEDD 		.ascii	"v\256\376\335;V[\276\266\350M\026k4@a\211\326\034\277"
 278      3B565BBE 
 278      B6E84D16 
 278      6B344061 
 278      89D61CBF 
 279 09b1 3E3EC14A 		.ascii	">>\301J\264\233\254\341\263g\353\027\2565\2576\033V"
 279      B49BACE1 
 279      B367EB17 
 279      AE35AF36 
 279      1B56
ARM GAS  /tmp/ccVOWOvB.s 			page 22


 280 09c3 EAE32DFA 		.ascii	"\352\343-\372\265\221\261z2i\321\257\\\265<<L\277lY"
 280      B591B17A 
 280      3269D1AF 
 280      5CB53C3C 
 280      4CBF6C59 
 281 09d7 847EC98A 		.ascii	"\204~\311\212\245\206\177\207\351\301\002Sll4\010\360"
 281      A5867F87 
 281      E9C10253 
 281      6C6C3408 
 281      F0
 282 09e8 210873B4 		.ascii	"!\010s\264\360\347\305\306O\311\3172a\331\302\277\032"
 282      F0E7C5C6 
 282      4FC9CF32 
 282      61D9C2BF 
 282      1A
 283 09f9 85052B8D 		.ascii	"\205\005+\215F\364%\372T\025\025\033\023\231 \0316g"
 283      46F425FA 
 283      5415151B 
 283      13992019 
 283      3667
 284 0a0b AEC9AA76 		.ascii	"\256\311\252v>`K\214\025\033\"\214xi\204Q\265\342\363"
 284      3E604B8C 
 284      151B228C 
 284      78698451 
 284      B5E2F3
 285 0a1e 1511465F 		.ascii	"\025\021F_\303\312\025\213\026E\030}\014\253\376\266"
 285      C3CA158B 
 285      1645187D 
 285      0CABFEB6 
 286 0a2e 629151B5 		.ascii	"b\221Q\265\334\020\261\310\210\027\030\215Z\213u\035"
 286      DC10B1C8 
 286      8817188D 
 286      5A8B751D 
 287 0a3e 98F5D57A 		.ascii	"\230\365\325zs\274\311\252a\214\315\321&\253O\374\232"
 287      73BCC9AA 
 287      618CCDD1 
 287      26AB4FFC 
 287      9A
 288 0a4f 3520454B 		.ascii	"5 EKD\232\326DZ\254\363L\326\220w\231\356\264z\332D"
 288      449AD644 
 288      5AACF34C 
 288      D6907799 
 288      EEB47ADA 
 289 0a64 439D18B0 		.ascii	"C\235\030\260\014\000\252\245\006\210N\360D\230%!\212"
 289      0C00AAA5 
 289      06884EF0 
 289      44982521 
 289      8A
 290 0a75 42A2387F 		.ascii	"B\2428\177h\276L0[c\000\250\203\347\2251VxZ\036\037"
 290      68BE4C30 
 290      5B6300A8 
 290      83E79531 
 290      56785A1E 
 291 0a8a 1DA336C7 		.ascii	"\035\2436\307\257\203\306d\375\215I\362\223\011X~\225"
 291      AF83C664 
 291      FD8D49F2 
 291      9309587E 
ARM GAS  /tmp/ccVOWOvB.s 			page 23


 291      95
 292 0a9b 109FB89E 		.ascii	"\020\237\270\236\214\353L\2465\211qQ&\323\354\271\341"
 292      8CEB4CA6 
 292      35897151 
 292      26D3ECB9 
 292      E1
 293 0aac F3C2D4CE 		.ascii	"\363\302\324\316\236\020\26562a\334\334\037\224\275"
 293      9E10B536 
 293      3261DCDC 
 293      1F94BD
 294 0abb 3F86FD07 		.ascii	"?\206\375\007\014\2746\356"
 294      0CBC36EE 
 295              		.text
 296              		.section	.gnu.lto_.symtab.140b98c8acb0ebb0,"",%progbits
 297 0000 70616C52 		.ascii	"palReadBus\000"
 297      65616442 
 297      757300
 298 000b 00       		.ascii	"\000"
 299 000c 00       		.ascii	"\000"
 300 000d 00       		.ascii	"\000"
 301 000e 00000000 		.ascii	"\000\000\000\000\000\000\000\000"
 301      00000000 
 302 0016 0A010000 		.ascii	"\012\001\000\000"
 303 001a 70616C57 		.ascii	"palWriteBus\000"
 303      72697465 
 303      42757300 
 304 0026 00       		.ascii	"\000"
 305 0027 00       		.ascii	"\000"
 306 0028 00       		.ascii	"\000"
 307 0029 00000000 		.ascii	"\000\000\000\000\000\000\000\000"
 307      00000000 
 308 0031 0F010000 		.ascii	"\017\001\000\000"
 309 0035 70616C53 		.ascii	"palSetBusMode\000"
 309      65744275 
 309      734D6F64 
 309      6500
 310 0043 00       		.ascii	"\000"
 311 0044 00       		.ascii	"\000"
 312 0045 00       		.ascii	"\000"
 313 0046 00000000 		.ascii	"\000\000\000\000\000\000\000\000"
 313      00000000 
 314 004e 17010000 		.ascii	"\027\001\000\000"
 315 0052 5F70616C 		.ascii	"_pal_lld_setgroupmode\000"
 315      5F6C6C64 
 315      5F736574 
 315      67726F75 
 315      706D6F64 
 316 0068 00       		.ascii	"\000"
 317 0069 02       		.ascii	"\002"
 318 006a 00       		.ascii	"\000"
 319 006b 00000000 		.ascii	"\000\000\000\000\000\000\000\000"
 319      00000000 
 320 0073 1D010000 		.ascii	"\035\001\000\000"
 321              		.text
 322              		.section	.gnu.lto_.opts,"",%progbits
 323 0000 272D666D 		.ascii	"'-fmath-errno' '-fsigned-zeros' '-ftrapping-math' '"
 323      6174682D 
ARM GAS  /tmp/ccVOWOvB.s 			page 24


 323      6572726E 
 323      6F272027 
 323      2D667369 
 324 0033 2D666E6F 		.ascii	"-fno-trapv' '-fno-strict-overflow' '-fno-openmp' '-"
 324      2D747261 
 324      70762720 
 324      272D666E 
 324      6F2D7374 
 325 0066 666E6F2D 		.ascii	"fno-openacc' '-mcpu=cortex-m0' '-mno-thumb-interwor"
 325      6F70656E 
 325      61636327 
 325      20272D6D 
 325      6370753D 
 326 0099 6B272027 		.ascii	"k' '-mthumb' '-ggdb' '-O0' '-fomit-frame-pointer' '"
 326      2D6D7468 
 326      756D6227 
 326      20272D67 
 326      67646227 
 327 00cc 2D66616C 		.ascii	"-falign-functions=16' '-ffunction-sections' '-fdata"
 327      69676E2D 
 327      66756E63 
 327      74696F6E 
 327      733D3136 
 328 00ff 2D736563 		.ascii	"-sections' '-fno-common' '-flto'\000"
 328      74696F6E 
 328      73272027 
 328      2D666E6F 
 328      2D636F6D 
 329              		.text
 330              		.comm	__gnu_lto_v1,1,1
 331              		.comm	__gnu_lto_slim,1,1
 332              		.ident	"GCC: (GNU Tools for ARM Embedded Processors) 5.4.1 20160609 (release) [ARM/embedded-5-bran
ARM GAS  /tmp/ccVOWOvB.s 			page 25


DEFINED SYMBOLS
                            *ABS*:0000000000000000 pal.c
                            *COM*:0000000000000001 __gnu_lto_v1
                            *COM*:0000000000000001 __gnu_lto_slim

NO UNDEFINED SYMBOLS
