ARM GAS  /tmp/ccVxMfnd.s 			page 1


   1              		.syntax unified
   2              		.cpu cortex-m0
   3              		.fpu softvfp
   4              		.eabi_attribute 20, 1
   5              		.eabi_attribute 21, 1
   6              		.eabi_attribute 23, 3
   7              		.eabi_attribute 24, 1
   8              		.eabi_attribute 25, 1
   9              		.eabi_attribute 26, 1
  10              		.eabi_attribute 30, 6
  11              		.eabi_attribute 34, 0
  12              		.eabi_attribute 18, 4
  13              		.thumb
  14              		.syntax unified
  15              		.file	"pal_lld.c"
  16              		.text
  17              	.Ltext0:
  18              		.section	.gnu.lto_.inline.40c6e008024ef62d,"",%progbits
  19 0000 789C6361 		.ascii	"x\234ca`d\000\201X\006\004`f`\020\024```\222k\370\305"
  19      60640081 
  19      58060460 
  19      66601014 
  19      60606092 
  20 0017 C8C0C2C0 		.ascii	"\310\300\302\300\004\022cd\0202\005\012qL\360\203\211"
  20      04126364 
  20      1032050A 
  20      714CF083 
  20      89
  21 0028 30F300F9 		.ascii	"0\363\000\371\014\023\374p\321L\014\227\031.\001\325"
  21      0C13FC70 
  21      D14C0C97 
  21      192E01D5 
  22 0038 312D625C 		.ascii	"1-b\\\320\310\005\323\305\000\000\317#\012\227"
  22      D0C805D3 
  22      C50000CF 
  22      230A97
  23              		.text
  24              		.section	.gnu.lto_initgpio.40c6e008024ef62d,"",%progbits
  25 0000 789CA594 		.ascii	"x\234\245\224ML\023A\024\307\347\355l\267K]\232\306"
  25      4D4C1341 
  25      14C7E7ED 
  25      6CB74B5D 
  25      9AC6
  26 0012 841B875E 		.ascii	"\204\033\207^H\303\245\033!z0\236\324hL0\250x7\210\012"
  26      48C3A51B 
  26      217A309E 
  26      D4684C30 
  26      A8783788 
  27 0027 4D1ADB88 		.ascii	"M\032\333\210\361\312\002m4z!*\204\202H\210!\024\025"
  27      F1CA026D 
  27      347A212A 
  27      84824888 
  27      211415
  28 003a 4BFD04FC 		.ascii	"K\375\004\374`-P\024EDc\364\244D\"\006/R\324x0R\337"
  28      602D5014 
  28      454463F4 
  28      A4442206 
ARM GAS  /tmp/ccVxMfnd.s 			page 2


  28      2F52D478 
  29 0051 9B02416A 		.ascii	"\233\002Aj\232\232n\322\331\235\335\377\374\366\267"
  29      9A9A6ED2 
  29      D99DDDFF 
  29      FCF6B7
  30 0060 F3662A33 		.ascii	"\363f*3`t\\P\030\333\216\347\002\352p\006\022\303\037"
  30      60745C50 
  30      18DB8EE7 
  30      02EA7006 
  30      12C31F
  31 0073 D0336075 		.ascii	"\3203`u\022\324\301\017\351\267\004\261\323s\203Rq\217"
  31      12D4C10F 
  31      E9B704B1 
  31      D3738352 
  31      718F
  32 0085 81C74CF7 		.ascii	"\201\307L\367\007\273\0216!\310\031KJ\202\301\240\007"
  32      07BB1136 
  32      21C8194B 
  32      4A82C1A0 
  32      07
  33 0096 8A31351D 		.ascii	"\21215\035\350\277\304\277KA\016 c71\3316k\247\256\004"
  33      E8BFC4BF 
  33      4B410E20 
  33      633731D9 
  33      366BA7AE 
  34 00ab 4EEC9EFB 		.ascii	"N\354\236\373\024\256\227\370\026`x\335\034\371\372"
  34      14AE97F8 
  34      166078DD 
  34      1CF9FA
  35 00ba 4673751B 		.ascii	"Fsu\033F\203a\204\216\032yA\316\341*p\344A/\024B\030"
  35      46836184 
  35      8E1A7941 
  35      CEE12A70 
  35      E4412F14 
  36 00d0 0A19DE62 		.ascii	"\012\031\336bp\015\\\230\236_\212|\226\37161\262\367"
  36      700D5C98 
  36      9E5F8A7C 
  36      96F93631 
  36      B2F7
  37 00e2 7DFBFEE5 		.ascii	"}\373\376\345\201\355q\315hB\017\031\256\257\037*3\350"
  37      81ED71CD 
  37      68420F19 
  37      AEAF1F2A 
  37      33E8
  38 00f4 0317E53F 		.ascii	"\003\027\345?F\227\232\363\225\000\231;S\276p\003\024"
  38      46979AF3 
  38      9500993B 
  38      53BE7003 
  38      14
  39 0105 FC3E2B3E 		.ascii	"\374>+>\014Eg\022\226\242+D3\223\363\020\012\233\001"
  39      0C456712 
  39      96A22B44 
  39      3393F310 
  39      0A9B01
  40 0118 67905BD8 		.ascii	"g\220[\330Z\230\370\276\010\024\255\2137\305\265\263"
  40      5A98F8BE 
  40      0814AD8B 
ARM GAS  /tmp/ccVxMfnd.s 			page 3


  40      37C5B5B3 
  41 0128 4DF5EA3F 		.ascii	"M\365\352?\323\375i\351\363\031\322\321\264\364\305"
  41      D3FD69E9 
  41      F319D2D1 
  41      B4F4C5
  42 0137 0CE99B69 		.ascii	"\014\351\233i\351\226\014\351[i\351\326\014\351\333"
  42      E9960CE9 
  42      5B69E9D6 
  42      0CE9DB
  43 0146 69E9B60C 		.ascii	"i\351\266\014\351;P\0249`\032\311d\243a\376\332\034"
  43      E93B5014 
  43      39601AC9 
  43      64A361FE 
  43      DA1C
  44 0158 7A37AB6E 		.ascii	"z7\253n\304\205\203\323\316\261\000\026\031\250x\012"
  44      C48583D3 
  44      CEB10016 
  44      19A8780A 
  45 0168 5DAAD4D8 		.ascii	"]\252\324\330\250\321\250\261S\343\240\206\261\005\261"
  45      A8D1A8B1 
  45      53E3A086 
  45      B105B1
  46 0177 8012129E 		.ascii	"\200\022\022\236\370\0344\014%\206\267Ry\0329G\221\226"
  46      F81C340C 
  46      2586B752 
  46      791A3947 
  46      9196
  47 0189 606CCA4A 		.ascii	"`l\312J\353G\026\225\3779>qF\353\204\016\2548\006$\270"
  47      EB471695 
  47      FF393E71 
  47      46EB840E 
  47      AC380624 
  48 019e 4B2278FF 		.ascii	"K\"x\377r\353\3007\273\336g8\202\334\012\367\240\023"
  48      72EBC037 
  48      BBDE6738 
  48      82DC0AF7 
  48      A013
  49 01b0 96041406 		.ascii	"\226\004\024\006@gs\020k\351* \344Z\036\377\213WOkc"
  49      40677310 
  49      6BE92A20 
  49      E45A1EFF 
  49      8B574F6B 
  50 01c5 13FAA88D 		.ascii	"\023\372\250\215\370\246\301e\352\333\305\305\021\015"
  50      F8A6C165 
  50      EADBC5C5 
  50      110D
  51 01d3 A9017C5D 		.ascii	"\251\001|]\036\014\011\254\330\025\367AG=F\266\321\321"
  51      1E0C09AC 
  51      D815F741 
  51      473D46B6 
  51      D1D1
  52 01e5 2E6B4A57 		.ascii	".kJW\311\326\357\201\000\211e\370p\275\337\377\010="
  52      C9D6EF81 
  52      008965F8 
  52      70BDDFFF 
  52      083D
  53 01f7 121C4E9C 		.ascii	"\022\034N\234a\022R\204PbUH\315V\310\024 \231@\217s"
ARM GAS  /tmp/ccVxMfnd.s 			page 4


  53      61125284 
  53      50625548 
  53      CD56C814 
  53      2099408F 
  54 020c 118A098E 		.ascii	"\021\212\011\216\2058#$\244\246fhlE\310\226\255\320"
  54      85382324 
  54      A4A66668 
  54      6C45C896 
  54      ADD0
  55 021e A8002904 		.ascii	"\250\000)\004\032\313E(.8V\342\214\223\220-5C\253BZ"
  55      1ACB4528 
  55      2E3856E2 
  55      8C93902D 
  55      3543AB42 
  56 0233 B6424F04 		.ascii	"\266BO\004H%\320\323\\\204&\004'\2178\317HHK\315P|E"
  56      4825D0D3 
  56      5C842604 
  56      278F38CF 
  56      48484BCD 
  57 024a C89EADD0 		.ascii	"\310\236\255\320s\001\262\021h2\027\241\027\202\263"
  57      7301B211 
  57      683217A1 
  57      1782B3
  58 0259 81385324 		.ascii	"\2018S$dO\315\320\252\220#[\241\227\002\244\021h:\027"
  58      644FCDD0 
  58      AA90235B 
  58      A19702A4 
  58      11683A17 
  59 026d A1578293 		.ascii	"\241W\202\223O\234\327$\344`_\240\301\354\330E(\361"
  59      4F9CD724 
  59      E4605FA0 
  59      C1ECD845 
  59      28F1
  60 027f 9FB3405B 		.ascii	"\237\263@[\0207O\251\333\255\357\250\361\034\366\224"
  60      10374FA9 
  60      DBADEFA8 
  60      F11CF694 
  61 028f 57E8BE5A 		.ascii	"W\350\276Z\275\246\322\253\373}'N\326\352\025\007\367"
  61      BDA6D2AB 
  61      FB7D274E 
  61      D6EA1507 
  61      F7
  62 02a0 9696E865 		.ascii	"\226\226\350ee;\365\335\373\366\224\237*\321\375\225"
  62      653BF5DD 
  62      FBF6949F 
  62      2AD1FD95 
  63 02b0 DE435EEF 		.ascii	"\336C^\357\021w\025\263T\373=>\277R\345;~\314S\375\007"
  63      117715B3 
  63      54FB3D3E 
  63      BF52E53B 
  63      7ECC53FD 
  64 02c5 09C42E32 		.ascii	"\011\304.2"
  65              		.text
  66              		.section	.gnu.lto__pal_lld_init.40c6e008024ef62d,"",%progbits
  67 0000 789C9593 		.ascii	"x\234\225\223ML\023A\024\307\347\355l?)\225\2137\242"
  67      4D4C1341 
  67      14C7E7ED 
ARM GAS  /tmp/ccVxMfnd.s 			page 5


  67      6C3F2995 
  67      8B37A2
  68 0013 5C08E1C2 		.ascii	"\\\010\341\302*$\036\2147M\214\006\203\212w\203\370"
  68      2A241E8C 
  68      374D8C06 
  68      838A7783 
  68      F8
  69 0024 010911A2 		.ascii	"\001\011\021\242\350\265C\333\015\215'. \210\012\306"
  69      E8B543DB 
  69      0D8D272E 
  69      20880AC6 
  70 0034 180A8A05 		.ascii	"\030\012\212\005\024\241\210\270\026\024\005\021\270"
  70      14A188B8 
  70      16140511 
  70      B8
  71 0041 60226A08 		.ascii	"`\"j\010&|\2501\0241\022\022Z\337\333m\020(\020\230"
  71      267CA831 
  71      14311212 
  71      5ADFDB6D 
  71      10281098 
  72 0055 64DFEECC 		.ascii	"d\337\356\314\374\347\377~\263\363Ff\300\250Y\314\214"
  72      FCE7FF7E 
  72      B3F34666 
  72      C0A859CC 
  72      8C
  73 0066 1DC2F76E 		.ascii	"\035\302\367n\352p\006\022\303\007h\016\230K\002\027"
  73      EA700612 
  73      C307680E 
  73      984B0217 
  74 0076 FC919625 		.ascii	"\374\221\226%\010\225O\005\245\364\006\201mB\375\265"
  74      08954F05 
  74      A5F40681 
  74      6D42FDB5 
  75 0086 4FF83550 		.ascii	"O\3705P9cQI\367`\320\000\351\250\032\365\266\334\346"
  75      39635149 
  75      F760D000 
  75      E9A81AF5 
  75      B6DCE6
  76 0099 0B92CA01 		.ascii	"\013\222\312\001d\354\206\207n}sRW\202\024\354\316F"
  76      64EC8687 
  76      6E7D7352 
  76      578214EC 
  76      CE46
  77 00ab 02D3323F 		.ascii	"\002\3232?\000\014\277\033\277\326\236J{ \204[\210\332"
  77      000CBF1B 
  77      BFD69E4A 
  77      7B20845B 
  77      88DA
  78 00bd 0BC2A672 		.ascii	"\013\302\246r\016M\300\321\016\032!\031\374\220\314"
  78      0E4DC0D1 
  78      0E1A2119 
  78      FC90CC
  79 00cc 7088C143 		.ascii	"p\210\301CH#\365dk\2442\321\354\245\354)FNx\004fd\264"
  79      4823F564 
  79      6BA432D1 
  79      ECA5EC29 
  79      464E7804 
ARM GAS  /tmp/ccVxMfnd.s 			page 6


  80 00e3 E2E4CD7B 		.ascii	"\342\344\315{\355\213\011\251\367\311K\253\351\207\032"
  80      ED8B09A9 
  80      F7C94BAB 
  80      E9871A
  81 00f2 BFE64D51 		.ascii	"\277\346MQ\271\314V\233\351\214\315\220\272V.\332F\004"
  81      B9CC569B 
  81      E98CCD90 
  81      BA562EDA 
  81      4604
  82 0104 6C227EAC 		.ascii	"l\"~\254\213kZ'\302\246ubS\2748\260\023q\313z\014m\244"
  82      8B6B5A27 
  82      C2A67562 
  82      53BC38B0 
  82      1371CB7A 
  83 011b DF71A3A2 		.ascii	"\337q\243\242\314\252rs\274\2725N=\266\205\272-N\375"
  83      CCAA7273 
  83      BCBA354E 
  83      3DB685BA 
  83      2D4EFD
  84 012e 790BF593 		.ascii	"y\013\365\2238ud\013\365SH\015\234\326D4\352\021Z\330"
  84      3875640B 
  84      F553480D 
  84      9CD64434 
  84      EA115AD8 
  85 0142 FCA5BAC9 		.ascii	"\374\245\272\311\226\004xJ\262DA\306`2Q\260\000\235"
  85      9604784A 
  85      B24441C6 
  85      603251B0 
  85      009D
  86 0154 9A153FCD 		.ascii	"\232\025?\315v\012\016\012N\012\214\315\351\345\022"
  86      760A0E0A 
  86      4E0A8CCD 
  86      E9E512
  87 0163 96F0C5A7 		.ascii	"\226\360\305\247\300\275\3202\265\237\016\322\303\001"
  87      C0BDD032 
  87      B59F0ED2 
  87      C301
  88 0171 39C60343 		.ascii	"9\306\003C?\254T-2\210z\237\220\241\0353\243\252\324"
  88      3FAC542D 
  88      32887A9F 
  88      90A11D33 
  88      A3AAD4
  89 0184 9048B17E 		.ascii	"\220H\261~\250\013\214\001\252\260*54l1\326P\235\374"
  89      A80B8C01 
  89      AAB02A35 
  89      346C31D6 
  89      509DFC
  90 0197 ED1FF039 		.ascii	"\355\037\3609\352\340\016\326\246\205V<#v\034\3778?"
  90      EAE00ED6 
  90      A685563C 
  90      23761CFF 
  90      383F
  91 01a9 DFEB509A 		.ascii	"\337\353P\232\205\267L$\251\334\012\035P\007\021\235"
  91      85B74C24 
  91      A9DC0A1D 
  91      5007119D 
  92 01b9 053A4141 		.ascii	"\005:AAS\317\242\33105\031\276c]\203\0156\3625\201\020"
ARM GAS  /tmp/ccVxMfnd.s 			page 7


  92      53CFA2D9 
  92      303519BE 
  92      635D830D 
  92      36F23581 
  93 01ce 9D12048D 		.ascii	"\235\022\004\215\324Uz\352\270D\260i\242\256\377\211"
  93      D4557AEA 
  93      B844B069 
  93      A2AEFF89 
  94 01de 9E8382F6 		.ascii	"\236\203\202\366\264\241\245\362\320\036#\233u\365\026"
  94      B4A1A5F2 
  94      D01E239B 
  94      75F516
  95 01ed F89A2D94 		.ascii	"\370\232-\224Q\261_\303\337f\363p\013t\307\374\357V"
  95      51B15FC3 
  95      DF66F370 
  95      0B74C7FC 
  95      EF56
  96 01ff 77FE76A2 		.ascii	"w\376v\242?\232\333\341\205nN7\025g\332\273\373\016"
  96      3F9ADBE1 
  96      856E4E37 
  96      1567DABB 
  96      FB0E
  97 0211 BA964505 		.ascii	"\272\226E\005\256\262\340\277\206\036\334\027\203\227"
  97      AEB2E0BF 
  97      861EDC17 
  97      8397
  98 021f E0623360 		.ascii	"\340b3`\242l$\012\006\177\216[P\345\023\344\220\020"
  98      A26C240A 
  98      067F8E5B 
  98      50E513E4 
  98      9010
  99 0231 A5C5A0A1 		.ascii	"\245\305\240\241\206\356\230\273\322\340p\340\226\205"
  99      86EE98BB 
  99      D2E070E0 
  99      9685
 100 023f 26C32B48 		.ascii	"&\303+HFB\225'\032\314\237b\314\366\235A\206tHic\310"
 100      46429527 
 100      1ACC9F62 
 100      CCF69D41 
 100      86744869 
 101 0255 5E1DB26F 		.ascii	"^\035\262o\033\220\257\015\310\372\216\216ik\014\322"
 101      1B90AF0D 
 101      C8FA8E8E 
 101      696B0CD2 
 102 0265 47906F08 		.ascii	"G\220o\010\322\276\0029\037\203t\354\014\262_\207\344"
 102      D2BE0239 
 102      1F8374EC 
 102      0CB25F87 
 102      E4
 103 0276 1B43BED5 		.ascii	"\033C\276\325!\337m\003r\300\200\354\231\251\037\333"
 103      21DF6D03 
 103      72C080EC 
 103      99A91FDB 
 104 0286 1583AC20 		.ascii	"\025\203\254 \310A\202t\254@.\3555 \235;\203|\257C\312"
 104      C8418274 
 104      AC402EED 
 104      35209D3B 
ARM GAS  /tmp/ccVxMfnd.s 			page 8


 104      837CAF43 
 105 029b 1B430EE9 		.ascii	"\033C\016\351\220\037\266\0019l@6\315N\006\3541H?A\216"
 105      901FB601 
 105      396C4036 
 105      CD4E06EC 
 105      31483F41 
 106 02b0 10A49320 		.ascii	"\020\244\223 \277\203[\033=\256\233P\233\243ex\200Y"
 106      BF835B1B 
 106      3DAE9B50 
 106      9BA36578 
 106      8059
 107 02c2 1919CAE1 		.ascii	"\031\031\312\341\202\302s\2059\271J\361U\245 \257H)"
 107      82C27385 
 107      39B94AF1 
 107      55A520AF 
 107      4829
 108 02d4 29BE527A 		.ascii	")\276RzU\311=s\"+S\311\316>\242\034=y,\347z\246R\222"
 108      55C93D73 
 108      222B53C9 
 108      CE3EA21C 
 108      3D792CE7 
 109 02ec 5774B6A8 		.ascii	"Wt\266\250\350|F>3\347\027_\276Xx\351\037\353\345\011"
 109      E87C463E 
 109      33E7175F 
 109      BE5878E9 
 109      1FEBE509 
 110 0300 33       		.ascii	"3"
 111              		.text
 112              		.section	.gnu.lto__pal_lld_setgroupmode.40c6e008024ef62d,"",%progbits
 113 0000 789CA559 		.ascii	"x\234\245YiPTW\026~\347\335\327\013M\323\230\304\214"
 113      69505457 
 113      167EE7DD 
 113      D70B4DD3 
 113      98C48C
 114 0013 1B714944 		.ascii	"\033qID\222\270\264\022\243\343R.\34521\306\245\\3U"
 114      92B8B412 
 114      A3E3522E 
 114      E53231C6 
 114      A55C3355 
 115 0027 A99AD140 		.ascii	"\251\232\321@\225\326`I!\231\232\231?\363\264\241\215"
 115      95D66049 
 115      21999A99 
 115      3FF3B4A1 
 115      8D
 116 0038 B61A8C01 		.ascii	"\266\032\214\001E%h\242\242\211\250\014:\212\313H\024"
 116      452568A2 
 116      A289A80C 
 116      3A8ACB48 
 116      14
 117 0049 358A4B8C 		.ascii	"5\212K\214\306}\214\012\022\027\242\322\200\313\310"
 117      C67D8C0A 
 117      1217A2D2 
 117      80CBC8
 118 0058 32E7DCFB 		.ascii	"2\347\334\373\036\015\375\232.:vU\037^\237\367}\347"
 118      1E0DFD9A 
 118      2E3A7655 
 118      1F5E9FF7 
ARM GAS  /tmp/ccVxMfnd.s 			page 9


 118      7DE7
 119 006a 7EDF79F7 		.ascii	"~\337y\367\276\276\257Q$\220\350\325\275\275$\375\003"
 119      BEBEAF51 
 119      2490E8D5 
 119      BDBD24FD 
 119      03
 120 007b FF66D087 		.ascii	"\377f\320\207V\022\310\022\276\201ad\262\"I\252l\307"
 120      5612C812 
 120      BE816164 
 120      B22249AA 
 120      6CC7
 121 008d A028B289 		.ascii	"\240(\262\211\216\303\350\330$\233\351\330B\307f\260"
 121      8EC3E8D8 
 121      249BE9D8 
 121      42C766B0 
 122 009d 22D2C2A3 		.ascii	"\"\322\302\243\025\020\012a\262\215\316\206\323Y\033"
 122      15100A61 
 122      B28DCE86 
 122      D3591B
 123 00ac CF84F368 		.ascii	"\317\204\363h\227#(\357\240|\004Db\306\301G\211\004"
 123      972328EF 
 123      A07C0444 
 123      62C6C147 
 123      8904
 124 00be D201D23F 		.ascii	"\322\001\322?e\246\230\314\026k\230-\334\036\341\210"
 124      65A698CC 
 124      166B982D 
 124      DC1EE188 
 125 00ce 04FC2C89 		.ascii	"\004\374,\211W\265\\+\303\241\205e\005\362[9*\276n\334"
 125      57B55C2B 
 125      C3A18565 
 125      05F25B39 
 125      2ABE6EDC 
 126 00e2 DEDE47DD 		.ascii	"\336\336G\335\\\010\251\010\250\227\005\006r\340-D\235"
 126      5C08A908 
 126      A8970506 
 126      72E02D44 
 126      9D
 127 00f3 4DD9B196 		.ascii	"M\331\261\226U\311\251\014@\301\217\025\247V\2278\350"
 127      55C9A90C 
 127      40C18F15 
 127      A7569738 
 127      E8
 128 0104 A30C9DF1 		.ascii	"\243\014\235\361\343\341\323\365{l\254\037Hx\274\340"
 128      E3E1D3F5 
 128      7B6CAC1F 
 128      4878BCE0 
 129 0114 ABCCA288 		.ascii	"\253\314\242\210\230\215\252\272@U\263\343\325\260T"
 129      988DAABA 
 129      4055B3E3 
 129      D5B054
 130 0123 C6E01B60 		.ascii	"\306\340\033`X\017\266@\024l\206(\011S\022|\0131\210"
 130      580FB640 
 130      146C8628 
 130      0953127C 
 130      0B3188
 131 0136 AEDFB463 		.ascii	"\256\337\264c\221\225\015\342\314g\351\337g\201`\026"
ARM GAS  /tmp/ccVxMfnd.s 			page 10


 131      91950DE2 
 131      CC67E9DF 
 131      67816016 
 132 0146 2E2FEE91 		.ascii	"./\356\221\251\026*\251L\201\255\376dE\202\\N\256\314"
 132      A9162AA9 
 132      4C81ADFE 
 132      6445825C 
 132      4EAECC
 133 0159 DFB8229C 		.ascii	"\337\270\"\234\015\343\344\342e\007>\324\270+\212\273"
 133      0DE3E4E2 
 133      65073ED4 
 133      B82B8ABB 
 134 0169 09AE09B6 		.ascii	"\011\256\011\266\371sM\022l\207\030\",\231\277\345\006"
 134      F9734D12 
 134      6C871822 
 134      2C99BFE5 
 134      06
 135 017a 63A338F9 		.ascii	"c\2438\371\366\271\222;\020\3755g\347y\034\310N\351"
 135      F6B9923B 
 135      10FD3567 
 135      E7791CC8 
 135      4EE9
 136 018c 9CCACCB0 		.ascii	"\234\312\314\260\243)\235^\210\336R\177\346s+\033\303"
 136      A3299D5E 
 136      88DE527F 
 136      E6732B1B 
 136      C3
 137 019d 99CF7FA8 		.ascii	"\231\317\177\250q[5\346\227\305v5m\276\225\210\377\012"
 137      715B35E6 
 137      97C57635 
 137      6DBE9588 
 137      FF0A
 138 01af 487CB8E2 		.ascii	"H|\270\342\310)\231\215\347\304e\331\247n:4\342Z\037"
 138      C829998D 
 138      E7C465D9 
 138      A76E3A34 
 138      E25A1F
 139 01c2 71674062 		.ascii	"qg@b\331%W\246\231M\341\304{\313v\236\263i\304\325>"
 139      D92557A6 
 139      994DE1C4 
 139      7BCB769E 
 139      B369C4D5 
 140 01d7 E2BF0312 		.ascii	"\342\277\003\022\323j/\253f\366\021'\236\255\314\377"
 140      D36A2FAB 
 140      66F61127 
 140      9EADCCFF 
 141 01e7 46D188AB 		.ascii	"F\321\210\253|\304=\001\211K\037>]\257\260\2179\361"
 141      7CC43D01 
 141      894B1F3E 
 141      5DAFB08F 
 141      39F1
 142 01f9 D8B5B377 		.ascii	"\330\265\263wt\251\031>\342\336\200\304[yu\351\021\346"
 142      74A9193E 
 142      E2DE80C4 
 142      5B7975E9 
 142      11E6
 143 020b 149A4E9D 		.ascii	"\024\232N\235a\037DC\001\276w\343{\027\276\363\361\235"
ARM GAS  /tmp/ccVxMfnd.s 			page 11


 143      611F4443 
 143      01BE77E3 
 143      7B17BEF3 
 143      F19D
 144 021d 07D16272 		.ascii	"\007\321br\301~0\343\014\035\204\244\314\274\033\025"
 144      C17E30E3 
 144      0C1D84A4 
 144      CCBC1B15 
 145 022d 266D844C 		.ascii	"&m\204LO\277\314\315\274\377\026\311\277>\034\200h?"
 145      4FBFCCCD 
 145      BCFF16C9 
 145      BF3E1C80 
 145      683F
 146 023f F89AE220 		.ascii	"\370\232\342 \360\377\030\340Y\301\252\0374\300\263"
 146      F0FF18E0 
 146      59C1AA1F 
 146      34C0B3
 147 024e 3D839B87 		.ascii	"=\203\233\207\027\032\340\273\212#\233\207\177g\200"
 147      171AE0BB 
 147      8A239B87 
 147      7F6780
 148 025d EFF3746D 		.ascii	"\357\363tm\036~\310\037\256\256\271\275\016\324E\303"
 148      1E7EC81F 
 148      AEAEB9BD 
 148      0ED445C3 
 149 026d 02A20F73 		.ascii	"\002\242\017s\364\257y\337eE\020ZU\013\017xt-V#\274"
 149      F4AF79DF 
 149      6545105A 
 149      550B0F78 
 149      742D5623 
 150 0282 C8A0E5A0 		.ascii	"\310\240\345\240\247M\363Z\216\370WW\017\224jZ\002\024"
 150      A74DF35A 
 150      8EF85757 
 150      0F946A5A 
 150      0214
 151 0294 3F6A287E 		.ascii	"?j(~\326\023\325|\361c\006\243\317K\2337\372\275A\312"
 151      D613D57C 
 151      F16306A3 
 151      CF4B9B37 
 151      FABD41CA 
 152 02a8 C120528E 		.ascii	"\301 R\216\033\244\234\363tl^\312\011\203\224\354 ="
 152      1BA49CF3 
 152      746C5ECA 
 152      098394EC 
 152      203D
 153 02ba 2F0EE90A 		.ascii	"/\016\351\012\2354\240\013\202\240O\031\204\377\024"
 153      9D34A00B 
 153      82A04F19 
 153      84FF14
 154 02c9 4CF86943 		.ascii	"L\370iC\361\274 \305\317\030\320YA\320?\030\320\373"
 154      F1BC20C5 
 154      CF18D059 
 154      41D03F18 
 154      D0FB
 155 02db 82A0CF1A 		.ascii	"\202\240\317\032\204_\014&\374\307\220\244\2343\240"
 155      845F0C26 
 155      FCC790A4 
ARM GAS  /tmp/ccVxMfnd.s 			page 12


 155      9C33A0
 156 02ea 3383A0CF 		.ascii	"3\203\240\317\033\320\273\203\240\1772\010\257(\016"
 156      1BD0BB83 
 156      A07F3208 
 156      AF280E
 157 02f9 22FC4248 		.ascii	"\"\374BH\302/\206$\374RH\302/\033\204W\007\023~%$\341"
 157      C22F8624 
 157      FC5248C2 
 157      2F1B8457 
 157      07137E25 
 158 030f 5743127E 		.ascii	"WC\022~-$\341\3775\010\177\342\351\324\274\360\353!"
 158      2D24E1FF 
 158      35087FE2 
 158      E9D4BCF0 
 158      EB21
 159 0321 CDF19F43 		.ascii	"\315\361\237C\262y#\2449~\323 |\371\262 \302o\205$\274"
 159      B27923A4 
 159      397ED320 
 159      7CF9B220 
 159      C26F8524 
 160 0336 2424E1A5 		.ascii	"$$\341\245!\011\277m\020\236~:\310T)\013I\312/!M\225"
 160      2109BF6D 
 160      109E7E3A 
 160      C854290B 
 160      49CA2F21 
 161 034c 3B214D95 		.ascii	";!M\225\273\006\341\231\301\204\337\013I\370\375\220"
 161      BB06E199 
 161      C184DF0B 
 161      49F8FD90 
 162 035c 84978724 		.ascii	"\204\227\207$\374W\334\3614\263\013\302*\265w\363\276"
 162      FC57DCF1 
 162      34B30BC2 
 162      2AB577F3 
 162      BE
 163 036d B5B1D97C 		.ascii	"\265\261\331|\227\265i\177\355R}\227\265\333\323\272"
 163      97B5697F 
 163      ED527D97 
 163      B5DBD3BA 
 164 037d 610FFAC0 		.ascii	"a\017\372\300\270\315\202\207\234\235~\267,OaI\234\355"
 164      B8CD8287 
 164      9C9D7EB7 
 164      2C4F6149 
 164      9CED
 165 038f AD3BFAB3 		.ascii	"\255;\372\263\266\203U\253\343\270\0323<\012@\255\340"
 165      B68355AB 
 165      E3B81A33 
 165      3C0A40AD 
 165      E0
 166 03a0 D4A5F73F 		.ascii	"\324\245\367?\363\000\373\204S\177q\337w\3315j\255N"
 166      F300FB84 
 166      537F71DF 
 166      77D9356A 
 166      AD4E
 167 03b2 F506A056 		.ascii	"\365\006\240Vr\352\222\233\353r\302\330\3378u\361\236"
 167      72EA929B 
 167      EB72C2D8 
 167      DF3875F1 
ARM GAS  /tmp/ccVxMfnd.s 			page 13


 167      9E
 168 03c3 D26E1A33 		.ascii	"\322n\0323=^cV\005`VC\364\366I\205j}\275\013w\347\341"
 168      3D5E6356 
 168      05605643 
 168      F4F64985 
 168      6A7DBD0B 
 169 03da 5757DD0B 		.ascii	"WW\335\013\373\020\370&\036\201\330\035|\032\300\376"
 169      FB10F826 
 169      1E81D81D 
 169      7C1AC0FE 
 170 03ea E0B61E3B 		.ascii	"\340\266\036;\204\033t\354\221Y\242\016\331\2006\353"
 170      841B74EC 
 170      9159A20E 
 170      D98036EB 
 171 03fa E11C63C7 		.ascii	"\341\034c\307\315\273%\202\003\035t\030\311\321\255"
 171      CDBB2582 
 171      031D7418 
 171      C9D1AD
 172 0409 E8F0254E 		.ascii	"\350\360%Ny\231\016_\221\250\273\2559\373U\240\021\332"
 172      79990E5F 
 172      91A8BBAD 
 172      39FB55A0 
 172      11DA
 173 041b 50BA2D85 		.ascii	"P\272-\205v\024\332\363\346u\300Ck\024o\306k\224\355"
 173      7614DAF3 
 173      E675C043 
 173      6B146FC6 
 173      6B94ED
 174 042e 489F3B71 		.ascii	"H\237;q\207\235\351s\027\012\257S\362\015.\276+\320"
 174      879DE973 
 174      170AAF53 
 174      F20D2EBE 
 174      2BD0
 175 0440 E34A3465 		.ascii	"\343J4e\273Q\210\241\360&\205\267)t\247\320\203BO\012"
 175      BB5188A1 
 175      F02685B7 
 175      2974A7D0 
 175      83424F0A 
 176 0454 4E0ABD29 		.ascii	"N\012\275)\364\241\020K\241/\205w)\364\243\320\237\302"
 176      F4A1104B 
 176      A12F8577 
 176      29F4A3D0 
 176      9FC2
 177 0466 000A0329 		.ascii	"\000\012\003)\014\2420\230\302\020\012C)\014\2430\234"
 177      0CA23098 
 177      C2100A43 
 177      290CA330 
 177      9C
 178 0477 C2080A23 		.ascii	"\302\010\012#)\214\2420\232\302{\024\306Px\237\302X"
 178      298CA230 
 178      9AC27B14 
 178      C650789F 
 178      C258
 179 0489 0AE3288C 		.ascii	"\012\343(\214\2470\201\302D\012\223x\233'\363\276M\341"
 179      A73081C2 
 179      440A9378 
 179      9B27F3BE 
ARM GAS  /tmp/ccVxMfnd.s 			page 14


 179      4DE1
 180 049b 2D9BCABB 		.ascii	"-\233\312\2735\2157u:o\224$=\342\017{\0252\376ae\340"
 180      358D3775 
 180      3A6F9424 
 180      3DE20F7B 
 180      1532FE61 
 181 04b1 AA715FDF 		.ascii	"\252q_\337\372{\332\236\273X\270\213\331\350!\321\273"
 181      FA7BDA9E 
 181      BB58B88B 
 181      D9E821D1 
 181      BB
 182 04c2 23C74ECF 		.ascii	"#\307N\317{\026`\360\030/+\242\274\356\262\255\227@"
 182      7B1660F0 
 182      182F2BA2 
 182      BCEEB2AD 
 182      9740
 183 04d4 C0EC0276 		.ascii	"\300\354\002v\244\376Ia$\301\254\370\244\373D\300j\334"
 183      A4FE4961 
 183      24C1ACF8 
 183      A4FB44C0 
 183      6ADC
 184 04e6 A51A2802 		.ascii	"\245\032(\002q\010\332Yt\314m\025\265\000\236\352\265"
 184      7108DA59 
 184      74CC6D15 
 184      B5009EEA 
 184      B5
 185 04f7 1E6CBDA2 		.ascii	"\036l\275\242\301\034X\013z\370q#1\357\033\370q\303"
 185      C11C580B 
 185      7AF87123 
 185      31EF1BF8 
 185      71C3
 186 0509 C0ADC4C0 		.ascii	"\300\255\304\300\3077\354\255\261\213\201M\360\314\177"
 186      C737ECAD 
 186      B18B814D 
 186      F0CC7F
 187 0518 E09710E7 		.ascii	"\340\227\020\347#\327m}\244\345_\026\344\252\305\251"
 187      23D76D7D 
 187      A4E55F16 
 187      E4AAC5A9 
 188 0528 4F98205B 		.ascii	"O\230 [\340\177\376\344W\020\207\240m\336\252mf\241"
 188      E07FFEE4 
 188      571087A0 
 188      6DDEAA6D 
 188      66A1
 189 053a 3A129E73 		.ascii	":\022\236s\320\202\252\264rY\200Z#\"#\365\320\031\013"
 189      D082AAB4 
 189      7259805A 
 189      232223F5 
 189      D0190B
 190 054d 21F0A906 		.ascii	"!\360\251\006j\370\324\257\240Gm\321\321\013\271C\004"
 190      6AF8D4AF 
 190      A0476DD1 
 190      D10BB943 
 190      04
 191 055e B48D8B09 		.ascii	"\264\215\213\011\3337!\345\252k\246\226D\376\366\362"
 191      DB3721E5 
 191      AA6BA696 
ARM GAS  /tmp/ccVxMfnd.s 			page 15


 191      44FEF6F2 
 192 056e 82671162 		.ascii	"\202g\021b\004\011j\305\322\361\002\270\330\2532\206"
 192      04096AC5 
 192      D2F102B8 
 192      D8AB3286 
 193 057e 498E9A8A 		.ascii	"I\216\232\212Y^\220\361\222\310\373/'\272\3304\307\265"
 193      595E90F1 
 193      92C8FB2F 
 193      27BAD834 
 193      C7B5
 194 0590 CA045CA6 		.ascii	"\312\004\\\246\330W\371$%&;6\314\363\202\202\275\222"
 194      D857F924 
 194      25263B36 
 194      CCF38282 
 194      BD92
 195 05a2 CFFFD1C5 		.ascii	"\317\377\321\305\2468\366W&{\301\204\366\345r:?\325"
 195      A638F657 
 195      267BC184 
 195      F6E5723A 
 195      3FD5
 196 05b4 719208A4 		.ascii	"q\222\010\244V^r\025\023\323\035\345\225\177F\215\212"
 196      565E7215 
 196      13D31DE5 
 196      957F468D 
 196      8A
 197 05c5 AEF1416E 		.ascii	"\256\361An\032\370?\302\341j\241eBK\203V\002\177j\303"
 197      1AF83FC2 
 197      E16AA165 
 197      424B8356 
 197      027F6AC3 
 198 05d9 155D4775 		.ascii	"\025]Gu\332\272\230\271q\377,\330\277z\321\277\325\356"
 198      DABA98B9 
 198      71FF2CD8 
 198      BF7AD1BF 
 198      D5EE
 199 05eb 724580DA 		.ascii	"rE\200\332!\256\361\017\010\026P@\2259\350\221\273H"
 199      21AEF10F 
 199      08165040 
 199      9539E891 
 199      BB48
 200 05fd 16A0F6BC 		.ascii	"\026\240\366\274\317\355D\362q\356`\221\355\000\335"
 200      CFED44F2 
 200      71EE6091 
 200      ED00DD
 201 060c A370086A 		.ascii	"\243p\010j\265w\341y\020I\314t\020#\324\345~$R\257\011"
 201      B577E179 
 201      1049CC74 
 201      1023D4E5 
 201      7E2452AF 
 202 0621 1D0DB3CF 		.ascii	"\035\015\263\317\202\263o\276>D\225\306\353\210s\012"
 202      82B36FBE 
 202      3E4495C6 
 202      EB88730A 
 203 0631 A14D8B75 		.ascii	"\241M\213u\302\274\270\334G\267%\212Tg,\326\310\005"
 203      C2BCB8DC 
 203      47B7258A 
 203      54672CD6 
ARM GAS  /tmp/ccVxMfnd.s 			page 16


 203      C805
 204 0643 13D92E78 		.ascii	"\023\331.x\302'\273F\243\277\336xbXqb,\220q\214.M\307"
 204      C227BB46 
 204      A3BFDE78 
 204      62587162 
 204      2C90718C 
 205 065a 78037198 		.ascii	"x\003q\2309\264\267\242\352\220E\244\242\033O\027\306"
 205      39B4B7A2 
 205      EA9045A4 
 205      A21B4F17 
 205      C6
 206 066b 6FA54F8E 		.ascii	"o\245O\216\235\370\324\236\015Y\220\312\302\\\254+\270"
 206      9DF8D49E 
 206      0D5990CA 
 206      C25CAC2B 
 206      B8
 207 067c 702CCA5F 		.ascii	"p,\312_\364z\017\333\235\271j\012\236\260A\212\234\015"
 207      F47A0FDB 
 207      9DB96A0A 
 207      9EB0418A 
 207      9C0D
 208 068e 757CB142 		.ascii	"u|\261B\252\354\244q\352\3345Z\243\273ao\204\027\275"
 208      AAECA471 
 208      EADC355A 
 208      A3BB616F 
 208      8417BD
 209 06a1 F5313812 		.ascii	"\36518\022\346)\371\324]j\022\3117y\236\221\242\214"
 209      E629F9D4 
 209      5D6A12C9 
 209      37799E91 
 209      A28C
 210 06b3 9BBFA35C 		.ascii	"\233\277\243\\\243\321\347\323E\247\233S\020\015n\237"
 210      A3D1E7D3 
 210      45A79B53 
 210      100D6E9F 
 211 06c3 8685B213 		.ascii	"\206\205\262\023\013rsy\325\272\271\267[\354\346S^\211"
 211      0B727379 
 211      D5BAB9B7 
 211      5BECE653 
 211      5E89
 212 06d5 FF4AB548 		.ascii	"\377J\265HwS\244\311\354\216\027G\270\251\322\334\364"
 212      7753A4C9 
 212      EC8E1747 
 212      B8A9D2DC 
 212      F4
 213 06e6 C0D29817 		.ascii	"\300\322\230\027n\3125XO\236W~\273\233\305>\015\036"
 213      6ECA3558 
 213      4F9E577E 
 213      BB9BC53E 
 213      0D1E
 214 06f8 72D3535C 		.ascii	"r\323S\\\252\0067\316\026\273Y\302+\361_6\226\352nt"
 214      AA0637CE 
 214      16BB59C2 
 214      2BF15F36 
 214      96EA6E74 
 215 070c EDBD1BDC 		.ascii	"\355\275\033\334\224j\231>X\032\363\302\3155\315M,\317"
 215      946A993E 
ARM GAS  /tmp/ccVxMfnd.s 			page 17


 215      581AF3C2 
 215      CD35CD4D 
 215      2CCF
 216 071e 9B7EBB9B 		.ascii	"\233~\273\233e>\015\237\221\233X\272\313\\q\345\257"
 216      653E0D9F 
 216      919B58BA 
 216      CB5C71E5 
 216      AF
 217 072f 6C2F0610 		.ascii	"l/\006\020\353B\334\354M\270\354\361\354\031\327\301"
 217      EB42DCEC 
 217      4DB8ECF1 
 217      EC19D7C1 
 218 073f 9551E22C 		.ascii	"\225Q\342,\215v\374\304\312\315vq\027\263@Z\003\330"
 218      8D76FCC4 
 218      CACD7671 
 218      17B3405A 
 218      03D8
 219 0751 CCEF1178 		.ascii	"\314\357\021x\231k~\324\032\323\267\305\215Y\316E\321"
 219      996B7ED4 
 219      1AD3B7C5 
 219      8D59CE45 
 219      D1
 220 0762 8F8EF0B9 		.ascii	"\217\216\360\271\177c\336\305\365\321\2641\375\2604"
 220      7F63DEC5 
 220      F5D1B431 
 220      FDB034
 221 0771 E69B36A6 		.ascii	"\346\2336\246?\317\267\347\215Y\337&Pc\206\006o\314"
 221      3FCFB7E7 
 221      8D59DF26 
 221      50638606 
 221      6FCC
 222 0783 0A9F862F 		.ascii	"\012\237\206/\2501\375\271+\213\356\252Vw5\240\305\256"
 222      A831FDB9 
 222      2B8BEEAA 
 222      567735A0 
 222      C5AE
 223 0795 D2794585 		.ascii	"\322yE\205*f\370\273\032hp5\010Kc\276\251\253\301<\377"
 223      2A66F8BB 
 223      1A687035 
 223      084B63BE 
 223      A9ABC13C 
 224 07aa 02AE56FA 		.ascii	"\002\256V\3724\254\"W\203\271+\253\346\252\242\366\226"
 224      34AC2257 
 224      83B92BAB 
 224      E6AAA2F6 
 224      96
 225 07bb E66A488B 		.ascii	"\346jH\213]e\362\212&\252\270\332\177I\0165,\311aX\032"
 225      5D65F28A 
 225      26AAB8DA 
 225      7F490E35 
 225      2CC96158 
 226 07d0 F34D97E4 		.ascii	"\363M\227\344p\236\227\305$\016\350jPpWk|\032\326\222"
 226      709E97C5 
 226      240EE86A 
 226      5070576B 
 226      7C1AD692 
 227 07e4 ABE1DC55 		.ascii	"\253\341\334U\230~\255\212J4W#Z\354*\313W\361K\177W"
ARM GAS  /tmp/ccVxMfnd.s 			page 18


 227      987EAD8A 
 227      4A345723 
 227      5AEC2ACB 
 227      57F14B7F 
 228 07f9 230DAE46 		.ascii	"#\015\256Fai\3147u5\232\347_\300U\266O\303:r5Z\342\213"
 228      6169CC37 
 228      75359AE7 
 228      5FC055B6 
 228      4FC33A72 
 229 0811 2F67ADBE 		.ascii	"/g\255\276\370\032\2556\233\356\365\3109\315\353{-\366"
 229      F81AAD36 
 229      9BEEF5C8 
 229      39CDEB7B 
 229      2DF6
 230 0823 BADE37D3 		.ascii	"\272\3367\323\277\362\237\227c\014\363\362},\215\371"
 230      BFF29F97 
 230      630CF3F2 
 230      7D2C8DF9 
 231 0833 A6F3722C 		.ascii	"\246\363r,\317\277\300\274\374\332\247a\003y\035\313"
 231      CFBFC0BC 
 231      FCDAA761 
 231      03791DCB 
 232 0843 5D85EBAE 		.ascii	"]\205\353\256\216\352\256\306\265\330\325F\337L\337"
 232      8EEAAEC6 
 232      B5D8D546 
 232      DF4CDF
 233 0852 E4EF6ABC 		.ascii	"\344\357j\274\301\325\004,\215\371\246\256&\362\374"
 233      C1D5042C 
 233      8DF9A6AE 
 233      26F2FC
 234 0861 0BB8CAF1 		.ascii	"\013\270\312\361i\330L\256&rWv\261{\302}\345\236\276"
 234      69D84CAE 
 234      26725776 
 234      B17BC27D 
 234      E59EBE
 235 0874 62333789 		.ascii	"b37\211vx\335\243\304\255\267dm[-\253\357\351p\267\035"
 235      7678DDA3 
 235      C4ADB764 
 235      6D5B2DAB 
 235      EFE970B7 
 236 0889 819C0AFA 		.ascii	"\201\234\012\372\217\015\343\333\211\013\005\332n{2"
 236      8F0DE3DB 
 236      890B05DA 
 236      6E7B32
 237 0898 7E311393 		.ascii	"~1\023\223g\257\027\014\024\331)\370\005\247\357\246"
 237      67AF170C 
 237      14D929F8 
 237      05A7EFA6 
 238 08a8 1FB9CB0A 		.ascii	"\037\271\313\012\372\211\364T\374\246\360\245\357\015"
 238      FA89F454 
 238      FCA6F0A5 
 238      EF0D
 239 08b6 10D96974 		.ascii	"\020\331it\223\327\262\031\356\307\005\275Ez\272\270"
 239      93D7B219 
 239      EEC705BD 
 239      457ABAB8 
 240 08c6 BBEF5A78 		.ascii	"\273\357Zx2\317&\356\356\000[d\261G\215D\035\2450\277"
ARM GAS  /tmp/ccVxMfnd.s 			page 19


 240      32CF26EE 
 240      EE005B64 
 240      B1478D44 
 240      1DA530BF 
 241 08da 95A4E215 		.ascii	"\225\244\342\025\273\007\013\012\363O3\261\315\343b"
 241      BB070B0A 
 241      F34F33B1 
 241      CDE362
 242 08e9 F1BB11BF 		.ascii	"\361\273\021\277P\336\351\325\3139b\326\354\231\263"
 242      50DEE9D5 
 242      CB3962D6 
 242      EC99B3
 243 08f8 274C76CE 		.ascii	"'Lv\316\235\347\2345#\301\23187)y\236s\362\224q\357"
 243      9DE79C35 
 243      23C19938 
 243      3729799E 
 243      73F29471 
 244 090d C43A3FF8 		.ascii	"\304:?\370`\244\363\017\023\307L\370k\2543qF\302\237"
 244      60A4F30F 
 244      13C74CF8 
 244      6BAC3371 
 244      46C29F
 245 0920 1212E27A 		.ascii	"\022\022\342z},)\204P\346\314\230\367\027e\316\334\270"
 245      7D2C2984 
 245      50E6CC98 
 245      F71765CE 
 245      DCB8
 246 0932 78367376 		.ascii	"x6sv\2622#!9\311\224\370Ib\\\222e\356\274\304\370\370"
 246      B2322321 
 246      39C994F8 
 246      49625C92 
 246      65EEBCC4 
 247 0948 B824F3DC 		.ascii	"\270$\363\334\344\277'\306'\231\010\222d\245\363\304"
 247      E4BF27C6 
 247      27990892 
 247      64A5F3C4 
 248 0958 90E7F491 		.ascii	"\220\347\364\221\347\304\312s\372\376\037\257\250\207"
 248      E7C4CA73 
 248      FAFE1FAF 
 248      A887
 249 0966 98       		.ascii	"\230"
 250              		.text
 251              		.section	.gnu.lto_.symbol_nodes.40c6e008024ef62d,"",%progbits
 252 0000 789C6361 		.ascii	"x\234ca`d\210e\000\002\246\015\214\365\014\014\023\316"
 252      60648865 
 252      0002A60D 
 252      8CF50C0C 
 252      13CE
 253 0012 313000A9 		.ascii	"10\000\251\025\215\013\033\230\201b\033\031\353\031"
 253      158D0B1B 
 253      9881621B 
 253      19EB19
 254 0021 6162AB1A 		.ascii	"ab\253\032\025\201\"\233\030\353\231PD\230\031\031\030"
 254      1581229B 
 254      18EB9950 
 254      44981919 
 254      18
ARM GAS  /tmp/ccVxMfnd.s 			page 20


 255 0032 1E3FFCE7 		.ascii	"\036?\374\347\010\242\027\267\275\231\317\001\026\200"
 255      08A217B7 
 255      BD99CF01 
 255      1680
 256 0040 3116B703 		.ascii	"1\026\267\003\031\014\000\224\015\032\003"
 256      190C0094 
 256      0D1A03
 257              		.text
 258              		.section	.gnu.lto_.refs.40c6e008024ef62d,"",%progbits
 259 0000 789C6361 		.ascii	"x\234ca`\004B \000\000\0009\000\007"
 259      60044220 
 259      00000039 
 259      0007
 260              		.text
 261              		.section	.gnu.lto_.decls.40c6e008024ef62d,"",%progbits
 262 0000 789CAD58 		.ascii	"x\234\255X{P\024G\032\237\236\336]\226eAK\270\304\253"
 262      7B501447 
 262      1A9F9EDE 
 262      5D966541 
 262      4BB8C4AB 
 263 0014 E3AAAC84 		.ascii	"\343\252\254\2042\334U\342*\246R\367\327U)h\364\316"
 263      32DC55E2 
 263      2AA652F7 
 263      D7552968 
 263      F4CE
 264 0026 446A31A6 		.ascii	"Dj1\246R\225\252=\"\030\251C\240`I\231\277n\224\025"
 264      5295AA3D 
 264      2218A943 
 264      A0604999 
 264      BF6E9415 
 265 003a 0443E4FD 		.ascii	"\004C\344\375PQQ\021y\011>P\021\324\365\031\005qaQ\020"
 265      50515111 
 265      79093E50 
 265      11D4F519 
 265      05716151 
 266 004f 11C507A8 		.ascii	"\021\305\007\250\361\001\242\010\"\312}\335=\2733;,"
 266      F101A208 
 266      22CA7DDD 
 266      3DBB333B 
 266      2C
 267 0060 79D4DD14 		.ascii	"y\324\335\024\337\316|=\277\376\336\375u\017*\016q\344"
 267      DFCE7C3D 
 267      BFFEDEFD 
 267      750F2A0E 
 267      71E4
 268 0072 FAEA5D8E 		.ascii	"\372\352]\216\313\3459.\007\330q\270T0\266\234\223."
 268      CBE5392E 
 268      07D871B8 
 268      5430B69C 
 268      932E
 269 0084 0CE409EF 		.ascii	"\014\344\011\357f\000\031\0207\341\"\357t\342\234i@"
 269      66001910 
 269      37E122EF 
 269      74E29C69 
 269      40
 270 0095 7E401A18 		.ascii	"~@\032\030k\206\373\007@\227\200f\003\257\002\262\303"
 270      6B86FB07 
ARM GAS  /tmp/ccVxMfnd.s 			page 21


 270      40978066 
 270      03AF02B2 
 270      C3
 271 00a6 B30FD029 		.ascii	"\263\017\320)\240\267@\247\201\306\200\316\002\275\006"
 271      A0B740A7 
 271      81C680CE 
 271      02BD06
 272 00b5 B202BD01 		.ascii	"\262\002\275\001\372\011h\004\350\034\020\202y\027\210"
 272      FA096804 
 272      E81C1082 
 272      791788
 273 00c4 2244FFA8 		.ascii	"\"D\377\250>\345El\363Q\330\360g\030[\206\230\015\304"
 273      3EE5456C 
 273      F351D8F0 
 273      67185B86 
 273      980DC4
 274 00d7 963051BF 		.ascii	"\2260Q\277?\334\277\000Z\216\230\235Z 5\214\007\303"
 274      3FDCBF00 
 274      5A8E989D 
 274      5A20358C 
 274      07C3
 275 00e9 7D3A901F 		.ascii	"}:\220\037\320\273@\357\000\361\242lw:I,\274\024:?\204"
 275      D0BB40EF 
 275      00F1A26C 
 275      773A492C 
 275      BC143A3F 
 276 00fe B140A0F7 		.ascii	"\261@\240\367\201jE\377C9\311w\215\350\367\230\350\357"
 276      816A45FF 
 276      4339C977 
 276      8DE8F798 
 276      E8EF
 277 0110 88E89FC3 		.ascii	"\210\350\237\3037\203x\377R\241\357\015\217*\356\037"
 277      378378FF 
 277      52A1EF0D 
 277      8F2AEE1F 
 278 0120 6FD776A1 		.ascii	"o\327v\241N\212\236\212\220\210\224]\0169l\230w\014"
 278      4E8A9E8A 
 278      9088945D 
 278      0E396C98 
 278      770C
 279 0132 B1774A07 		.ascii	"\261wJ\007D \222^ \316e\006\255\005zIC\210^\342$\271"
 279      4420925E 
 279      20CE6506 
 279      AD057A49 
 279      43885EE2 
 280 0148 44C9059E 		.ascii	"D\311\005\236=\"\316i\205\003+\223'Z\217\334\330E/\354"
 280      3D22CE69 
 280      85032B93 
 280      275A8FDC 
 280      D8452FEC 
 281 015c 703A2DB9 		.ascii	"p:-\271\277\003c\220\011\317\267^\355]8\253R\200+C\020"
 281      BF036390 
 281      09CFB75E 
 281      ED5D38AB 
 281      52802B43 
 282 0171 F83F4991 		.ascii	"\370?I\221i\265\324l\305/x4M\207T\300>k\336|\327\007"
 282      69B5D46C 
ARM GAS  /tmp/ccVxMfnd.s 			page 22


 282      C52F7834 
 282      4D8754C0 
 282      3E6BDE7C 
 283 0187 583F1D9A 		.ascii	"X?\035\232\001\354SKo\217\027{;\035X\373\300\245\"\221"
 283      01EC534B 
 283      6F8F177B 
 283      3B1D58FB 
 283      C0A52291 
 284 019b 9D0AEC8D 		.ascii	"\235\012\354\215\324\344m\032\354G\025t_(\253 r>\320"
 284      D4E46D1A 
 284      EC471574 
 284      5F28AB20 
 284      723ED0
 285 01ae 2162E614 		.ascii	"!b\346\024\030\252~\\\367\312\233\015\021\204}\323\340"
 285      18AA7E5C 
 285      F7CA9B0D 
 285      11847DD3 
 285      E0
 286 01bf 6E0FFC47 		.ascii	"n\017\374G\362\314Wd>\262{\242@\335\036bQOa\211\276"
 286      F2CC5764 
 286      3EB27BA2 
 286      40DD1E62 
 286      514F6189 
 287 01d4 4E10A6A2 		.ascii	"N\020\246\242\203H\207\366#\214\312\320,\342\366\007"
 287      834887F6 
 287      238CCAD0 
 287      2CE2F607 
 288 01e4 64616C10 		.ascii	"dal\020\204uBF\2220m\021\207*\220?*G\376\034:\200\002"
 288      84754246 
 288      92306D11 
 288      872A903F 
 288      2A47FE1C 
 289 01fb 89548243 		.ascii	"\211T\202C50X\015\203\240\241lw\346N\015\376\212j(\337"
 289      3530580D 
 289      83A0A16C 
 289      77E64E0D 
 289      FE8A6A28 
 290 0210 673BEF81 		.ascii	"g;\357\201t\201n\347\037v3\237\231\222\233\362q%1\245"
 290      74816EE7 
 290      1F76339F 
 290      99929BF2 
 290      712531A5 
 291 0224 164C3924 		.ascii	"\026L9$\231\002\226\261p\3359vc-\217\177@\324\243\315"
 291      990296B1 
 291      70DD3976 
 291      632D8F7F 
 291      40D4A3CD 
 292 0238 F52F1AD5 		.ascii	"\365/\032\325,\034Z`\373\263\3175\3638\203\275\353\273"
 292      2C1C5A60 
 292      FBB3CF35 
 292      F33883BD 
 292      EBBB
 293 024a 9654A8C1 		.ascii	"\226T\250\301y\214\311x\323)h\3606\306\244\367\217\024"
 293      798CC978 
 293      D32968F0 
 293      36C6A4F7 
 293      8F14
ARM GAS  /tmp/ccVxMfnd.s 			page 23


 294 025c AB700963 		.ascii	"\253p\011c\216\036\177\022\304$\370\003w\254\373\231"
 294      8E1E7F12 
 294      C424F803 
 294      77ACFB99 
 295 026c D58B45BF 		.ascii	"\325\213E\277\007\001\337\2314\334\356\215+(\324\263"
 295      0701DF99 
 295      34DCEE8D 
 295      2B28D4B3 
 296 027c E860FB59 		.ascii	"\350`\373Y\017\024\020\020\340\033\020\020\030\020\260"
 296      0F141010 
 296      E01B1010 
 296      1810B0
 297 028b 9338D6D3 		.ascii	"\2238\326\323\332\364\237\354\322d!#\234Z|\004,>\203"
 297      DAF49FEC 
 297      D2642123 
 297      9C5A7C04 
 297      2C3E83
 298 029e 7C2547AB 		.ascii	"|%G\253\340\207Cs\340\207\243x\353\240M\357\000\327"
 298      E0874373 
 298      E087A378 
 298      EBA04DEF 
 298      00D7
 299 02b0 2BC10682 		.ascii	"+\301\006\202\255@\022\370\245\004>\246\004\037\225"
 299      AD4012F8 
 299      A5043EA6 
 299      041F95
 300 02bf 24678A65 		.ascii	"$g\212e% \025\207N\000\3408}G\340\020>t\036\202}\001"
 300      25201587 
 300      4E00E038 
 300      7D47E010 
 300      3E741E82 
 301 02d5 05A05340 		.ascii	"\005\240S@\247\201\316\002Y\201~\002:\207\002h!2}\243"
 301      A781CE02 
 301      59817E02 
 301      3A870268 
 301      21327DA3 
 302 02e9 92BE3AF7 		.ascii	"\222\276:\367\372\344\326\345\331\235\350\223Jt\245"
 302      FAE4D6E5 
 302      D99DE893 
 302      4A74A5
 303 02f8 641DCDAB 		.ascii	"d\035\315\253\265\013D\013Z\002\342\304\234Jj\263\355"
 303      B50B440B 
 303      5A02E2C4 
 303      9C4A6AB3 
 303      ED
 304 0309 FE8582D5 		.ascii	"\376\205\202\325\202\251\250}\356C(W|S2\263\301m\014"
 304      82A9A87D 
 304      EE432857 
 304      7C5332B3 
 304      C16D0C
 305 031c A95E48DF 		.ascii	"\251^H\337\311\267\226\026\015\276G\323\307g\367\037"
 305      C9B79616 
 305      0DBE47D3 
 305      C767F71F 
 306 032c AED7A240 		.ascii	"\256\327\242@_fO\241\035\021{\232`\356E\251\314\210"
 306      5F664FA1 
 306      1D117B9A 
ARM GAS  /tmp/ccVxMfnd.s 			page 24


 306      60EE45A9 
 306      CC88
 307 033e 7993C413 		.ascii	"y\223\304\0235B\030\177OHA\177\352\331\256\305\276\242"
 307      3542187F 
 307      4F48417F 
 307      EAD9AEC5 
 307      BEA2
 308 0350 34EBA4D2 		.ascii	"4\353\244\322\270\337\"j\343\271\252\022\244Os.&tI\346"
 308      B8DF226A 
 308      E3B9AA12 
 308      A44F732E 
 308      267449E6 
 309 0364 35879A91 		.ascii	"5\207\232\221^\004\336\316|\272\215W\361l\014}\243\""
 309      5E04DECE 
 309      7CBA8D57 
 309      F16C0C7D 
 309      A322
 310 0376 635B9E77 		.ascii	"c[\236w?\364dU\036(\3531\323X\217\031)\276\227\305\343"
 310      3FF46455 
 310      1E28EB31 
 310      D3588F19 
 310      29BE97C5 
 311 038b 61B61E6E 		.ascii	"a\266\036n\267\324\012\236:X\264I\277i\321\302\214\232"
 311      B7D40A9E 
 311      3A58B449 
 311      BF69D1C2 
 311      8C9A
 312 039d F19C1E6F 		.ascii	"\361\234\036o<\306\246W\215\334:\254\306kY\317K\317"
 312      3CC6A657 
 312      8DDC3AAC 
 312      C66B59CF 
 312      4BCF
 313 03af 397D5A85 		.ascii	"9}Z\205\223\031\263\25303E\21572\246,+\243F\207\323"
 313      9319B3AB 
 313      3033458D 
 313      3732A62C 
 313      2BA34687 
 314 03c4 19E3686A 		.ascii	"\031\343hj~\254\251\235\033\037\266Na\326\361\300\026"
 314      7EACA99D 
 314      1B1FB64E 
 314      61D6F1C0 
 314      16
 315 03d5 94778C7A 		.ascii	"\224w\214z\342M\014Z2\372z\2004\271\231\244\311aY\213"
 315      E24D0C5A 
 315      32FA7A80 
 315      34B999A4 
 315      C961598B 
 316 03e9 9BC95ADC 		.ascii	"\233\311Z\334\311\246\213{\3648\227\202y\373\351\202"
 316      C9A68B7B 
 316      F4389782 
 316      79FBE982 
 317 03f9 375E8E0E 		.ascii	"7^\216\016\004\376\350\0029t\015\354\356$\316\334\002"
 317      04FEE802 
 317      39740DEC 
 317      EE24CEDC 
 317      02
 318 040a 67668ACE 		.ascii	"gf\212\316\334\200\301.g\007*|\362\217$H=\272\011\345"
ARM GAS  /tmp/ccVxMfnd.s 			page 25


 318      DC80C12E 
 318      67072A7C 
 318      F28F2448 
 318      3DBA09E5 
 319 041e D52D95C6 		.ascii	"\325-\225\306L\261\001\235\310\354\352\323\341\035L"
 319      4CB1019D 
 319      C8ECEAD3 
 319      E11D4C
 320 042d C5EEBB42 		.ascii	"\305\356\273B\275j2\025w&U\221\2332\2236\271\333\210"
 320      BD6A3215 
 320      77265591 
 320      9B329336 
 320      B9DB88
 321 0440 F419A78A 		.ascii	"\364\031\247\212\233\216&\267ndg\203\026\227Q\035\252"
 321      9B8E26B7 
 321      6E646783 
 321      1697511D 
 321      AA
 322 0451 FB236916 		.ascii	"\373#i\026-\202\246\023\350\3508\321\331)\311B\313\277"
 322      2D82A613 
 322      E8E838D1 
 322      D929C942 
 322      CBBF
 323 0463 E8F4EB30 		.ascii	"\350\364\3530\275\027J\301\251\225.\200kH\352\013Vp"
 323      BD174AC1 
 323      A9952E80 
 323      6B48EA0B 
 323      5670
 324 0475 86E764B5 		.ascii	"\206\347d\265\322+\026\361}\260\257\017\252\354\236"
 324      D22B16F1 
 324      7DB0AF0F 
 324      AAEC9E
 325 0484 4B0FA8D9 		.ascii	"K\017\250\331\244w\310\276\353V\266lQo\267\361d\021"
 325      A477C8BE 
 325      EB56B66C 
 325      516FB7F1 
 325      6411
 326 0496 F5BA2E6A 		.ascii	"\365\272.j\2609\275`|\310\033\005\370\005\222.\011\300"
 326      B039BD60 
 326      7CC81B05 
 326      F805922E 
 326      09C0
 327 04a8 5A1B5E2B 		.ascii	"Z\033^+X\3271q\035 \366!\362s\267f\263\250\305Il\345"
 327      58D73171 
 327      1D20F621 
 327      F273B766 
 327      B3A8C549 
 328 04be 49161334 		.ascii	"I\026\0234\261\370g\260\370\021X\374@\264\230Y\261e"
 328      B1F867B0 
 328      F81158FC 
 328      40B49859 
 328      B165
 329 04d0 930FB102 		.ascii	"\223\017\261\002@\023[K\221M\326Z\332'W\014AO\336\220"
 329      40135B4B 
 329      914DD65A 
 329      DA27570C 
 329      414FDE90 
ARM GAS  /tmp/ccVxMfnd.s 			page 26


 330 04e4 7F11FB81 		.ascii	"\177\021\373\201\005k'\267\200sQ\017\223,g\256\326\352"
 330      056B27B7 
 330      8073510F 
 330      932C67AE 
 330      D6EA
 331 04f6 7115ABCE 		.ascii	"q\025\253\316\336\246\352uZ\274\2371\333\232\3675\251"
 331      DEA6EA75 
 331      5ABC9F31 
 331      DB9AF735 
 331      A9
 332 0507 712D63EA 		.ascii	"q-c\352+\366\331y\\\317\230\312\272\201\215\010\237"
 332      2BF6D979 
 332      5CCF98CA 
 332      BA818D08 
 332      9F
 333 0518 61CCB394 		.ascii	"a\314\263\224j3nd\317\226\242\014\033\317*\377C`\363"
 333      6A336E64 
 333      CF96A20C 
 333      1BCF2AFF 
 333      4360F3
 334 052b 52B7F6A8 		.ascii	"R\267\366\250\304\315\210\254\204\003\355{\353\265\270"
 334      C4CD88AC 
 334      8403ED7B 
 334      EBB5B8
 335 053a 8562BD87 		.ascii	"\205b\275\207\2376>\366&U\301.\330\217 \324\226$\350"
 335      9F363EF6 
 335      2655C12E 
 335      D88F20D4 
 335      9624E8
 336 054d CAAC39DA 		.ascii	"\312\2549\332\301\337\247\340\357\360$\273\221K\217"
 336      C1DFA7E0 
 336      EFF024BB 
 336      914B8F
 337 055c 7B0180E7 		.ascii	"{\001\200\347\364\335\260X\033\343\020i\201\017@o\301"
 337      F4DDB058 
 337      1BE31069 
 337      810F406F 
 337      C1
 338 056d DD31A0D7 		.ascii	"\3351\240\327@/\201\336\000\215\002\255\203w#p_\013"
 338      402F81DE 
 338      008D02AD 
 338      83772370 
 338      5F0B
 339 057f F757CEFA 		.ascii	"\367W\316\372!\372\217I\372\333\224\372[\344\273!\001"
 339      21FA8F49 
 339      FADB94FA 
 339      5BE4BB21 
 339      01
 340 0590 9F90C043 		.ascii	"\237\220\300CJ\260\315\005\014\345s\304\306\263\\>\206"
 340      4AB0CD05 
 340      0CE573C4 
 340      C6B35C3E 
 340      86
 341 05a1 645C55C2 		.ascii	"d\\U\302+\225\262s\035\251'\322\373\225p\327\355\214"
 341      2B95B273 
 341      1DA927D2 
 341      FB9570D7 
ARM GAS  /tmp/ccVxMfnd.s 			page 27


 341      ED8C
 342 05b3 E0B3245B 		.ascii	"\340\263$[\006\334\243e\302\013$\360\023\367Q\226\213"
 342      06DCA365 
 342      C20B24F0 
 342      13F75196 
 342      8B
 343 05c4 CE90D0CF 		.ascii	"\316\220\320\317\224h\331\246\317\312\371\365e\272S"
 343      9468D9A6 
 343      CFCAF9F5 
 343      65BA53
 344 05d3 0E2B774A 		.ascii	"\016+wJ\"h\374\262\314\247A\267\242dF6Hj[\335\247Bn"
 344      2268FCB2 
 344      CCA741B7 
 344      A2644636 
 344      486A5BDD 
 345 05ea E451097D 		.ascii	"\344Q\011}\305}p\031\032*\321\332<rH\215\257\260\036"
 345      C57D7019 
 345      1A2AD1DA 
 345      3C72488D 
 345      AFB01E
 346 05fd 68B990F4 		.ascii	"h\271\220\364\330\023\371\006\272\255(\264\236\017\374"
 346      D813F906 
 346      BAAD28B4 
 346      9E0FFC
 347 060c 9F8A8AC5 		.ascii	"\237\212\212\305\244\325Fwk\013\357\213\222xg\277\034"
 347      A4D54677 
 347      6B0BEF8B 
 347      927867BF 
 347      1C
 348 061d A6BB3539 		.ascii	"\246\27359\\\237x\3320E\2769\022\240\264x\223y\2758"
 348      5C9F78DA 
 348      3045BE39 
 348      12A0B478 
 348      9379BD38 
 349 0631 05B05B3B 		.ascii	"\005\260[;^\266{\320\375\221\014_Ft\203\274{\350r\267"
 349      5EB67BD0 
 349      FD910C5F 
 349      467483BC 
 349      7BE872B7 
 350 0645 E7F43CB1 		.ascii	"\347\364<\261\373\314P\241\345\357\310\346o\340\247"
 350      FBCC50A1 
 350      E5EFC8E6 
 350      6FE0A7
 351 0654 C36F0AAF 		.ascii	"\303o\012\257b\022\372\337t[|\336\333!Xw\010=\331\035"
 351      6212FADF 
 351      745B7CDE 
 351      DB215877 
 351      083DD91D 
 352 0668 7F2F3A20 		.ascii	"\177/: \010\2510QEph\257\324\316\341\221\334J\241\361"
 352      08A93051 
 352      457068AF 
 352      D4CEE191 
 352      DC4AA1F1 
 353 067c 7328957F 		.ascii	"s(\225\177\017\246\226W\026\366z\342\\L\227{[_\261E"
 353      0FA69657 
 353      16F67AE2 
 353      5C4C977B 
ARM GAS  /tmp/ccVxMfnd.s 			page 28


 353      5B5FB145 
 354 0690 CF967B0B 		.ascii	"\317\226{\013\341\367\366m\375Q\344\377\006lm\363\321"
 354      E1F7F66D 
 354      FD51E4FF 
 354      066C6DF3 
 354      D1
 355 06a1 9B6ABC8B 		.ascii	"\233j\274\213ao\014\266\247x\341r\306T\217\345\224j"
 355      616F0CB6 
 355      A778E172 
 355      C6548FE5 
 355      946A
 356 06b3 F07EC68C 		.ascii	"\360~\306\214?\354\334%\356\355\003\264\215\225^O\307"
 356      3FECDC25 
 356      EEED03B4 
 356      8D955E4F 
 356      C7
 357 06c4 AC6B081E 		.ascii	"\254k\010\036D\313pK\212\016\037\245`\315X\312\236\355"
 357      44CB704B 
 357      8A0E1FA5 
 357      60CD58CA 
 357      9EED
 358 06d6 DEC897B6 		.ascii	"\336\310\227\266\013\227|e\362\376(\203'\316f\363,Y"
 358      0B977C65 
 358      F2FE2883 
 358      27CE66F3 
 358      2C59
 359 06e8 B990B802 		.ascii	"\271\220\270\002HD\016P>P\036\357\334%`\007k\335\270"
 359      48440E50 
 359      3E501EEF 
 359      DC256007 
 359      6BDDB8
 360 06fb 3CA75420 		.ascii	"<\247T \365BNP?BN\310<\347\351F^/,\203\365vZ\325\200"
 360      F5424E50 
 360      3F424EC8 
 360      3CE7E946 
 360      5E2F2C83 
 361 0714 52346972 		.ascii	"R4ir\026k\363_K\253\232\310\312R\312\332\310\273\234"
 361      166BF35F 
 361      4BAB9AC8 
 361      CA52CADA 
 361      C8BB9C
 362 0727 FF003F60 		.ascii	"\377\000?`t(NW\202\177\340\345\347m\300\2668\261\233"
 362      74284E57 
 362      827FE0E5 
 362      E76DC0B6 
 362      38B19B
 363 073a 945897EE 		.ascii	"\224X\227\356\177\352\325\343\365S\360I\032&\276\345"
 363      7FEAD5E3 
 363      F553F049 
 363      1A26BEE5 
 364 074a C2F117DE 		.ascii	"\302\361\027\336\316\243\342P\033-\276-0\267P*>\342"
 364      CEA3E250 
 364      1B2DBE2D 
 364      30B7502A 
 364      3EE2
 365 075c 89A28D3A 		.ascii	"\211\242\215:\202\2106C\354~-\216\344hSp\365\257\256"
 365      82883643 
ARM GAS  /tmp/ccVxMfnd.s 			page 29


 365      EC7E2D8E 
 365      E4685370 
 365      F5AFAE
 366 076f C7437712 		.ascii	"\307Cw\022\270\311\246ohz|B+\257\372\255.U_\304;\216"
 366      B8C9A66F 
 366      687A7C42 
 366      2BAFFAAD 
 366      2E555FC4 
 367 0785 840DEB5E 		.ascii	"\204\015\353^\355\367\241%\017c\342\221\360\346\340"
 367      EDF7A125 
 367      0F63E291 
 367      F0E6E0
 368 0794 299BCFA4 		.ascii	")\233\317\244\025\277\235V\3746G\305\347_zP\254\203"
 368      15BF9D56 
 368      FC3647C5 
 368      E75F7A50 
 368      AC83
 369 07a6 8ADF412A 		.ascii	"\212\337A*>\377\353\333\316\212\007\034J\223b\002\217"
 369      3EFFEBDB 
 369      CE8A071C 
 369      4A936202 
 369      8F
 370 07b7 52C5EFA0 		.ascii	"R\305\357\240\025\377\244$){\012\276\310j\265\274\271"
 370      15FFA424 
 370      297B0ABE 
 370      C86AB5BC 
 370      B9
 371 07c8 6C4C856F 		.ascii	"lL\205o\261 W^"
 371      B120575E 
 372 07d0 DC5EEC35 		.ascii	"\334^\3545\331\007\342n~\262\017\304\326\215\013K\326"
 372      D907E26E 
 372      7EB20FC4 
 372      D68D0B4B 
 372      D6
 373 07e1 C32734DA 		.ascii	"\303'4\332\305\353\320NIw\255\343\360\264\243\266\367"
 373      C5EBD04E 
 373      4977ADE3 
 373      F0B4A3B6 
 373      F7
 374 07f2 919E7A4B 		.ascii	"\221\236zK\020\314[\313\331\227\231\336\370\001SlO\275"
 374      10CC5BCB 
 374      D99799DE 
 374      F801536C 
 374      4FBD
 375 0804 5FAC727C 		.ascii	"_\254r|\373Z\337\372\202\254\275\200\334\243\224\345"
 375      FB5ADFFA 
 375      82ACBD80 
 375      DCA394E5 
 376 0814 D6B05237 		.ascii	"\326\260R7\206\221C\360\245\024v\350&\222Jx\252\364"
 376      869143F0 
 376      A51476E8 
 376      26924A78 
 376      AAF4
 377 0826 486AC17D 		.ascii	"Hj\301}o<\304\224\016=\314\267y\240@=S\332\226\347O"
 377      6F3CC494 
 377      0E3DCCB7 
 377      79A0403D 
ARM GAS  /tmp/ccVxMfnd.s 			page 30


 377      53DA96E7 
 378 083b 4AAA12D2 		.ascii	"J\252\022\322Q.\251M\246\031\233\244\215\241\012\320"
 378      512EA94D 
 378      A6199BA4 
 378      8DA10AD0 
 379 084b ECD2C9AE 		.ascii	"\354\322\311\256\275*\032DT)\221S\306\224\366'\337\312"
 379      BD2A1A44 
 379      54299153 
 379      C694F627 
 379      DFCA
 380 085d F49834AF 		.ascii	"\364\2304\257\373h^\253\034y-\275~c\213\247#\257\035"
 380      FB685EAB 
 380      1C792DBD 
 380      7E638BA7 
 380      23AF1D
 381 0870 A63BCEBC 		.ascii	"\246;\316\274\002\016\025K\206\025\313\363ZM\363\272"
 381      020E154B 
 381      8615CBF3 
 381      5A4DF3BA 
 382 0880 E5D98602 		.ascii	"\345\331\206\002\215N\014Q\306\257~'\240\032^G\316A"
 382      8D4E0C51 
 382      C6AF7E27 
 382      A01A5E47 
 382      CE41
 383 0892 471ACE8B 		.ascii	"G\032\316\213\037\354\263\311\227G\301\372R\204A\037"
 383      1FECB3C9 
 383      9747C1FA 
 383      5284411F 
 384 08a2 31A6A9BD 		.ascii	"1\246\251\275x\237\032'3\246\371\376~\273\007\376\201"
 384      789F1A27 
 384      33A6F9FE 
 384      7EBB07FE 
 384      81
 385 08b3 31F97577 		.ascii	"1\371uw\006|p\016c2\317\014=\367\302\005\",5+\227\307"
 385      067C700E 
 385      6332CF0C 
 385      3DF7C205 
 385      222C352B 
 386 08c9 458C79D6 		.ascii	"E\214y\326r&\315\023\2270&\355Tg\262'\256bL\361\203"
 386      7226CD13 
 386      973026ED 
 386      5467B227 
 386      AE624CF1 
 387 08de 3A28C243 		.ascii	":(\302C\214i\350\2525\340\343\354\271\254.\375\266\032"
 387      8C69E8AA 
 387      35E0E3EC 
 387      B9AC2EFD 
 387      B61A
 388 08f0 9F67CCDD 		.ascii	"\237g\314\335#\226\227*\334\310\230\226c=\275>\330\306"
 388      2396972A 
 388      DCC89896 
 388      633DBD3E 
 388      D8C6
 389 0902 98C15DD5 		.ascii	"\230\301]\325\333\021\353\251V\362\325q\245\356\352"
 389      DB11EBA9 
 389      56F2D571 
 389      A5EEEA
ARM GAS  /tmp/ccVxMfnd.s 			page 31


 390 0911 062F6CA7 		.ascii	"\006/l\247/\247V\345\217v\252Q\200\343b\315\225\035"
 390      2FA756E5 
 390      8F76AA51 
 390      80E362CD 
 390      951D
 391 0923 C67ABAFB 		.ascii	"\306z\272\373V=\262\337\023\204,=\335W\033 \244\215"
 391      563DB2DF 
 391      13842C3D 
 391      DD571B20 
 391      A48D
 392 0935 FC2F9D2B 		.ascii	"\374/\235+\306\256;7\341z\367`\227sE\227\023]\247DO"
 392      C6AE3B37 
 392      E17AF760 
 392      97734597 
 392      135DA744 
 393 094a 3C85E449 		.ascii	"<\205\344I\350\303J\364\204\223\331\210d\310q%\330\240"
 393      E8C34AF4 
 393      8493D988 
 393      64C87125 
 393      D8A0
 394 095c 945C2049 		.ascii	"\224\\ I\256u/Y\216\336*\241\017*\321\266\011\350\034"
 394      AE752F59 
 394      8EDE2AA1 
 394      0F2AD1B6 
 394      09E81C
 395 096f 097D4489 		.ascii	"\011}D\211\256\234\200\336&\241\017(\321\373\245\275"
 395      AE9C80DE 
 395      26A10F28 
 395      D1FBA5BD 
 396 097f C1A56D9F 		.ascii	"\301\245m\237\204\246\313\366\215F\261g_\202\245\326"
 396      84A6CBF6 
 396      8D46B167 
 396      5F82A5D6 
 397 098f 02CDF61C 		.ascii	"\002\315\366\034\320)\240\323@\315@g\200\232\200.\000"
 397      D029A0D3 
 397      40CD4067 
 397      809A802E 
 397      00
 398 09a0 9D053A0F 		.ascii	"\235\005:\017t\031\350'\240\213@6^~\022\316\222l9\352"
 398      7419E827 
 398      A08B4036 
 398      5E7E12CE 
 398      926C39EA 
 399 09b4 DE72D9A7 		.ascii	"\336r\331\247\324\363\353t\177lT\356\217\364\324w\335"
 399      D4F3EB74 
 399      7F6C54EE 
 399      8FF4D477 
 399      DD
 400 09c5 4F3AF51D 		.ascii	"O:\365\035s\237hY\3526Kz\017\271\217\257\014\\#\201"
 400      739F6859 
 400      EA364B7A 
 400      0FB98FAF 
 400      0C5C2381 
 401 09d9 ADEE0326 		.ascii	"\255\356\003&\017\357K\251*N\270\255\012\307v:TY\331"
 401      0FEF4BA9 
 401      2A4EB8AD 
 401      0AC7763A 
ARM GAS  /tmp/ccVxMfnd.s 			page 32


 401      5459D9
 402 09ec ED85D3D4 		.ascii	"\355\205\323\324\264\367\331\322\223\356\352\235\333"
 402      B4F7D9D2 
 402      93EEEA9D 
 402      DB
 403 09f9 E9C12D74 		.ascii	"\351\301-t;m\203\271\255R\213i\234\270\235:\362\202"
 403      3B6D83B9 
 403      AD528B69 
 403      9CB89D3A 
 403      F282
 404 0a0b EC908EFF 		.ascii	"\354\220\216\377Wj\210m\326=#\336\362}\263\315e\337"
 404      576A886D 
 404      D63D23DE 
 404      F27DB3CD 
 404      65DF
 405 0a1d BCC2F64D 		.ascii	"\274\302\366Mr'[V\311\265\357\334\377\013\207\373\355"
 405      72275B56 
 405      C9B5EFDC 
 405      FF0B87FB 
 405      ED
 406 0a2e FFBF4157 		.ascii	"\377\277AWy_\220\365s\337\316Q\037\271br`\224\024\267"
 406      795F90F5 
 406      73DFCE51 
 406      1FB96272 
 406      609414B7 
 407 0a42 8B8ADBA9 		.ascii	"\213\212\333\251\342\332\321\356~\335\373\305t\317\313"
 407      E2DAD1EE 
 407      7EDDFBC5 
 407      74CFCB
 408 0a51 CE5F962D 		.ascii	"\316_\226-dL\205^N\333/\223\331\301\277\317i\243b\242"
 408      644C855E 
 408      4EDB2F93 
 408      D9C1BFCF 
 408      69A362A2 
 409 0a65 CCDFC645 		.ascii	"\314\337\306E\305j?\375\374\213\031\301s\346p\252\360"
 409      C56A3FFD 
 409      FC8B19C1 
 409      73E670AA 
 409      F0
 410 0a76 95F1D13A 		.ascii	"\225\361\321:\223)1*\306<7\310d\376\330\220\230\020"
 410      9329312A 
 410      C63C37C8 
 410      64FED890 
 410      9810
 411 0a88 6F088F5F 		.ascii	"o\010\217_\375QLlL\344G\221\341\337D\031\242bVD'FD\032"
 411      FD514C6C 
 411      4CE44791 
 411      E1DF4419 
 411      A2625644 
 412 0aa0 5687AF58 		.ascii	"V\207\257X\025\025\023i0ED\256\014O\2146\233\314\337"
 412      15151369 
 412      304544AE 
 412      0C4F8C36 
 412      9BCCDF
 413 0ab3 C74526CC 		.ascii	"\307E&\314Z\305i\035\263\377\362\013\263\023\276O0\230"
 413      5AC5691D 
 413      B3FFF20B 
ARM GAS  /tmp/ccVxMfnd.s 			page 33


 413      B313BE4F 
 413      3098
 414 0ac5 12CC1100 		.ascii	"\022\314\021\000\205)86\"^\035\227\030\027\021\357\021"
 414      85293836 
 414      225E1D97 
 414      181711EF 
 414      11
 415 0ad6 9B101719 		.ascii	"\233\020\027\031\031\021\257\211%\342\342\325\253c#"
 415      1911AF89 
 415      25E2E2D5 
 415      AB6323
 416 0ae5 22E38959 		.ascii	"\"\343\211Y\253\346\316\232e\010^\025\365M\324\3220"
 416      ABE6CE9A 
 416      65085E15 
 416      F54DD4D2 
 416      30
 417 0af6 436C8261 		.ascii	"Cl\202aUx\264!.6\336\234`\010[\366\331\334 \303\222"
 417      5578B421 
 417      2E36DE9C 
 417      60085BF6 
 417      D9DC20C3 
 418 0b0b 2521864F 		.ascii	"%!\206OC\027/\375.\310\020\027\036m\212\216\216\000"
 418      43172FFD 
 418      2EC81017 
 418      1E6D8A8E 
 418      8E00
 419 0b1d B9D312CC 		.ascii	"\271\323\022\314\253\301\022\342\243)!\322\234\030g"
 419      ABC112E2 
 419      A32921D2 
 419      9C1867
 420 0b2c 32ABE62D 		.ascii	"2\253\346-4.\"?KTK\202\377iT\315\0173\032\321\227h\221"
 420      342E223F 
 420      4B544B82 
 420      FF6954CD 
 420      0F331AD1 
 421 0b43 7A457464 		.ascii	"zEtdx\274\350\373\234OLf\255\343\001\303L\2744\304\210"
 421      78BCE8FB 
 421      9C4F4C66 
 421      ADE301C3 
 421      4CBC34C4 
 422 0b58 178718D5 		.ascii	"\027\207\030\325\241_\204\206\030=\226\206\205.X\020"
 422      A15F8486 
 422      183D9686 
 422      852E5810 
 423 0b68 62D42C5D 		.ascii	"b\324,]\366U\350\002\243\372\263\245!\013\214x\276\321"
 423      F655E802 
 423      A3FAB3A5 
 423      210B8C78 
 423      BED1
 424 0b7a A897E933 		.ascii	"\250\227\3513\377~\203Wp\336&\361\331Dr\243\011\015"
 424      FF7E8357 
 424      70DE26F1 
 424      D94472A3 
 424      090D
 425 0b8c 0E093787 		.ascii	"\016\0117\207kB\347\263\333<v[Hn\236\241\363\226\004"
 425      6B42E7B3 
 425      DB3C765B 
ARM GAS  /tmp/ccVxMfnd.s 			page 34


 425      486E9EA1 
 425      F39604
 426 0b9f C7C6AC8C 		.ascii	"\307\306\254\214\372\366\017\3169`\350\267\361\261\211"
 426      FAF60FCE 
 426      3960E8B7 
 426      F1B189
 427 0bae 712468DA 		.ascii	"q$h\332\250Xr3\231\365Q\261D\355\352\360\204\177\233"
 427      A8587233 
 427      99F551B1 
 427      44EDEAF0 
 427      847F9B
 428 0bc1 CC3AC644 		.ascii	"\314:\306DE\230\314\352\340\205\237\032\347\322\337"
 428      4598CCEA 
 428      E0859F1A 
 428      E7D2DF
 429 0bd0 208F798B 		.ascii	" \217y\213\346\033\303\226\031qp\030D$$\330\3501/t\376"
 429      E61BC396 
 429      19717018 
 429      442424D8 
 429      E8312F74 
 430 0be5 9C059FD3 		.ascii	"\234\005\237\323{\020\3345\000\200\233\226\014\023 "
 430      7B10DC35 
 430      00809B96 
 430      0C1320
 431 0bf4 79086233 		.ascii	"y\010b3\026\033UD\006\037\014\317\306 \205\323\221k"
 431      161B5544 
 431      061F0CCF 
 431      C62085D3 
 431      916B
 432 0c06 CC86E0CF 		.ascii	"\314\206\340\317\302\026\207\201\323\314\357\205\263"
 432      C2168781 
 432      D3CCEF85 
 432      B3
 433 0c13 D7AC31D0 		.ascii	"\327\2541\3200\255\234\375q\320\232O K^\306\340`\323"
 433      30AD9CFD 
 433      71D09A4F 
 433      204B5EC6 
 433      E060D3
 434 0c26 32487748 		.ascii	"2HwH\344\312\377\002\023\022i\307"
 434      E4CAFF02 
 434      131269C7 
 435              		.text
 436              		.section	.gnu.lto_.symtab.40c6e008024ef62d,"",%progbits
 437 0000 5F70616C 		.ascii	"_pal_lld_init\000"
 437      5F6C6C64 
 437      5F696E69 
 437      7400
 438 000e 00       		.ascii	"\000"
 439 000f 00       		.ascii	"\000"
 440 0010 00       		.ascii	"\000"
 441 0011 00000000 		.ascii	"\000\000\000\000\000\000\000\000"
 441      00000000 
 442 0019 20010000 		.ascii	" \001\000\000"
 443 001d 5F70616C 		.ascii	"_pal_lld_setgroupmode\000"
 443      5F6C6C64 
 443      5F736574 
 443      67726F75 
ARM GAS  /tmp/ccVxMfnd.s 			page 35


 443      706D6F64 
 444 0033 00       		.ascii	"\000"
 445 0034 00       		.ascii	"\000"
 446 0035 00       		.ascii	"\000"
 447 0036 00000000 		.ascii	"\000\000\000\000\000\000\000\000"
 447      00000000 
 448 003e 2F010000 		.ascii	"/\001\000\000"
 449              		.text
 450              		.section	.gnu.lto_.opts,"",%progbits
 451 0000 272D666D 		.ascii	"'-fmath-errno' '-fsigned-zeros' '-ftrapping-math' '"
 451      6174682D 
 451      6572726E 
 451      6F272027 
 451      2D667369 
 452 0033 2D666E6F 		.ascii	"-fno-trapv' '-fno-strict-overflow' '-fno-openmp' '-"
 452      2D747261 
 452      70762720 
 452      272D666E 
 452      6F2D7374 
 453 0066 666E6F2D 		.ascii	"fno-openacc' '-mcpu=cortex-m0' '-mno-thumb-interwor"
 453      6F70656E 
 453      61636327 
 453      20272D6D 
 453      6370753D 
 454 0099 6B272027 		.ascii	"k' '-mthumb' '-ggdb' '-O0' '-fomit-frame-pointer' '"
 454      2D6D7468 
 454      756D6227 
 454      20272D67 
 454      67646227 
 455 00cc 2D66616C 		.ascii	"-falign-functions=16' '-ffunction-sections' '-fdata"
 455      69676E2D 
 455      66756E63 
 455      74696F6E 
 455      733D3136 
 456 00ff 2D736563 		.ascii	"-sections' '-fno-common' '-flto'\000"
 456      74696F6E 
 456      73272027 
 456      2D666E6F 
 456      2D636F6D 
 457              		.text
 458              		.comm	__gnu_lto_v1,1,1
 459              		.comm	__gnu_lto_slim,1,1
 460              		.ident	"GCC: (GNU Tools for ARM Embedded Processors) 5.4.1 20160609 (release) [ARM/embedded-5-bran
ARM GAS  /tmp/ccVxMfnd.s 			page 36


DEFINED SYMBOLS
                            *ABS*:0000000000000000 pal_lld.c
                            *COM*:0000000000000001 __gnu_lto_v1
                            *COM*:0000000000000001 __gnu_lto_slim

NO UNDEFINED SYMBOLS
