ARM GAS  /tmp/cc4tDQUn.s 			page 1


   1              		.syntax unified
   2              		.cpu cortex-m0
   3              		.fpu softvfp
   4              		.eabi_attribute 20, 1
   5              		.eabi_attribute 21, 1
   6              		.eabi_attribute 23, 3
   7              		.eabi_attribute 24, 1
   8              		.eabi_attribute 25, 1
   9              		.eabi_attribute 26, 1
  10              		.eabi_attribute 30, 6
  11              		.eabi_attribute 34, 0
  12              		.eabi_attribute 18, 4
  13              		.thumb
  14              		.syntax unified
  15              		.file	"st.c"
  16              		.text
  17              	.Ltext0:
  18              		.section	.gnu.lto_.inline.15567abc7c79bccd,"",%progbits
  19 0000 789C6361 		.ascii	"x\234ca`d\000\201\203\014\010\300\311\300\300\306\312"
  19      60640081 
  19      830C08C0 
  19      C9C0C0C6 
  19      CA
  20 0011 C0C0C431 		.ascii	"\300\300\3041\301\217\201\205\201\011$\304\310\300\302"
  20      C18F8185 
  20      810924C4 
  20      C8C0C2
  21 0020 0C1461F9 		.ascii	"\014\024a\371\240\007\023a\302\020a\306\020aa`\341\001"
  21      A0071361 
  21      C21061C6 
  21      10616160 
  21      E101
  22 0032 8A302D90 		.ascii	"\2120-\220\207\233\303\005$X\031XyQ\205\231\270\201"
  22      879BC305 
  22      24581958 
  22      79518599 
  22      B881
  23 0044 5213FCD8 		.ascii	"R\023\374\330\260\253g\307\245\236\003\253\004\003\003"
  23      B0AB67C7 
  23      A59E03AB 
  23      040303
  24 0053 00EB0D0B 		.ascii	"\000\353\015\013\276"
  24      BE
  25              		.text
  26              		.section	.gnu.lto_st_lld_start_alarm.15567abc7c79bccd,"",%progbits
  27 0000 789C8D92 		.ascii	"x\234\215\222Oh\023A\024\306\347\233\331dM\214z\022"
  27      4F681341 
  27      14C6E79B 
  27      D9644D8C 
  27      7A12
  28 0012 3CE4904B 		.ascii	"<\344\220K(\365\220!\352\301\233\007\275(-\202\355A"
  28      28F59021 
  28      EAC19B07 
  28      BD282D82 
  28      ED41
  29 0024 4F52B190 		.ascii	"OR\261\220@\244b\202\327n6Y\254\305\203\027\025\213"
  29      40A46282 
ARM GAS  /tmp/cc4tDQUn.s 			page 2


  29      D76E3659 
  29      ACC58317 
  29      158B
  30 0036 128B94A6 		.ascii	"\022\213\224\246j\232T\255Z\361\260DA\010\370\017\017"
  30      6A9A54AD 
  30      5AF1B044 
  30      4108F80F 
  30      0F
  31 0047 7AB14885 		.ascii	"z\261H\205\034\004m\032#\251B\033\337L\010\024\215\342"
  31      1C046D1A 
  31      23A9421B 
  31      DF4C0814 
  31      8DE2
  32 0059 1C76E7ED 		.ascii	"\034v\347\355\373\346\375\276\367v\014\006\246\326\027"
  32      FBE6FDBE 
  32      F7760C06 
  32      A6D617
  33 0068 CED85E7A 		.ascii	"\316\330^zoW\201`\240\020\034*\0076\3121\212\357|\215"
  33      6F578160 
  33      A0101C2A 
  33      0736CA31 
  33      8AEF7C8D 
  34 007c A37CAEBA 		.ascii	"\243|\256\272\300{\247-Z\037\247f\207l\313\331\341\010"
  34      C07BA72D 
  34      5A1FA766 
  34      876CCBD9 
  34      E108
  35 008e C65A5CD7 		.ascii	"\306Z\\\327`\230F/\251\336dK\327D\203;\0020(\\y1\361"
  35      6098462F 
  35      A9DE644B 
  35      D744833B 
  35      0230285C 
  36 00a5 69AB0A39 		.ascii	"i\253\0129B\024\236w\307\237\371\305\0360\332\177]J"
  36      42149E77 
  36      C79FF9C5 
  36      1E30DA7F 
  36      5D4A
  37 00b7 8FF97AA6 		.ascii	"\217\371z\246,\313\266\254\267\303\226\317\021\002\267"
  37      2CCBB6AC 
  37      B7C396CF 
  37      1102B7
  38 00c6 20A81E66 		.ascii	" \250\036f\020D\036AF\237\030n\243G\311\227\346\326"
  38      10441E41 
  38      469F186E 
  38      A347C997 
  38      E6D6
  39 00d8 2F6DF166 		.ascii	"/m\361f\025>\324\206\342\016\274dRP\362\312\344\374"
  39      153ED486 
  39      E20EBC64 
  39      5250F2CA 
  39      E4FC
  40 00ea EAE6F04D 		.ascii	"\352\346\360MU\313mV\266]\315\273\331\220#\014\266\261"
  40      55CB6D56 
  40      B65DCDBB 
  40      D990230C 
  40      B6B1
  41 00fc 98365940 		.ascii	"\2306Y@\3707\371j%0~1\275\251\253z\366\017\365\317\177"
ARM GAS  /tmp/cc4tDQUn.s 			page 3


  41      F837F96A 
  41      25307E31 
  41      BDA9AB7A 
  41      F60FF5CF 
  42 0111 A88B0817 		.ascii	"\250\213\010\027\217\270V\253\225\261\334o\376\345\367"
  42      8FB856AB 
  42      95B1DC6F 
  42      FEE5F7
  43 0120 459F0FD4 		.ascii	"E\237\017\324\202A\243\240\036<jk\252\007c5=\263\025"
  43      8241A3A0 
  43      1E3C6A6B 
  43      AA076335 
  43      3DB315
  44 0133 4E2F5185 		.ascii	"N/Q\205\335\250}\250\013\325MF\200x/\013\315\232_\315"
  44      DDA87DA8 
  44      0BD54D46 
  44      80782F0B 
  44      CD9A5FCD 
  45 0147 CC80EAD6 		.ascii	"\314\200\352\326@\211\010U\224'&\203JD\212\313N\371"
  45      40890855 
  45      94272683 
  45      4A448ACB 
  45      4EF9
  46 0159 95D956A8 		.ascii	"\225\331V\250\3214\237W\306\0029\\O+\371>Bx\250\020"
  46      D1349F57 
  46      C602395C 
  46      4F2BF93E 
  46      4278A810 
  47 016d E6942FCA 		.ascii	"\346\224/\312\276\253\327\237\006d\301\312\302\021^"
  47      BEABD79F 
  47      0664C1CA 
  47      C2115E
  48 017c DC450EEB 		.ascii	"\334E\016\353\032O\251|\365\307\321h\321\312\322\301"
  48      1A4FA97C 
  48      F5C7D168 
  48      D1CAD2C1 
  49 018c 638E3071 		.ascii	"c\2160q\017\022;u7\270\217h\206\246\257\334\225\026"
  49      0F123B75 
  49      37B88F68 
  49      86A6AFDC 
  49      9516
  50 019e 3BEE3C1D 		.ascii	";\356<\035+\215\033\035+\335\330\236\256l\023\363\232"
  50      2B8D1B1D 
  50      2BDDD89E 
  50      AE6C13F3 
  50      9A
  51 01af ADEFD503 		.ascii	"\255\357\325\003\310\215}\230`x\250K\333\215\327\213"
  51      C88D7D98 
  51      6078A84B 
  51      DB8DD78B 
  52 01bf BC4D33FF 		.ascii	"\274M3\377\217f\376\205\366H\323\364EY\320\264'\271"
  52      8F66FE85 
  52      F648D3F4 
  52      4559D0B4 
  52      27B9
  53 01d1 0B33FE36 		.ascii	"\0133\3766\215\3431\235\371\014\333];\244J\353\037X"
  53      8DE3319D 
ARM GAS  /tmp/cc4tDQUn.s 			page 4


  53      F90CDB5D 
  53      3BA44AEB 
  53      1F58
  54 01e3 53D6481F 		.ascii	"S\326H\037\215D\344\376X\374D\374\360\200\034I\312\330"
  54      8D44E4FE 
  54      58FC44FC 
  54      F0801C49 
  54      CAD8
  55 01f5 50429E1E 		.ascii	"PB\236\0369\223J\312\201\301\376\335\273d_\337\0019"
  55      39934ACA 
  55      81C1FEDD 
  55      BB645FDF 
  55      0139
  56 0207 78B0FF6C 		.ascii	"x\260\377lT&S\307\023\211\223\221\0303R\361S\303\277"
  56      542653C7 
  56      13899391 
  56      183352F1 
  56      53C3BF
  57 021a 004BA608 		.ascii	"\000K\246\010\003"
  57      03
  58              		.text
  59              		.section	.gnu.lto_st_lld_stop_alarm.15567abc7c79bccd,"",%progbits
  60 0000 789C4D50 		.ascii	"x\234MP=KCA\020\274\271{*\032?*\321\"E\032\013\233\034"
  60      3D4B4341 
  60      10BCB97B 
  60      2A1A3F2A 
  60      D122451A 
  61 0017 313FC042 		.ascii	"1?\300B\0331A0\266\"\021\213\010\001\305\004[\317\227"
  61      1B314130 
  61      B622118B 
  61      0801C504 
  61      5BCF97
  62 002a F7D03FE0 		.ascii	"\367\320?\340\267\022E$~\305(\242`\367\210\205\240\250"
  62      B7124524 
  62      7EC528A2 
  62      60F78885 
  62      A0A8
  63 003c 58D95888 		.ascii	"X\331X\210B\004\253\030\"\2611q/i\\8\226afgv\317``\272"
  63      4204AB18 
  63      22B13171 
  63      2F695C38 
  63      96616667 
  64 0055 46A9F9A9 		.ascii	"F\251\371\251\267k \0308\243\007\315\201\315q\314\341"
  64      B76B2018 
  64      38A307CD 
  64      81CD71CC 
  64      E1
  65 0066 9BFF7264 		.ascii	"\233\377rd\027rW\274;\245\250^\367\316\303\246\262;"
  65      177257BC 
  65      3BA5A85E 
  65      F7CEC3A6 
  65      B23B
  66 0078 6DC15885 		.ascii	"m\301X\205W=\030R\350f${;+/\265\324[Z\346\251\221\330"
  66      573D1852 
  66      E866247B 
  66      3B2B2FB5 
  66      D45B5AE6 
ARM GAS  /tmp/cc4tDQUn.s 			page 5


  67 008f 473D9981 		.ascii	"G=\231\201\310'\353tS\024\271-\000\203\340\327\375\372"
  67      C827EB74 
  67      5314B92D 
  67      0083E0D7 
  67      FDFA
  68 00a1 7BAB861C 		.ascii	"{\253\206\034\036\202+;\027?\256\256]\245L\345$\357"
  68      1E822B3B 
  68      173FAEAE 
  68      5DA54CE5 
  68      24EF
  69 00b3 DAD6F61D 		.ascii	"\332\326\366\035\313c\013\241]p\0107\016\340\256E\035"
  69      CB630BA1 
  69      5D700837 
  69      0EE0AE45 
  69      1D
  70 00c4 A12B33EC 		.ascii	"\241+3\354\250J%\241\234\015\327\313\352e\243\001\246"
  70      A84A25A1 
  70      9C0DD7CB 
  70      EA65A301 
  70      A6
  71 00d5 952C5FDD 		.ascii	"\225,_\335\346\213S\0239\230\305\374GA\350\374\204\320"
  71      E68B5313 
  71      3998C5FC 
  71      4741E8FC 
  71      84D0
  72 00e7 F10FE952 		.ascii	"\361\017\351R\276I\347\011\350\375\014\034\223c\016"
  72      BE49E709 
  72      E8FD0C1C 
  72      93630E
  73 00f6 D9E27687 		.ascii	"\331\342v\207\026\221b\331\316>6\324\024\372\230\322"
  73      169162D9 
  73      CE3E36D4 
  73      14FA98D2 
  74 0106 CDED6273 		.ascii	"\315\355bs\022[\363Z\336K\021\006\031!\255\367 \366"
  74      125BF35A 
  74      DE4B1106 
  74      1921ADF7 
  74      20F6
  75 0118 B950B86E 		.ascii	"\271P\270n\226ie\301\026u8A\022\345j<2\220\377\275\352"
  75      966965C1 
  75      16753841 
  75      12E56A3C 
  75      3290FFBD 
  76 012d C0704A33 		.ascii	"\300pJ3\2370\235\263A\235T=#\317\351Wh\300\347\365\312"
  76      9F309DB3 
  76      419D543D 
  76      23CFE957 
  76      68C0E7F5 
  77 0142 BEC8E4F8 		.ascii	"\276\310\344\370\344PHN\305d$\034\225\323S3\361\230"
  77      E450484E 
  77      C564241C 
  77      95D35333 
  77      F198
  78 0154 0C8D04FD 		.ascii	"\014\215\004\375=2\020\350\227#\003\301Y\237\214\305"
  78      3D3210E8 
  78      972303C1 
  78      599F8CC5 
ARM GAS  /tmp/cc4tDQUn.s 			page 6


  79 0164 C7A2D109 		.ascii	"\307\242\321\011o\204\375\001\240I\205t"
  79      6F84FD01 
  79      A0498574 
  80              		.text
  81              		.section	.gnu.lto_st_lld_set_alarm.15567abc7c79bccd,"",%progbits
  82 0000 789C4D50 		.ascii	"x\234MP=H\233Q\024}\347\275\317H\324\266\223\340\220"
  82      3D489B51 
  82      147DE7BD 
  82      CF48D4B6 
  82      93E090
  83 0013 218B880E 		.ascii	"!\213\210\016y\244v\350\326\241.\242\"\250\203N\242"
  83      79A476E8 
  83      D6A12EA2 
  83      22A8834E 
  83      A2
  84 0024 282410B1 		.ascii	"($\020\2614\241\253\317\344\373\250\355\356/-\"\"\306"
  84      34A1ABCF 
  84      E4FBA8ED 
  84      EE2F2D22 
  84      22C6
  85 0036 9F18151C 		.ascii	"\237\030\025\034\324\301\217(\010\212-\245\203\270\211"
  85      D4C18F28 
  85      088A2DA5 
  85      83B889
  86 0045 42868212 		.ascii	"B\206\202\022\203b;h\274\367s\351\203\307}\367\335s"
  86      83623B68 
  86      BCF773E9 
  86      83C77DF7 
  86      DD73
  87 0057 CF39F75A 		.ascii	"\3179\367Z\002\202\3172\205\267\024\2539Q\002R\320\005"
  87      0282CF32 
  87      85B714AB 
  87      39510252 
  87      D005
  88 0069 D7204624 		.ascii	"\327 F$Fp'\037$r\237\363\333\262~\321\3209_\330\351"
  88      4670271F 
  88      24729FF3 
  88      DBB27ED1 
  88      D0395FD8 
  89 007e 4B1AA7C6 		.ascii	"K\032\247\306QB\224\244\307!\260\210zB\375\262\327\277"
  89      514294A4 
  89      C721B088 
  89      7A42FDB2 
  89      D7BF
  90 0090 A95BE928 		.ascii	"\251[\351(\300\242\364\346d\346\362%\247\022AJ\277\270"
  90      C0A2F4E6 
  90      64E6F225 
  90      A712414A 
  90      BFB8
  91 00a2 5F0F2AD4 		.ascii	"_\017*\324\033\010z__\214\216\371\353\026\214I\032\263"
  91      1B087A5F 
  91      5F8C8EF9 
  91      EB168C49 
  91      1AB3
  92 00b4 3768FC8E 		.ascii	"7h\374\216RX\206\">,!\2004\002\202\276\004VP\307\360"
  92      52588622 
  92      3E2C2180 
ARM GAS  /tmp/cc4tDQUn.s 			page 7


  92      340282BE 
  92      045650C7 
  93 00c9 8B8DC7F1 		.ascii	"\213\215\307\361\027>\233\345\203\317\242X\205\217L"
  93      173E9BE5 
  93      83CFA258 
  93      858F4C
  94 00d8 828A9373 		.ascii	"\202\212\223s[\177+k\347\231\313==~5\235v\355\240\243"
  94      5B7F2B6B 
  94      E799CB3D 
  94      3D7E359D 
  94      76EDA0A3 
  95 00ec 2CF13F99 		.ascii	",\361?\231g2\203\332l\207kJ\245\224q\177W^M\355\372"
  95      673283DA 
  95      6C876B4A 
  95      A594717F 
  95      575E4DED 
  96 0101 CB403216 		.ascii	"\313@2\026\331e\035Q\360\246\271\221\024T\036\311\333"
  96      D9651D51 
  96      F0A6B991 
  96      14541EC9 
  96      DB
  97 0112 C25D51B1 		.ascii	"\302]Q\261NJ\261\314\217\314}\241\202\247\261\300>,"
  97      4E4AB1CC 
  97      8FCC7DA1 
  97      82A7B1C0 
  97      3E2C
  98 0124 AC116F1E 		.ascii	"\254\021o\036\271\231\271\000\203\0101\341\344~\226"
  98      B999B900 
  98      830831E1 
  98      E47E96
  99 0133 3F23D8F4 		.ascii	"?#\330\364\375\341\321X\325,\276\2172\374\035\011\225"
  99      FDE1D158 
  99      D52CBE8F 
  99      32FC1D09 
  99      95
 100 0144 1111B2EC 		.ascii	"\021\021\262\354\206\252\247\305\342~\225\316\030\033"
 100      86AAA7C5 
 100      E27E95CE 
 100      181B
 101 0152 8EF2611D 		.ascii	"\216\362a\035\263x\364\344\251\224\316\377\353\016g"
 101      B378F4E4 
 101      A994CEFF 
 101      EB0E67
 102 0161 8D4D8D3D 		.ascii	"\215M\215=\216*\307\0064\032\274\031\260\211p\212\366"
 102      8E2AC706 
 102      341ABC19 
 102      B089708A 
 102      F6
 103 0172 F20749F7 		.ascii	"\362\007I\367\254\205e\275\311\012\222VA\335\341PH\277"
 103      AC8565BD 
 103      C90A9256 
 103      41DDE150 
 103      48BF
 104 0184 8F44FBA3 		.ascii	"\217D\373\243\355\235z8\256#}1\375a\370c\"\256;\273"
 104      ED9D7A38 
 104      AE237D31 
 104      FD61F863 
ARM GAS  /tmp/cc4tDQUn.s 			page 8


 104      22AE3BBB 
 105 0198 DA1A5FEB 		.ascii	"\332\032_\353\326\326&\335\325\334\366)\254\343\211"
 105      D6D626DD 
 105      D5DCF629 
 105      ACE389
 106 01a7 DE586C20 		.ascii	"\336Xl \024\021V\":4\370\004|y\236\230"
 106      14115622 
 106      3A34F804 
 106      7C799E98 
 107              		.text
 108              		.section	.gnu.lto_st_lld_get_alarm.15567abc7c79bccd,"",%progbits
 109 0000 789C6591 		.ascii	"x\234e\221\317K\033Q\020\307\347\373\3366b5\255\177"
 109      CF4B1B51 
 109      10C7E7FB 
 109      DE366235 
 109      AD7F
 110 0012 80875C72 		.ascii	"\200\207\\r\260\207<R\351]\250\207\012J\241z\350M,\036"
 110      B0873C52 
 110      E95DA887 
 110      0A4AA17A 
 110      E84D2C1E 
 111 0026 22049446 		.ascii	"\"\004\224FzuLv\241\266z1\364w\305J)\246\2551z\020o"
 111      7A754C76 
 111      A1B67A31 
 111      F477C54A 
 111      29A6AD31 
 112 003d 1AEC4110 		.ascii	"\032\354A\020\264\264\227^\213mC\351)J\212\212\350:"
 112      B4B4975E 
 112      8B6D43E9 
 112      294A8A8A 
 112      E83A
 113 004f 13BDF960 		.ascii	"\023\275\371`w\3360\237\231\357wv=\002\351Y\225\320"
 113      77DE309F 
 113      99EF7776 
 113      3D02E959 
 113      95D0
 114 0061 2EB15513 		.ascii	".\261U\023\217`H\036Xy[(\001\0323\026c\370oN\014\276"
 114      8F60481E 
 114      58795B28 
 114      011A3316 
 114      63F86F4E 
 115 0077 F94B6F6D 		.ascii	"\371Kom\315\004\226\340I\272\267\375\372\3275M\201\230"
 115      CD0496E0 
 115      49BAB7FD 
 115      FAD7354D 
 115      8198
 116 0089 A46FF8FB 		.ascii	"\244o\370\373DC\333<s\226\177~X\357\312\347\202;\201"
 116      4443DB3C 
 116      73967F7E 
 116      58EFCAE7 
 116      823B81
 117 009c 35141A42 		.ascii	"5\024\032B\001\255\230\207j\340#\332H\340\335\345\323"
 117      01AD9887 
 117      6AE023DA 
 117      48E0DDE5 
 117      D3
 118 00ad 67D188CF 		.ascii	"g\321\210\317rb\212H\345\023\"\242\250:\223S'\265\353"
ARM GAS  /tmp/cc4tDQUn.s 			page 9


 118      72628A48 
 118      E51322A2 
 118      A83A9353 
 118      27B5EB
 119 00c0 F1F7CC4F 		.ascii	"\361\367\314O\270\034>\215\276*\224\375\330\345Q\322"
 119      B81C3E8D 
 119      BE2A94FD 
 119      D8E551D2 
 120 00d0 F21971C1 		.ascii	"\362\031q\301_\314\255\0346)\236e\316\377y\007\236\350"
 120      5FCCAD1C 
 120      36299E65 
 120      CEFF7907 
 120      9EE8
 121 00e2 08ACBD4C 		.ascii	"\010\254\275L/ ^\272W\3460\314q\371\270\351\357\313"
 121      2F205EBA 
 121      57E630CC 
 121      71F9B8E9 
 121      EFCB
 122 00f4 DD460F24 		.ascii	"\335F\017$\244%\035NUuA{F\202\255 [\253\206\323\215"
 122      A4251D4E 
 122      5575417B 
 122      4682AD20 
 122      5BAB86D3 
 123 0109 6A2A6721 		.ascii	"j*g!\";\305\203\352U]\326BM{(\312\330\0126\326\346\242"
 123      223BC583 
 123      EA555DD6 
 123      424D7B28 
 123      CAD80A36 
 124 0120 E79015E8 		.ascii	"\347\220\025\350y\260\361\265\341\034\322%\0176\267"
 124      79B0F1B5 
 124      E11CD225 
 124      0F36B7
 125 012f 1E37CF62 		.ascii	"\0367\317bf\\;\362\252\345\3110,\252!)\377\330\337\377"
 125      665C3BF2 
 125      AAE5C930 
 125      2CAA2129 
 125      FFD8DFFF 
 126 0143 D2EC8AEC 		.ascii	"\322\354\212\354#\260WP\302,N\353\026\244T\250\034\335"
 126      23B05750 
 126      C22C4EEB 
 126      16A454A8 
 126      1CDD
 127 0155 4F96D897 		.ascii	"O\226\330\227\316\031\251F\260\004\207\033\365=\260"
 127      CE19A946 
 127      B004871B 
 127      F53DB0
 128 0164 8C64DDA7 		.ascii	"\214d\335\247\374$\373\033\343-\304r\373\207,\337\272"
 128      FC24FB1B 
 128      E32DC472 
 128      FB872CDF 
 128      BA
 129 0175 30A254D5 		.ascii	"0\242T\325\350\267$J&\022\356vj\350\301\320\335^7\234"
 129      E8B7244A 
 129      2612EE76 
 129      6AE8C1D0 
 129      DD5E379C 
 130 0189 71A981B4 		.ascii	"q\251\201\264\033\031~8\232q\275}=\3557]ww\247\353\353"
ARM GAS  /tmp/cc4tDQUn.s 			page 10


 130      1B197E38 
 130      9A71BD7D 
 130      3DED375D 
 130      7777A7EB 
 131 019e EA799474 		.ascii	"\352y\224t\231\321\376tz0\221\2423\271\003\235\244"
 131      99D1FE74 
 131      7A3091A2 
 131      33B9039D 
 131      A4
 132              		.text
 133              		.section	.gnu.lto_stInit.15567abc7c79bccd,"",%progbits
 134 0000 789C6361 		.ascii	"x\234ca`d\000\201\305@,\013\304\242 \0163\003#\023\003"
 134      60640081 
 134      C5402C0B 
 134      C4A2200E 
 134      33032313 
 135 0015 103382E4 		.ascii	"\0203\202\344\030\031\352\231\030\353\031\2772\375e"
 135      1819EA99 
 135      18EB19BF 
 135      32FD65
 136 0024 623CD4FE 		.ascii	"b<\324\376l'\223\346\362\006 x\320:\237\271a\305\001"
 136      6C2793E6 
 136      F2062078 
 136      D03A9FB9 
 136      61C501
 137 0037 C6566606 		.ascii	"\306Vf\006\206\377L`3\030\030\2273j2\000\225=\332\370"
 137      86FF4C60 
 137      33181897 
 137      336A3200 
 137      953DDAF8 
 138 004b 6F2A2F5B 		.ascii	"o*/[\013H\231\002D\222q\005#\033\310\260\365A\007\032"
 138      0B489902 
 138      44927105 
 138      231BC8B0 
 138      F541071A 
 139 005f FEFF6F6E 		.ascii	"\376\377onh\270n\360\237\011\250\363\003X\347G& \305"
 139      68B86EF0 
 139      9F09A8F3 
 139      0358E747 
 139      2620C5
 140 0072 FC82B1F9 		.ascii	"\374\202\261\371\300_^\220J\220\031;w\276\271\315^\377"
 140      C05F5E90 
 140      4A90193B 
 140      77BEB9CD 
 140      5EFF
 141 0084 B7A1A3A1 		.ascii	"\267\241\243\241A\240\225\231\361?\023P;\343J\306z\206"
 141      41A09599 
 141      F13F1350 
 141      3BE34AC6 
 141      7A86
 142 0096 56662686 		.ascii	"Vf&\206W\214M\007\376\263\202\225\202\300\007\220$\320"
 142      578C4D07 
 142      FEB38295 
 142      82C00790 
 142      24D0
 143 00a8 08693D3D 		.ascii	"\010i==}\347\214\314\244L\377`\375\374b\375\214\304"
 143      7DE78CCC 
ARM GAS  /tmp/cc4tDQUn.s 			page 11


 143      A44CFF60 
 143      FDFC62FD 
 143      8CC4
 144 00ba 1CFDE2A2 		.ascii	"\034\375\342\242d\375\342\022\275d\006\000)0>\264"
 144      64FDE212 
 144      BD640600 
 144      29303EB4 
 145              		.text
 146              		.section	.gnu.lto_stStartAlarm.15567abc7c79bccd,"",%progbits
 147 0000 789C354F 		.ascii	"x\2345OMK\002Q\024}\347\275i\254E\037\373\206p#\342"
 147      4D4B0251 
 147      147DE7BD 
 147      69AC451F 
 147      FB867023 
 148 0015 C611FA01 		.ascii	"\306\021\372\001-\202\266A\375\002\265@\241(\032\367"
 148      2D82B641 
 148      FD02B540 
 148      A1281AF7 
 149 0025 F352876A 		.ascii	"\363R\207jY\020A\264\013q\264/[J\013\207\026\356\012"
 149      591041B4 
 149      0B71B42F 
 149      5B4A0B87 
 149      16EE0A
 150 0038 2282A016 		.ascii	"\"\202\240\026RP\"-\024j%6\3357\322\205\367\356;\217"
 150      5250222D 
 150      146A2536 
 150      DD37D285 
 150      F7EE3B8F 
 151 004c 73CF3957 		.ascii	"s\3179Wc`\252\346\250E\250\033\012h\014\234\321\201"
 151      6360AAE6 
 151      A845A81B 
 151      0A680C9C 
 151      D181
 152 005e A05B4031 		.ascii	"\240[@1\300l.`\343\207\0178nw>\352<V\226T\255\322gB"
 152      C06C2E60 
 152      E3870F38 
 152      6E773EEA 
 152      3C569654 
 153 0076 BA1E1CA2 		.ascii	"\272\036\034\242\372<\220b(#F\254\207b\355D|s\207\004"
 153      FA3C9062 
 153      282346AC 
 153      8762ED44 
 153      7C738704 
 154 008a 3482BDBB 		.ascii	"4\202\275\273\343\367\011\0059\302\004\373\325\332\353"
 154      E3F70905 
 154      39C204FB 
 154      D5DAEB
 155 0099 A49801A3 		.ascii	"\244\230\001\243w\273\321:@\264$e^\312\376\212\034s"
 155      77BBD13A 
 155      40B42465 
 155      5ECAFE8A 
 155      1C73
 156 00ab 84401582 		.ascii	"\204@\025\202\364P\201\001\027\006\243/\2063D\025\375"
 156      F4508101 
 156      1706A32F 
 156      86334415 
 156      FD
ARM GAS  /tmp/cc4tDQUn.s 			page 12


 157 00bc EDFAF770 		.ascii	"\355\372\367p\\/*\373\360\336\277/\316\241SP\025\317"
 157      5C2F2AFB 
 157      F0DEBF2F 
 157      CEA15350 
 157      15CF
 158 00ce DFAF6C46 		.ascii	"\337\257lFN\225\232\327h\342\310\365\266\303\216\320"
 158      4E959AD7 
 158      68E2C8F5 
 158      B6C38ED0 
 159 00de 140DB306 		.ascii	"\024\015\263\006\022\3060\344\005\"4|\265\344I\337/"
 159      12C630E4 
 159      0522347C 
 159      B5E449DF 
 159      2F
 160 00ef 48EF46BF 		.ascii	"H\357F\277\177\356\214j\034\201\013\353\006\273t95\321"
 160      7FEE8C6A 
 160      1C810BEB 
 160      06BB7439 
 160      35D1
 161 0101 E36422DA 		.ascii	"\343d\"\332(z\217M(\037\025\242^\377z\011\331\003\271"
 161      287A8F4D 
 161      281F15A2 
 161      5EFF7A09 
 161      D903B9
 162 0114 2BE59423 		.ascii	"+\345\224#F|N\346\270\204\315\012\202v\324Y\007y\357"
 162      467C4EE6 
 162      B884CD0A 
 162      8276D459 
 162      0779EF
 163 0127 6921600F 		.ascii	"i!`\017\225T8\306\246\343qs>\223Me\027\227\315\015\313"
 163      955438C6 
 163      A6E37173 
 163      3E934D65 
 163      1797CD0D 
 164 013c CC24D74C 		.ascii	"\314$\327Lk+mZ\271x\232\205\222)+\227]_\375\003\273"
 164      6B2B6D5A 
 164      B9789A85 
 164      92292B97 
 164      5D5FFD03 
 165 0151 8F73F3   		.ascii	"\217s\363"
 166              		.text
 167              		.section	.gnu.lto_stStopAlarm.15567abc7c79bccd,"",%progbits
 168 0000 789C6361 		.ascii	"x\234ca`d\000\201%@,\013\304\242 \0163\003#\023\003"
 168      60640081 
 168      25402C0B 
 168      C4A2200E 
 168      33032313 
 169 0015 103382E4 		.ascii	"\0203\202\344\030\031\352\231\030\353\031\2772\375e"
 169      1819EA99 
 169      18EB19BF 
 169      32FD65
 170 0024 623CD4FE 		.ascii	"b<\324\376l'\223\346\362\006 x\360\364\235A\303\212"
 170      6C2793E6 
 170      F2062078 
 170      F0F49D41 
 170      C38A
 171 0036 038CADCC 		.ascii	"\003\214\255\314\014\014\377\231\300f00.g\324d\000*"
ARM GAS  /tmp/cc4tDQUn.s 			page 13


 171      0C0CFF99 
 171      C0663030 
 171      2E67D464 
 171      002A
 172 0048 7BB4F1DF 		.ascii	"{\264\361\337T^\266\026\2202\005\210$\343\012F6\220"
 172      545EB616 
 172      90320588 
 172      24E30A46 
 172      3690
 173 005a 61EB830E 		.ascii	"a\353\203\0164\374\377\337\334\320\360\321`\2372P\347"
 173      34FCFFDF 
 173      DCD0F0D1 
 173      609F3250 
 173      E7
 174 006b 07B0CE8F 		.ascii	"\007\260\316\217L@\212\371\005c\363\201\337\307\030"
 174      4C408AF9 
 174      0563F381 
 174      DFC718
 175 007a 414A4186 		.ascii	"AJA\206\354\334\371\3466{\375\337\206\216\206\006\201"
 175      ECDCF9E6 
 175      367BFDDF 
 175      868E8606 
 175      81
 176 008b 5666C6FF 		.ascii	"Vf\306\377L@\375\214+\031\353\031Z\231\231\030^16\035"
 176      4C40FD8C 
 176      2B19EB19 
 176      5A999918 
 176      5E31361D 
 177 009f F8EB0656 		.ascii	"\370\353\006V\012\002\037@\222@3\244\365\364\364\235"
 177      0A021F40 
 177      924033A4 
 177      F5F4F49D 
 178 00af 33329332 		.ascii	"32\2232\375\203\365\363\213\3653\022s\364\213\213\222"
 178      FD83F5F3 
 178      8BF53312 
 178      73F48B8B 
 178      92
 179 00c0 F58B4BF4 		.ascii	"\365\213K\364\222\031\000/\211@\202"
 179      9219002F 
 179      894082
 180              		.text
 181              		.section	.gnu.lto_stSetAlarm.15567abc7c79bccd,"",%progbits
 182 0000 789C6D90 		.ascii	"x\234m\220=K\003A\020\206\367\335=\023-\374\350=$M\010"
 182      3D4B0341 
 182      1086F7DD 
 182      3D132DFC 
 182      E83D244D 
 183 0015 6972017F 		.ascii	"ir\001\177\202\205\245\240\277 \211B\016\024\305K\177"
 183      8285A5A0 
 183      BF208942 
 183      0E14C54B 
 183      7F
 184 0026 6B92432D 		.ascii	"k\222C-\025D\020;\011\371P\223\210\205\004\021\017\233"
 184      1544103B 
 184      09F95093 
 184      88850411 
 184      0F9B
ARM GAS  /tmp/cc4tDQUn.s 			page 14


 185 0038 340ADA09 		.ascii	"4\012\332\011Z\004\005\011b\221\200\232B\3429\233`!"
 185      5A040509 
 185      6291809A 
 185      42E2399B 
 185      6021
 186 004a 38B03B3B 		.ascii	"8\260;;;\017\357\274\273\032\003SaR\012R\326U\2411p"
 186      3B0FEFBC 
 186      BB1A0353 
 186      61520A52 
 186      D655A131 
 187 005f 460B8276 		.ascii	"F\013\202v\001E\200\331\\\300\306\007\357r\\\255\277"
 187      014580D9 
 187      5CC0C607 
 187      EF725CAD 
 187      BF
 188 0070 D478382F 		.ascii	"\324x8/)\032\271\317\250,\270p\010\365xO\212!\2170Q"
 188      291AB9CF 
 188      A82CB870 
 188      08F5784F 
 188      8A218F30 
 189 0085 77D9EABE 		.ascii	"w\331\352\276x\347\016\011hT\266o\366\236GT\311\021"
 189      78E70E09 
 189      6854B66F 
 189      F69E4754 
 189      C911
 190 0097 A0F2AB54 		.ascii	"\240\362\253T}\034\025\023`tn^6\266\021\312I\231\226"
 190      7D1C1513 
 190      60746E5E 
 190      36B611CA 
 190      499996
 191 00aa B2332F87 		.ascii	"\2623/\207\034!P\202 =\024\241\243\000\235\321\025\303"
 191      1C215082 
 191      203D14A1 
 191      A3009DD1 
 191      15C3
 192 00bc 21420A7F 		.ascii	"!B\012\177:\371\336\031\366e\325\370\300\346\357\\\034"
 192      3AF9DE19 
 192      F665D5F8 
 192      C0E6EF5C 
 192      1C
 193 00cd C1474605 		.ascii	"\301GF\005\365\275\255\342J\360@\251\271gu\354\026\334"
 193      F5BDADE2 
 193      4AF040A9 
 193      B96775EC 
 193      16DC
 194 00df B5802334 		.ascii	"\265\200#4\205aRGT\357\233<F\360\017+\313\267\022\377"
 194      85615247 
 194      54EF9B3C 
 194      46F00F2B 
 194      CBB712FF 
 195 00f3 92650469 		.ascii	"\222e\004iLe\326\225\236\227\221\356\251\377\372\276"
 195      4C65D695 
 195      9E9791EE 
 195      A9FFFABE 
 196 0103 33A871F4 		.ascii	"3\250q\364\374\260V\357\325-NI\2649\331\021Md\335\363"
 196      FCB056EF 
 196      D52D4E49 
ARM GAS  /tmp/cc4tDQUn.s 			page 15


 196      B439D911 
 196      4D64DDF3 
 197 0117 3A942365 		.ascii	":\224#e\267V{{\360\333]\271!\345\230#\006<N6Q\201\315"
 197      B7567B7B 
 197      F0DB5DB9 
 197      21E59823 
 197      063C4E36 
 198 012e 32827EC3 		.ascii	"2\202~\303\307^\221v/\246{t_\211\372$6\036\211\030S"
 198      C75E9176 
 198      2FA67B74 
 198      5F89FA24 
 198      361E8918 
 199 0143 49336ECE 		.ascii	"I3n\316\314\031\313\226\221\214-\032\326j\302\260R\221"
 199      CC19CB96 
 199      918C2D1A 
 199      D66AC2B0 
 199      5291
 200 0155 04F3C7E2 		.ascii	"\004\363\307\342V\312\\Z\370\001=}\200\213"
 200      56CA5C5A 
 200      F8013D7D 
 200      808B
 201              		.text
 202              		.section	.gnu.lto_stGetAlarm.15567abc7c79bccd,"",%progbits
 203 0000 789C6D90 		.ascii	"x\234m\220\275K\003A\020\305\367\355\\\022\233hzO8\220"
 203      BD4B0341 
 203      10C5F7ED 
 203      5C129B68 
 203      7A4F3890 
 204 0014 14697282 		.ascii	"\024ir\202\177\202\215\235\240\215\255I\223\200\240"
 204      7F828D9D 
 204      A08DAD49 
 204      9380A0
 205 0023 24F6B7F1 		.ascii	"$\366\267\361rhD\213\024\"~t\"\271\370\021\265\014X"
 205      7268448B 
 205      14227E74 
 205      22B9F811 
 205      B50C58
 206 0036 5C6725A8 		.ascii	"\\g%\250\225`#j!ba0b!\3119\233T\242\013;\303\260\277"
 206      9560236A 
 206      21626130 
 206      6221C939 
 206      9B54A20B 
 207 004e 7DF3660C 		.ascii	"}\363f\014\001\241O\201\323\010\347Q]D\004\244\340\013"
 207      01A14F81 
 207      D308E751 
 207      5D4404A4 
 207      E00B
 208 0060 E2483038 		.ascii	"\342H08\032\320\034\204#\311\200\203O\331\221\270)\237"
 208      1AD01C84 
 208      23C98083 
 208      4FD991B8 
 208      299F
 209 0072 ED515B7A 		.ascii	"\355Q[z\304\317\\\266\256v\236\006u\011X\\\356\252\333"
 209      C4CF5CB6 
 209      AE769E06 
 209      7509585C 
 209      EEAADB
ARM GAS  /tmp/cc4tDQUn.s 			page 16


 210 0085 4A2C5553 		.ascii	"J,USjY=\034tg\253\2567\351\221\024\241\024\360a\242"
 210      6A593D1C 
 210      7467ABAE 
 210      37E99114 
 210      A114F061 
 211 009a 06530BD6 		.ascii	"\006S\013\326\221\022\014?\236w7\343\321\262\342cU\270"
 211      91120C3F 
 211      9E7737E3 
 211      D1B2E263 
 211      55B8
 212 00ac 2B53FC78 		.ascii	"+S\374x\210(w\325\332a\265\276\230\334\327Z\301\327"
 212      882877D5 
 212      DA61B5BE 
 212      98DCD75A 
 212      C1D7
 213 00be 25B6FCA0 		.ascii	"%\266\374\240dyD=\261q\023cfo\006\034!\371\213U\215"
 213      6479443D 
 213      B1711363 
 213      666F061C 
 213      21F98B55 
 214 00d3 6B857FC9 		.ascii	"k\205\177\311\343\036\271\276\321i\017itM\005\337+\361"
 214      E31EB9BE 
 214      D1690F69 
 214      744D05DF 
 214      2BF1
 215 00e5 6D3F285B 		.ascii	"m?([\177=2~\202$\273:\235\016T\030\272*\370\210]\334"
 215      7F3D327E 
 215      8224BB3A 
 215      9D0E5418 
 215      BA2AF888 
 216 00fb 85030609 		.ascii	"\205\003\006\011\015\213w\355\225#'jI6O/p\265\236\366"
 216      0D8B77ED 
 216      9523276A 
 216      49364F2F 
 216      70B59EF6 
 217 010f EF1271A3 		.ascii	"\357\022q\243f\363\355>\346t\324\252R\011\217\214P\362"
 217      66F3ED3E 
 217      E674D4AA 
 217      52098F8C 
 217      50F2
 218 0121 5868C061 		.ascii	"Xh\300a\201\010\377mI^1=\243\224\020\212 ^y\363\375"
 218      8108FF6D 
 218      495E313D 
 218      A394108A 
 218      205E79F3 
 219 0136 AF7D6186 		.ascii	"\257}a\206Y{8\235\266'r\371L~j\306^(\332\271\271y\273"
 219      597B389D 
 219      B62772F9 
 219      4C7E6AC6 
 219      5E28DAB9 
 220 014d 58C8DAC5 		.ascii	"X\310\332\305\245tV\374\000\240X}Y"
 220      A57456FC 
 220      00A0587D 
 220      59
 221              		.text
 222              		.section	.gnu.lto_.symbol_nodes.15567abc7c79bccd,"",%progbits
 223 0000 789C5DC8 		.ascii	"x\234]\310\311\015\3020\030D\341\031\377\316\326\005"
ARM GAS  /tmp/cc4tDQUn.s 			page 17


 223      C90DC230 
 223      1844E119 
 223      FFCED605 
 224 0010 94426563 		.ascii	"\224Bec:\240\205(\271\260\212-mP\003\027\332@q\022\345"
 224      3AA08528 
 224      B9B08A2D 
 224      6D500317 
 224      DA407112 
 225 0025 60BFCB93 		.ascii	"`\277\313\223>\017\342\207\230;S\300\341\003\304\035"
 225      3E0FE287 
 225      983B53C0 
 225      E103C41D 
 226 0035 431B2CDA 		.ascii	"C\033,\332\205bnW\312\345v\243,\267;\345W;\355\267Q"
 226      85626E57 
 226      CAE576A3 
 226      2CB73BE5 
 226      573BEDB7 
 227 004a 1E5491CA 		.ascii	"\036T\221\312\223*SyQU*o\252N\204\003\325\314\002\204"
 227      932A5379 
 227      51552A6F 
 227      AA4E8403 
 227      D5CC0284 
 228 005e B001CC37 		.ascii	"\260\001\3147\350\277\377\235\025@7\275\344\362\312"
 228      E8BFFF9D 
 228      154037BD 
 228      E4F2CA
 229 006d 2DAF6D3E 		.ascii	"-\257m>Fa\360>\006"
 229      4661F03E 
 229      06
 230              		.text
 231              		.section	.gnu.lto_.refs.15567abc7c79bccd,"",%progbits
 232 0000 789C6361 		.ascii	"x\234ca`\004B \000\000\0009\000\007"
 232      60044220 
 232      00000039 
 232      0007
 233              		.text
 234              		.section	.gnu.lto_.decls.15567abc7c79bccd,"",%progbits
 235 0000 789CB557 		.ascii	"x\234\265WkP\024\331\025\236\333w\200a\000eG\263e*T"
 235      6B5014D9 
 235      159EDB77 
 235      80610065 
 235      47B3652A 
 236 0015 CA5ADD48 		.ascii	"\312Z\335H~\310\210\270[\311\237-\025\215Z\265\256\251"
 236      7EC888B8 
 236      5BC99F2D 
 236      158D5AB5 
 236      AEA9
 237 0027 C16CA52A 		.ascii	"\301l\245*\311N!\262\201*\004\013\306T\355\217T\232"
 237      C94E21B2 
 237      812A040B 
 237      C654ED8F 
 237      549A
 238 0039 87C2A259 		.ascii	"\207\302\242YA\236\342kx#\240\362P\004y\015\262\362"
 238      419EE26B 
 238      7823A0F2 
 238      5004790D 
 238      B2F2
ARM GAS  /tmp/cc4tDQUn.s 			page 18


 239 004b 10500405 		.ascii	"\020P\004\005\001]\361\261(b\024\001AE\326\234\373\350"
 239      015DF1B1 
 239      28621401 
 239      4145D69C 
 239      FBE8
 240 005d E966188C 		.ascii	"\351f\030\214\373#]u\272\357\271\367;\337y\334\333\267"
 240      FB235D75 
 240      BAEFB9F7 
 240      3BDF79DC 
 240      DBB7
 241 006f 6FAB5548 		.ascii	"o\253UHE\256\315:\225\352+A\245*\006y\013\227\026\372"
 241      45AECD3A 
 241      95EA2B41 
 241      A52A0679 
 241      0B9716FA 
 242 0083 BE54C917 		.ascii	"\276T\311\027\321\253@j@\352@\032@\032A.\2014\203\264"
 242      D1AB406A 
 242      40EA401A 
 242      401A412E 
 242      813483B4 
 243 0097 82B48174 		.ascii	"\202\264\201t\250\346^\304N\303\371\300\215j1H\005\310"
 243      A8E65EC4 
 243      4EC3F9C0 
 243      8D6A3148 
 243      05C8
 244 00a9 07E0DA1D 		.ascii	"\007\340\332\035\344.\264\273A0\2103\350j\220\031h#"
 244      E42EB4BB 
 244      41308833 
 244      E86A9019 
 244      6823
 245 00bb 6E6B7B91 		.ascii	"nk{\221\030\034m\370$\256nn'\331\327\330\261\257{\317"
 245      181C6DF8 
 245      24AE6E6E 
 245      27D9D7D8 
 245      B1AF7BCF 
 246 00cf 78108F07 		.ascii	"x\020\217\007q\033\333\213\324\300\351gp4p]\207f\363"
 246      711BDB8B 
 246      D4C0E967 
 246      7034705D 
 246      8766F3
 247 00e2 34F2DC49 		.ascii	"4\362\334I<\213`\254\232\367\013|\314^M/q\337\2669\374"
 247      3C8B60AC 
 247      9AF70B7C 
 247      CC5E4D2F 
 247      71DFB639 
 248 00f7 02EC7F09 		.ascii	"\002\354\177\011R\251\340 \330*\356\333\323\306w\363"
 248      52A9E020 
 248      D82AEEDB 
 248      D3C677F3 
 249 0107 3B7C9331 		.ascii	";|\2231{\365k\375\031\276\011\266\216\373^e\343\233"
 249      7BF56BFD 
 249      19BE09B6 
 249      8EFB5E65 
 249      E39B
 250 0119 AC17473B 		.ascii	"\254\027G;\034\336 \026\005\007\3015\360\266\017\214"
 250      1CDE2016 
 250      0507C135 
ARM GAS  /tmp/cc4tDQUn.s 			page 19


 250      F0B60F8C 
 251 0129 ADB1E199 		.ascii	"\255\261\341\231\021P\321\303\332\036\315\000\352##"
 251      1150D1C3 
 251      DA1ECD00 
 251      EA2323
 252 0138 C81D215E 		.ascii	"\310\035!^q\305\205\230 d\245\225\021\310\006+\001\221"
 252      71C58598 
 252      2064A595 
 252      11C8062B 
 252      0191
 253 014a 3C8054B3 		.ascii	"<\200T\263,\350;B/\271\013\321\213\033)\031%\327\340"
 253      2CE83B42 
 253      2FB90BD1 
 253      8B1B2919 
 253      25D7E0
 254 015d 963591CA 		.ascii	"\2265\221\312\032\205\204U\360\361\350\221\235\270\350"
 254      1A858455 
 254      F0F1E891 
 254      9DB8E8
 255 016c 85A5A433 		.ascii	"\205\245\2443\313'2\3340pB\373\316\253\202?x\025\213"
 255      CB2732DC 
 255      307042FB 
 255      CEAB823F 
 255      78158B
 256 017f 702588A2 		.ascii	"p%\210\242\260R\256\314\355\226\223ExB@+\264\210\320"
 256      B052AECC 
 256      ED969345 
 256      7842402B 
 256      B488D0
 257 0192 2F84AE33 		.ascii	"/\204\2563O\252^\271\261.\202\350:8\226\343\204\177"
 257      4FAA5EB9 
 257      B12E82E8 
 257      3A3896E3 
 257      847F
 258 01a4 4DDBD762 		.ascii	"M\333\327bJ\216\022\264N\213\324\240>\357\310\270\277"
 258      4A8E12B4 
 258      4E8BD4A0 
 258      3EEFC8B8 
 258      BF
 259 01b5 00D4C55A 		.ascii	"\000\324\305Z\264tF\020\212\022G\272\234\221\2476\217"
 259      B4744610 
 259      8A1247BA 
 259      9C91A736 
 259      8F
 260 01c6 F8192CCF 		.ascii	"\370\031,\317u\255\022EwT\202\264\250\030at\022y\221"
 260      75AD1245 
 260      775482B4 
 260      A8186174 
 260      127991
 261 01d9 645690AD 		.ascii	"dV\220\255\"N\024\243\304\204hQ\267Y\205N#\017t\012"
 261      224E14A3 
 261      C4846851 
 261      B759854E 
 261      230F740A 
 262 01ed 79A8D019 		.ascii	"y\250\320\031\344I|\022\034*\202\316B\350\004''s\022"
 262      E4497C12 
 262      1C2A82CE 
ARM GAS  /tmp/cc4tDQUn.s 			page 20


 262      42E80427 
 262      277312
 263 0200 B31CF157 		.ascii	"\263\034\361W\304\277Px\372j\223\023\322z\332\265/\267"
 263      C4BF5078 
 263      FA6A9313 
 263      D27ADAB5 
 263      2FB7
 264 0212 63CF4239 		.ascii	"c\317B9\021\273\246\230\204R\006\241\224\312\241@d\254"
 264      11BBA698 
 264      845206A1 
 264      94CAA140 
 264      64AC
 265 0224 0807CF0D 		.ascii	"\010\007\317\015\274Y\210\023\021\3651\235\371\"\311"
 265      BC598813 
 265      11F5319D 
 265      F922C9
 266 0233 D59AC5D4 		.ascii	"\325\232\305\324\345O\012\211i\005\230\236\225M\313"
 266      E54F0A89 
 266      6905989E 
 266      954DCB
 267 0242 D0BC699C 		.ascii	"\320\274i\234\263\237Fz\353\225zW5\231RB\265CM\372\212"
 267      B39F467A 
 267      EB957A57 
 267      35995242 
 267      B5434DFA 
 268 0257 8B6F4DE2 		.ascii	"\213oM\342%\251tZ\242\305\245j\364\345\207V\036\025"
 268      25A9745A 
 268      A2C5A56A 
 268      F4E58756 
 268      1E15
 269 0269 AA444BE0 		.ascii	"\252DK\340~\036\251Y\220U\361wK\235>2\213\026\2638\230"
 269      7E1EA959 
 269      9055F177 
 269      4B9D3E32 
 269      8B16B338 
 270 027e 72E5AF17 		.ascii	"r\345\257\027s\367\211\011\221\242\270\231\002Q\201"
 270      73F78909 
 270      91A2B899 
 270      025181
 271 028d 1C1B34C9 		.ascii	"\034\0334\311#\037\015\300*\251B\037\201\355\300\333"
 271      231F0DC0 
 271      2AA9421F 
 271      81EDC0DB 
 272 029d 2AB31B9E 		.ascii	"*\263\033\236\240\011\242\231\326#\031\302\274^\253"
 272      A009A299 
 272      D62319C2 
 272      BC5EAB
 273 02ac A9D71DDC 		.ascii	"\251\327\035\334i\311\231\370I5sj\311hse\036\011\006"
 273      69C999F8 
 273      4935736A 
 273      C9687365 
 273      1E0906
 274 02bf 5D901D5E 		.ascii	"]\220\035^P:\254\241\016\353\207s2\324x\037[|{\017U"
 274      503AACA1 
 274      0EEB8773 
 274      32D4781F 
 274      5B7C7B0F 
ARM GAS  /tmp/cc4tDQUn.s 			page 21


 275 02d4 3E479CA4 		.ascii	">G\234\244\313JB\242\256\225Ij\225$u\224\244\"-\345"
 275      CB4A42A2 
 275      AE95496A 
 275      95247594 
 275      A4222DE5 
 276 02e8 339CC638 		.ascii	"3\234\3068Z\256\017\231\235\225A\223*\312Q[fE\375p\254"
 276      5AAE0F99 
 276      9D954193 
 276      2ACA515B 
 276      6645FD70 
 277 02fd 78AF1B77 		.ascii	"x\257\033w8\335\346qX\264\304\210\242Y (T/\273\254W"
 277      38DDE671 
 277      58B4C488 
 277      A2592028 
 277      542FBBAC 
 278 0312 BA6CA02E 		.ascii	"\272l\240.c\313\236\336q\300\005\314\347\304\325\234"
 278      63CB9EDE 
 278      71C005CC 
 278      E7C4D59C 
 279 0322 2C0DD098 		.ascii	",\015\320\230\241\342\365I\237\245F\213-\340~)M\377"
 279      A1E2F549 
 279      9FA5468B 
 279      2DE07E29 
 279      4DFF
 280 0334 A24C7351 		.ascii	"\242LsQI\323Hi\242\213\373\343\035p\033\243)\254\251"
 280      49D34869 
 280      A28BFBE3 
 280      1D701BA3 
 280      29ACA9
 281 0347 E8726434 		.ascii	"\350rd4\226\013M,\375\2654\375\357e\222\357\225$\227"
 281      960B4D2C 
 281      FDB534FD 
 281      EF6592EF 
 281      952497
 282 035a 2849EB74 		.ascii	"(I\353t\331\002|\223q\034,\250m\\\3109&\255\034$\220"
 282      D9027C93 
 282      711C2CA8 
 282      6D5CC839 
 282      26AD1C24 
 283 036f 2699A349 		.ascii	"&\231\243I\311\321L9\016\225O\235p\300\017\030Imb\375"
 283      C9D14C39 
 283      0E954F9D 
 283      70C00F18 
 283      496D62FD 
 284 0383 3D819394 		.ascii	"=\201\223\2245+\003i\221IZ\224$\255\224\244x\242\263"
 284      352B0369 
 284      91495A94 
 284      24AD94A4 
 284      78A2B3
 285 0396 CC0D3F63 		.ascii	"\314\015?c$S\205#\257\0348\311x\263\033\253\255\310"
 285      24538523 
 285      AF1C38C9 
 285      78B31BAB 
 285      ADC8
 286 03a8 6A7B59A6 		.ascii	"j{Y\246\271\254\244i\2434\317\017<3/\304\257\031\315"
 286      B9ACA469 
 286      A334CF0F 
ARM GAS  /tmp/cc4tDQUn.s 			page 22


 286      3C332FC4 
 286      AF19CD
 287 03bb F9A93743 		.ascii	"\371\2517Cd\212\006E\262\232\377\031\231\275\317\222"
 287      648A0645 
 287      B29AFF19 
 287      99BDCF92 
 288 03cb 80E8EA43 		.ascii	"\200\350\352C\3552K;b\273\031\352\240\014\347\357\246"
 288      ED324B3B 
 288      62BB19EA 
 288      A00CE7EF 
 288      A6
 289 03dc D43BB3ED 		.ascii	"\324;\263\355\347&!\311\250\236\270\354\300t\015\031"
 289      E72621C9 
 289      A89EB8EC 
 289      C0740D19 
 290 03ec 7E5A74DE 		.ascii	"~Zt\336\215mG\0262\334=\224\031\343\312\206;\211\336"
 290      8D6D4716 
 290      32DC3D94 
 290      19E3CA86 
 290      3B89DE
 291 03ff D8D33C0A 		.ascii	"\330\323<\012\213\022\323\000\356v\236\023\235\265\360"
 291      8B12D300 
 291      EE769E13 
 291      9DB5F0
 292 040e 0647BFD7 		.ascii	"\006G\277\327F\002\026\355\355\323\035\016\370\0003"
 292      460216ED 
 292      EDD31D0E 
 292      F80033
 293 041d DF7FE95C 		.ascii	"\337\177\351\\\023\337\011[\210\236|\241\261\332\005"
 293      13DF095B 
 293      889E7CA1 
 293      B1DA05
 294 042c 1F6483F7 		.ascii	"\037d\203\367\343\3575:\342d\246HQ\351xT'\006^@q\322"
 294      E3EF353A 
 294      E264A648 
 294      51E97854 
 294      27065E40 
 295 0442 D960F5F9 		.ascii	"\331`\365\371\232&\236\301*\262\327\216\266\037sa\252"
 295      9A269EC1 
 295      2AB2D78E 
 295      B61F7361 
 295      AA
 296 0453 3B790186 		.ascii	";y\001\206Z\233\264,!\021\221\011\354\272\265\026\037"
 296      5A9BB42C 
 296      21119109 
 296      ECBAB516 
 296      1F
 297 0464 639617C7 		.ascii	"c\226\027\307J\362yr\030\324\264\037*^\271\222tD\226"
 297      4AF27972 
 297      18D4B41F 
 297      2A5EB992 
 297      744496
 298 0477 0EE9975F 		.ascii	"\016\351\227_\217;d\273Bz\017\364\003\337\214\242r\362"
 298      8F3B64BB 
 298      427A0FF4 
 298      03DF8CA2 
 298      72F2
ARM GAS  /tmp/cc4tDQUn.s 			page 23


 299 0489 D5BA04FE 		.ascii	"\325\272\004\376=X\253\246;\343-\200\017P\370 \322I"
 299      3D58ABA6 
 299      3BE32D80 
 299      0F50F820 
 299      D249
 300 049b 4604FDE8 		.ascii	"F\004\375\350z_\274\240Dw\277\013}:;7M\2133Y\224G\306"
 300      7A5FBCA0 
 300      4477BF0B 
 300      7D3A3B37 
 300      4D8B3359 
 301 04b2 6F0FF319 		.ascii	"o\017\363\031\363\0045o\262:Z\203s\331XR\335\261\016"
 301      F304356F 
 301      B23A5A83 
 301      73D95852 
 301      DDB10E
 302 04c5 277C9229 		.ascii	"'|\222)\322\247DG?%(\252w=>\305F\352\023\017\335F\270"
 302      D2A74447 
 302      3F2528AA 
 302      773D3EC5 
 302      46EA130F 
 303 04dc 94294F63 		.ascii	"\224)Oc~\034\344\005Z\002jJ\333\310\012\\\301\206~j"
 303      7E1CE405 
 303      5A026A4A 
 303      DBC80A5C 
 303      C1867E6A 
 304 04f0 695C816B 		.ascii	"i\\\201kX\273\251\242 \037\341\213L\031\313h\032\321"
 304      58BBA9A2 
 304      201FE18B 
 304      4C19CB68 
 304      1AD1
 305 0502 E226A698 		.ascii	"\342&\246\230\273\216Vjp+S\362^\246\346\271\342+L\271"
 305      BB8E566A 
 305      702B53F2 
 305      5EA6E6B9 
 305      E22B4CB9 
 306 0516 5E7523CE 		.ascii	"^u#\316\005w3%\256\2644\335\005\3672%\252\272/q!s:H"
 306      05773325 
 306      AEB434DD 
 306      05F73225 
 306      AABA2F71 
 307 052e F407B90F 		.ascii	"\364\007\271\017\314\316|Z\034A\217\357j\237Bx\200\201"
 307      CCCE7C5A 
 307      1C418FEF 
 307      6A9F4278 
 307      8081
 308 0540 DBF3B223 		.ascii	"\333\363\262#\235\347\235\210\027\322D\254\242\363\020"
 308      9DE79D88 
 308      17D244AC 
 308      A2F310
 309 054f 5F37761C 		.ascii	"_7v\034\361\312Z\244y\350\004\364U\212\236\244\225}"
 309      F1CA5AA4 
 309      79E804F4 
 309      558A9EA4 
 309      957D
 310 0561 215536BE 		.ascii	"!U6\276\273#\322I\211\356~\007\372\303\222\310\234X"
 310      BB23D249 
 310      89EE7E07 
ARM GAS  /tmp/cc4tDQUn.s 			page 24


 310      FAC392C8 
 310      9C58
 311 0573 0D5A2E5D 		.ascii	"\015Z.]\213\330\303\223\336\263\304\230hq0\361Dhj>|"
 311      8BD8C393 
 311      DEB3C498 
 311      687130F1 
 311      44686A3E 
 312 0588 45FC29D1 		.ascii	"E\374)\321\217\360\332E\012\213\344\327\340>e\365\206"
 312      8FF0DA45 
 312      0A8BE4D7 
 312      E03E65F5 
 312      86
 313 0599 9B8AE22D 		.ascii	"\233\212\342-\307\007\\%\360\023[0[\012\247\221\214"
 313      C7075C25 
 313      F0135B30 
 313      5B0AA791 
 313      8C
 314 05aa BE2EA37B 		.ascii	"\276.\243{l\3217\346\240\223e\364s[\264\336&\216\012"
 314      6CD137E6 
 314      A09365F4 
 314      735BB4DE 
 314      268E0A
 315 05bd 19FBD016 		.ascii	"\031\373\320\026;4\2079CF?\265E_\235\203\356\221\321"
 315      3B348739 
 315      43463FB5 
 315      455F9D83 
 315      EE91D1
 316 05d0 D76DD1D7 		.ascii	"\327m\321\327l\013R&\203\037\333\202\207\347Pw\312\350"
 316      6C0B5226 
 316      831FDB82 
 316      87E75077 
 316      CAE8
 317 05e2 3E5BF44D 		.ascii	">[\364M\005:\221\277h\"|\371\3218 \306\350 \301\303"
 317      053A91BF 
 317      68227CF9 
 317      D13820C6 
 317      E820C1C3 
 318 05f6 9684E204 		.ascii	"\226\204\342\004O4\215\226\243xa9\3727\310\014\264c"
 318      4F348D96 
 318      A3786139 
 318      FA37C80C 
 318      B463
 319 0608 E0F90A9E 		.ascii	"\340\371\012\236Q\360|\013\317\375\360|\003\317\227"
 319      51F07C0B 
 319      CFFDF07C 
 319      03CF97
 320 0617 20FBA07D 		.ascii	" \373\240}\000\344[\020\021$\032\3445\364\377\004\022"
 320      00E45B10 
 320      11241AE4 
 320      35F4FF04 
 320      12
 321 0628 0BEDBDC2 		.ascii	"\013\355\275\302r\272\307\262 K\344 G\354\247\244\310"
 321      72BAC7B2 
 321      204BE420 
 321      47ECA7A4 
 321      C8
 322 0639 BF4B06F7 		.ascii	"\277K\006\367\332\237b\005\370\250\014\376\217\375\325"
ARM GAS  /tmp/cc4tDQUn.s 			page 25


 322      DA9F6205 
 322      F8A80CFE 
 322      8FFDD5
 323 0648 23812345 		.ascii	"#\201#EK\377_\010v\012\351\320\004\307J\353\034]\261"
 323      4BFF5F08 
 323      760AE9D0 
 323      04C74AEB 
 323      1C5DB1
 324 065b 25BE2013 		.ascii	"%\276 \023?\260\277\206\225\263pSFw\331\237`\206\246"
 324      3FB0BF86 
 324      95B37053 
 324      4677D99F 
 324      6086A6
 325 066e C73F4B12 		.ascii	"\307?K\022\240E\015A\251\3707Ie\215\261~\300\003\356"
 325      A0450D41 
 325      A9F83749 
 325      658DB17E 
 325      C003EE
 326 0681 3118DD85 		.ascii	"1\030\335\2050os.i[D\375s<\247\312\236G\355.q%\370\254"
 326      306F732E 
 326      695B44FD 
 326      733CA7CA 
 326      9E47ED2E 
 327 0699 0C7E647F 		.ascii	"\014~d\177\215+*P#\203\357\331\202\373m\301\3512\370"
 327      8D2B2A50 
 327      2383EFD9 
 327      82FB6DC1 
 327      E932F8
 328 06ac 99FDF781 		.ascii	"\231\375\367\201\202\311\277A{O\301\002\234\242\246"
 328      82C9BF41 
 328      7B4FC102 
 328      9CA2A6
 329 06bb C7E2A34F 		.ascii	"\307\342\243O\036\325h\220\347\"V\227\333\003\210\324"
 329      1ED56890 
 329      E7225697 
 329      DB0388D4 
 330 06cb 25018CBF 		.ascii	"%\001\214\277\023\254\237kR\246y\326/:\010\313\366\377"
 330      13AC9F6B 
 330      52A679D6 
 330      2F3A08CB 
 330      F6FF
 331 06dd BD84C9C6 		.ascii	"\275\204\311\306\335\3204,\270\306[\017\3464Dy\377M"
 331      DDD0342C 
 331      B8C65B0F 
 331      E6344479 
 331      FF4D
 332 06ef 145CE979 		.ascii	"\024\\\351y\002\236\000\336\367\370a\276zY&=\350\247"
 332      029E00DE 
 332      F7F861BE 
 332      7A59263D 
 332      E8A7
 333 0701 7CB72149 		.ascii	"|\267!ILp\207\3030=\013\262c\307!a\0319f\364\035m\323"
 333      4C7087C3 
 333      303D0BB2 
 333      63C72161 
 333      193966F4 
 334 0718 2839C929 		.ascii	"(9\311)E\346L\342\234I\224\263\343Rw\272\023\316\244"
ARM GAS  /tmp/cc4tDQUn.s 			page 26


 334      45E64CE2 
 334      9C4994B3 
 334      E35277BA 
 334      13CEA4
 335 072b 45530F9F 		.ascii	"ES\017\237\311L\325\"g\017\004`\344\031K\030F\243\314"
 335      C94CD522 
 335      670F0460 
 335      E4194B18 
 335      46A3CC
 336 073e 4BE1A0E3 		.ascii	"K\341\240\343C?\001(\035*\221\"8\203u\252\340\201\322"
 336      433F0128 
 336      1D2A9122 
 336      388375AA 
 336      E081D2
 337 0751 040F5506 		.ascii	"\004\017U\006\224\225\364d\210q\344\277\2034\363\244"
 337      9495F464 
 337      8871E4BF 
 337      8334F3A4 
 338 0761 FF361551 		.ascii	"\3776\025QQ\262\200\255\277\216\240\223?\275\236\316"
 338      51B280AD 
 338      BF8EA093 
 338      3FBD9ECE 
 339 0771 26AD32C0 		.ascii	"&\2552\300\312Y\001\036\346\001\036\246\001\306\246"
 339      CA59011E 
 339      E6011EA6 
 339      01C6A6
 340 0780 0F556A71 		.ascii	"\017Ujq>\015\020e?\256j\344\347\0177Poe%\347\252\331"
 340      3E0D1065 
 340      3FAE6AE4 
 340      E70F3750 
 340      6F6525E7 
 341 0796 97ED11FD 		.ascii	"\227\355\021\375\205\354\030O\325\342s\014;\375(\271"
 341      85EC184F 
 341      D5E2730C 
 341      3BFD28B9 
 342 07a6 0F312CE1 		.ascii	"\0171,\3419\220\267\277B3\357\207\356\204\300?t\307"
 342      3990B7BF 
 342      4233EF87 
 342      EE84C03F 
 342      74C7
 343 07b8 05FAA5BB 		.ascii	"\005\372\245\273\361\262\366\265+\256ce)\217\272\223"
 343      F1B2F6B5 
 343      2BAE6365 
 343      298FBA93 
 344 07c8 B90079B2 		.ascii	"\271\000y\262\262h\025\351"
 344      B26815E9 
 345 07d0 E5085A64 		.ascii	"\345\010Zd\226\323\2435\030\375\027\351\246u!O\372\317"
 345      96D3A335 
 345      18FD17E9 
 345      A675214F 
 345      FACF
 346 07e2 359A253A 		.ascii	"5\232%:.\261\0261\023\212\230C\375eC\021\263\230\303"
 346      2EB11631 
 346      138A9843 
 346      FD654311 
 346      B398C3
 347 07f5 C72F1A7A 		.ascii	"\307/\032z\265\362\241\005Q\356\2430~D \361\345\012"
ARM GAS  /tmp/cc4tDQUn.s 			page 27


 347      B5F2A105 
 347      51EEA330 
 347      7E4420F1 
 347      E50A
 348 0807 3A294A82 		.ascii	":)J\202\356on\217q\324r\356\204\377\305\235\227\225"
 348      EE6F6E8F 
 348      71D472EE 
 348      84FFC59D 
 348      9795
 349 0819 57A95172 		.ascii	"W\251Qr\347\275\213\373\326\267\251\305.\037g\213\235"
 349      E7BD8BFB 
 349      D6B7A9C5 
 349      2E1F678B 
 349      9D
 350 082a E437A27B 		.ascii	"\3447\242{[i\224E\214^\213\362\005\035:\006\257\016"
 350      5B699445 
 350      8C5E8BF2 
 350      051D3A06 
 350      AF0E
 351 083c 9CF515A6 		.ascii	"\234\365\025\246\031\320\263\035\012Q |L~\267\367\217"
 351      19D0B31D 
 351      0A51207C 
 351      4C7EB7F7 
 351      8F
 352 084d DED7E046 		.ascii	"\336\327\340FV\376\336\276\230*^~\027\305Yx1?\013\317"
 352      56FEDEBE 
 352      982A5E7E 
 352      17C55978 
 352      313F0BCF 
 353 0861 8C76CEF0 		.ascii	"\214v\316\360\363\240\226\034\374o\\\351\320\316;;\247"
 353      F3A0961C 
 353      FC6F5CE9 
 353      D0CE3B3B 
 353      A7
 354 0872 A4D92966 		.ascii	"\244\331)f\011\245\231{\307\035l\213U\004Q\025\322\250"
 354      09A5997B 
 354      C71D6C8B 
 354      55045115 
 354      D2A8
 355 0884 4ED3844E 		.ascii	"N\323\204NI\011\245\324V\376\3156\373y\3019E#\307\264"
 355      4909A5D4 
 355      56FECD36 
 355      FB79C139 
 355      4523C7B4 
 356 0898 2C7B4BC5 		.ascii	",{K\305\246\270\022\230\3063<u\370\273P\330\235\344"
 356      A6B81298 
 356      C6333C75 
 356      F8BB50D8 
 356      9DE4
 357 08aa A997D0D4 		.ascii	"\251\227\320\324\207S\362,N\312%m\231\265\244K\371\222"
 357      8753F22C 
 357      4ECA256D 
 357      99B5A44B 
 357      F992
 358 08bc 2EA54B3A 		.ascii	".\245K:\262l8\332\021_cuj\357\177;\356\310\035N\316"
 358      B26C38DA 
 358      115F6375 
ARM GAS  /tmp/cc4tDQUn.s 			page 28


 358      6AEF7F3B 
 358      EEC81D4E 
 359 08d1 76D836CB 		.ascii	"v\3306\313a\031wXN\035\232\273\356%:\261\275\3002\263"
 359      61197758 
 359      4E1D9ABB 
 359      EE253AB1 
 359      BDC032B3 
 360 08e5 498CD3D0 		.ascii	"I\214\323\320\235\240M\332\011\316\012\313T\272\010"
 360      9DA04DDA 
 360      09CE0ACB 
 360      54BA08
 361 08f4 93312464 		.ascii	"\2231$d\2471\302\344\037n2\372\207\370\207\357\322l"
 361      A731C2E4 
 361      1F6E32FA 
 361      87F887EF 
 361      D26C
 362 0906 FAE24F4B 		.ascii	"\372\342OK}\275\275UZ\243qOp\250\311g\265\321\264F\277"
 362      7DBDBD55 
 362      5AA3714F 
 362      70A8C967 
 362      B5D1B446 
 363 091b 27225C0F 		.ascii	"'\"\\\017\203+C\303B\003W\006\372\357\010\326\007\207"
 363      832B43C3 
 363      42035706 
 363      FAEF08D6 
 363      0787
 364 092d 0684ECD9 		.ascii	"\006\204\354\331\031\250\337\345\037\020\024\034\032"
 364      19A8DFE5 
 364      1F10141C 
 364      1A
 365 093a A837EE0C 		.ascii	"\2507\356\014\374\332\177O\210\311h\372fw`\204W\220"
 365      FCDA7F4F 
 365      88C968FA 
 365      66776084 
 365      5790
 366 094c 4A2359FF 		.ascii	"J#Y\377\366\035\326\021\337D\350\301\373N\200\202\211"
 366      F61DD611 
 366      DF44E8C1 
 366      FB4E8082 
 366      89
 367 095d 33A8A6E0 		.ascii	"3\250\246\340]\201F\323o\274\274\364\276A\301;\202\267"
 367      5D8146D3 
 367      6FBCBCF4 
 367      BE41C13B 
 367      82B7
 368 096f F9E9C322 		.ascii	"\371\351\303\"\364\341&\253E@\020\001q\037\336\263a"
 368      F4E126AB 
 368      45401001 
 368      711FDEB3 
 368      61
 369 0980 41FE21FA 		.ascii	"A\376!\372\335a\341\246\010\275\337\366\255>\253\365"
 369      DD61E1A6 
 369      08BDDFF6 
 369      AD3EABF5 
 370 0990 9F7FBE41 		.ascii	"\237\177\276A\277}\313\326\177x\353Y\236`\361\2015\343"
 370      BF7DCBD6 
 370      7F78EB59 
ARM GAS  /tmp/cc4tDQUn.s 			page 29


 370      9E60F181 
 370      35E3
 371 09a2 B0DD2C61 		.ascii	"\260\335,aw\251'\3204\273\343\357R\207c\204iKh\260\351"
 371      77A927D0 
 371      34BBE3EF 
 371      52876384 
 371      694B68B0 
 372 09b7 57739D45 		.ascii	"Ws\235E\204\007\000\265W\200\3125\302\344Gj\270\216"
 372      840700B5 
 372      5780CA35 
 372      C2E4476A 
 372      B88E
 373 09c9 E05D8812 		.ascii	"\340]\210\022\266\233\266\265\320\0164I\315M\201V\004"
 373      B69BB6B5 
 373      D00E3449 
 373      CD4D8156 
 373      04
 374 09da 75110CB4 		.ascii	"u\021\014\264\016\276\276[\015>\3026\203z\303\326u\006"
 374      0EBEBE5B 
 374      0D3EC236 
 374      837AC3D6 
 374      7506
 375 09ec BCC1D7A0 		.ascii	"\274\301\327\240^\277a\273\001\373\372\032\260\001d"
 375      5EBF61BB 
 375      01FBFA1A 
 375      B00164
 376 09fb 9DC180FF 		.ascii	"\235\301\200\377\350\347\213}\277\330\256\366\365\335"
 376      E8E78B7D 
 376      BFD8AEF6 
 376      F5DD
 377 0a09 68A0F8D5 		.ascii	"h\240\370\325\364\356\2157n2\010~`\271e\243A\355\267"
 377      F4EE8D37 
 377      6E32087E 
 377      60B965A3 
 377      41EDB7
 378 0a1c 15D0BE86 		.ascii	"\025\320\276\206\325 \336\200\374\263a\315\373Wg\027"
 378      D520DE80 
 378      FCB361CD 
 378      FB576717 
 379 0a2c 99A8E05D 		.ascii	"\231\250\340]P \027\253b49\030\327\207\205\205\270\031"
 379      502017AB 
 379      62343918 
 379      D7878585 
 379      B819
 380 0a3e 8D5FEF09 		.ascii	"\215_\357\011\0150\032\275>\365\371\335'\032IS\007\004"
 380      0D301ABD 
 380      3EF5F9DD 
 380      271A4953 
 380      0704
 381 0a50 F9872BC7 		.ascii	"\371\207+\307~\277z\226\366\351\177\001\0004%J"
 381      7EBF7A96 
 381      F6E97F01 
 381      0034254A 
 382              		.text
 383              		.section	.gnu.lto_.symtab.15567abc7c79bccd,"",%progbits
 384 0000 7374496E 		.ascii	"stInit\000"
 384      697400
ARM GAS  /tmp/cc4tDQUn.s 			page 30


 385 0007 00       		.ascii	"\000"
 386 0008 00       		.ascii	"\000"
 387 0009 00       		.ascii	"\000"
 388 000a 00000000 		.ascii	"\000\000\000\000\000\000\000\000"
 388      00000000 
 389 0012 C3000000 		.ascii	"\303\000\000\000"
 390 0016 73745374 		.ascii	"stStartAlarm\000"
 390      61727441 
 390      6C61726D 
 390      00
 391 0023 00       		.ascii	"\000"
 392 0024 00       		.ascii	"\000"
 393 0025 00       		.ascii	"\000"
 394 0026 00000000 		.ascii	"\000\000\000\000\000\000\000\000"
 394      00000000 
 395 002e C5000000 		.ascii	"\305\000\000\000"
 396 0032 73745374 		.ascii	"stStopAlarm\000"
 396      6F70416C 
 396      61726D00 
 397 003e 00       		.ascii	"\000"
 398 003f 00       		.ascii	"\000"
 399 0040 00       		.ascii	"\000"
 400 0041 00000000 		.ascii	"\000\000\000\000\000\000\000\000"
 400      00000000 
 401 0049 C7000000 		.ascii	"\307\000\000\000"
 402 004d 73745365 		.ascii	"stSetAlarm\000"
 402      74416C61 
 402      726D00
 403 0058 00       		.ascii	"\000"
 404 0059 00       		.ascii	"\000"
 405 005a 00       		.ascii	"\000"
 406 005b 00000000 		.ascii	"\000\000\000\000\000\000\000\000"
 406      00000000 
 407 0063 C9000000 		.ascii	"\311\000\000\000"
 408 0067 73744765 		.ascii	"stGetAlarm\000"
 408      74416C61 
 408      726D00
 409 0072 00       		.ascii	"\000"
 410 0073 00       		.ascii	"\000"
 411 0074 00       		.ascii	"\000"
 412 0075 00000000 		.ascii	"\000\000\000\000\000\000\000\000"
 412      00000000 
 413 007d CB000000 		.ascii	"\313\000\000\000"
 414 0081 73745F6C 		.ascii	"st_lld_init\000"
 414      6C645F69 
 414      6E697400 
 415 008d 00       		.ascii	"\000"
 416 008e 02       		.ascii	"\002"
 417 008f 00       		.ascii	"\000"
 418 0090 00000000 		.ascii	"\000\000\000\000\000\000\000\000"
 418      00000000 
 419 0098 CD000000 		.ascii	"\315\000\000\000"
 420              		.text
 421              		.section	.gnu.lto_.opts,"",%progbits
 422 0000 272D666D 		.ascii	"'-fmath-errno' '-fsigned-zeros' '-ftrapping-math' '"
 422      6174682D 
 422      6572726E 
ARM GAS  /tmp/cc4tDQUn.s 			page 31


 422      6F272027 
 422      2D667369 
 423 0033 2D666E6F 		.ascii	"-fno-trapv' '-fno-strict-overflow' '-fno-openmp' '-"
 423      2D747261 
 423      70762720 
 423      272D666E 
 423      6F2D7374 
 424 0066 666E6F2D 		.ascii	"fno-openacc' '-mcpu=cortex-m0' '-mno-thumb-interwor"
 424      6F70656E 
 424      61636327 
 424      20272D6D 
 424      6370753D 
 425 0099 6B272027 		.ascii	"k' '-mthumb' '-ggdb' '-O0' '-fomit-frame-pointer' '"
 425      2D6D7468 
 425      756D6227 
 425      20272D67 
 425      67646227 
 426 00cc 2D66616C 		.ascii	"-falign-functions=16' '-ffunction-sections' '-fdata"
 426      69676E2D 
 426      66756E63 
 426      74696F6E 
 426      733D3136 
 427 00ff 2D736563 		.ascii	"-sections' '-fno-common' '-flto'\000"
 427      74696F6E 
 427      73272027 
 427      2D666E6F 
 427      2D636F6D 
 428              		.text
 429              		.comm	__gnu_lto_v1,1,1
 430              		.comm	__gnu_lto_slim,1,1
 431              		.ident	"GCC: (GNU Tools for ARM Embedded Processors) 5.4.1 20160609 (release) [ARM/embedded-5-bran
ARM GAS  /tmp/cc4tDQUn.s 			page 32


DEFINED SYMBOLS
                            *ABS*:0000000000000000 st.c
                            *COM*:0000000000000001 __gnu_lto_v1
                            *COM*:0000000000000001 __gnu_lto_slim

NO UNDEFINED SYMBOLS
