ARM GAS  /tmp/cc7YwcP8.s 			page 1


   1              		.syntax unified
   2              		.cpu cortex-m0
   3              		.fpu softvfp
   4              		.eabi_attribute 20, 1
   5              		.eabi_attribute 21, 1
   6              		.eabi_attribute 23, 3
   7              		.eabi_attribute 24, 1
   8              		.eabi_attribute 25, 1
   9              		.eabi_attribute 26, 1
  10              		.eabi_attribute 30, 6
  11              		.eabi_attribute 34, 0
  12              		.eabi_attribute 18, 4
  13              		.thumb
  14              		.syntax unified
  15              		.file	"st_lld.c"
  16              		.text
  17              	.Ltext0:
  18              		.section	.gnu.lto_.inline.8dbbe8fa0bfda457,"",%progbits
  19 0000 789C6361 		.ascii	"x\234ca`d\000\001>\010\005\006\334\014\014,\314\014"
  19      60640001 
  19      3E080506 
  19      DC0C0C2C 
  19      CC0C
  20 0012 0C4C2C1F 		.ascii	"\014L,\037\364\030X\030\230@B\214\030\"L\014,<@\222"
  20      F4185818 
  20      9840428C 
  20      18224C0C 
  20      2C3C4092 
  21 0026 69813C5C 		.ascii	"i\201<\\\015\027\220`\306.\314\202]\230\025\2730\033"
  21      0D179060 
  21      C62ECC82 
  21      5D9815BB 
  21      301B
  22 0038 766176EC 		.ascii	"vav\354\302\034\330\2059\0318\264Q\205\231\200\036c"
  22      C21CD885 
  22      391938B4 
  22      51859980 
  22      1E63
  23 004a 9CE00796 		.ascii	"\234\340\007\226E\020\020\357q1p\012\002UpL\360\203"
  23      451010EF 
  23      7131700A 
  23      0255704C 
  23      F083
  24 005c A9660619 		.ascii	"\251f\006\031\012\244\001\343\327\014\030"
  24      0AA401E3 
  24      D70C18
  25              		.text
  26              		.section	.gnu.lto_port_lock.8dbbe8fa0bfda457,"",%progbits
  27 0000 789C6361 		.ascii	"x\234ca`d\000\201\307@\234\013\304\242 \0163\003#\023"
  27      60640081 
  27      C7409C0B 
  27      C4A2200E 
  27      33032313 
  28 0014 03103382 		.ascii	"\003\0203\202\344\030\031\352\231\030\353\031\2772\375"
  28      E41819EA 
  28      9918EB19 
  28      BF32FD
ARM GAS  /tmp/cc7YwcP8.s 			page 2


  29 0023 65623CD4 		.ascii	"eb<\324\376l'\223\346\362\006 xp\364YRSC\253D+3\003"
  29      FE6C2793 
  29      E6F20620 
  29      7870F459 
  29      525343AB 
  30 003b C37F26B0 		.ascii	"\303\177&\260\031\014\214\313\0315\031\200\312\036m"
  30      190C8CCB 
  30      19351980 
  30      CA1E6D
  31 004a FC379597 		.ascii	"\3747\225\227\255\005\244L\001\"\311\270\202\221\015"
  31      AD05A44C 
  31      0122C9B8 
  31      82910D
  32 0059 64D8FAA0 		.ascii	"d\330\372\240\003\015\377\377774\3144\234\253\015\324"
  32      030DFFFF 
  32      373734CC 
  32      349CAB0D 
  32      D4
  33 006a F901ACF3 		.ascii	"\371\001\254\363#\023\220b~\316\330\370h\357\303\265"
  33      23139062 
  33      7ECED8F8 
  33      68EFC3B5 
  34 007a CCA8061C 		.ascii	"\314\250\006\034\350<\307\012\326\376\237\211\021\303"
  34      E83CC70A 
  34      D6FE9F89 
  34      11C3
  35 0088 6CC6958C 		.ascii	"l\306\225\214l@\303W\201I\206X\240\364\212}\207\237"
  35      6C40C357 
  35      81498658 
  35      A0F48A7D 
  35      879F
  36 009a F228A6CD 		.ascii	"\362(\246\315o\230\241\320\312\014\326\360i\335\246"
  36      6F98A1D0 
  36      CA0CD6F0 
  36      69DDA6
  37 00a9 ABDC2C20 		.ascii	"\253\334, \377\254fT\004\222k\030Y\030^16\035\330\035"
  37      FFAC6654 
  37      04926B18 
  37      59185E31 
  37      361DD81D 
  38 00bd 063215EC 		.ascii	"\0062\025\354\356\017@\243\031\200*\264\365\364\364"
  38      EE0F40A3 
  38      19802AB4 
  38      F5F4F4
  39 00cc 9D333293 		.ascii	"\23532\2232\375\203\365\363\213\365\213J\364\013\362"
  39      32FD83F5 
  39      F38BF58B 
  39      4AF40BF2 
  40 00dc 8B4A8AF5 		.ascii	"\213J\212\365\035\203|\235}+\364\2233\222\363\213R\343"
  40      1D837C9D 
  40      7D2BF493 
  40      3392F38B 
  40      52E3
  41 00ee CBCC72F5 		.ascii	"\313\314r\3652\030\364P\325\246V\224\350;\373\006{\006"
  41      3218F450 
  41      D5A65694 
  41      E83BFB06 
ARM GAS  /tmp/cc7YwcP8.s 			page 3


  41      7B06
  42 0100 EB67E625 		.ascii	"\353g\346%\347\224\246\244\352\203\325&\347\272\225"
  42      E794A6A4 
  42      EA83D526 
  42      E7BA95
  43 010f E6250395 		.ascii	"\346%\003\225s$\027\024g\246(d2\260\347\246\346\346"
  43      73241714 
  43      67A62864 
  43      32B0E7A6 
  43      E6E6
  44 0121 17553200 		.ascii	"\027U2\000\000+\362o\304"
  44      002BF26F 
  44      C4
  45              		.text
  46              		.section	.gnu.lto_port_unlock.8dbbe8fa0bfda457,"",%progbits
  47 0000 789C6361 		.ascii	"x\234ca`d\000\201\307@\234\013\304\242 \0163\003#\023"
  47      60640081 
  47      C7409C0B 
  47      C4A2200E 
  47      33032313 
  48 0014 03103382 		.ascii	"\003\0203\202\344\030\031\352\231\030\353\031\2772\375"
  48      E41819EA 
  48      9918EB19 
  48      BF32FD
  49 0023 65623CD4 		.ascii	"eb<\324\376l'\223\346\362\006 x\360\364URSC\253D+3\003"
  49      FE6C2793 
  49      E6F20620 
  49      78F0F455 
  49      525343AB 
  50 003b C37F26B0 		.ascii	"\303\177&\260\031\014\214\313\0315\031\200\312\036m"
  50      190C8CCB 
  50      19351980 
  50      CA1E6D
  51 004a FC379597 		.ascii	"\3747\225\227\255\005\244L\001\"\311\270\202\221\015"
  51      AD05A44C 
  51      0122C9B8 
  51      82910D
  52 0059 64D8FAA0 		.ascii	"d\330\372\240\003\015\377\377774\3145\\\247\015\324"
  52      030DFFFF 
  52      373734CC 
  52      355CA70D 
  52      D4
  53 006a F901ACF3 		.ascii	"\371\001\254\363#\023\220b~\316\330\370h\357\3275\314"
  53      23139062 
  53      7ECED8F8 
  53      68EFD735 
  53      CC
  54 007b A8061C38 		.ascii	"\250\006\0348y\215\025\254\375?\023#\206\331\214+\031"
  54      798D15AC 
  54      FD3F1323 
  54      86D98C2B 
  54      19
  55 008c D98086AF 		.ascii	"\331\200\206\257\002\223\014\261@\351\025\373\016?\345"
  55      02930CB1 
  55      40E915FB 
  55      0E3FE5
  56 009b 514C9BDF 		.ascii	"QL\233\3370C\241\225\031\254\341\323\272MW\271Y@\376"
ARM GAS  /tmp/cc7YwcP8.s 			page 4


  56      3043A195 
  56      19ACE1D3 
  56      BA4D57B9 
  56      5940FE
  57 00ae 59CDA808 		.ascii	"Y\315\250\010$\3270\2620\274bl:p7\014d*\330\335\037"
  57      24D730B2 
  57      30BC626C 
  57      3A70370C 
  57      642AD8DD 
  58 00c3 80463300 		.ascii	"\200F3\000Uh\353\351\351;gd&e\372\007\353\347\027\353"
  58      5568EBE9 
  58      E93B6764 
  58      2665FA07 
  58      EBE717EB 
  59 00d7 1795E817 		.ascii	"\027\225\350\027\344\027\225\024\353;\006\371:\373V"
  59      E4179514 
  59      EB3B06F9 
  59      3AFB56
  60 00e6 E8276724 		.ascii	"\350'g$\347\027\245\306\227\231\345\352e0\350\241\252"
  60      E717A5C6 
  60      9799E5EA 
  60      6530E8A1 
  60      AA
  61 00f7 4DAD28D1 		.ascii	"M\255(\321w\366\015\366\014\326\317\314K\316)MI\325"
  61      77F60DF6 
  61      0CD6CFCC 
  61      4BCE294D 
  61      49D5
  62 0109 07AB4DCE 		.ascii	"\007\253M\316u+\315K\006*\347H.(\316LU\310d`\317M\315"
  62      752BCD4B 
  62      062AE748 
  62      2E28CE4C 
  62      55C86460 
  63 0120 CD2FAA64 		.ascii	"\315/\252d\000\000\314cp{"
  63      0000CC63 
  63      707B
  64              		.text
  65              		.section	.gnu.lto_port_lock_from_isr.8dbbe8fa0bfda457,"",%progbits
  66 0000 789C6361 		.ascii	"x\234ca`d\000\201%@\254\013\304\242 \0163\003#\023\003"
  66      60640081 
  66      2540AC0B 
  66      C4A2200E 
  66      33032313 
  67 0015 103382E4 		.ascii	"\0203\202\344\030\031\352\231\030\353\031\2772\375e"
  67      1819EA99 
  67      18EB19BF 
  67      32FD65
  68 0024 623CD4FE 		.ascii	"b<\324\376l'\223\346\362\006 x\260\364}RSC\253D+3\003"
  68      6C2793E6 
  68      F2062078 
  68      B0F47D52 
  68      5343AB44 
  69 003b C37F26B0 		.ascii	"\303\177&\260\031\014\214\313\0315\031\200\312\036m"
  69      190C8CCB 
  69      19351980 
  69      CA1E6D
  70 004a FC379597 		.ascii	"\3747\225\227\255\005\244L\001\"\311\270\202\221\015"
ARM GAS  /tmp/cc7YwcP8.s 			page 5


  70      AD05A44C 
  70      0122C9B8 
  70      82910D
  71 0059 64D8FAA0 		.ascii	"d\330\372\240\003\015\377\377774\3546<\241\015\324\371"
  71      030DFFFF 
  71      373734EC 
  71      363CA10D 
  71      D4F9
  72 006b 01ACF323 		.ascii	"\001\254\363#\023\220b~\301\330|\340\3775F\220R\220"
  72      1390627E 
  72      C1D87CE0 
  72      FF354690 
  72      5290
  73 007d 213B77BE 		.ascii	"!;w\276\271\315^\377\267\241\243\241A\240\225\231\361"
  73      B9CD5EFF 
  73      B7A1A3A1 
  73      41A09599 
  73      F1
  74 008e 3F13503F 		.ascii	"?\023P?\343J\306z\206Vf&\206W\214M\007&\206\203\225"
  74      E34AC67A 
  74      86566626 
  74      86578C4D 
  74      07268683 
  75 00a3 82C00790 		.ascii	"\202\300\007\220$\320\014m==}\347\214\314\244L\377`"
  75      24D00C6D 
  75      3D3D7DE7 
  75      8CCCA44C 
  75      FF60
  76 00b5 FDFC62FD 		.ascii	"\375\374b\375\242\022\375\202\374\242\222b}\307 _g\337"
  76      A212FD82 
  76      FCA29262 
  76      7DC7205F 
  76      67DF
  77 00c7 0AFDE48C 		.ascii	"\012\375\344\214\344\374\242\324\3702\263\\\275\014"
  77      E4FCA2D4 
  77      F832B35C 
  77      BD0C
  78 00d5 060020E4 		.ascii	"\006\000 \344E\243"
  78      45A3
  79              		.text
  80              		.section	.gnu.lto_port_unlock_from_isr.8dbbe8fa0bfda457,"",%progbits
  81 0000 789C6361 		.ascii	"x\234ca`d\000\201%@\254\013\304\242 \0163\003#\023\003"
  81      60640081 
  81      2540AC0B 
  81      C4A2200E 
  81      33032313 
  82 0015 103382E4 		.ascii	"\0203\202\344\030\031\352\231\030\353\031\2772\375e"
  82      1819EA99 
  82      18EB19BF 
  82      32FD65
  83 0024 623CD4FE 		.ascii	"b<\324\376l'\223\346\362\006 x\360\364sRSC\253D+3\003"
  83      6C2793E6 
  83      F2062078 
  83      F0F47352 
  83      5343AB44 
  84 003b C37F26B0 		.ascii	"\303\177&\260\031\014\214\313\0315\031\200\312\036m"
  84      190C8CCB 
ARM GAS  /tmp/cc7YwcP8.s 			page 6


  84      19351980 
  84      CA1E6D
  85 004a FC379597 		.ascii	"\3747\225\227\255\005\244L\001\"\311\270\202\221\015"
  85      AD05A44C 
  85      0122C9B8 
  85      82910D
  86 0059 64D8FAA0 		.ascii	"d\330\372\240\003\015\377\377774\3547\274\245\015\324"
  86      030DFFFF 
  86      373734EC 
  86      37BCA50D 
  86      D4
  87 006a F901ACF3 		.ascii	"\371\001\254\363#\023\220b~\301\330|`\363uF\220R\220"
  87      23139062 
  87      7EC1D87C 
  87      60F37546 
  87      905290
  88 007d 213B77BE 		.ascii	"!;w\276\271\315^\377\267\241\243\241A\240\225\231\361"
  88      B9CD5EFF 
  88      B7A1A3A1 
  88      41A09599 
  88      F1
  89 008e 3F13503F 		.ascii	"?\023P?\343J\306z\206Vf&\206W\214M\007\266\206\203\225"
  89      E34AC67A 
  89      86566626 
  89      86578C4D 
  89      07B68683 
  90 00a3 82C00790 		.ascii	"\202\300\007\220$\320\014m==}\347\214\314\244L\377`"
  90      24D00C6D 
  90      3D3D7DE7 
  90      8CCCA44C 
  90      FF60
  91 00b5 FDFC62FD 		.ascii	"\375\374b\375\242\022\375\202\374\242\222b}\307 _g\337"
  91      A212FD82 
  91      FCA29262 
  91      7DC7205F 
  91      67DF
  92 00c7 0AFDE48C 		.ascii	"\012\375\344\214\344\374\242\324\3702\263\\\275\014"
  92      E4FCA2D4 
  92      F832B35C 
  92      BD0C
  93 00d5 0600486A 		.ascii	"\006\000HjE\326"
  93      45D6
  94              		.text
  95              		.section	.gnu.lto_chSysLockFromISR.8dbbe8fa0bfda457,"",%progbits
  96 0000 789C6361 		.ascii	"x\234ca`d\000\201%@\254\014\304\242 \0163\003#\023\003"
  96      60640081 
  96      2540AC0C 
  96      C4A2200E 
  96      33032313 
  97 0015 103382E4 		.ascii	"\0203\202\344\030\031\352\231\030\353\031\2772\375e"
  97      1819EA99 
  97      18EB19BF 
  97      32FD65
  98 0024 623CD4FE 		.ascii	"b<\324\376l'\223\346\362\006 xptQrSC\253D+3\003\303"
  98      6C2793E6 
  98      F2062078 
  98      70745172 
ARM GAS  /tmp/cc7YwcP8.s 			page 7


  98      5343AB44 
  99 003c 7F26B019 		.ascii	"\177&\260\031\014\214\313\0315\031\200\312\036m\374"
  99      0C8CCB19 
  99      351980CA 
  99      1E6DFC
 100 004b 379597AD 		.ascii	"7\225\227\255\005\244L\001\"\311\270\202\221\015d\330"
 100      05A44C01 
 100      22C9B882 
 100      910D64D8 
 101 005b FAA0030D 		.ascii	"\372\240\003\015\377\377774l7\354\327\005\352\374\000"
 101      FFFF3737 
 101      346C37EC 
 101      D705EAFC 
 101      00
 102 006c D6F99109 		.ascii	"\326\371\221\011H1\277`l>0\363\026#H)\310\220\235;\337"
 102      4831BF60 
 102      6C3E30F3 
 102      16234829 
 102      C8909D3B 
 103 0081 DC66AFFF 		.ascii	"\334f\257\377\333\320\321\320 \320\312\314\370\237\011"
 103      DBD0D1D0 
 103      20D0CACC 
 103      F89F09
 104 0090 A89F7125 		.ascii	"\250\237q%c=C+3\023\303+\306\246\003\363\243\300JA\340"
 104      633D432B 
 104      3313C32B 
 104      C6A603F3 
 104      A3C04A41 
 105 00a5 03481268 		.ascii	"\003H\022h\206\242\236\236\276sFfR\246\177\260~~\261"
 105      86A29E9E 
 105      BE734666 
 105      52A67FB0 
 105      7E7EB1
 106 00b8 7E51897E 		.ascii	"~Q\211~f^rNiJ\252~rFqe\261^\006\003\000\022\014A\252"
 106      665E724E 
 106      694AAA7E 
 106      72467165 
 106      B15E0603 
 107              		.text
 108              		.section	.gnu.lto_chSysUnlockFromISR.8dbbe8fa0bfda457,"",%progbits
 109 0000 789C6361 		.ascii	"x\234ca`d\000\201%@\254\014\304\242 \0163\003#\023\003"
 109      60640081 
 109      2540AC0C 
 109      C4A2200E 
 109      33032313 
 110 0015 103382E4 		.ascii	"\0203\202\344\030\031\352\231\030\353\031\2772\375e"
 110      1819EA99 
 110      18EB19BF 
 110      32FD65
 111 0024 623CD4FE 		.ascii	"b<\324\376l'\223\346\362\006 xpturSC\253D+3\003\303"
 111      6C2793E6 
 111      F2062078 
 111      70747572 
 111      5343AB44 
 112 003c 7F26B019 		.ascii	"\177&\260\031\014\214\313\0315\031\200\312\036m\374"
 112      0C8CCB19 
 112      351980CA 
ARM GAS  /tmp/cc7YwcP8.s 			page 8


 112      1E6DFC
 113 004b 379597AD 		.ascii	"7\225\227\255\005\244L\001\"\311\270\202\221\015d\330"
 113      05A44C01 
 113      22C9B882 
 113      910D64D8 
 114 005b FAA0030D 		.ascii	"\372\240\003\015\377\377774\3546\334\255\013\324\371"
 114      FFFF3737 
 114      34EC36DC 
 114      AD0BD4F9 
 115 006b 01ACF323 		.ascii	"\001\254\363#\023\220b~\301\330|\340\353-F\220R\220"
 115      1390627E 
 115      C1D87CE0 
 115      EB2D4690 
 115      5290
 116 007d 213B77BE 		.ascii	"!;w\276\271\315^\377\267\241\243\241A\240\225\231\361"
 116      B9CD5EFF 
 116      B7A1A3A1 
 116      41A09599 
 116      F1
 117 008e 3F13503F 		.ascii	"?\023P?\343J\306z\206Vf&\206W\214M\007\276G\201\225"
 117      E34AC67A 
 117      86566626 
 117      86578C4D 
 117      07BE4781 
 118 00a3 82C00790 		.ascii	"\202\300\007\220$\320\014E==}\347\214\314\244L\377`"
 118      24D00C45 
 118      3D3D7DE7 
 118      8CCCA44C 
 118      FF60
 119 00b5 FDFC62FD 		.ascii	"\375\374b\375\242\022\375\314\274\344\234\322\224T\375"
 119      A212FDCC 
 119      BCE49CD2 
 119      9454FD
 120 00c4 E48CE2CA 		.ascii	"\344\214\342\312b\275\014\006\000c\245B\227"
 120      62BD0C06 
 120      0063A542 
 120      97
 121              		.text
 122              		.section	.gnu.lto_osalSysLockFromISR.8dbbe8fa0bfda457,"",%progbits
 123 0000 789C6361 		.ascii	"x\234ca`d\000\201\345@\254\014\304\242 \0163\003#\023"
 123      60640081 
 123      E540AC0C 
 123      C4A2200E 
 123      33032313 
 124 0014 03103382 		.ascii	"\003\0203\202\344\030\031\352\231\030\353\031\2772\375"
 124      E41819EA 
 124      9918EB19 
 124      BF32FD
 125 0023 65623CD4 		.ascii	"eb<\324\376l'\223\346\362\006 x\260t\021\317\232\206"
 125      FE6C2793 
 125      E6F20620 
 125      78B07411 
 125      CF9A86
 126 0036 0B0DCCAD 		.ascii	"\013\015\314\255\314\014\014\377\231\300\20600.g\324"
 126      CC0C0CFF 
 126      99C08630 
 126      302E67D4 
ARM GAS  /tmp/cc7YwcP8.s 			page 9


 127 0046 6400AA7B 		.ascii	"d\000\252{\264\361\337T^\266\026\220:\005\210$\343\012"
 127      B4F1DF54 
 127      5EB61690 
 127      3A058824 
 127      E30A
 128 0058 46369069 		.ascii	"F6\220i\353\203\0164\374\377\337\334\320\260\333\260"
 128      EB830E34 
 128      FCFFDFDC 
 128      D0B0DBB0 
 129 0068 67230B50 		.ascii	"g#\013P\353\007\260\326\217L@\212\371\005c\363\201\351"
 129      EB07B0D6 
 129      8F4C408A 
 129      F90563F3 
 129      81E9
 130 007a 8F24406A 		.ascii	"\217$@jA\246\354\334\371\3466{\375\337\206\216\206\006"
 130      41A6ECDC 
 130      F9E6367B 
 130      FDDF868E 
 130      8606
 131 008c 815666C6 		.ascii	"\201Vf\306\377L@\003\030W2\3263\264231\274bl:0\363\021"
 131      FF4C4003 
 131      185732D6 
 131      33B43233 
 131      31BC626C 
 132 00a4 07582D08 		.ascii	"\007X-\010|\000\311\002\015Q\324\323\323w\316\310L\312"
 132      7C00C902 
 132      0D51D4D3 
 132      D377CEC8 
 132      4CCA
 133 00b6 F40FD6CF 		.ascii	"\364\017\326\317/\326\317H\314\001R@\242\250\004L\353"
 133      2FD6CF48 
 133      CC015240 
 133      A2A8044C 
 133      EB
 134 00c7 65300000 		.ascii	"e0\000\000#\323B\372"
 134      23D342FA 
 135              		.text
 136              		.section	.gnu.lto_osalSysUnlockFromISR.8dbbe8fa0bfda457,"",%progbits
 137 0000 789C6361 		.ascii	"x\234ca`d\000\201\345@\254\014\304\242 \0163\003#\023"
 137      60640081 
 137      E540AC0C 
 137      C4A2200E 
 137      33032313 
 138 0014 03103382 		.ascii	"\003\0203\202\344\030\031\352\231\030\353\031\2772\375"
 138      E41819EA 
 138      9918EB19 
 138      BF32FD
 139 0023 65623CD4 		.ascii	"eb<\324\376l'\223\346\362\006 x\320\272\234gM\303\205"
 139      FE6C2793 
 139      E6F20620 
 139      78D0BA9C 
 139      674DC385 
 140 0037 06E65666 		.ascii	"\006\346Vf\006\206\377L`C\030\030\2273j2\000\325=\332"
 140      0686FF4C 
 140      60431818 
 140      97336A32 
 140      00D53DDA 
ARM GAS  /tmp/cc7YwcP8.s 			page 10


 141 004b F86F2A2F 		.ascii	"\370o*/[\013H\235\002D\222q\005#\033\310\264\365A\007"
 141      5B0B489D 
 141      02449271 
 141      05231BC8 
 141      B4F54107 
 142 005f 1AFEFF6F 		.ascii	"\032\376\377onh\330o8\177#\013P\353\007\260\326\217"
 142      6E68D86F 
 142      387F230B 
 142      50EB07B0 
 142      D68F
 143 0071 4C408AF9 		.ascii	"L@\212\371\005c\363\201\275\217$@jA\246\354\334\371"
 143      0563F381 
 143      BD8F2440 
 143      6A41A6EC 
 143      DCF9
 144 0083 E6367BFD 		.ascii	"\3466{\375\337\206\216\206\006\201Vf\306\377L@\003\030"
 144      DF868E86 
 144      06815666 
 144      C6FF4C40 
 144      0318
 145 0095 5732D633 		.ascii	"W2\3263\264231\274bl:\260\377\021\007X-\010|\000\311"
 145      B4323331 
 145      BC626C3A 
 145      B0FF1107 
 145      582D087C 
 146 00ab 020D51D4 		.ascii	"\002\015Q\324\323\323w\316\310L\312\364\017\326\317"
 146      D3D377CE 
 146      C84CCAF4 
 146      0FD6CF
 147 00ba 2FD6CF48 		.ascii	"/\326\317H\314\001R@\242\250\004L\353e0\000\0001\253"
 147      CC015240 
 147      A2A8044C 
 147      EB653000 
 147      0031AB
 148 00cd 4342     		.ascii	"CB"
 149              		.text
 150              		.section	.gnu.lto_osalOsTimerHandlerI.8dbbe8fa0bfda457,"",%progbits
 151 0000 789C6361 		.ascii	"x\234ca`d\000\201\345@\254\014\304\242 \0163\003#\023"
 151      60640081 
 151      E540AC0C 
 151      C4A2200E 
 151      33032313 
 152 0014 03103382 		.ascii	"\003\0203\202\344\030\031\352\231\030\353\031\2772\375"
 152      E41819EA 
 152      9918EB19 
 152      BF32FD
 153 0023 65623CD4 		.ascii	"eb<\324\376l'\223\346\362\006 x\360\3641\317\232\206"
 153      FE6C2793 
 153      E6F20620 
 153      78F0F431 
 153      CF9A86
 154 0036 0B0DCCAD 		.ascii	"\013\015\314\255\314\014\014\377\231\300\20600.g\324"
 154      CC0C0CFF 
 154      99C08630 
 154      302E67D4 
 155 0046 6400AA7B 		.ascii	"d\000\252{\264\361\337T^\266\026\220:\005\210$\343\012"
 155      B4F1DF54 
ARM GAS  /tmp/cc7YwcP8.s 			page 11


 155      5EB61690 
 155      3A058824 
 155      E30A
 156 0058 46369069 		.ascii	"F6\220i\353\203\0164\374\377\337\334\320\260\327p\326"
 156      EB830E34 
 156      FCFFDFDC 
 156      D0B0D770 
 156      D6
 157 0069 6616A0D6 		.ascii	"f\026\240\326\017`\255\037\231\200\024\363\013\306\346"
 157      0F60AD1F 
 157      998014F3 
 157      0BC6E6
 158 0078 039B9F49 		.ascii	"\003\233\237I\200\324\202L\331\271\363\315m\366\372"
 158      80D4824C 
 158      D9B9F3CD 
 158      6DF6FA
 159 0087 BF0D1D0D 		.ascii	"\277\015\035\015\015\002\255\314\214\377\231\200\006"
 159      0D02ADCC 
 159      8CFF9980 
 159      06
 160 0094 30AE64AC 		.ascii	"0\256d\254ghefbx\305\330t`\3533\016\260Z\020\370\000"
 160      67686566 
 160      6278C5D8 
 160      7460EB33 
 160      0EB05A10 
 161 00aa 92051AA2 		.ascii	"\222\005\032\242\250\247\247\357\234\221\231\224\351"
 161      A8A7A7EF 
 161      9C919994 
 161      E9
 162 00b7 1FAC9F5F 		.ascii	"\037\254\237_\254\237\221\230\003\244\200DQ\011\230"
 162      AC9F9198 
 162      03A48044 
 162      510998
 163 00c6 D6CB6000 		.ascii	"\326\313`\000\000\2345C\315"
 163      009C3543 
 163      CD
 164              		.text
 165              		.section	.gnu.lto_SysTick_Handler.8dbbe8fa0bfda457,"",%progbits
 166 0000 789C7590 		.ascii	"x\234u\220;H\003A\020\206\367\337\315\303\210\257\306"
 166      3B480341 
 166      1086F7DF 
 166      CDC388AF 
 166      C6
 167 0011 2E451A0B 		.ascii	".E\032\013\233\034Q[+m\204\204\200I\037|\201B@1b\233"
 167      9B1C515B 
 167      2B6D8484 
 167      80491F7C 
 167      81424031 
 168 0027 C5DCA9A5 		.ascii	"\305\334\251\245\210\202\257\316\"Q\2431V\246;lEQ[\033"
 168      8882AFCE 
 168      2251A331 
 168      56A63B6C 
 168      45515B1B 
 169 003b 51084104 		.ascii	"Q\010A\004\025\265\260\210\347\314\011\"H\006\226av"
 169      15B5B088 
 169      E7CC0922 
 169      48069661 
ARM GAS  /tmp/cc7YwcP8.s 			page 12


 169      76
 170 004c BFF9FF99 		.ascii	"\277\371\377\231\365\010\010\216+J\375\224;\271P\002"
 170      F508088E 
 170      2B4AFD94 
 170      3BB95002 
 171 005c 52D001BF 		.ascii	"R\320\001\277Ad%\262\370\220u\211\263\245jEv\3475\305"
 171      416425B2 
 171      F8907589 
 171      B3A56A45 
 171      76E735C5 
 172 0070 9DF51CD0 		.ascii	"\235\365\034\320\005\033\226\022\302\221\256\206@\036"
 172      051B9612 
 172      C291AE86 
 172      401E
 173 007e DD82B06B 		.ascii	"\335\202\260k\363xG\275KK\001\036*_/\266\036\332\270"
 173      F37847BD 
 173      4B4B011E 
 173      2A5F2FB6 
 173      1EDAB8
 174 0091 94085159 		.ascii	"\224\010QY-\026\313-\252\017L..\337\234{\273v\265^\320"
 174      2D16CB2D 
 174      AA0F4C2E 
 174      2EDF9C7B 
 174      BB76B55E 
 175 00a6 76FD129B 		.ascii	"v\375\022\233\3326C\226R\330\207\"Q\354!\210\002\202"
 175      DA364396 
 175      52D88722 
 175      51EC2188 
 175      0282
 176 00b8 AE38D1F7 		.ascii	"\2568\321\367\345\257\365V\237\311\366!\034\240\353"
 176      E5AFF556 
 176      9FC9F621 
 176      1CA0EB
 177 00c7 C71845F8 		.ascii	"\307\030E\370hP\360Mi\330\326\216\223\323\366g\333\371"
 177      6850F04D 
 177      69D8D68E 
 177      93D3F667 
 177      DBF9
 178 00d9 E95BA089 		.ascii	"\351[\240\2116aN\274\270\023\276JJ\252\006\223\275\270"
 178      36614EBC 
 178      B813BE4A 
 178      4AAA0693 
 178      BDB8
 179 00eb 2DA714C9 		.ascii	"-\247\024\311V*O\267\376l]/k\335a)\217#Y\355\020Y\266"
 179      562A4FB7 
 179      FE6C5D2F 
 179      6BDD6129 
 179      8F2359ED 
 180 0102 2C3D553E 		.ascii	",=U>[yv/\004\216\020\264\224O\324\220\263W\332\271_"
 180      5B79762F 
 180      048E10B4 
 180      944FD490 
 180      B357DAB9 
 181 0117 FCEBF63B 		.ascii	"\374\353\366;\354\201\022u[\252\311EW\033\243\364w8"
 181      EC811275 
 181      5BAAC945 
 181      571BA3F4 
ARM GAS  /tmp/cc7YwcP8.s 			page 13


 181      7738
 182 0129 FE83AE35 		.ascii	"\376\203\2565F=\204\226\177Q\323\336h\200\006\034\351"
 182      463D8496 
 182      7F51D3DE 
 182      6880061C 
 182      E9
 183 013a 25F48450 		.ascii	"%\364\204P\332\316R\315\342\021\013\366v\334\2459^x"
 183      DACE52CD 
 183      E2110BF6 
 183      76DCA539 
 183      5E78
 184 014c 3D9A3112 		.ascii	"=\2321\022\016\033\003\223S\243S\361\2041\2351&G\322"
 184      0E1B0393 
 184      53A353F1 
 184      84319D31 
 184      2647D2
 185 015f C6CCF4EC 		.ascii	"\306\314\364\354\\\306H$c\275=F4:h$\207b\363\021#3\227"
 185      5CC64824 
 185      63BD3D46 
 185      343A6824 
 185      8762F311 
 186 0176 4AA7C7C3 		.ascii	"J\247\307\303c\"\220\312\214\314O\214\247\322\263\337"
 186      632290CA 
 186      8CCC4F8C 
 186      A7D2B3DF 
 187 0186 4529B000 		.ascii	"E)\260\000"
 188              		.text
 189              		.section	.gnu.lto_st_lld_init.8dbbe8fa0bfda457,"",%progbits
 190 0000 789C7D92 		.ascii	"x\234}\222\313kSA\024\306\347\233\271\271i\332\264\210"
 190      CB6B5341 
 190      14C6E79B 
 190      B9B969DA 
 190      B488
 191 0012 E82E8B6C 		.ascii	"\350.\213l\262\350&\227\266\370\027\330\215\320\"\230"
 191      B2E82697 
 191      B6F817D8 
 191      8DD02298 
 192 0022 EEC5C7A2 		.ascii	"\356\305\307\242\205@\305\024\267\231&\271X\332.\002"
 192      8540C514 
 192      B79926B9 
 192      58DA2E02 
 193 0032 E213258A 		.ascii	"\342\023%\212bS\2656\255\3266\325\342%\012\202\340\243"
 193      6253B536 
 193      ADD636D5 
 193      E2250A82 
 193      E0A3
 194 0044 7421A860 		.ascii	"t!\250`Q\214\"E\322p\245\005i\257g&\266\013\233:\213"
 194      518C2245 
 194      D270A505 
 194      69AF6726 
 194      B60B9B3A 
 195 0059 19CE9C6F 		.ascii	"\031\316\234o\276\3379\2071\030\230ZU\316X\007\235\373"
 195      BEDF3987 
 195      3118985A 
 195      55CE5807 
 195      9DFB
 196 006b 55201828 		.ascii	"U \030(\004\207\312\201%9\222\370\30578Jg\313E\336:"
ARM GAS  /tmp/cc7YwcP8.s 			page 14


 196      0487CA81 
 196      253992F8 
 196      C537384A 
 196      67CB45DE 
 197 0080 26692D7F 		.ascii	"&i-\177\275\335.\363\016l\301\230\307\265\007\303\030"
 197      BDDD2EF3 
 197      0E6CC198 
 197      C7B507C3 
 197      18
 198 0091 5A19C93E 		.ascii	"Z\031\311>Om\236o63J\026\256%\221\207If\202\222\213"
 198      4F6D9E6F 
 198      36334A16 
 198      AE259187 
 198      49668292 
 199 00a6 99C255E1 		.ascii	"\231\302U\341r[\000\006\205\253\257\256|iQ!G\230\302"
 199      725B0006 
 199      85ABAFAE 
 199      7C695121 
 199      4798C2
 200 00b9 8B3766D6 		.ascii	"\2137f\326\233\"7\245LI'w\256\371r\336\311\204m!\224"
 200      9B2237A5 
 200      4C492777 
 200      AEF972DE 
 200      C9846D21 
 201 00ce 0BEE2084 		.ascii	"\013\356 \204q\204j\250\273\210\374#/,\005\207\263\203"
 201      71846AA8 
 201      BB88FC23 
 201      2F2C0587 
 201      B383
 202 00e0 0D75D5F7 		.ascii	"\015u\325\367v\250\247\377\243\236@d\362\210#=/-\235"
 202      76A8A7FF 
 202      A39E4064 
 202      F288233D 
 202      2F2D9D
 203 00f3 D9BD7397 		.ascii	"\331\275s\227\346\033\003`\2444\324f\252\215\261\212"
 203      E61B0360 
 203      A434D466 
 203      AA8DB18A 
 204 0103 EE7995D3 		.ascii	"\356y\225\323!\312H\271\225o\267\204\3522-@\244O?\263"
 204      21CA48B9 
 204      956FB784 
 204      EA322D40 
 204      A44F3FB3 
 205 0117 5E407525 		.ascii	"^@u%\220u\322\262\005\367\311\273\214\222\273\274O\211"
 205      9075D2B2 
 205      05F7C9BB 
 205      8C92BBBC 
 205      4F89
 206 0129 4871C12E 		.ascii	"Hq\301.\275\361\327\024jdk/^\016\005s\2706\250\206v"
 206      BDF1D714 
 206      6A646B2F 
 206      5E0E0573 
 206      B836A886 
 207 013e 80100619 		.ascii	"\200\020\006\031aRUD\331w\325\352\263\2405!34n\037\012"
 207      61525544 
 207      D977D5EA 
 207      B3A03521 
ARM GAS  /tmp/cc7YwcP8.s 			page 15


 207      33346E1F 
 208 0153 C86153E3 		.ascii	"\310aS\3431\005\213\322\317G\336\177\204\362\362\341"
 208      31058BD2 
 208      CF47DE7F 
 208      84F2F2E1 
 209 0163 6904D31A 		.ascii	"i\004\323\032\225r\263+F\255 c\233~}\213^\017g\354\202"
 209      9572B32B 
 209      46AD2063 
 209      9B7E7D8B 
 209      5E0F67EC 
 210 0178 7BA071FA 		.ascii	"{\240q\372+<\324\270\355\322}`\230\371K{\273E3w\366"
 210      2B3CD4B8 
 210      EDD27D60 
 210      98F94B7B 
 210      BB453377 
 211 018d 5A8F66EE 		.ascii	"Z\217f\356B{\244i\372\317\314j\232;l\257\351\377b\302"
 211      427BA469 
 211      FACFCC6A 
 211      9A3B6CAF 
 211      E9FF62C2 
 212 01a1 8F397AF3 		.ascii	"\2179z\363\035\266\263\260\004\345\255\236\027\213+"
 212      1DB6B3B0 
 212      04E5AD9E 
 212      178B2B
 213 01b0 1FFCC90D 		.ascii	"\037\374\311\0159$\345\036[\370=U)\212H\252\334\357"
 213      3924E51E 
 213      5BF83D55 
 213      298A48AA 
 213      DCEF
 214 01c2 F5D70BBA 		.ascii	"\365\327\013\272\322\0064a\036!\272z\222\033\035o\254"
 214      D2063461 
 214      1E21BA7A 
 214      921B1D6F 
 214      AC
 215 01d3 5D713C46 		.ascii	"]q<F\310\026\001\366\003)g1\246\015\325\252(\013\252"
 215      C81601F6 
 215      03296731 
 215      A60DD5AA 
 215      280BAA
 216 01e6 A02D1AB5 		.ascii	"\240-\032\265\016\366\366\035\357;\034\263\372\023V"
 216      0EF6F61D 
 216      EF3B1CB3 
 216      FA1356
 217 01f5 EFB1B875 		.ascii	"\357\261\270u\252\377\364@\302\212\365tw\264[]]\235"
 217      AAFFF440 
 217      C28AF574 
 217      77B45B5D 
 217      5D9D
 218 0207 56CFA1EE 		.ascii	"V\317\241\3563mVb\340h<~2z\202\375\001\364\011\013\276"
 218      336D5662 
 218      E0683C7E 
 218      327A82FD 
 218      01F4090B 
 219              		.text
 220              		.section	.gnu.lto_.symbol_nodes.8dbbe8fa0bfda457,"",%progbits
 221 0000 789C5DC8 		.ascii	"x\234]\310K\016\001A\024\005\320\373\252\252\377\335"
 221      4B0E0141 
ARM GAS  /tmp/cc7YwcP8.s 			page 16


 221      1405D0FB 
 221      AAAAFFDD 
 222 0010 D6C0C467 		.ascii	"\326\300\304g\031V\366\012\033\020\022s\321\023F\276"
 222      1956F60A 
 222      1B101273 
 222      D11346BE 
 223 0020 2BC0D41A 		.ascii	"+\300\324\032\010\353\020\325]$\372\215Nr\014\010c\002"
 223      08EB10D5 
 223      5D24FA8D 
 223      4E720C08 
 223      6302
 224 0032 A0BA0C4C 		.ascii	"\240\272\014Lo\200cm\227V\273\3521\311\352\263\2225"
 224      6F80636D 
 224      9756BBEA 
 224      31C9EAB3 
 224      9235
 225 0044 602DEB02 		.ascii	"`-\353\0026\362\256\340@\336\2148\2247'\216\344-\210"
 225      36F2AEE0 
 225      40DE8C38 
 225      9437278E 
 225      E42D88
 226 0057 63795BE2 		.ascii	"cy[\342\344w\233Q\307\315\2168m\014\035\211\263z\000"
 226      E4779B51 
 226      C7CD8E38 
 226      6D0C1D89 
 226      B37A00
 227 006a 6BDB2E0E 		.ascii	"k\333.\016\304y#\366\304E#N\304\255\377\320\012X\335"
 227      C47923F6 
 227      C445234E 
 227      C4ADFFD0 
 227      0A58DD
 228 007d DF43ADC9 		.ascii	"\337C\255\311k\2247\320\336\320x\243\300\033g(+\223"
 228      6B9437D0 
 228      DED078A3 
 228      C01B6728 
 228      2B93
 229 008f E26B8873 		.ascii	"\342k\210sm\214gm\204\311\2432GY\231\266\360r\342\003"
 229      6D8C676D 
 229      84C9A332 
 229      475999B6 
 229      F072E203 
 230 00a3 75C66B93 		.ascii	"u\306k\223"
 231              		.text
 232              		.section	.gnu.lto_.refs.8dbbe8fa0bfda457,"",%progbits
 233 0000 789C6361 		.ascii	"x\234ca`\004B \000\000\0009\000\007"
 233      60044220 
 233      00000039 
 233      0007
 234              		.text
 235              		.section	.gnu.lto_.decls.8dbbe8fa0bfda457,"",%progbits
 236 0000 789C8D96 		.ascii	"x\234\215\226oPT\327\025\300\337\331\267\302\272\254"
 236      6F5054D7 
 236      15C0DFD9 
 236      B7C2BAAC 
 237 0010 E020D3F1 		.ascii	"\340 \323\361\003\037l\206\216t\254l\214\231N?j\261"
 237      031F6C86 
 237      8E74AC6C 
ARM GAS  /tmp/cc7YwcP8.s 			page 17


 237      8C994E3F 
 237      6AB1
 238 0022 56662066 		.ascii	"Vf f\004\375\324\351vY\326\260\323e\327\354.6~\352U"
 238      04FDD4E9 
 238      7659D6B0 
 238      D365D7EC 
 238      2E367EEA 
 239 0037 A0511315 		.ascii	"\240Q\023\025%\261\025\321\020j\020\005\024!\010\212"
 239      25B115D1 
 239      106A1005 
 239      1421088A 
 240 0047 98458C02 		.ascii	"\230E\214\002\022\377\340\037@\024Q\021\214\002\202"
 240      12FFE01F 
 240      40145111 
 240      8C0282
 241 0056 120514E9 		.ascii	"\022\005\024\351\271\177\226\367\026W\352\2359\274\275"
 241      B97F96F7 
 241      1657EA9D 
 241      39BCBD
 242 0065 F79DF33B 		.ascii	"\367\235\363;\177\356\271\367\241\225@\242#\316 I\277"
 242      7FEEB9F7 
 242      A19540A2 
 242      23CE2049 
 242      BF
 243 0076 9125A94F 		.ascii	"\221%\251O#I\0238p*\255\221\224\021\206R\212r\024\345"
 243      23491338 
 243      702AAD91 
 243      94118652 
 243      8A7214E5 
 244 008a 184A054A 		.ascii	"\030J\005J%J\025\312\011\224\032\224Z\224\037P\352P"
 244      254A15CA 
 244      09941A94 
 244      5A941F50 
 244      EA50
 245 009c EA519A50 		.ascii	"\352Q\232P.\240\264Io\016\312\322\010\037\367\304\232"
 245      2EA0B449 
 245      6F0ECAD2 
 245      081FF7C4 
 245      9A
 246 00ad 46ACF704 		.ascii	"F\254\367\004\320?\372\026}\272\376s\000}\032\243,\364"
 246      D03FFA16 
 246      7DBAFE73 
 246      007D1AA3 
 246      2CF4
 247 00bf 1FA194A8 		.ascii	"\037\241\224\250l\216\011?SG\30546\025\302\327\324Q"
 247      6C8E093F 
 247      5347C534 
 247      3615C2D7 
 247      D451
 248 00d1 398D4DA5 		.ascii	"9\215M\245\3605uTMcS%|M\035'\246\2619!|M\0355\323\330"
 248      F0357554 
 248      4D635325 
 248      7C4D1D27 
 248      A6B13921 
 249 00eb D4085F53 		.ascii	"\324\010_SG\35546\364]}\000\033\272\347!\302&\034%\002"
 249      47ED3436 
 249      F45D7D00 
ARM GAS  /tmp/cc7YwcP8.s 			page 18


 249      1BBAE721 
 249      C2261C25 
 250 0100 E51C4A3F 		.ascii	"\345\034J?\312J\224>\025k\000\245Q\330\005\011\333\013"
 250      CA4A943E 
 250      156B00A5 
 250      51D80509 
 250      DB0B
 251 0112 22875A11 		.ascii	"\"\207Z\021WS\000\037\264\247\364S|\000\266\356\004"
 251      5753001F 
 251      B4A7F453 
 251      7C00B6EE 
 251      04
 252 0123 3E8750E6 		.ascii	">\207P\346\323\030q~\025\237\255\"\207q\2241\224\021"
 252      D318717E 
 252      159FAD22 
 252      87719431 
 252      9411
 253 0135 113F6504 		.ascii	"\021?e\004\352\305q\015\024\367\326\336\320u@;=\014"
 253      EAC5710D 
 253      14F7D6DE 
 253      D075403B 
 253      3D0C
 254 0147 301B2819 		.ascii	"0\033(\031\374\225\200\013\300d9\024\015\230\242\353"
 254      FC95800B 
 254      C0643914 
 254      0D98A2EB 
 255 0157 5304E505 		.ascii	"S\004\345\005H~\026\354\214\261\241,\001\033\302HM\364"
 255      487E16EC 
 255      8CB1A12C 
 255      011BC248 
 255      4DF4
 256 0169 B9E619E2 		.ascii	"\271\346\031\342\023\244\311(|\272*\236\210\036\002"
 256      13A4C928 
 256      7CBA2A9E 
 256      881E02
 257 0178 C4C586EC 		.ascii	"\304\305\206\354K\272\360\305\310\027\24122\361\367"
 257      4BBAF0C5 
 257      C817A132 
 257      32F1F7
 258 0187 9DD1A2E5 		.ascii	"\235\321\242\3451%\004G6!\232H\2452W2\313\362\344a\015"
 258      31250447 
 258      36219A48 
 258      A5325732 
 258      CBF2E461 
 259 019c 84EB418B 		.ascii	"\204\353A\213\323\241\237r\357\207\3424B\017\363p:\336"
 259      D3A19F72 
 259      EF87E234 
 259      420FF370 
 259      3ADE
 260 01ae B8375733 		.ascii	"\2707W3w7\263\313 \363\264\260\346WP\014\221p\030\020"
 260      7737B3CB 
 260      20F3B4B0 
 260      E657500C 
 260      91701810 
 261 01c2 01253017 		.ascii	"\001%0\027\377&k9i\344J\347\347a\357\345\023o>\351\352"
 261      FF266B39 
 261      69E44AE7 
ARM GAS  /tmp/cc7YwcP8.s 			page 19


 261      E761EFE5 
 261      136F3EE9 
 262 01d7 78F8BB92 		.ascii	"x\370\273\222rB\266\020\342\325R5(\002\031\016A\014"
 262      7242B610 
 262      E2D55235 
 262      2802190E 
 262      410C
 263 01e9 CD067FD2 		.ascii	"\315\006\177\322\307A\350\300$J\341=4\355\372\2467g"
 263      C741E8C0 
 263      244AE13D 
 263      34EDFAA6 
 263      3767
 264 01fb 96BC9445 		.ascii	"\226\274\224Ez\374t\365\331\020\216\361\336\270a \331"
 264      7AFC74F5 
 264      D9108EF1 
 264      DEB86120 
 264      D9
 265 020c 1B0959C1 		.ascii	"\033\011Y\301\030G\024\306\0215\343(c\324?\277Q\032"
 265      184714C6 
 265      1135E328 
 265      63D43FBF 
 265      511A
 266 021e 2C273046 		.ascii	",'0F\323\365\361\313:\301\030\363c\224)\21425\343\030"
 266      D3F5F1CB 
 266      3AC118F3 
 266      6394298C 
 266      3235E318 
 267 0232 63347697 		.ascii	"c4v\227\236\011\225\377\306\030C\355\017\007\203\004"
 267      9E0995FF 
 267      C61843ED 
 267      0F078304 
 268 0242 637FAB9A 		.ascii	"c\177\253\232Q\2560\312\325\214\012\306\030|~a\247,"
 268      51AE30CA 
 268      D58C0AC6 
 268      187C7E61 
 268      A72C
 269 0254 A733C6F5 		.ascii	"\2473\306\365\353\245I\242\"y[\377\264;\2034`!\243\030"
 269      EBA549A2 
 269      22795BFF 
 269      B43B8334 
 269      6021A318 
 270 0268 E47B05F2 		.ascii	"\344{\005\362\275\032R\311 _}w~\213V.\002F)h\275\374"
 270      BD1A52C9 
 270      205F7D77 
 270      7E8B562E 
 270      02462968 
 271 027e 9108E4D6 		.ascii	"\221\010\344\326Mu \307\025\306q5\243\2121z\017\222"
 271      4D7520C7 
 271      15C67135 
 271      A38A317A 
 271      0F92
 272 0290 17A1720D 		.ascii	"\027\241r\015g\034m\373nH\026\241\234\272\270\354?~"
 272      671C6DFB 
 272      6E4816A1 
 272      9CBAB8EC 
 272      3F7E
 273 02a2 9B53AD70 		.ascii	"\233S\255p\252\325\234\023\214S\320\326^\036$\017r\316"
ARM GAS  /tmp/cc7YwcP8.s 			page 20


 273      AAD59C13 
 273      8C53D0D6 
 273      5E1E240F 
 273      72CE
 274 02b4 E8DEFEE7 		.ascii	"\350\336\376\347\263D0\325\311{\2107\223\220|\015\243"
 274      B34430D5 
 274      C97B8837 
 274      93907C0D 
 274      A3
 275 02c5 9C542827 		.ascii	"\234T('\325\224\032F\031\371\245\256N'g\361n\374\361"
 275      D5941A46 
 275      19F9A5AE 
 275      4E2767F1 
 275      6EFCF1
 276 02d8 EBAC0AD9 		.ascii	"\353\254\012\331W\333\265~\224S\012\345\224\232R\313"
 276      57DBB57E 
 276      94530AE5 
 276      949A52CB 
 277 02e8 280D5915 		.ascii	"(\015Y\025\230\323\036N\031i\177\271\033\220\222\217"
 277      98D31E4E 
 277      19697FB9 
 277      1B90928F 
 278 02f8 3955E4FC 		.ascii	"9U\344\3745\207\347DxN\247\025\316i5\347\007\306\031"
 278      3587E744 
 278      784EA715 
 278      CE6935E7 
 278      07C619
 279 030b FAF2497E 		.ascii	"\372\362I~\230\334\3019\337\016\017,\340\030o\325.\231"
 279      98DCC139 
 279      DF0E0F2C 
 279      E0186FD5 
 279      2E99
 280 031d 47437834 		.ascii	"GCx4^\205\342US\352\030eKU\3756Y\356\345\024R\333Q\245"
 280      5E85E255 
 280      53EA1865 
 280      4B55FD36 
 280      59EEE514 
 281 0335 454C1721 		.ascii	"EL\027!]\373\266\376%\363\277\377\362f\003;#pF\241\234"
 281      5DFBB6FE 
 281      25F3BFFF 
 281      F266033B 
 281      237046A1 
 282 034a 017E3CA1 		.ascii	"\001~<\241\236\021\356\014>;\037\"\217q\3027\267\206"
 282      9E11EE0C 
 282      3E3B1F22 
 282      8F71C237 
 282      B786
 283 035c B083B7C9 		.ascii	"\260\203\267\311t\242\251\177UQ\247\005C\364VB6\321"
 283      74A2A97F 
 283      5551A705 
 283      43F45642 
 283      36D1
 284 036e B317BE42 		.ascii	"\263\027\276B}\366\340<D\303j\203\240\026\322\363\331"
 284      7DF6E03C 
 284      44C36A83 
 284      A016D2F3 
 284      D9
ARM GAS  /tmp/cc7YwcP8.s 			page 21


 285 037f 75FBE6DA 		.ascii	"u\373\346\332\241\014\032\37090\300\217\212\313\325"
 285      A10C1AF8 
 285      3930C08F 
 285      8ACBD5
 286 038e 067E3EAF 		.ascii	"\006~>\257\327\345fh\265\364N\241\012xjq\315\273\271"
 286      D7E56668 
 286      B5F44EA1 
 286      0A786A71 
 286      CDBBB9
 287 03a1 B9457EEB 		.ascii	"\271E~\353\371nd\347\273\001\304\001\177\234]T\255\021"
 287      F96E64E7 
 287      BB01C401 
 287      7F9C5D54 
 287      AD11
 288 03b3 19760C47 		.ascii	"\031v\014Ga\017e\316\244:pVqv\326\227_\023\313o \257"
 288      610F65CE 
 288      A43A7056 
 288      7176D697 
 288      5F13CB6F 
 289 03c9 773CF499 		.ascii	"w<\364\231F>\240\225\340\002[96\3628C\226O\263$\341"
 289      463EA095 
 289      E0025B39 
 289      36F23843 
 289      964FB324 
 290 03de 76C3A162 		.ascii	"v\303\241bz\371\314\327\003\275\333\302h\243\366\235"
 290      7AF9CCD7 
 290      03BDDBC2 
 290      68A3F69D 
 291 03ee 189DC597 		.ascii	"\030\235\305\227\250F\313\216\247\007\202\345\016^\223"
 291      A846CB8E 
 291      A70782E5 
 291      0E5E93
 292 03fd E29D8F5B 		.ascii	"\342\235\217[fB\264\236\347\273\357\316\262\235\237"
 292      6642B49E 
 292      E7BBEFCE 
 292      B29D9F
 293 040c D37CAF80 		.ascii	"\323|\257\200\036.)!\314\247\337\221\315\223e\223\224"
 293      1E2E2921 
 293      CCA7DF91 
 293      CD936593 
 293      94
 294 041d A25DC6A2 		.ascii	"\242]\306\242!\227\352\301E\\\374\011\027\321\307\241"
 294      2197EAC1 
 294      455CFC09 
 294      17D1C7A1 
 295 042d 033B0B82 		.ascii	"\003;\013\202\344\275Z\346\343\360\221K\347\202A\037"
 295      E4BD5AE6 
 295      E3F0914B 
 295      E782411F 
 296 043d 1D10702D 		.ascii	"\035\020p-\000\200\007\263\347\376\222sY4\230\253\030"
 296      008007B3 
 296      E7FE9273 
 296      593498AB 
 296      18
 297 044e 4C8B120C 		.ascii	"L\213\022\014\306\306\213w\267\376k\022\312\252O5x\365"
 297      C6C68B77 
 297      B7FE6B12 
ARM GAS  /tmp/cc7YwcP8.s 			page 22


 297      CAAA4F35 
 297      78F5
 298 0460 8FE55777 		.ascii	"\217\345Wwj&\327\256\003[\254\332\366e?\274uKZ\331\226"
 298      6A26D7AE 
 298      035BACDA 
 298      F6653FBC 
 298      754B5AD9 
 299 0475 DCF06DC9 		.ascii	"\334\360m\311\376\332\343\273\202\305\226\324\366,\311"
 299      FEDAE3BB 
 299      82C596D4 
 299      F62CC9
 300 0484 2DEB269B 		.ascii	"-\353&\233\303\231\0264+A4\3736\245\215mA\367\313\322"
 300      C3991634 
 300      2B4134FB 
 300      36A58D6D 
 300      41F7CBD2 
 301 0498 93A1FCCA 		.ascii	"\223\241\374\312\017\242\351\267\214\026\004\3537\013"
 301      0FA2E9B7 
 301      8C1604EB 
 301      370B
 302 04a6 87D867B8 		.ascii	"\207\330g\270\2568\274I\023\000c$~;Y\261\206\267f\275"
 302      AE38BC49 
 302      13006324 
 302      7E3B59B1 
 302      86B766BD 
 303 04ba 10DF8B60 		.ascii	"\020\337\213`\234\026\365\344m7\360\357\305\037h\217"
 303      9C16F5E4 
 303      6D37F0EF 
 303      C51F688F 
 304 04ca 8DD48E19 		.ascii	"\215\324\216\031\344W\254\224\332\212Mw\276\015\205"
 304      E457AC94 
 304      DA8A4D77 
 304      BE0D85
 305 04d9 E8484018 		.ascii	"\350H@\030\360M\243\037\037\011\356b\266\267EL8r\011"
 305      F04DA31F 
 305      1F09EE62 
 305      B6B7454C 
 305      387209
 306 04ec 3A1FFC27 		.ascii	":\037\374']\306\337:\366d\345\037, As%X\034\011\357"
 306      5DC6DF3A 
 306      F664E51F 
 306      2C204173 
 306      25581C09 
 307 0501 63F13BB1 		.ascii	"c\361;\261\370wY4]\010\274\303\303i\333\361\254W\023"
 307      F8775934 
 307      5D08BCC3 
 307      C369DBF1 
 307      AC5713
 308 0514 9E2DD84B 		.ascii	"\236-\330K\200\261o\341\373\016\026\375=\010\367\345"
 308      80B16FE1 
 308      FB0E16FD 
 308      3D08F7E5 
 309 0524 C0263481 		.ascii	"\300&4\201\2159Gu\362\306\031\254\275\016\227\356/\013"
 309      8D394775 
 309      F2C619AC 
 309      BD0E97EE 
 309      2F0B
ARM GAS  /tmp/cc7YwcP8.s 			page 23


 310 0536 9577F0C9 		.ascii	"\225w\360\311\027g\352\363\202p;\240\233\305F\373\263"
 310      1767EAF3 
 310      82703BA0 
 310      9BC546FB 
 310      B3
 311 0547 F0E29660 		.ascii	"\360\342\226`qk\276|\264\356\346\323\007\204\354\"$"
 311      716BBE7C 
 311      B4EEE6D3 
 311      0784EC22 
 311      24
 312 0558 1322D8B9 		.ascii	"\023\"\330\271\276\357+1<\000-\235)\027D\017\253\364"
 312      BEEF2B31 
 312      3C002D9D 
 312      2917440F 
 312      ABF4
 313 056a C1BBDBB1 		.ascii	"\301\273\333\261{\233\337\206o\255z\362l\206\270\006"
 313      7B9BDF86 
 313      6FAD7AF2 
 313      6C86B806 
 314 057a 8FF3CF54 		.ascii	"\217\363\317T~\003\277xz'\321\017\021\335\253F\377\314"
 314      7E03BF78 
 314      7A27D10F 
 314      11DDAB46 
 314      FFCC
 315 058c D0B9ED79 		.ascii	"\320\271\355y\027t\006\325\355@\255\224m{\004\006\266"
 315      177406D5 
 315      ED40AD94 
 315      6D7B0406 
 315      B6
 316 059d E3F844E5 		.ascii	"\343\370D\345#%/\313\364\254\321V\372z\257-\353\332"
 316      23252FCB 
 316      F4ACD156 
 316      FA7AAF2D 
 316      EBDA
 317 05af 7EBF2F3B 		.ascii	"~\277/;\336&\212y\037k\263\307\2766+\334Nr\365jg}~\316"
 317      DE268A79 
 317      1F6BB3C7 
 317      BE362BDC 
 317      4E72F56A 
 318 05c7 FA85B37E 		.ascii	"\372\205\263~\346l\250\260e\"L\255\334\350\247< \224"
 318      E66CA8B0 
 318      65224CAD 
 318      DCE8A73C 
 318      2094
 319 05d9 0798726E 		.ascii	"\007\230rn\315p\323\014\336N:\234>\250\034\277d\220"
 319      CD70D30C 
 319      DE4E3A9C 
 319      3EA81CBF 
 319      6490
 320 05eb DB79C1EE 		.ascii	"\333y\301\356^\256$3icf\274\323AD\213[9e\004\344\333"
 320      5EAE2433 
 320      696366BC 
 320      D341448B 
 320      5B396504 
 321 0601 DCBC7CA2 		.ascii	"\334\274|\242\347\262N\276\307'-\203\315\373B\270\237"
 321      E7B24EBE 
 321      C7272D83 
ARM GAS  /tmp/cc7YwcP8.s 			page 24


 321      CDFB42B8 
 321      9F
 322 0612 D9F49F8C 		.ascii	"\331\364\237\214\236\306sz\336\266\004\350I,}\335\254"
 322      9EC6737A 
 322      DEB604E8 
 322      492C7DDD 
 322      AC
 323 0623 917BB9EE 		.ascii	"\221{\271\356\325K%}z\237\337\354w\360\033T\262\265"
 323      D54B257D 
 323      7A9FDFEC 
 323      77F01B54 
 323      B2B5
 324 0635 F09E06A2 		.ascii	"\360\236\006\242\242\242\242\347D\025\220\314\014\322"
 324      A2A2A2E7 
 324      441590CC 
 324      0CD2
 325 0643 55F3E4E3 		.ascii	"U\363\344\343\261\226n\354\026\003\014aG>\303\355|\005"
 325      B1966EEC 
 325      16030C61 
 325      473EC3ED 
 325      7C05
 326 0655 73149091 		.ascii	"s\024\220\221\226b\021\375?\254\200|\225A\2747;q\373"
 326      966211FD 
 326      3FAC807C 
 326      9541BC37 
 326      3B71FB
 327 0668 CDF00275 		.ascii	"\315\360\002u\237O\325}\302\352V\014\\\033\351\3366"
 327      9F4FD57D 
 327      C2EA560C 
 327      5C1BE9DE 
 327      36
 328 0679 AE4DC983 		.ascii	"\256M\311\203\201\265\031\232\0359\357\025T\306S\205"
 328      81B5199A 
 328      1D39EF15 
 328      54C65385 
 329 0689 4A92B810 		.ascii	"J\222\270\020\350\330)\216\014\301=\206_\320x\230\331"
 329      E8D8298E 
 329      0CC13D86 
 329      5FD07898 
 329      D9
 330 069a 51142AC1 		.ascii	"Q\024*\301KLt\004\242`\034e\014e\024\242\230\031\367"
 330      4B4C7404 
 330      A2601C65 
 330      0C6514A2 
 330      9819F7
 331 06ad DFDA1941 		.ascii	"\337\332\031A?\2232\213\340i\300\334x\270X\315kg\037"
 331      3F93328B 
 331      E069C0DC 
 331      78B858CD 
 331      6B671F
 332 06c0 EE0993F7 		.ascii	"\356\011\223\367\004\261\333u8\247\274\320\000s\242"
 332      04B1DB75 
 332      38A7BCD0 
 332      0073A2
 333 06cf 037A07A2 		.ascii	"\003z\007\242\211\376\277\001\360\234nw\002\315i\002"
 333      89FEBF01 
 333      F09C6E77 
ARM GAS  /tmp/cc7YwcP8.s 			page 25


 333      02CD6902 
 334 06df 955F2BF7 		.ascii	"\225_+\367\034M\221\371\374\367\353\322\035~\375:\241"
 334      1C4D91F9 
 334      FCF7EBD2 
 334      1D7EFD3A 
 334      A1
 335 06f0 8A4F828D 		.ascii	"\212O\202\215\032\336\202\370\244{\337;\262I\243Vn\365"
 335      1ADE82F8 
 335      A47BDF3B 
 335      B249A356 
 335      6EF5
 336 0702 EBD74D42 		.ascii	"\353\327MB\231>g\256s\272<&\273\323\362w\335\237?Z="
 336      993E67AE 
 336      73BA3C26 
 336      BBD3F277 
 336      DD9F3F5A 
 337 0717 2F76D122 		.ascii	"/v\321\"iAL\21416\325\226l[\231ht\272\215.\217\221\352"
 337      69414C8C 
 337      3136D596 
 337      6C5B9968 
 337      74BA8D2E 
 338 072e B88D4B57 		.ascii	"\270\215KW%\304&|f\264\244Z\234.\253i\375\357\323bR"
 338      25C4267C 
 338      66B4A45A 
 338      9C2EAB69 
 338      FDEFD362 
 339 0743 A510669E 		.ascii	"\245\020f\236\356\240\200\360I\224i\255\313\231f\262"
 339      EEA080F0 
 339      499469AD 
 339      CB9966B2 
 340 0753 B95D11AA 		.ascii	"\271]\021\252\327\223\213\263-\251\211\033\334\361\270"
 340      D7938BB3 
 340      2DA9891B 
 340      DCF1B8
 341 0762 B41C57E2 		.ascii	"\264\034W\342\022W\375\372\015\2076\207\305\236\236"
 341      1257FDFA 
 341      0D873687 
 341      C59E9E
 342 0771 62455FEE 		.ascii	"bE_\356\015nt\023\316LV3\2160\012w\272\315\366i9\251"
 342      0D6E7413 
 342      CE4C5633 
 342      8E300A77 
 342      BACDF669 
 343 0787 66BB912A 		.ascii	"f\273\221*Q }\"'B\030\371\221\346\320\305\225\356$["
 343      51207D22 
 343      274218F9 
 343      91E6D0C5 
 343      95EE245B 
 344 079b 9AD5B5C2 		.ascii	"\232\325\265\302\354H\261[]qa\250\224d\303\240\305\302"
 344      EC48B15B 
 344      5D7161A8 
 344      9464C3A0 
 344      C5C2
 345 07ad A237D1BC 		.ascii	"\2427\321\274(\211I\011\213?0\306\307/3&\305%\254_d"
 345      28894909 
 345      8B3F30C6 
 345      C72F3326 
ARM GAS  /tmp/cc7YwcP8.s 			page 26


 345      C525AC5F 
 346 07c2 746305EC 		.ascii	"tc\005\354)1\026)\204\3772\331\0346"
 346      29311629 
 346      84FF32D9 
 346      1C36
 347 07d0 0F0FDFCF 		.ascii	"\017\017\337\317A\270\211\225\306\346\372\324d]g\263"
 347      41B88995 
 347      C6E6FAD4 
 347      645D67B3 
 348 07e0 3B3F49B7 		.ascii	";?I\267\352\\\326O\314\2564\223g\376\273l\000f\023\351"
 348      EA5CD64F 
 348      CCAE3493 
 348      67FEBB6C 
 348      006613E9 
 349 07f4 586FB324 		.ascii	"Xo\263$Z=\310\366X\323\004\371c\227\315\351\262y6\350"
 349      5A3DC8F6 
 349      58D304F9 
 349      6397CDE9 
 349      B27936E8 
 350 0808 4DA6749B 		.ascii	"M\246t\233\303\263\370\003\223\347Cc\272\333eD\364B"
 350      C3B3F803 
 350      93E74363 
 350      BADB6544 
 350      F442
 351 081a 87D3615D 		.ascii	"\207\323a]h5'\333&+\234f\266\244\332\034V\243)\305\272"
 351      683527DB 
 351      262B9C66 
 351      B6A4DA1C 
 351      56A329C5 
 352 082f D69C6EF7 		.ascii	"\326\234n\367\230<\033\326Yi\311u>\353\337Nc\215\273"
 352      983C1BD6 
 352      5969C975 
 352      3EEBDF4E 
 352      638DBB
 353 0842 6334B93D 		.ascii	"c4\271=)\250\212&\013\337V$\2133-\315\351\360\305O\243"
 353      29A88A26 
 353      0BDF5624 
 353      8B332DCD 
 353      E9F0C54F 
 354 0857 466DAD25 		.ascii	"Fm\255%\325\354\232e2\245\330\334\346d\273\225\226b"
 354      D5EC9A65 
 354      32A5D8DC 
 354      E664BB95 
 354      9662
 355 0869 96D9FE0F 		.ascii	"\226\331\376\017\363\0067\326\314\2161\305\370\343\254"
 355      F30637D6 
 355      CC8E31C5 
 355      F8E3AC
 356 0878 9F798CB1 		.ascii	"\237y\214\261\011\211q\211Jw\320>\264\244-OwP\236\301"
 356      09897189 
 356      4A77D03E 
 356      B4A42D4F 
 356      77509EC1 
 357 088c 64B23A7C 		.ascii	"d\262:|$y\315\322xm\374\312\245\313\264\261I\253\342"
 357      2479CDD2 
 357      786DFCCA 
 357      A5CBB4B1 
ARM GAS  /tmp/cc7YwcP8.s 			page 27


 357      49ABE2
 358 089f 67C42E8D 		.ascii	"g\304.\215\217\373\343\202w\344\275Oa\276\375O\302r"
 358      8FFBE382 
 358      77E4BD4F 
 358      61BEFD4F 
 358      C272
 359 08b1 FC0FF3AA 		.ascii	"\374\017\363\252\000["
 359      005B
 360              		.text
 361              		.section	.gnu.lto_.symtab.8dbbe8fa0bfda457,"",%progbits
 362 0000 53797354 		.ascii	"SysTick_Handler\000"
 362      69636B5F 
 362      48616E64 
 362      6C657200 
 363 0010 00       		.ascii	"\000"
 364 0011 00       		.ascii	"\000"
 365 0012 00       		.ascii	"\000"
 366 0013 00000000 		.ascii	"\000\000\000\000\000\000\000\000"
 366      00000000 
 367 001b BF000000 		.ascii	"\277\000\000\000"
 368 001f 73745F6C 		.ascii	"st_lld_init\000"
 368      6C645F69 
 368      6E697400 
 369 002b 00       		.ascii	"\000"
 370 002c 00       		.ascii	"\000"
 371 002d 00       		.ascii	"\000"
 372 002e 00000000 		.ascii	"\000\000\000\000\000\000\000\000"
 372      00000000 
 373 0036 C1000000 		.ascii	"\301\000\000\000"
 374 003a 63685379 		.ascii	"chSysTimerHandlerI\000"
 374      7354696D 
 374      65724861 
 374      6E646C65 
 374      724900
 375 004d 00       		.ascii	"\000"
 376 004e 02       		.ascii	"\002"
 377 004f 00       		.ascii	"\000"
 378 0050 00000000 		.ascii	"\000\000\000\000\000\000\000\000"
 378      00000000 
 379 0058 C3000000 		.ascii	"\303\000\000\000"
 380 005c 5F706F72 		.ascii	"_port_irq_epilogue\000"
 380      745F6972 
 380      715F6570 
 380      696C6F67 
 380      756500
 381 006f 00       		.ascii	"\000"
 382 0070 02       		.ascii	"\002"
 383 0071 00       		.ascii	"\000"
 384 0072 00000000 		.ascii	"\000\000\000\000\000\000\000\000"
 384      00000000 
 385 007a CA000000 		.ascii	"\312\000\000\000"
 386 007e 6E766963 		.ascii	"nvicSetSystemHandlerPriority\000"
 386      53657453 
 386      79737465 
 386      6D48616E 
 386      646C6572 
 387 009b 00       		.ascii	"\000"
ARM GAS  /tmp/cc7YwcP8.s 			page 28


 388 009c 02       		.ascii	"\002"
 389 009d 00       		.ascii	"\000"
 390 009e 00000000 		.ascii	"\000\000\000\000\000\000\000\000"
 390      00000000 
 391 00a6 D8000000 		.ascii	"\330\000\000\000"
 392              		.text
 393              		.section	.gnu.lto_.opts,"",%progbits
 394 0000 272D666D 		.ascii	"'-fmath-errno' '-fsigned-zeros' '-ftrapping-math' '"
 394      6174682D 
 394      6572726E 
 394      6F272027 
 394      2D667369 
 395 0033 2D666E6F 		.ascii	"-fno-trapv' '-fno-strict-overflow' '-fno-openmp' '-"
 395      2D747261 
 395      70762720 
 395      272D666E 
 395      6F2D7374 
 396 0066 666E6F2D 		.ascii	"fno-openacc' '-mcpu=cortex-m0' '-mno-thumb-interwor"
 396      6F70656E 
 396      61636327 
 396      20272D6D 
 396      6370753D 
 397 0099 6B272027 		.ascii	"k' '-mthumb' '-ggdb' '-O0' '-fomit-frame-pointer' '"
 397      2D6D7468 
 397      756D6227 
 397      20272D67 
 397      67646227 
 398 00cc 2D66616C 		.ascii	"-falign-functions=16' '-ffunction-sections' '-fdata"
 398      69676E2D 
 398      66756E63 
 398      74696F6E 
 398      733D3136 
 399 00ff 2D736563 		.ascii	"-sections' '-fno-common' '-flto'\000"
 399      74696F6E 
 399      73272027 
 399      2D666E6F 
 399      2D636F6D 
 400              		.text
 401              		.comm	__gnu_lto_v1,1,1
 402              		.comm	__gnu_lto_slim,1,1
 403              		.ident	"GCC: (GNU Tools for ARM Embedded Processors) 5.4.1 20160609 (release) [ARM/embedded-5-bran
ARM GAS  /tmp/cc7YwcP8.s 			page 29


DEFINED SYMBOLS
                            *ABS*:0000000000000000 st_lld.c
                            *COM*:0000000000000001 __gnu_lto_v1
                            *COM*:0000000000000001 __gnu_lto_slim

NO UNDEFINED SYMBOLS
