ARM GAS  /tmp/ccxavd13.s 			page 1


   1              		.syntax unified
   2              		.cpu cortex-m0
   3              		.fpu softvfp
   4              		.eabi_attribute 20, 1
   5              		.eabi_attribute 21, 1
   6              		.eabi_attribute 23, 3
   7              		.eabi_attribute 24, 1
   8              		.eabi_attribute 25, 1
   9              		.eabi_attribute 26, 1
  10              		.eabi_attribute 30, 6
  11              		.eabi_attribute 34, 0
  12              		.eabi_attribute 18, 4
  13              		.thumb
  14              		.syntax unified
  15              		.file	"stm32_dma.c"
  16              		.text
  17              	.Ltext0:
  18              		.section	.gnu.lto_.inline.8ebf21a8eb3b658a,"",%progbits
  19 0000 789C6361 		.ascii	"x\234ca`d\000\001&\006d\000\000\000\236\000\010"
  19      60640001 
  19      26066400 
  19      00009E00 
  19      08
  20              		.text
  21              		.section	.gnu.lto_.symbol_nodes.8ebf21a8eb3b658a,"",%progbits
  22 0000 789C6361 		.ascii	"x\234ca`d`b\000\001\000\000F\000\010"
  22      60646062 
  22      00010000 
  22      460008
  23              		.text
  24              		.section	.gnu.lto_.refs.8ebf21a8eb3b658a,"",%progbits
  25 0000 789C6361 		.ascii	"x\234ca`\004B \000\000\0009\000\007"
  25      60044220 
  25      00000039 
  25      0007
  26              		.text
  27              		.section	.gnu.lto_.decls.8ebf21a8eb3b658a,"",%progbits
  28 0000 789C6361 		.ascii	"x\234ca`d\200\001\020K\005\210\377\003\001\210\035\306"
  28      60648001 
  28      104B0588 
  28      FF030188 
  28      1DC6
  29 0012 40000000 		.ascii	"@\000\000\000\260\216\004~"
  29      B08E047E 
  30              		.text
  31              		.section	.gnu.lto_.symtab.8ebf21a8eb3b658a,"",%progbits
  32              		.text
  33              		.section	.gnu.lto_.opts,"",%progbits
  34 0000 272D666D 		.ascii	"'-fmath-errno' '-fsigned-zeros' '-ftrapping-math' '"
  34      6174682D 
  34      6572726E 
  34      6F272027 
  34      2D667369 
  35 0033 2D666E6F 		.ascii	"-fno-trapv' '-fno-strict-overflow' '-fno-openmp' '-"
  35      2D747261 
  35      70762720 
  35      272D666E 
ARM GAS  /tmp/ccxavd13.s 			page 2


  35      6F2D7374 
  36 0066 666E6F2D 		.ascii	"fno-openacc' '-mcpu=cortex-m0' '-mno-thumb-interwor"
  36      6F70656E 
  36      61636327 
  36      20272D6D 
  36      6370753D 
  37 0099 6B272027 		.ascii	"k' '-mthumb' '-ggdb' '-O0' '-fomit-frame-pointer' '"
  37      2D6D7468 
  37      756D6227 
  37      20272D67 
  37      67646227 
  38 00cc 2D66616C 		.ascii	"-falign-functions=16' '-ffunction-sections' '-fdata"
  38      69676E2D 
  38      66756E63 
  38      74696F6E 
  38      733D3136 
  39 00ff 2D736563 		.ascii	"-sections' '-fno-common' '-flto'\000"
  39      74696F6E 
  39      73272027 
  39      2D666E6F 
  39      2D636F6D 
  40              		.text
  41              		.comm	__gnu_lto_v1,1,1
  42              		.comm	__gnu_lto_slim,1,1
  43              		.ident	"GCC: (GNU Tools for ARM Embedded Processors) 5.4.1 20160609 (release) [ARM/embedded-5-bran
ARM GAS  /tmp/ccxavd13.s 			page 3


DEFINED SYMBOLS
                            *ABS*:0000000000000000 stm32_dma.c
                            *COM*:0000000000000001 __gnu_lto_v1
                            *COM*:0000000000000001 __gnu_lto_slim

NO UNDEFINED SYMBOLS
