ARM GAS  /tmp/cckr9yGK.s 			page 1


   1              		.syntax unified
   2              		.cpu cortex-m0
   3              		.fpu softvfp
   4              		.eabi_attribute 20, 1
   5              		.eabi_attribute 21, 1
   6              		.eabi_attribute 23, 3
   7              		.eabi_attribute 24, 1
   8              		.eabi_attribute 25, 1
   9              		.eabi_attribute 26, 1
  10              		.eabi_attribute 30, 6
  11              		.eabi_attribute 34, 0
  12              		.eabi_attribute 18, 4
  13              		.thumb
  14              		.syntax unified
  15              		.file	"vectors.c"
  16              		.text
  17              	.Ltext0:
  18              		.section	.gnu.lto_.inline.32dccd456254c898,"",%progbits
  19 0000 789C6361 		.ascii	"x\234ca`d\000\001a\006\004\000\21201@0\013\230d`\000"
  19      60640001 
  19      61060400 
  19      8A303140 
  19      300B9864 
  20 0016 0003AC00 		.ascii	"\000\003\254\000$"
  20      24
  21              		.text
  22              		.section	.gnu.lto__unhandled_exception.32dccd456254c898,"",%progbits
  23 0000 789C6361 		.ascii	"x\234ca`d\000\201L \266\001bY\020\207\231\201\221\211"
  23      60640081 
  23      4C20B601 
  23      62591087 
  23      99819189 
  24 0014 0188C124 		.ascii	"\001\210\301$#C=\023c=\023\023\003\004|e\372\313\304"
  24      23433D13 
  24      633D1313 
  24      03047C65 
  24      FACBC4
  25 0027 78A8FDD9 		.ascii	"x\250\375\331N&\315\345\015@\360\340\350t\346\206\025"
  25      4E26CDE5 
  25      0D40F0E0 
  25      E874E686 
  25      15
  26 0038 07185B99 		.ascii	"\007\030[\231\031\030\376C\0251.g\324d\000*{\264\361"
  26      1918FE43 
  26      15312E67 
  26      D464002A 
  26      7BB4F1
  27 004b DF545EB6 		.ascii	"\337T^\266\026\2202\005\210$\343\012F6\220\205\353\203"
  27      16903205 
  27      8824E30A 
  27      46369085 
  27      EB83
  28 005d 0E34FCFF 		.ascii	"\0164\374\377\337\334\3200\331\3605\023P\340\003X\347"
  28      DFDCD030 
  28      D9F03513 
  28      50E00358 
  28      E7
ARM GAS  /tmp/cckr9yGK.s 			page 2


  29 006e 07902DCC 		.ascii	"\007\220-\314\037\230 N\262\322\323\323w\316\310L\312"
  29      1F98204E 
  29      B2D2D3D3 
  29      77CEC84C 
  29      CA
  30 007f F40FD6CF 		.ascii	"\364\017\326\317/\326O\316\317\315\315\317\323/\310"
  30      2FD64FCE 
  30      CFCDCDCF 
  30      D32FC8
  31 008e 2F2A29D6 		.ascii	"/*)\326w\014\362u\366\255\000\211\025d\346\244\026\025"
  31      770CF275 
  31      F6AD0089 
  31      1564E6A4 
  31      1615
  32 00a0 EBBB3B3B 		.ascii	"\353\273;;\353\227\245&\227\344\027\025\353%3\000\000"
  32      EB97A526 
  32      97E41715 
  32      EB253300 
  32      00
  33 00b1 55FB373A 		.ascii	"U\3737:"
  34              		.text
  35              		.section	.gnu.lto__vectors.32dccd456254c898,"",%progbits
  36 0000 789C7595 		.ascii	"x\234u\225YO\023Q\030@\347\233i)\245-eQA\255\270\357"
  36      594F1351 
  36      1840E79B 
  36      6929A52D 
  36      655141AD 
  37 0016 DA467D31 		.ascii	"\332F}1\306\304\230\232\370`\214\211\376\000\023\011"
  37      C6C4989A 
  37      F8608C89 
  37      FE001309 
  38 0026 89246209 		.ascii	"\211$b\011%\3067j\244\006}\322\210\341AI\\\003\212\326"
  38      25C6376A 
  38      A4067DD2 
  38      88E14149 
  38      5C038AD6 
  39 003a E2426D01 		.ascii	"\342Bm\001E\020\021\005dq\253 \242\240\340\206\200\030"
  39      45101105 
  39      6471AB20 
  39      A2A0E086 
  39      8018
  40 004c A2D0EA77 		.ascii	"\242\320\352w\227>0\275\235\207\236\364\316\311|gfn"
  40      973E30BD 
  40      9D879EF4 
  40      CEC97C67 
  40      666E
  41 005e 538D0412 		.ascii	"S\215\004\0229B:I\332,\261#$\203\337\377\275[W\020r"
  41      39423A49 
  41      DA2CB123 
  41      2483DFFF 
  41      BD5B5710 
  42 0073 15B95C7D 		.ascii	"\025\271\\}\356o;\322\335\212\364Of\247N_\366\370M\343"
  42      EE6F3BD2 
  42      DD8AF44F 
  42      66A74E5F 
  42      F6F84DE3 
  43 0087 B25B0198 		.ascii	"\262[\001\230?\335tU\003\365\200z\201\243\025^\356e"
ARM GAS  /tmp/cckr9yGK.s 			page 3


  43      3FDD7455 
  43      03F5807A 
  43      81A3155E 
  43      EE65
  44 0099 A83C27D5 		.ascii	"\250<'\325d\252]\034jm\3262m\236J3PM\241\332\275\332"
  44      64AA5D1C 
  44      6A6DD632 
  44      6D9E4A33 
  44      504DA1DA 
  45 00af 1FEB9965 		.ascii	"\037\353\231e\231n\325u\365ncc5T,o\254\367\0013\347"
  45      996ED575 
  45      F56E6363 
  45      35542C6F 
  45      ACF70133 
  46 00c4 8AF3B4D4 		.ascii	"\212\363\264\324\033\034\274Pld\336\034a^\034\325\306"
  46      1B1CBC50 
  46      6C64DE1C 
  46      615E1CD5 
  46      C6
  47 00d5 4B5A8266 		.ascii	"KZ\202f\246\315\026\346\351\2506\\\370\251\317\300\264"
  47      A6CD16E6 
  47      E9A8365C 
  47      F8A9CFC0 
  47      B4
  48 00e6 74555F6D 		.ascii	"tU_m\244/\236\232\277J\334\307\343\231\231&\356\323"
  48      A42F9E9A 
  48      BF4ADCC7 
  48      E3999926 
  48      EED3
  49 00f8 53EFF79F 		.ascii	"S\357\367\237\023\303z\346\315\022\366%P\255\277,\\"
  49      13C37AE6 
  49      CD12F625 
  49      50ADBF2C 
  49      5C
  50 0109 12C7B499 		.ascii	"\022\307\264\231\302>\003\325F\247J}\374j3T}\276H\237"
  50      C23E03D5 
  50      46A74A7D 
  50      FC6A3354 
  50      7DBE489F 
  51 011d 91DDB0FF 		.ascii	"\221\335\260\377\330\337Df\246\212\373L\324\253\354"
  51      D8DF4466 
  51      A68AFB4C 
  51      D4ABEC
  52 012c 9BAAD130 		.ascii	"\233\252\3210/E\330\227H\265\242\246\336\227\374u$\013"
  52      2F45D897 
  52      48B5A2A6 
  52      DE97FC75 
  52      240B
  53 013e FBCC54EB 		.ascii	"\373\314T\353\034i)\345\317/I\325W\031\351K\242\246"
  53      1C6929E5 
  53      CF2F49D5 
  53      5719E94B 
  53      A2A6
  54 0150 676CDCC3 		.ascii	"gl\334\303o\330,\356K\246^\250\347HXf^\242\260/\205"
  54      6FD82CEE 
  54      4BA65EA8 
  54      E7485866 
ARM GAS  /tmp/cckr9yGK.s 			page 4


  54      5EA2B02F 
  55 0165 6A97BEFA 		.ascii	"j\227\276\372\033\370\3663\011\373R\25169T\034\344\267"
  55      1BF8F633 
  55      09FB52A9 
  55      3639541C 
  55      E4B7
  56 0177 6154F59D 		.ascii	"aT\365\235\215\364\315\240\346\353`\241\237\233\006"
  56      8DF4CDA0 
  56      E6EB60A1 
  56      9F9B06
  57 0186 71DF4CD6 		.ascii	"q\337L\3267\322\036\342\373/A\3307\213j\025UW\002\374"
  57      37D21EE2 
  57      FB2F41D8 
  57      378B6A15 
  57      555702FC 
  58 019a 727A615F 		.ascii	"rza_\232\372\367Zw&\022\224\316^\350\011\367\204\302"
  58      9AFAF75A 
  58      77261294 
  58      CE5EE809 
  58      F784C2
  59 01ad AEA01307 		.ascii	"\256\240\023\007\315\246\336\300\344\215\000\177\361"
  59      CDA6DEC0 
  59      E48D007F 
  59      F1
  60 01ba 71C2A039 		.ascii	"q\302\2409Tk\276\034\230\342\335Za\320\\\252u\024z\317"
  60      546BBE1C 
  60      98E2DD5A 
  60      61D05CAA 
  60      75147ACF 
  61 01ce F1A91A55 		.ascii	"\361\251\032U\337\251H\237\205\232\365c\3362~AE\334"
  61      DFA9489F 
  61      859AF563 
  61      DE327E41 
  61      45DC
  62 01e0 378F7A8D 		.ascii	"7\217z\215\377&\352\370/Q\026\366e\250\237\004\017\232"
  62      FF26EAF8 
  62      2F5116F6 
  62      65A89F04 
  62      0F9A
  63 01f2 4FD7EFF7 		.ascii	"O\327\357\367\267\245l\254r\025\235w\271\364nE\206u"
  63      B7A56CAC 
  63      72159D77 
  63      B9F46E45 
  63      8675
  64 0204 16E88702 		.ascii	"\026\350\207\002Xo\201\217\210\017`\201>\344{d/\362"
  64      586F818F 
  64      880F6081 
  64      3EE47B64 
  64      2FF2
  65 0216 1DB207D9 		.ascii	"\035\262\007\331\215|\213\014\"\337 _#_!7X\340%\342"
  65      8D7C8B0C 
  65      22DF205F 
  65      235F2137 
  65      58E025E2 
  66 022a 057EED42 		.ascii	"\005~\355Bv\";\220\355\310\347\3106d+\262\005\371\014"
  66      76223B90 
  66      EDC8E7C8 
ARM GAS  /tmp/cckr9yGK.s 			page 5


  66      36642BB2 
  66      05F90C
  67 023d F914D98C 		.ascii	"\371\024\331\214|\202lB>F6\"\037!\033\220\365\310\207"
  67      7C826C42 
  67      3E463622 
  67      1F211B90 
  67      F5C887
  68 0250 C83AE403 		.ascii	"\310:\344\003\344}d-\262\006Y\215\014 \375\310{H\037"
  68      E47D642D 
  68      B206598D 
  68      0C20FDC8 
  68      7B481F
  69 0263 B20A7917 		.ascii	"\262\012y\027y\007y\033y\013Y\211\364\"o\"=\310\033"
  69      7907791B 
  69      790B5989 
  69      F4226F22 
  69      3DC81B
  70 0276 C8EBC80A 		.ascii	"\310\353\310\012\3445\344Ud9\262\014\012\324;&\324\275"
  70      E435E455 
  70      6439B20C 
  70      0AD43B26 
  70      D4BD
  71 0288 853EA905 		.ascii	"\205>\251\005QO\320\307\336\300\302\250\023{\351\372"
  71      514FD0C7 
  71      DEC0C2A8 
  71      137BE9FA 
  72 0298 A2A8751D 		.ascii	"\242\250u\035]_\034\265)'\371\210%\261F,\2151bY\214"
  72      5D5F1CB5 
  72      2927F988 
  72      25B1462C 
  72      8D316259 
  73 02ad 11CBA346 		.ascii	"\021\313\243F\374\341#V\304\032\2612\306\210U1F\254"
  73      FCE12356 
  73      C41AB132 
  73      C6885531 
  73      46AC
  74 02bf 8E1A31C1 		.ascii	"\216\0321\301G\254\2115bm\214\021V\321\010\345\270\302"
  74      47AC8935 
  74      626D8C11 
  74      56D108E5 
  74      B8C2
  75 02d1 FE523D03 		.ascii	"\376R=\003\305\345Z\2669Oj\335\212&,K0\016\005a\031"
  75      C5E55AB6 
  75      394F6ADD 
  75      8A262C4B 
  75      300E0561 
  76 02e6 E017810C 		.ascii	"\340\027\201\014c\004\012\214\022h`\204@\013?\011\342"
  76      63040A8C 
  76      12686084 
  76      400B3F09 
  76      E2
  77 02f7 60984007 		.ascii	"`\230@\007?\010\342\341;\201\036\276\021$\300W\002\003"
  77      3F08E2E1 
  77      3B811EBE 
  77      1124C057 
  77      0203
  78 0309 7C2130C2 		.ascii	"|!0\302\020\201\011\006\011\022\3413\201\031>\021$\301"
ARM GAS  /tmp/cckr9yGK.s 			page 6


  78      10810906 
  78      0912E133 
  78      81193E11 
  78      24C1
  79 031b 006C94E0 		.ascii	"\000l\224\3407~l\262Zm\366\375\331\373\262w\355\261"
  79      377E6CB2 
  79      5A6DF6FD 
  79      D9FBB277 
  79      EDB1
  80 032d 399CB64C 		.ascii	"9\234\266LGN\216\343\240-\327\221\227\357\264m\335\275"
  80      474E8EE3 
  80      A02DD791 
  80      97EFB46D 
  80      DDBD
  81 033f D3BEF330 		.ascii	"\323\276\3630Y\313\315>\220\225\347\264m\267\333m\207"
  81      59CBCD3E 
  81      9095E7B4 
  81      6DB7DB6D 
  81      87
  82 0350 B232F31D 		.ascii	"\2622\363\035yNk\246\364\037<\210:U"
  82      794E6BA6 
  82      F41F3C88 
  82      3A55
  83              		.text
  84              		.section	.gnu.lto_.symbol_nodes.32dccd456254c898,"",%progbits
  85 0000 789C55D3 		.ascii	"x\234U\3235N\204\001\000D\341Y\301}q_7Vp\227\213\320"
  85      354E8401 
  85      0044E159 
  85      C17D715F 
  85      37567097 
  86 0016 116A1220 		.ascii	"\021j\022 \264\217\206\206\212#,-\247\300\235\205\000"
  86      B48F8686 
  86      8A232C2D 
  86      A7C09D85 
  86      00
  87 0027 07E28784 		.ascii	"\007\342\207\204b\252I\276L\373\242\012i;\")\234D:\253"
  87      62AA49BE 
  87      4CFBA20A 
  87      693B2229 
  87      9C443AAB 
  88 003b 4BC15C9C 		.ascii	"K\301\\\234'\002H\021\372\207\323Z:\2004a\207\014\021"
  88      27024811 
  88      FA87D35A 
  88      3A803461 
  88      870C11
  89 004e 872C5187 		.ascii	"\207,Q\207\034\015\016y\032\035\01249\024iv\230\242"
  89      1C0D0E79 
  89      1A1D0A34 
  89      39146976 
  89      98A2
  90 0060 C5A144AB 		.ascii	"\305\241D\253C\2316\207\012\355\016U:\034\246\351t\230"
  90      43993687 
  90      0AED0E55 
  90      3A1CA6E9 
  90      7498
  91 0072 A1CB6196 		.ascii	"\241\313a\226n\2079z\034\346\2119,\320\353\260H\237"
  91      6E87397A 
ARM GAS  /tmp/cckr9yGK.s 			page 7


  91      1CE68939 
  91      2CD0EBB0 
  91      489F
  92 0084 C312FD0E 		.ascii	"\303\022\375\016\313\0148\2540\350\260\312\220\303\032"
  92      CB0C38AC 
  92      30E8B0CA 
  92      90C31A
  93 0093 C30EEB8C 		.ascii	"\303\016\353\2148l0\352\260\311\230\303\026\343\016"
  93      386C30EA 
  93      B0C998C3 
  93      16E30E
  94 00a2 9762C2E5 		.ascii	"\227b\302\345JL\272\\\213\270\313\215H\270\334\212\244"
  94      4A4CBA5C 
  94      8BB8CB8D 
  94      48B8DC8A 
  94      A4
  95 00b3 CB9D48B9 		.ascii	"\313\235H\271\334\213\264\313\203\310\270<\212\254\313"
  95      DC8BB4CB 
  95      83C8B83C 
  95      8AACCB
  96 00c2 93C8B93C 		.ascii	"\223\310\271<\213\274\313\213(\270\274\212\242\313\233"
  96      8BBCCB8B 
  96      28B8BC8A 
  96      A2CB9B
  97 00d1 9872A98B 		.ascii	"\230r\251\213\222\313\273(\273|\210\212I\303\247t\022"
  97      92CBBB28 
  97      BB7C888A 
  97      49C3A774 
  97      12
  98 00e2 53E56877 		.ascii	"S\345hw\347po\377 \200/\205\342AH\241oQ\375\273J\307"
  98      E7706FFF 
  98      20802F85 
  98      E24148A1 
  98      6F51FDBB 
  99 00f8 B55FF901 		.ascii	"\265_\371\001Z\212\316\003"
  99      5A8ACE03 
 100              		.text
 101              		.section	.gnu.lto_.refs.32dccd456254c898,"",%progbits
 102 0000 789C15C4 		.ascii	"x\234\025\304\305\001\302@\000\000\301\273M\220\340"
 102      C501C240 
 102      0000C1BB 
 102      4D90E0
 103 000f 16DC3558 		.ascii	"\026\3345X\2002\350\277!\330yL\032b\370\306\020bL\376"
 103      8032E8BF 
 103      21D8794C 
 103      1A62F8C6 
 103      10624CFE 
 104 0023 6189A556 		.ascii	"a\211\245V\261\252\325\254n\2315\254i-k[\307\272\326"
 104      B1AAD5AC 
 104      6E9935AC 
 104      692D6B5B 
 104      C7BAD6
 105 0036 B3BE0D6C 		.ascii	"\263\276\015lh#\313ml\023\233\332\314\346\266\260\245"
 105      6823CB6D 
 105      6C139BDA 
 105      CCE6B6B0 
 105      A5
ARM GAS  /tmp/cckr9yGK.s 			page 8


 106 0047 AD6C6D1B 		.ascii	"\255lm\033\333\332\316\366v\260\243\235\354l\027+\354"
 106      DBDACEF6 
 106      76B0A39D 
 106      EC6C172B 
 106      EC
 107 0058 6A37BBDB 		.ascii	"j7\273\333\303\236V\376{\277x\363!\002\011)\025\252"
 107      C39E56FE 
 107      7BBF78F3 
 107      21020929 
 107      15AA
 108 006a D4A893D1 		.ascii	"\324\250\223\321\240I\2136\035\272\364\3503`\310\210"
 108      A0498B36 
 108      1DBAF4E8 
 108      3360C888 
 109 007a 9C3113A6 		.ascii	"\2341\023\246\314\230\263`\311\2125\033\266\354\330"
 109      CC98B360 
 109      C98A351B 
 109      B6ECD8
 110 0089 73E0C889 		.ascii	"s\340\310\2113\027\012\256\334\270\363\340I\031~\324"
 110      33170AAE 
 110      DCB8F3E0 
 110      49197ED4 
 111 0099 F70A9A   		.ascii	"\367\012\232"
 112              		.text
 113              		.section	.gnu.lto_.decls.32dccd456254c898,"",%progbits
 114 0000 789CB59A 		.ascii	"x\234\265\232yP\024I\276\307;;\013i\032\032\034t\366"
 114      79501449 
 114      BEC73B3B 
 114      0B691A1A 
 114      1C74F6
 115 0013 B9B1EC1B 		.ascii	"\271\261\354\033\235p\336\362bcE\035gt6b#Vyov6\342\271"
 115      9D70DEF2 
 115      6263451D 
 115      67743662 
 115      2356796F 
 116 002b 33B1B3E3 		.ascii	"3\261\263\343?\363\007\201\320O\211\021ti\230\267\363"
 116      3FF30781 
 116      D04F8911 
 116      746998B7 
 116      F3
 117 003c D7B4C825 		.ascii	"\327\264\310%*\227\310}\312!\010r*\207 \002\312%\240"
 117      2A97C87D 
 117      CA210872 
 117      2A872002 
 117      CA25A0
 118 004f 1C022272 		.ascii	"\034\002\"r\010\012*\247\200\310\315\376*\263\262\012"
 118      080A2AA7 
 118      80C8CDFE 
 118      2AB3B20A 
 119 005f 3BCAFDA3 		.ascii	";\312\375\243\"^E|\351\312\314o\346\357\223\277\314"
 119      225E457C 
 119      E9CACC6F 
 119      E6EF93BF 
 119      CC
 120 0070 AAEEB2E4 		.ascii	"\252\356\262\344TH\305\037\307\377C\245:\314\251T\377"
 120      5448C51F 
 120      C7FF43A5 
ARM GAS  /tmp/cckr9yGK.s 			page 9


 120      3ACCA954 
 120      FF
 121 0081 A356A9D6 		.ascii	"\243V\251\326\341\300PwD%\035\273A\327@\267A\265\240"
 121      E1C05077 
 121      44251DBB 
 121      41D740B7 
 121      41B5A0
 122 0094 26501BA8 		.ascii	"&P\033\250\033\324\007\032\006\275\004M\201\336\200"
 122      1BD4071A 
 122      06BD044D 
 122      81DE80
 123 00a3 96410886 		.ascii	"\226A\010\2066\007\351@[@\277\004}\004\372\004\364["
 123      3607E940 
 123      5B40BF04 
 123      7D04FA04 
 123      F45B
 124 00b5 D01ED07E 		.ascii	"\320\036\320~\320\037@\216\240?\203\276\006}\007\372"
 124      D01F408E 
 124      A03F83BE 
 124      067D07FA 
 125 00c5 1EE40C3A 		.ascii	"\036\344\014:\006r\007\031@?\201~\006\371\201\316\201"
 125      06720719 
 125      403F817E 
 125      06F981CE 
 125      81
 126 00d6 C24051A0 		.ascii	"\302@Q\240\004P*(\013\224\007\272\001*\007U\203\352"
 126      04502A28 
 126      0B9407BA 
 126      012A0755 
 126      83EA
 127 00e8 412DA007 		.ascii	"A-\240\007 \230\232\352c\370\263S\255z\347\340\347\205"
 127      20989AEA 
 127      63F8B353 
 127      AD7AE7E0 
 127      E785
 128 00fa 36CC1709 		.ascii	"6\314\027\011u\246\007\337\327\014>G\301\260\025>-\241"
 128      75A607DF 
 128      D70C3E47 
 128      C1B0153E 
 128      2DA1
 129 010c 6C0EDA01 		.ascii	"l\016\332\001\372\000\312\277\206\317\177\007Y\2016"
 129      FA00CABF 
 129      86CF7F07 
 129      598136
 130 011b 836C401F 		.ascii	"\203l@\037\202\254A[@v [\320\277\201~\011\372\005h\033"
 130      82AC415B 
 130      4076205B 
 130      D0BF817E 
 130      09FA0568 
 131 0130 4807FA15 		.ascii	"H\007\372\025h+\310AEy\353\005\376ra>y\302\374R\205"
 131      682BC841 
 131      4579EB05 
 131      FE72613E 
 131      79C2FC52 
 132 0145 F94609F3 		.ascii	"\371F\011\363?'\344\343g!?\006!_\307\204\374}/\344\363"
 132      3F27E4E3 
 132      67213F06 
ARM GAS  /tmp/cckr9yGK.s 			page 10


 132      215FC784 
 132      FC7D2FE4 
 133 015a 6B21BF8E 		.ascii	"k!\277\216B\276\367\013\371\377\255\260\036\037\011"
 133      42BEF70B 
 133      F9FFADB0 
 133      1E1F09
 134 0169 EBB34558 		.ascii	"\353\263EX/~\335\370\365[\026\326sJX\337aa\275\273\205"
 134      2F7EDDF8 
 134      F55B16D6 
 134      734A58DF 
 134      6161BDBB 
 135 017e F56F12F6 		.ascii	"\365o\022\366\003\277/\370\034\363\2713\315\357\252"
 135      03BF2FF8 
 135      1CF3B933 
 135      CDEFAA
 136 018d 1A658FDE 		.ascii	"\032e\217\336\352\322\364\242\036\276\031mFHpn8\020"
 136      EAD2F4A2 
 136      1EBE196D 
 136      4648706E 
 136      3810
 137 019f 15A2D56A 		.ascii	"\025\242\325jVE\333L\274\314\210\244\006\244z\247\007"
 137      5645DB4C 
 137      BCCC88A4 
 137      06A47AA7 
 137      07
 138 01b0 D9C3E490 		.ascii	"\331\303\344\220\252\0209\204N\033Gd\241!,=E*\221\202"
 138      AA103984 
 138      4E1B4764 
 138      A1212C3D 
 138      452A9182 
 139 01c4 79378C27 		.ascii	"y7\214'\320#\031.r`6\351\251\242\334\000K\014c\302\371"
 139      D023192E 
 139      726036E9 
 139      A9A2DC00 
 139      4B0C63C2 
 140 01d9 C062E697 		.ascii	"\300b\346\227\273r\214p\204\032\215j\007)3m\276\371"
 140      BB728C70 
 140      841A8D6A 
 140      0729336D 
 140      BEF9
 141 01eb F1784E8D 		.ascii	"\361xN\215l\265\210\203\342\353\226\330ak(n\325\242"
 141      6CB58883 
 141      E2EB96D8 
 141      616B286E 
 141      D5A2
 142 01fd ED505C6D 		.ascii	"\355P\\m\214\213Uo\213$\375\316\030\267s\350\310/P6"
 142      8C8B556F 
 142      8B24FDCE 
 142      18B773E8 
 142      C82F5036 
 143 0211 B2435791 		.ascii	"\262CW\221\035\204\317A\333\340\357Q\216\216\024\324"
 143      1D84CF41 
 143      DBE0EF51 
 143      8E8E14D4 
 144 0221 5ABD6EF6 		.ascii	"Z\275n\366q\26219\3318\030\266\2707\306X\345\013\335"
 144      71B23139 
 144      D93818B6 
ARM GAS  /tmp/cckr9yGK.s 			page 11


 144      B837C658 
 144      E50BDD
 145 0234 D4BC0B65 		.ascii	"\324\274\013e\"\214\262\320.~2p\312\177\\A\2750\207"
 145      228CB2D0 
 145      2E7E3270 
 145      CA7F5C41 
 145      BD3087
 146 0247 6BE8631E 		.ascii	"k\350c\036\264f8Q\215\277'\240-O&r\314\3601r\236\037"
 146      B4663851 
 146      8DBF27A0 
 146      2D4F2672 
 146      CCF03172 
 147 025d BFD2A6E1 		.ascii	"\277\322\246\341\324*\224G\372\360x+\011%\026\224v+"
 147      D42A9447 
 147      FAF0782B 
 147      09251694 
 147      762B
 148 026f 140B2362 		.ascii	"\024\013#b#u\332@\001\317\366+\276^\302+DZ\370\353`"
 148      2375DA40 
 148      01CFF62B 
 148      BE5EC22B 
 148      445AF8EB 
 149 0284 870AA008 		.ascii	"\207\012\240\010\356\341+kQ\233h\347\017\2418\233Y\230"
 149      EEE12B6B 
 149      519B68E7 
 149      0FA1389B 
 149      5998
 150 0296 A8A153CD 		.ascii	"\250\241S\315DP\356\\\270\265d\205O\360\221\271\"\237"
 150      4450EE5C 
 150      B8B56485 
 150      4FF091B9 
 150      229F
 151 02a8 81146B64 		.ascii	"\201\024kdo\207`0\244\315`yS\2412\244E7\020f\271\216"
 151      6F876030 
 151      A4CD6079 
 151      53A132A4 
 151      45371066 
 152 02be 3542F0E9 		.ascii	"5B\360\351\237\371j8\327\220O\250\3611N_6n\332\246B"
 152      9FF96A38 
 152      D7904FA8 
 152      F1314E5F 
 152      366EDAA6 
 153 02d3 9FDAA1DD 		.ascii	"\237\332\241\335v*T\214\354I\223\012\225\302\200%\024"
 153      762A548C 
 153      EC49930A 
 153      95C28025 
 153      14
 154 02e4 E76956F0 		.ascii	"\347iV\360\230\215m\2500\366\037\021\031\373:\264\027"
 154      988D6DA8 
 154      30F61F11 
 154      19FB3AB4 
 154      17
 155 02f5 11FA9BC8 		.ascii	"\021\372\233\310\226\315\201wOG\015\004iv\374=\311\030"
 155      96CD8177 
 155      4F470D04 
 155      6976FC3D 
 155      C918
ARM GAS  /tmp/cckr9yGK.s 			page 12


 156 0307 BD9D3441 		.ascii	"\275\2354AU\334\231+\2479\216\337$\345h\0071e\335\356"
 156      55DC992B 
 156      A7398EDF 
 156      24E56807 
 156      3165DDEE 
 157 031b 8836C301 		.ascii	"\2106\303\001\210d\357\356\365\210\001\013>{\267 \371"
 157      8864EFEE 
 157      F588010B 
 157      3E7BB720 
 157      F9
 158 032c 158843F9 		.ascii	"\025\210C\371\210\343\353\375k\203nja\235\006\223\215"
 158      88E3EBFD 
 158      6B836E6A 
 158      619D0693 
 158      8D
 159 033d 55D37AE3 		.ascii	"U\323z\343Y\272B\271l\205P%Xs\205)\242\333d\201|S\323"
 159      59BA42B9 
 159      6C855025 
 159      58738529 
 159      A2DB6481 
 160 0354 5E6CC217 		.ascii	"^l\302\027\320{V\345_\262\325\010l\357\340\334\201\030"
 160      D07B56E5 
 160      5FB2D508 
 160      6CEFE0DC 
 160      8118
 161 0366 D5142736 		.ascii	"\325\024'6\243+\332Z\300\231\021q\252D\234\273`\255"
 161      A32BDA5A 
 161      C0991171 
 161      AA449CBB 
 161      60AD
 162 0378 6238B504 		.ascii	"b8\265\004\347rOy\217\005NR\204\323 \207\323\0101\352"
 162      E7724F79 
 162      8F054E52 
 162      84D32087 
 162      D30831EA 
 163 038c 294E77F7 		.ascii	")Nw\367x\253\271\2003'\342\324\2118\367\300Z\307p\232"
 163      78ABB980 
 163      3327E2D4 
 163      8938F7C0 
 163      5AC7709A 
 164 03a0 084E7F4C 		.ascii	"\010N\177LA%\302\005\212p\356\313\341<\200\030-\024"
 164      4125C205 
 164      8A70EECB 
 164      E13C8018 
 164      2D14
 165 03b2 A7F9EE5C 		.ascii	"\247\371\356\\\233Z\300\231\027q\232E\234V\26063\234"
 165      9B5AC099 
 165      17719A45 
 165      9C56B036 
 165      339C
 166 03c4 368213D2 		.ascii	"6\202\023\322\374`L\207k\024\341<\224\303\351\204\030"
 166      FC604C87 
 166      6B14E13C 
 166      94C3E984 
 166      18
 167 03d5 1D14A7C0 		.ascii	"\035\024\247\300\267\310\210\004\234\005\021\247]\304"
 167      B7C88804 
ARM GAS  /tmp/cckr9yGK.s 			page 13


 167      9C0511A7 
 167      5DC4
 168 03e3 E9026B3B 		.ascii	"\351\002k;\303\351&8/\237%\366Z\342NE8\217\345pz!F\017"
 168      C3E92638 
 168      2F9F25F6 
 168      5AE24E45 
 168      388FE570 
 169 03fb C5699BCA 		.ascii	"\305i\233\312\314a{gI\304y$\342<\001\353#\206\323Gp"
 169      CC617B67 
 169      49C47924 
 169      E23C01EB 
 169      2386D347 
 170 0410 7ACAAAEB 		.ascii	"z\312\252\353u\270_\021\316\240\034\316S\2101@q\374"
 170      75B85F11 
 170      CEA01CCE 
 170      53883140 
 170      71FC
 171 0422 1AA332D9 		.ascii	"\032\2432\331b\255\2108\375\"\316\020X\373\031\3160"
 171      62AD8838 
 171      FD22CE10 
 171      58FB19CE 
 171      30
 172 0433 C1694C5C 		.ascii	"\301iL\\\216\266\302\243\212pF\344pF!\306s\212\223\023"
 172      8EB6C2A3 
 172      8A7046E4 
 172      704621C6 
 172      738A9313 
 173 0447 76FF3CDB 		.ascii	"v\377<\333\312k\"\3163\021\347\005X\2371\234\227\004"
 173      CA6B22CE 
 173      3311E705 
 173      589F319C 
 173      9704
 174 0459 27E75140 		.ascii	"'\347Q@\244\026O+\302\031\227\303\231\200\030c\024'"
 174      A4164F2B 
 174      C21997C3 
 174      99801863 
 174      1427
 175 046b AF352752 		.ascii	"\2575'R#\340\204\326Y\031Cw\020\236W\"\317$x_1\236)"
 175      23E084D6 
 175      59194377 
 175      109E5722 
 175      CF24785F 
 176 0482 C293593B 		.ascii	"\302\223Y;\227\216\361\242\"\236\0319\236Y\210\361\232"
 176      978EF1A2 
 176      229E1939 
 176      9E5988F1 
 176      9A
 177 0493 F2BC181A 		.ascii	"\362\274\030\032\354\263\024x\302%\236i\221g\016\274"
 177      ECB31478 
 177      C2259E69 
 177      91670EBC 
 178 04a3 D38CE70D 		.ascii	"\323\214\347\015\341\031\017Z\353\326a?\265\022\236"
 178      E1190F5A 
 178      EBD6613F 
 178      B5129E
 179 04b2 05399E45 		.ascii	"\0059\236E\210\361\226\362\274\276v\366\025\273/GH<"
 179      88F196F2 
ARM GAS  /tmp/cckr9yGK.s 			page 14


 179      BCBE76F6 
 179      15BB2F47 
 179      483C
 180 04c4 F322CF12 		.ascii	"\363\"\317\022x\347\031\3172\341y|c\276I\207#\025\361"
 180      78E719CF 
 180      32E1797C 
 180      63BE4987 
 180      2315F1
 181 04d7 ACC9F1AC 		.ascii	"\254\311\361\254C\214U\312\023\320\342w\307B\340\211"
 181      438C55CA 
 181      13D0E277 
 181      C742E089 
 182 04e7 94785644 		.ascii	"\224xVD\036\243\232\343K\224\347\264\232\347y\270\020"
 182      1EA39AE3 
 182      4B94E7B4 
 182      9AE779B8 
 182      10
 183 04f8 96ACC649 		.ascii	"\226\254\306I\212x|\3252<~\020\343\214\232\360\014\346"
 183      8A787CD5 
 183      323C7E10 
 183      E38C9AF0 
 183      0CE6
 184 050a 27FBB0F5 		.ascii	"'\373\260\365\212\226x|\324\214\307\037\274P\242<\001"
 184      8A96787C 
 184      D48CC71F 
 184      BC50A23C 
 184      01
 185 051b 84A7C1AF 		.ascii	"\204\247\301\257\350\2555\316U\304\023$\307s\016b\234"
 185      E8AD35CE 
 185      55C41324 
 185      C7730E62 
 185      9C
 186 052c A53C5DD5 		.ascii	"\245<]\325\021o\260\300\023+\361\004\212<\347\301\033"
 186      116FB0C0 
 186      132BF104 
 186      8A3CE7C1 
 186      1B
 187 053d C8782E10 		.ascii	"\310x.\020\236\316\364\363%\032\\\251\210'T\216'\014"
 187      9ECEF4F3 
 187      251A5CA9 
 187      8827548E 
 187      270C
 188 054f 6284509E 		.ascii	"b\204P\236\214\231\256\002\266^\361\022O\260\310\023"
 188      8C99AE02 
 188      B65EF112 
 188      4FB0C813 
 189 055f 0EDE60C6 		.ascii	"\016\336`\306s\221\360\314_\276Tl\201\353\025\361D\312"
 189      7391F0CC 
 189      5FBE546C 
 189      81EB15F1 
 189      44CA
 190 0571 F144418C 		.ascii	"\361DA\214K\224'qv4V'\360$J<\021\"O4x#\030O\014\341"
 190      4B942771 
 190      76345627 
 190      F0244A3C 
 190      11224F34 
 191 058b 298B0E2A 		.ascii	")\213\016*4\307\255\212x\342\345x\022 F\034\345yRV\315"
ARM GAS  /tmp/cckr9yGK.s 			page 15


 191      34C7AD8A 
 191      78E2E578 
 191      1220461C 
 191      E5795256 
 192 05a0 BE2BF225 		.ascii	"\276+\362%\234X\021'\021\254\261\014'\211\340\254\337"
 192      9C581127 
 192      11ACB10C 
 192      2789E0AC 
 192      DF
 193 05b1 88F337C3 		.ascii	"\210\3637\303=\212p.\313\341\244B\214\024\2123]\\\337"
 193      3D8A702E 
 193      CBE1A442 
 193      8C148A33 
 193      5D5CDF
 194 05c4 CE6E8785 		.ascii	"\316n\207\205\022O\262\310\223\006\336d\306\223Nx\232"
 194      124FB2C8 
 194      9306DE64 
 194      C6934E78 
 194      9A
 195 05d5 FA96C211 		.ascii	"\372\226\302\021\036R\304\223)\307\223\0051\256P\236"
 195      1E52C493 
 195      29C79305 
 195      31AE509E 
 196 05e5 B2C52A23 		.ascii	"\262\305*#\333>\305\022O\206\310s\025\274\031\214'\233"
 196      DB3EC512 
 196      4F86C873 
 196      15BC198C 
 196      279B
 197 05f7 F0D4E5A7 		.ascii	"\360\324\345\247\026Z\3421E<\271r<y\020\343\032\345"
 197      165AE231 
 197      453CB972 
 197      3C7910E3 
 197      1AE5
 198 0609 C97910FA 		.ascii	"\311y\020\372\224\335\016K%\236\034\221'\037\2749\214"
 198      94DD0E4B 
 198      259E1C91 
 198      271FBC39 
 198      8C
 199 061a A7806EE7 		.ascii	"\247\200n\347\351\306G:\376iF\001\317u9\236\033\020"
 199      E9C6473A 
 199      FE694601 
 199      CF75399E 
 199      1B10
 200 062c A388F224 		.ascii	"\243\210\362$'=\016g\267\237\233\022O\241\310S\014\336"
 200      273D0E67 
 200      B79F9B12 
 200      4FA1C853 
 200      0CDE
 201 063e 42C65342 		.ascii	"B\306SB\327+\265\262L\207W\025\361\334\224\343)\207"
 201      D72BB5B2 
 201      4C875715 
 201      F1DC94E3 
 201      2987
 202 0650 186594E7 		.ascii	"\030e\224\347\301\305\232\253\354\366S!\361\224\212"
 202      C1C59AAB 
 202      ECF65321 
 202      F1948A
ARM GAS  /tmp/cckr9yGK.s 			page 16


 203 065f 3C15E02D 		.ascii	"<\025\340-e<\267\010OqFc\003\302\376X\011O\225\034O"
 203      653CB708 
 203      4F714663 
 203      03C2FE58 
 203      094F951C 
 204 0674 35C4B82D 		.ascii	"5\304\270-\334~\036e\370\263\037?\355\022O\245\310S"
 204      DC7E1E65 
 204      F8B31F3F 
 204      ED124FA5 
 204      C853
 205 0686 03DE4AC6 		.ascii	"\003\336J\306s\207\360\214\246\364\334\324\341\020E"
 205      7387F08C 
 205      A6F4DCD4 
 205      E11045
 206 0695 3C75723C 		.ascii	"<ur<\365\020\243\226\362\014\327\\\271n&\360<\224x\356"
 206      F510A396 
 206      F20CD75C 
 206      B96E26F0 
 206      3C9478EE 
 207 06a9 8A3C0DE0 		.ascii	"\212<\015\340\275\313x\032\011\217_dH\227\025\216V\304"
 207      BDCB781A 
 207      098F5F64 
 207      4897158E 
 207      56C4
 208 06bb D32CC7D3 		.ascii	"\323,\307\323\0021\232(On\312\340S\033\201\247K\342"
 208      02319A28 
 208      4F6ECAE0 
 208      531B81A7 
 208      4BE2
 209 06cd B927F2DC 		.ascii	"\271'\362\334\007\357=\306\363\200\360t\227\347'X\342"
 209      07EF3DC6 
 209      F380F074 
 209      97E72758 
 209      E2
 210 06de 14453CED 		.ascii	"\024E<\355r<\035\020\243\215\362\204\005D\364\260\374"
 210      723C1D10 
 210      A38DF284 
 210      0544F4B0 
 210      FC
 211 06ef 3C92785A 		.ascii	"<\222xZE\236\207\340me<\235\204\247\324\247c\301\002"
 211      459E87E0 
 211      6D653C9D 
 211      84A7D4A7 
 211      63C102
 212 0702 5F55C4F3 		.ascii	"_U\304\363H\216\247\007btS\236\305\224\361k,?\375\022"
 212      488EA707 
 212      6274539E 
 212      C594F16B 
 212      2C3FFD12 
 213 0716 4F97C8F3 		.ascii	"O\227\310\363\030\274]\214\247\227\336\237\203\256?"
 213      18BC5D8C 
 213      A797DE9F 
 213      83AE3F
 214 0725 B6C6458A 		.ascii	"\266\306E\212x\372\345x\006 F\037\345\311:\027X\304"
 214      78FAE578 
 214      0620461F 
 214      E5C93A17 
ARM GAS  /tmp/cckr9yGK.s 			page 17


 214      58C4
 215 0737 F2332DF1 		.ascii	"\3623-\361<\021y\006\301\373\204\361<%<\275\225\367"
 215      3C117906 
 215      C1FB84F1 
 215      3C253CBD 
 215      95F7
 216 0749 02395CA1 		.ascii	"\0029\\\241\210\347\231\034\317s\2101,|}\265\214^\262"
 216      88E7991C 
 216      CF738831 
 216      2C7C7DB5 
 216      8C5EB2
 217 075c 62CFC912 		.ascii	"b\317\311\022\317\220\3103\002\336!\3063Jx\222/\246"
 217      CF90C833 
 217      02DE21C6 
 217      334A7892 
 217      2FA6
 218 076e 676971AD 		.ascii	"giq\255\"\236Wr<c\020\343%\345YZ\352\233g\337\027s\022"
 218      229E5772 
 218      3C6310E3 
 218      25E5595A 
 218      EA9B67DF 
 219 0785 CF0B9167 		.ascii	"\317\013\221g\034\274/\030\317\004\345\031k\356\340"
 219      1CBC2F18 
 219      CF04E519 
 219      6BEEE0
 220 0794 F07D453C 		.ascii	"\360}E<\323r<\257!\306\024\345)L\013y\312\356?K\022"
 220      D3723CAF 
 220      21C614E5 
 220      294C0B79 
 220      CAEE3F4B 
 221 07a9 CFA4C833 		.ascii	"\317\244\3103\003\336I\3063Kx\332f\013W\254q\267\"\236"
 221      03DE49C6 
 221      334B78DA 
 221      660B57AC 
 221      71B7229E 
 222 07bd 79399EB7 		.ascii	"y9\236\267\020\343\015\345)\036Z\022yV$\2369\221g"
 222      10E30DE5 
 222      291E5A12 
 222      7956249E 
 222      399167
 223 07d0 01BC738C 		.ascii	"\001\274s\214g\221\360Dv/To\302\203\212xV\344xV!\306"
 223      6791F044 
 223      762F546F 
 223      C2838A78 
 223      56E47856 
 224 07e6 32E5498A 		.ascii	"2\345I\212\362\365c\327\327\232\304\263$\362\254\201"
 224      F2F563D7 
 224      D79AC4B3 
 224      24F2AC81 
 225 07f6 7789F1AC 		.ascii	"w\211\361\254\023\236\325\250\322\2276\370\245\"\036"
 225      139ED5A8 
 225      D29736F8 
 225      A5221E
 226 0805 1F2CC373 		.ascii	"\037,\303s\006s\3504&<g\223\262F\304\307\301z\221\307"
 226      0673E834 
 226      263C6793 
 226      B246C4C7 
ARM GAS  /tmp/cckr9yGK.s 			page 18


 226      C17A91C7 
 227 0819 88198F2F 		.ascii	"\210\031\217/x\241Dy\3740\317S^\2239k\205g\024\361\004"
 227      78A14479 
 227      FC30CF53 
 227      5E93396B 
 227      856714F1 
 228 082e CAF19C85 		.ascii	"\312\361\234\205\030\001\224'<0&K|\334\221x\374E\236"
 228      18019427 
 228      3C30264B 
 228      7CDC9178 
 228      FC459E
 229 0841 20F0FA33 		.ascii	" \360\3723\236s\204\247\342\364R\234\015^V\304\023,"
 229      9E7384A7 
 229      E2F4529C 
 229      0D5E56C4 
 229      132C
 230 0853 C7130231 		.ascii	"\307\023\0021.P\236\222\344\304\343\354iG\3029/\342"
 230      2E509E92 
 230      E4C4E3EC 
 230      6947C239 
 230      2FE2
 231 0865 8482F53C 		.ascii	"\204\202\365<\303\011#8W\243c\314\260/\247\204&B\216"
 231      C3092338 
 231      57A363CC 
 231      B02FA784 
 231      26428E
 232 0878 E61284B8 		.ascii	"\346\022\204\270Hi&{\207\022\331n\216\225p\302E\234"
 232      4869267B 
 232      8712D96E 
 232      8E9570C2 
 232      459C
 233 088a 48F08633 		.ascii	"H\360\2063\234(\202s\272wjZ\203/(\342\211\225\343\211"
 233      9C288273 
 233      BA776A5A 
 233      832F28E2 
 233      8995E389 
 234 089e 83183194 		.ascii	"\203\0301\224'\375V\313\257\330\263\216\204\023-\342"
 234      27FD56CB 
 234      AFD8B38E 
 234      84132DE2 
 235 08ae C483359A 		.ascii	"\304\2035\232\341$\020\234\340\376\240\333\0268R\021"
 235      E124109C 
 235      E0FEA0DB 
 235      16385211 
 236 08be 4EB21C4E 		.ascii	"N\262\034N\012\304H\022p2\013.\261/\213B\211'Q\344\271"
 236      0AC44812 
 236      70320B2E 
 236      B12F8B42 
 236      892751E4 
 237 08d3 0CDE44C6 		.ascii	"\014\336D\306\223Jxj3:\355p\222\"\234\0149\234+\020"
 237      934A786A 
 237      333AED70 
 237      92229C0C 
 237      399C2B10 
 238 08e7 229DE2A4 		.ascii	"\"\235\342\244\206\370\275e\327\372u\011'M\304\311\004"
 238      86F8BD65 
 238      D7FA7509 
ARM GAS  /tmp/cckr9yGK.s 			page 19


 238      274DC4C9 
 238      04
 239 08f8 6F1AC3C9 		.ascii	"o\032\303\311\"8K\023\313\32168S\021O\216\034\3175\210"
 239      22384B13 
 239      CBD13638 
 239      53114F8E 
 239      1CCF3588 
 240 090c 914D798A 		.ascii	"\221My\212R:^\261k\275X\342\271*\362\344\202\367*\343"
 240      523A5EB1 
 240      6BBD58E2 
 240      B92AF2E4 
 240      82F72AE3 
 241 0920 C9233CE9 		.ascii	"\311#<\351}\265w\021.P\304S(\307S\0041\012(O\301\352"
 241      7DB57711 
 241      2E50C453 
 241      28C75304 
 241      310A284F 
 242 0936 B334F62C 		.ascii	"\2634\366,X*\361\344\213<\327\301\233\317xn\020\236"
 242      582AF1E4 
 242      8B3CD7C1 
 242      9BCF786E 
 242      109E
 243 0948 89A9F12B 		.ascii	"\211\251\361+\326\370\246\"\236R9\2362\210QByV\337L"
 243      D6F8A622 
 243      9E52399E 
 243      32885142 
 243      7956DF4C 
 244 095c 4EB0ED53 		.ascii	"N\260\355S)\361\024\213<7\301[\314x\312\011\317\355"
 244      29F1148B 
 244      3C37C15B 
 244      CC78CA09 
 244      CFED
 245 096e 149F641B 		.ascii	"\024\237d\033|G\021O\245\034\317m\210q\213\362\014\274"
 245      7C47114F 
 245      A51CCF6D 
 245      88718BF2 
 245      0CBC
 246 0980 AA3C28E0 		.ascii	"\252<(\340\264J8\025\"N\025X+\030N5\301Y\271_~\332\012"
 246      B44A3815 
 246      224E1558 
 246      2B184E35 
 246      C159B95F 
 247 0997 372BC2B9 		.ascii	"7+\302\271+\207S\0131\356P\034\337Kg\256\260\355\334"
 247      2B87530B 
 247      31EE501C 
 247      DF4B67AE 
 247      B0EDDC
 248 09aa 2EF1D488 		.ascii	".\361\324\210<u\340\255a<\365\204\347^\361p\265\015"
 248      3C75E0AD 
 248      613CF584 
 248      E75EF170 
 248      B50D
 249 09bc EE54C473 		.ascii	"\356T\304sO\216\247\011b4R\236\333a\253+\354Q\360\241"
 249      4F8EA709 
 249      6234529E 
 249      DB61AB2B 
 249      EC51F0A1 
ARM GAS  /tmp/cckr9yGK.s 			page 20


 250 09d0 C4D320F2 		.ascii	"\304\323 \3624\203\267\201\361\264\020\236\261\302\300"
 250      3483B781 
 250      F1B4109E 
 250      B1C2C0
 251 09df 0135EEA7 		.ascii	"\0015\356\247<3\013\035\311d\275\215\360[W\357kA\272"
 251      3C330B1D 
 251      C964BD8D 
 251      F05B57EF 
 251      6B41BA
 252 09f2 DF67DD55 		.ascii	"\337g\335U\374\251\360\030@\372\3166\227N\332\340q\332"
 252      FCA9F018 
 252      40FACE36 
 252      974EDAE0 
 252      71DA
 253 0a04 37A726E6 		.ascii	"7\247&\346\236%~C\013\011C\235\377\315\003\266aa^\305"
 253      9E257E43 
 253      0B09439D 
 253      FFCD03B6 
 253      61615EC5 
 254 0a18 238D755A 		.ascii	"#\215uZx\000\376F\213\214\374K\255\256\365\326\010K"
 254      7800FE46 
 254      8B8CFC4B 
 254      ADAEF5D6 
 254      084B
 255 0a2a 32A90E6C 		.ascii	"2\251\016lG\034\375g\362\306tx\211\366O\255\237\274"
 255      471CFD67 
 255      F2C67478 
 255      89F64FAD 
 255      9FBC
 256 0a3c 64C30FD0 		.ascii	"d\303\017\320\011\301\037\002u;\235al\371\334=3\372"
 256      09C11F02 
 256      753B9D61 
 256      6CF9DC3D 
 256      33FA
 257 0a4e AA4C03C5 		.ascii	"\252L\003\305\200\254\347S\026\357}\317\366\010\013"
 257      80ACE753 
 257      16EF7DCF 
 257      F6080B
 258 0a5d EFD9BA31 		.ascii	"\357\331\2721y\261\225]\234~\023\321\316\026P<W{\243"
 258      79B1955D 
 258      9C7E13D1 
 258      CE16503C 
 258      577BA3
 259 0a70 0ED3F76C 		.ascii	"\016\323\367l\015|sE\373\375\006+\323\367^\217\261\035"
 259      0D7C7345 
 259      FBFD062B 
 259      D3F75E8F 
 259      B11D
 260 0a82 EAE10951 		.ascii	"\352\341\011Q/\266ec\362\356\007\275\257W4;|\314\310"
 260      2FB66563 
 260      F2EE07BD 
 260      AF57343B 
 260      7CCCC8
 261 0a95 4AF16DFC 		.ascii	"J\361m\374\366L\360\037\260\"\223z\"\254\324\363\323"
 261      F64CF01F 
 261      B022937A 
 261      22ACD4F3 
ARM GAS  /tmp/cckr9yGK.s 			page 21


 261      D3
 262 0aa6 75513A7C 		.ascii	"uQ:|\336\214L\352Ix\316\2405?\251~\230T\037L\252\213"
 262      DE8C4CEA 
 262      4978CEA0 
 262      353FA97E 
 262      98541F4C 
 263 0abc 4E2ABFC2 		.ascii	"N*\277\302w\302\232rU\361\271\251\037\357j4\247`F+\376"
 263      77C29A72 
 263      55F1B9A9 
 263      1FEF6A34 
 263      A760462B 
 264 0ad1 1B7732BB 		.ascii	"\033w2\273D'\264o\314\245\255\220\313\325\256\261\273"
 264      4427B46F 
 264      CCA5AD90 
 264      CBD5AEB1 
 264      BB
 265 0ae2 48F0F359 		.ascii	"H\360\363Y\311\034\211\017\266\242\355\007\2408\022"
 265      C91C890F 
 265      B6A2ED07 
 265      A03812
 266 0af1 DCB0A6C6 		.ascii	"\334\260\246\306\021\224!\266'\276Ic\025\304\277\012"
 266      119421B6 
 266      27BE4963 
 266      15C4BF0A 
 267 0b01 A419E357 		.ascii	"\244\031\343WXJ\331(\266\022\326\032\274\013I\341\035"
 267      584AD928 
 267      B612D61A 
 267      BC0B49E1 
 267      1D
 268 0b12 6A9C463A 		.ascii	"j\234F:\252\3272S\0137!+\373\367tE\257\260\375\206\336"
 268      AAD73253 
 268      0B37212B 
 268      FBF77445 
 268      AFB0FD86 
 269 0b27 E4CDE460 		.ascii	"\344\315\344`\307\3307\221~\374\253\326\227\320\360"
 269      C7D83791 
 269      7EFCABD6 
 269      97D0F0
 270 0b36 42DA46E0 		.ascii	"B\332F\340\243\021\306\007\233\3749<N\321\312K*\352"
 270      A311C607 
 270      9BFC393C 
 270      4ED1CA4B 
 270      2AEA
 271 0b48 84B5DDCD 		.ascii	"\204\265\335\315\357\247\270\330.\016/\323\266\370\305"
 271      EFA7B8D8 
 271      2E0E2FD3 
 271      B6F8C5
 272 0b57 BA6535F6 		.ascii	"\272e5\366\335D\012q\263}/\205\227\255\366Pl\355J\315"
 272      DD440A71 
 272      B37D2F85 
 272      97ADF650 
 272      6CED4ACD 
 273 0b6b 31C731B4 		.ascii	"1\3071\264mv\304\307\317\014\247\323\002{ilK_\0327\266"
 273      6D76C4C7 
 273      CF0CA7D3 
 273      027B696C 
 273      4B5F1A37 
ARM GAS  /tmp/cckr9yGK.s 			page 22


 274 0b80 DF0932C3 		.ascii	"\337\0112\303\271\264\2556y5\314\034\227\320\302\244"
 274      B9B4AD36 
 274      7935CC1C 
 274      97D0C2A4 
 275 0b90 EFF3414B 		.ascii	"\357\363AKj\334\306c\025t\373\232\343*\332V>\346\263"
 275      6ADCC663 
 275      1574FB9A 
 275      E32ADA56 
 275      3EE6B3
 276 0ba3 1737D2F3 		.ascii	"\0277\322\363\366\351\346\004\301\267\231\217\334\035"
 276      F6E9E604 
 276      C1B7998F 
 276      DC1D
 277 0bb1 52AFC54F 		.ascii	"R\257\305Oh\333Rwf4\302\023\264\360\242\270/A\207\327"
 277      68DB5277 
 277      6634C213 
 277      B4F0A2B8 
 277      2F4187D7 
 278 0bc5 69E17C5B 		.ascii	"i\341|[\004|\247\205\231\323!\326\363\226-p\002-T\006"
 278      047CA785 
 278      99D321D6 
 278      F3962D70 
 278      022D5406 
 279 0bd9 E5FB6A71 		.ascii	"\345\373jq6-\3645de\363\373\3617Z\304\277P\267\201\252"
 279      362DF435 
 279      6465F3FB 
 279      F1375AC4 
 279      BF50B781 
 280 0bee BCF1B245 		.ascii	"\274\361\262E\035\255\"}Cf\322\314q1\261\253\263\303"
 280      1DAD227D 
 280      4366D2CC 
 280      7131B1AB 
 280      B3C3
 281 0c00 C6DA2D90 		.ascii	"\306\332-\220=}\011<xq\355\253\350\031\243q;:\303i\321"
 281      3D7D093C 
 281      7871EDAB 
 281      E819A371 
 281      3B3AC369 
 282 0c15 694E4CF5 		.ascii	"iNL\365o\370\355\032(\256\231JZ0\037\316\236\037\227"
 282      6FF8ED1A 
 282      28AE994A 
 282      5A301FCE 
 282      9E1F97
 283 0c28 F7212367 		.ascii	"\367!#g\207\326\351E\222\225\026vy\023\236\2471\256"
 283      87D6E945 
 283      92951676 
 283      79139EA7 
 283      31AE
 284 0c3a E63EA833 		.ascii	"\346>\2503GZ{\331\001\374e\006\2400\353\353\177\254"
 284      475A7BD9 
 284      01FC6506 
 284      A030EBEB 
 284      7FAC
 285 0c4c 23EBEE07 		.ascii	"#\353\356\0070\276\022\014\260\321u\257M;;\302m\334"
 285      30BE120C 
 285      B0D175AF 
 285      4D3B3BC2 
ARM GAS  /tmp/cckr9yGK.s 			page 23


 285      6DDC
 286 0c5e 85BC51DA 		.ascii	"\205\274Q\332\205\001\034\277?\310\217\361\352\240\005"
 286      85011CBF 
 286      3FC88FF1 
 286      EAA005
 287 0c6d 2B9CA521 		.ascii	"+\234\245!\323\277\230\226[&\\\007\037\361\373\372b"
 287      D3BF9896 
 287      5B265C07 
 287      1FF1FBFA 
 287      62
 288 0c7e CB75CD7B 		.ascii	"\313u\315{/\376 N\270\370\317rd^\001\225\365\023\234"
 288      2FFE204E 
 288      B8F8CF72 
 288      645E0195 
 288      F5139C
 289 0c91 74757364 		.ascii	"tusdO>\203\253{\230\\\335\3478[\326\011\334[\212\337"
 289      4F3E83AB 
 289      7B985CDD 
 289      E7385BD6 
 289      09DC5B8A 
 290 0ca6 16E75BA3 		.ascii	"\026\347[\243\235\374\261e\247p\330\363\177.\363\314"
 290      9DFCB165 
 290      A770D8F3 
 290      7F2EF3CC 
 291 0cb6 FCC68E4A 		.ascii	"\374\306\216J\3677\206:\223QV`g\207q[\244\314t\223!"
 291      F737863A 
 291      93515660 
 291      6787715B 
 291      A4CC7493 
 292 0ccb F7C01F15 		.ascii	"\367\300\037\025\361\323\177\366\246\3461S\363sS3\377"
 292      F1D37FF6 
 292      A6E63153 
 292      F3735333 
 292      FF
 293 0cdc 866E13F1 		.ascii	"\206n\023\361\2765\365\2761\365.\210\336%S\357\202\251"
 293      BE35F5BE 
 293      31F52E88 
 293      DE2553EF 
 293      82A9
 294 0cee 775EF42E 		.ascii	"w^\364.\313\003g\363\211S\205\011)2\"N\205\236B\202"
 294      CB0367F3 
 294      89538509 
 294      2932224E 
 294      859E4282 
 295 0d02 064923EF 		.ascii	"\006I#\357\207eD\261\260\352\011\334N\224\010:\017\012"
 295      876544B1 
 295      B0EA09DC 
 295      4E94083A 
 295      0F0A
 296 0d14 0585802E 		.ascii	"\005\205\200.\201\202A\027A\361\240pP\024(\006\024\011"
 296      81824117 
 296      41F1A070 
 296      50142806 
 296      1409
 297 0d26 8A065D00 		.ascii	"\212\006]\000\305\201\"\270\235\344k\204r\205K\311\231"
 297      C58122B8 
 297      9DE46B84 
ARM GAS  /tmp/cckr9yGK.s 			page 24


 297      72854BC9 
 297      99
 298 0d37 35059BD9 		.ascii	"5\005\233\331\000F\335k\342,\346\345\263#\232\341;,"
 298      0046DD6B 
 298      E22CE6E5 
 298      B3239AE1 
 298      3B2C
 299 0d49 FF4B7E64 		.ascii	"\377K~dX[\024\310Q3[q4d\232\236%q\340E\371Tn\244\210"
 299      585B14C8 
 299      51335B71 
 299      34649A9E 
 299      2571E045 
 300 0d62 9698274D 		.ascii	"\226\230'M\335\343\246#GH\346\327\246\346)Ss\254d\236"
 300      DDE3A623 
 300      4748E6D7 
 300      A6E62953 
 300      73AC649E 
 301 0d76 901F7923 		.ascii	"\220\037y#G\244\344\236\226\037\232\272\311uY5\2407"
 301      47A4E49E 
 301      961F9ABA 
 301      C9755935 
 301      A037
 302 0d88 1A35BC49 		.ascii	"\0325\274I%\\\221\322\"$\325m\345\377c\014&C\215\310"
 302      255C91D2 
 302      2224D56D 
 302      E5FF630C 
 302      26438DC8 
 303 0d9c EFD18D81 		.ascii	"\357\321\215\201C\245\300s\362\213\266aN\257\263\020"
 303      43A5C073 
 303      F28BB661 
 303      4EAFB310 
 304 0dac 1D1C2E6C 		.ascii	"\035\034.l\264fjw0q\317\246#\011eU\326MI\340\252NZx"
 304      B4666A77 
 304      3071CFA6 
 304      23096555 
 304      D64D49E0 
 305 0dc4 556A890B 		.ascii	"Uj\211\013\310\375A]z!|\335\032\331o\241\223-\252C\374"
 305      C8FD415D 
 305      7A217CDD 
 305      1AD96FA1 
 305      932DAA43 
 306 0dd9 6C53A073 		.ascii	"lS\240s\222t\013\342'\377\236=\216\222ak\377\177ls\340"
 306      92740BE2 
 306      27FF9E3D 
 306      8E92616B 
 306      FF7F6C73 
 307 0dee BCD41F5C 		.ascii	"\274\324\037\\g\376I*\375?H\317\367\307\371\030\317"
 307      67FE492A 
 307      FD3F48CF 
 307      F7C7F918 
 307      CF
 308 0dff 8469095B 		.ascii	"\204i\011[+\375Zd\024h\000~\023\220\312\277\301\017"
 308      2BFD5A64 
 308      1468007E 
 308      1390CABF 
 308      C10F
 309 0e11 85CBDC27 		.ascii	"\205\313\334'\320\271\2607\255K\203\313\351M\360E\240"
ARM GAS  /tmp/cckr9yGK.s 			page 25


 309      D0B9B037 
 309      AD4B83CB 
 309      E94DF045 
 309      A0
 310 0e22 5FB3258C 		.ascii	"_\263%\2144\010\231\352\3433U\303\221\273g*\235\343"
 310      340899EA 
 310      E33355C3 
 310      91BB672A 
 310      9DE3
 311 0e34 863B20D4 		.ascii	"\206; \324\360ok\270OT[\235\274=\216;{\270\236\320\273"
 311      F06F6BB8 
 311      4F545B9D 
 311      BC3D8E3B 
 311      7BB89ED0 
 312 0e49 3AE9FFE1 		.ascii	":\351\377\341\242?\345\345v\322C\363\247\277|\267\335"
 312      A23FE5E5 
 312      76D243F3 
 312      A7BF7CB7 
 312      DD
 313 0e5a 71CF1ED5 		.ascii	"q\317\036\325\357w\355rp<\356v\324\355\353o\035N\032"
 313      EF77ED72 
 313      703CEE76 
 313      D4EDEB6F 
 313      1D4E1A
 314 0e6d 1C5C4EBA 		.ascii	"\034\\N\272\273\237\364p8u\322\323\313\340p\360\257"
 314      BB9FF470 
 314      3875D2D3 
 314      CBE070F0 
 314      AF
 315 0e7e 871D0FFF 		.ascii	"\207\035\017\377\203\257;\345vB\357ip\370\223\243\243"
 315      83AF3BE5 
 315      7642EF69 
 315      70F893A3 
 315      A3
 316 0e8f C38F7A17 		.ascii	"\303\217z\027\257\223\236\206].*\313\277\034\376\263"
 316      AF939E86 
 316      5D2E2ACB 
 316      BF1CFEB3 
 317 0e9f D3576464 		.ascii	"\323WddO\356\377\364\316?p.\307\235=?\224\013\2472s"
 317      4FEEFFF4 
 317      CE3F702E 
 317      C79D3D3F 
 317      940BA732 
 318 0eb4 3EE1E66C 		.ascii	">\341\346l\370\340+gO\327/\235\275Ox\261~\037\034\326"
 318      F8E02B67 
 318      4FD72F9D 
 318      BD4F78B1 
 318      7E1F1CD6 
 319 0ec8 BB1F76F6 		.ascii	"\273\037v\366p>\246g5\233\017y\033\336\261\330~g\200"
 319      703EA667 
 319      359B0F79 
 319      1BDEB1D8 
 319      7E6780
 320 0edb E677AA34 		.ascii	"\346w\2524G\010\304\036G\341d\357nv\262\217\235\034"
 320      4708C41E 
 320      47E164EF 
 320      6E76B28F 
ARM GAS  /tmp/cckr9yGK.s 			page 26


 320      9D1C
 321 0eed B0FCF688 		.ascii	"\260\374\366\210\2438\346\177\351\217z\037;|\322\303"
 321      A338E67F 
 321      E98F7A1F 
 321      3B7CD2C3 
 322 0efd 64804FF7 		.ascii	"d\200O\367Y\177\243\367p\375\366\010\253\267\371\366"
 322      597FA3F7 
 322      70FDF608 
 322      ABB7F9F6 
 323 0f0d 27C3DFDC 		.ascii	"'\303\337\334\\~0\361\355c\343\357c\343\357;\300N\030"
 323      5C7E30F1 
 323      ED63E3EF 
 323      63E3EF3B 
 323      C04E18
 324 0f20 C367CCF3 		.ascii	"\303g\314\363\031\363|\306<\2371\317\347\314\3639\363"
 324      19F37CC6 
 324      3C9F31CF 
 324      E7CCF339 
 324      F3
 325 0f31 7CCE3C9F 		.ascii	"|\316<\2373\317~\346\331\317<\373\231g?\363\034`\236"
 325      33CF7EE6 
 325      D9CF3CFB 
 325      99673FF3 
 325      1C609E
 326 0f44 03CC7380 		.ascii	"\003\314s\200y\0160\317\027\314\363\005\363|\301<_0"
 326      790E30CF 
 326      17CCF305 
 326      F37CC13C 
 326      5F30
 327 0f56 CF41E639 		.ascii	"\317A\3469\310<\007\231\347 \363\034b\236C\314s\210"
 327      C83C0799 
 327      E720F31C 
 327      629E43CC 
 327      7388
 328 0f68 790E39EA 		.ascii	"y\0169\352\376\2527\350\245eq\0226\007\347m\320\273"
 328      FEAA37E8 
 328      A5657112 
 328      3607E76D 
 328      D0BB
 329 0f7a 9AC3921F 		.ascii	"\232\303\222\037\363\320\273Z\354\022jU\346\0068\201"
 329      F3D0BB5A 
 329      EC126A55 
 329      E6063881 
 330 0f8a DD6063F8 		.ascii	"\335`c\370\311\340\305g\231\356\023O+7\317\277\013]"
 330      C9E0C567 
 330      99EE134F 
 330      2B37CFBF 
 330      0B5D
 331 0f9c 9DBC146F 		.ascii	"\235\274\024o"
 332 0fa0 C8E32AEB 		.ascii	"\310\343*\353S\260\230\206\037\331\260\232\037\205E"
 332      53B09886 
 332      1FD9B09A 
 332      1F8545
 333 0faf DEEACA2F 		.ascii	"\336\352\312/?\014\343\306G\020Z-\015?\272\2308\367"
 333      3F0CE3C6 
 333      47105A2D 
 333      0D3FBA98 
ARM GAS  /tmp/cckr9yGK.s 			page 27


 333      38F7
 334 0fc1 1E6027FB 		.ascii	"\036`'\373\330\311n\341d\217\213\2557\277\015\377\227"
 334      D8C96EE1 
 334      648F8BAD 
 334      37BF0DFF 
 334      97
 335 0fd2 6C43A1DB 		.ascii	"lC\241\333\346\243\336\206w*>p\327\273\273\323\335\314"
 335      E6A3DE86 
 335      772A3E70 
 335      D7BBBBD3 
 335      DDCC
 336 0fe4 6AE08A70 		.ascii	"j\340\212p}\307c\351\341\356\306\316u\236$}BI\353\006"
 336      7DC763E9 
 336      E1EEC6CE 
 336      759E247D 
 336      4249EB06 
 337 0ff8 804E062F 		.ascii	"\200N\006/g\227\037\264"
 337      67971FB4 
 338 1000 4E4EDE6E 		.ascii	"NN\336n\036^\237\356u\362\332\347\340m\360tp\366t\377"
 338      1E5E9FEE 
 338      75F2DAE7 
 338      E06DF074 
 338      70F674FF 
 339 1014 9DC7490F 		.ascii	"\235\307I\017\375\357\364\316G\335\034\334<\\Nx\273"
 339      FDEFF4CE 
 339      47DD1CDC 
 339      3C5C4E78 
 339      BB
 340 1025 EA1DDC9D 		.ascii	"\352\035\334\235]\216\273y\350\035\234\\\0050\257\237"
 340      5D8EBB79 
 340      E81D9C5C 
 340      0530AF9F 
 341 1035 4EE9F94C 		.ascii	"N\351\371LhX\357\377\374\027\275a\025\034 \234+X\241"
 341      6858EFFF 
 341      FC17BD61 
 341      151C209C 
 341      2B58A1
 342 1048 8BB99047 		.ascii	"\213\271\220G\013\341\323\311\313\326\311\311\335\331"
 342      0BE1D3C9 
 342      CBD6C9C9 
 342      DDD9
 343 1056 CD831239 		.ascii	"\315\203\0229Aj\235\234\376\011\377\211\360`"
 343      416A9D9C 
 343      FE09FF89 
 343      F060
 344              		.text
 345              		.section	.gnu.lto_.symtab.32dccd456254c898,"",%progbits
 346 0000 5F756E68 		.ascii	"_unhandled_exception\000"
 346      616E646C 
 346      65645F65 
 346      78636570 
 346      74696F6E 
 347 0015 00       		.ascii	"\000"
 348 0016 00       		.ascii	"\000"
 349 0017 00       		.ascii	"\000"
 350 0018 00000000 		.ascii	"\000\000\000\000\000\000\000\000"
 350      00000000 
ARM GAS  /tmp/cckr9yGK.s 			page 28


 351 0020 AD000000 		.ascii	"\255\000\000\000"
 352 0024 4E4D495F 		.ascii	"NMI_Handler\000"
 352      48616E64 
 352      6C657200 
 353 0030 00       		.ascii	"\000"
 354 0031 01       		.ascii	"\001"
 355 0032 00       		.ascii	"\000"
 356 0033 00000000 		.ascii	"\000\000\000\000\000\000\000\000"
 356      00000000 
 357 003b BF000000 		.ascii	"\277\000\000\000"
 358 003f 48617264 		.ascii	"HardFault_Handler\000"
 358      4661756C 
 358      745F4861 
 358      6E646C65 
 358      7200
 359 0051 00       		.ascii	"\000"
 360 0052 01       		.ascii	"\001"
 361 0053 00       		.ascii	"\000"
 362 0054 00000000 		.ascii	"\000\000\000\000\000\000\000\000"
 362      00000000 
 363 005c C5000000 		.ascii	"\305\000\000\000"
 364 0060 4D656D4D 		.ascii	"MemManage_Handler\000"
 364      616E6167 
 364      655F4861 
 364      6E646C65 
 364      7200
 365 0072 00       		.ascii	"\000"
 366 0073 01       		.ascii	"\001"
 367 0074 00       		.ascii	"\000"
 368 0075 00000000 		.ascii	"\000\000\000\000\000\000\000\000"
 368      00000000 
 369 007d CB000000 		.ascii	"\313\000\000\000"
 370 0081 42757346 		.ascii	"BusFault_Handler\000"
 370      61756C74 
 370      5F48616E 
 370      646C6572 
 370      00
 371 0092 00       		.ascii	"\000"
 372 0093 01       		.ascii	"\001"
 373 0094 00       		.ascii	"\000"
 374 0095 00000000 		.ascii	"\000\000\000\000\000\000\000\000"
 374      00000000 
 375 009d D1000000 		.ascii	"\321\000\000\000"
 376 00a1 55736167 		.ascii	"UsageFault_Handler\000"
 376      65466175 
 376      6C745F48 
 376      616E646C 
 376      657200
 377 00b4 00       		.ascii	"\000"
 378 00b5 01       		.ascii	"\001"
 379 00b6 00       		.ascii	"\000"
 380 00b7 00000000 		.ascii	"\000\000\000\000\000\000\000\000"
 380      00000000 
 381 00bf D7000000 		.ascii	"\327\000\000\000"
 382 00c3 56656374 		.ascii	"Vector1C\000"
 382      6F723143 
 382      00
ARM GAS  /tmp/cckr9yGK.s 			page 29


 383 00cc 00       		.ascii	"\000"
 384 00cd 01       		.ascii	"\001"
 385 00ce 00       		.ascii	"\000"
 386 00cf 00000000 		.ascii	"\000\000\000\000\000\000\000\000"
 386      00000000 
 387 00d7 DD000000 		.ascii	"\335\000\000\000"
 388 00db 56656374 		.ascii	"Vector20\000"
 388      6F723230 
 388      00
 389 00e4 00       		.ascii	"\000"
 390 00e5 01       		.ascii	"\001"
 391 00e6 00       		.ascii	"\000"
 392 00e7 00000000 		.ascii	"\000\000\000\000\000\000\000\000"
 392      00000000 
 393 00ef E3000000 		.ascii	"\343\000\000\000"
 394 00f3 56656374 		.ascii	"Vector24\000"
 394      6F723234 
 394      00
 395 00fc 00       		.ascii	"\000"
 396 00fd 01       		.ascii	"\001"
 397 00fe 00       		.ascii	"\000"
 398 00ff 00000000 		.ascii	"\000\000\000\000\000\000\000\000"
 398      00000000 
 399 0107 E9000000 		.ascii	"\351\000\000\000"
 400 010b 56656374 		.ascii	"Vector28\000"
 400      6F723238 
 400      00
 401 0114 00       		.ascii	"\000"
 402 0115 01       		.ascii	"\001"
 403 0116 00       		.ascii	"\000"
 404 0117 00000000 		.ascii	"\000\000\000\000\000\000\000\000"
 404      00000000 
 405 011f EF000000 		.ascii	"\357\000\000\000"
 406 0123 5356435F 		.ascii	"SVC_Handler\000"
 406      48616E64 
 406      6C657200 
 407 012f 00       		.ascii	"\000"
 408 0130 01       		.ascii	"\001"
 409 0131 00       		.ascii	"\000"
 410 0132 00000000 		.ascii	"\000\000\000\000\000\000\000\000"
 410      00000000 
 411 013a F5000000 		.ascii	"\365\000\000\000"
 412 013e 44656275 		.ascii	"DebugMon_Handler\000"
 412      674D6F6E 
 412      5F48616E 
 412      646C6572 
 412      00
 413 014f 00       		.ascii	"\000"
 414 0150 01       		.ascii	"\001"
 415 0151 00       		.ascii	"\000"
 416 0152 00000000 		.ascii	"\000\000\000\000\000\000\000\000"
 416      00000000 
 417 015a FB000000 		.ascii	"\373\000\000\000"
 418 015e 56656374 		.ascii	"Vector34\000"
 418      6F723334 
 418      00
 419 0167 00       		.ascii	"\000"
ARM GAS  /tmp/cckr9yGK.s 			page 30


 420 0168 01       		.ascii	"\001"
 421 0169 00       		.ascii	"\000"
 422 016a 00000000 		.ascii	"\000\000\000\000\000\000\000\000"
 422      00000000 
 423 0172 01010000 		.ascii	"\001\001\000\000"
 424 0176 50656E64 		.ascii	"PendSV_Handler\000"
 424      53565F48 
 424      616E646C 
 424      657200
 425 0185 00       		.ascii	"\000"
 426 0186 01       		.ascii	"\001"
 427 0187 00       		.ascii	"\000"
 428 0188 00000000 		.ascii	"\000\000\000\000\000\000\000\000"
 428      00000000 
 429 0190 07010000 		.ascii	"\007\001\000\000"
 430 0194 53797354 		.ascii	"SysTick_Handler\000"
 430      69636B5F 
 430      48616E64 
 430      6C657200 
 431 01a4 00       		.ascii	"\000"
 432 01a5 01       		.ascii	"\001"
 433 01a6 00       		.ascii	"\000"
 434 01a7 00000000 		.ascii	"\000\000\000\000\000\000\000\000"
 434      00000000 
 435 01af 0D010000 		.ascii	"\015\001\000\000"
 436 01b3 56656374 		.ascii	"Vector40\000"
 436      6F723430 
 436      00
 437 01bc 00       		.ascii	"\000"
 438 01bd 01       		.ascii	"\001"
 439 01be 00       		.ascii	"\000"
 440 01bf 00000000 		.ascii	"\000\000\000\000\000\000\000\000"
 440      00000000 
 441 01c7 13010000 		.ascii	"\023\001\000\000"
 442 01cb 56656374 		.ascii	"Vector44\000"
 442      6F723434 
 442      00
 443 01d4 00       		.ascii	"\000"
 444 01d5 01       		.ascii	"\001"
 445 01d6 00       		.ascii	"\000"
 446 01d7 00000000 		.ascii	"\000\000\000\000\000\000\000\000"
 446      00000000 
 447 01df 19010000 		.ascii	"\031\001\000\000"
 448 01e3 56656374 		.ascii	"Vector48\000"
 448      6F723438 
 448      00
 449 01ec 00       		.ascii	"\000"
 450 01ed 01       		.ascii	"\001"
 451 01ee 00       		.ascii	"\000"
 452 01ef 00000000 		.ascii	"\000\000\000\000\000\000\000\000"
 452      00000000 
 453 01f7 1F010000 		.ascii	"\037\001\000\000"
 454 01fb 56656374 		.ascii	"Vector4C\000"
 454      6F723443 
 454      00
 455 0204 00       		.ascii	"\000"
 456 0205 01       		.ascii	"\001"
ARM GAS  /tmp/cckr9yGK.s 			page 31


 457 0206 00       		.ascii	"\000"
 458 0207 00000000 		.ascii	"\000\000\000\000\000\000\000\000"
 458      00000000 
 459 020f 25010000 		.ascii	"%\001\000\000"
 460 0213 56656374 		.ascii	"Vector50\000"
 460      6F723530 
 460      00
 461 021c 00       		.ascii	"\000"
 462 021d 01       		.ascii	"\001"
 463 021e 00       		.ascii	"\000"
 464 021f 00000000 		.ascii	"\000\000\000\000\000\000\000\000"
 464      00000000 
 465 0227 2B010000 		.ascii	"+\001\000\000"
 466 022b 56656374 		.ascii	"Vector54\000"
 466      6F723534 
 466      00
 467 0234 00       		.ascii	"\000"
 468 0235 01       		.ascii	"\001"
 469 0236 00       		.ascii	"\000"
 470 0237 00000000 		.ascii	"\000\000\000\000\000\000\000\000"
 470      00000000 
 471 023f 31010000 		.ascii	"1\001\000\000"
 472 0243 56656374 		.ascii	"Vector58\000"
 472      6F723538 
 472      00
 473 024c 00       		.ascii	"\000"
 474 024d 01       		.ascii	"\001"
 475 024e 00       		.ascii	"\000"
 476 024f 00000000 		.ascii	"\000\000\000\000\000\000\000\000"
 476      00000000 
 477 0257 37010000 		.ascii	"7\001\000\000"
 478 025b 56656374 		.ascii	"Vector5C\000"
 478      6F723543 
 478      00
 479 0264 00       		.ascii	"\000"
 480 0265 01       		.ascii	"\001"
 481 0266 00       		.ascii	"\000"
 482 0267 00000000 		.ascii	"\000\000\000\000\000\000\000\000"
 482      00000000 
 483 026f 3D010000 		.ascii	"=\001\000\000"
 484 0273 56656374 		.ascii	"Vector60\000"
 484      6F723630 
 484      00
 485 027c 00       		.ascii	"\000"
 486 027d 01       		.ascii	"\001"
 487 027e 00       		.ascii	"\000"
 488 027f 00000000 		.ascii	"\000\000\000\000\000\000\000\000"
 488      00000000 
 489 0287 43010000 		.ascii	"C\001\000\000"
 490 028b 56656374 		.ascii	"Vector64\000"
 490      6F723634 
 490      00
 491 0294 00       		.ascii	"\000"
 492 0295 01       		.ascii	"\001"
 493 0296 00       		.ascii	"\000"
 494 0297 00000000 		.ascii	"\000\000\000\000\000\000\000\000"
 494      00000000 
ARM GAS  /tmp/cckr9yGK.s 			page 32


 495 029f 49010000 		.ascii	"I\001\000\000"
 496 02a3 56656374 		.ascii	"Vector68\000"
 496      6F723638 
 496      00
 497 02ac 00       		.ascii	"\000"
 498 02ad 01       		.ascii	"\001"
 499 02ae 00       		.ascii	"\000"
 500 02af 00000000 		.ascii	"\000\000\000\000\000\000\000\000"
 500      00000000 
 501 02b7 4F010000 		.ascii	"O\001\000\000"
 502 02bb 56656374 		.ascii	"Vector6C\000"
 502      6F723643 
 502      00
 503 02c4 00       		.ascii	"\000"
 504 02c5 01       		.ascii	"\001"
 505 02c6 00       		.ascii	"\000"
 506 02c7 00000000 		.ascii	"\000\000\000\000\000\000\000\000"
 506      00000000 
 507 02cf 55010000 		.ascii	"U\001\000\000"
 508 02d3 56656374 		.ascii	"Vector70\000"
 508      6F723730 
 508      00
 509 02dc 00       		.ascii	"\000"
 510 02dd 01       		.ascii	"\001"
 511 02de 00       		.ascii	"\000"
 512 02df 00000000 		.ascii	"\000\000\000\000\000\000\000\000"
 512      00000000 
 513 02e7 5B010000 		.ascii	"[\001\000\000"
 514 02eb 56656374 		.ascii	"Vector74\000"
 514      6F723734 
 514      00
 515 02f4 00       		.ascii	"\000"
 516 02f5 01       		.ascii	"\001"
 517 02f6 00       		.ascii	"\000"
 518 02f7 00000000 		.ascii	"\000\000\000\000\000\000\000\000"
 518      00000000 
 519 02ff 61010000 		.ascii	"a\001\000\000"
 520 0303 56656374 		.ascii	"Vector78\000"
 520      6F723738 
 520      00
 521 030c 00       		.ascii	"\000"
 522 030d 01       		.ascii	"\001"
 523 030e 00       		.ascii	"\000"
 524 030f 00000000 		.ascii	"\000\000\000\000\000\000\000\000"
 524      00000000 
 525 0317 67010000 		.ascii	"g\001\000\000"
 526 031b 56656374 		.ascii	"Vector7C\000"
 526      6F723743 
 526      00
 527 0324 00       		.ascii	"\000"
 528 0325 01       		.ascii	"\001"
 529 0326 00       		.ascii	"\000"
 530 0327 00000000 		.ascii	"\000\000\000\000\000\000\000\000"
 530      00000000 
 531 032f 6D010000 		.ascii	"m\001\000\000"
 532 0333 56656374 		.ascii	"Vector80\000"
 532      6F723830 
ARM GAS  /tmp/cckr9yGK.s 			page 33


 532      00
 533 033c 00       		.ascii	"\000"
 534 033d 01       		.ascii	"\001"
 535 033e 00       		.ascii	"\000"
 536 033f 00000000 		.ascii	"\000\000\000\000\000\000\000\000"
 536      00000000 
 537 0347 73010000 		.ascii	"s\001\000\000"
 538 034b 56656374 		.ascii	"Vector84\000"
 538      6F723834 
 538      00
 539 0354 00       		.ascii	"\000"
 540 0355 01       		.ascii	"\001"
 541 0356 00       		.ascii	"\000"
 542 0357 00000000 		.ascii	"\000\000\000\000\000\000\000\000"
 542      00000000 
 543 035f 79010000 		.ascii	"y\001\000\000"
 544 0363 56656374 		.ascii	"Vector88\000"
 544      6F723838 
 544      00
 545 036c 00       		.ascii	"\000"
 546 036d 01       		.ascii	"\001"
 547 036e 00       		.ascii	"\000"
 548 036f 00000000 		.ascii	"\000\000\000\000\000\000\000\000"
 548      00000000 
 549 0377 7F010000 		.ascii	"\177\001\000\000"
 550 037b 56656374 		.ascii	"Vector8C\000"
 550      6F723843 
 550      00
 551 0384 00       		.ascii	"\000"
 552 0385 01       		.ascii	"\001"
 553 0386 00       		.ascii	"\000"
 554 0387 00000000 		.ascii	"\000\000\000\000\000\000\000\000"
 554      00000000 
 555 038f 85010000 		.ascii	"\205\001\000\000"
 556 0393 56656374 		.ascii	"Vector90\000"
 556      6F723930 
 556      00
 557 039c 00       		.ascii	"\000"
 558 039d 01       		.ascii	"\001"
 559 039e 00       		.ascii	"\000"
 560 039f 00000000 		.ascii	"\000\000\000\000\000\000\000\000"
 560      00000000 
 561 03a7 8B010000 		.ascii	"\213\001\000\000"
 562 03ab 56656374 		.ascii	"Vector94\000"
 562      6F723934 
 562      00
 563 03b4 00       		.ascii	"\000"
 564 03b5 01       		.ascii	"\001"
 565 03b6 00       		.ascii	"\000"
 566 03b7 00000000 		.ascii	"\000\000\000\000\000\000\000\000"
 566      00000000 
 567 03bf 91010000 		.ascii	"\221\001\000\000"
 568 03c3 56656374 		.ascii	"Vector98\000"
 568      6F723938 
 568      00
 569 03cc 00       		.ascii	"\000"
 570 03cd 01       		.ascii	"\001"
ARM GAS  /tmp/cckr9yGK.s 			page 34


 571 03ce 00       		.ascii	"\000"
 572 03cf 00000000 		.ascii	"\000\000\000\000\000\000\000\000"
 572      00000000 
 573 03d7 97010000 		.ascii	"\227\001\000\000"
 574 03db 56656374 		.ascii	"Vector9C\000"
 574      6F723943 
 574      00
 575 03e4 00       		.ascii	"\000"
 576 03e5 01       		.ascii	"\001"
 577 03e6 00       		.ascii	"\000"
 578 03e7 00000000 		.ascii	"\000\000\000\000\000\000\000\000"
 578      00000000 
 579 03ef 9D010000 		.ascii	"\235\001\000\000"
 580 03f3 56656374 		.ascii	"VectorA0\000"
 580      6F724130 
 580      00
 581 03fc 00       		.ascii	"\000"
 582 03fd 01       		.ascii	"\001"
 583 03fe 00       		.ascii	"\000"
 584 03ff 00000000 		.ascii	"\000\000\000\000\000\000\000\000"
 584      00000000 
 585 0407 A3010000 		.ascii	"\243\001\000\000"
 586 040b 56656374 		.ascii	"VectorA4\000"
 586      6F724134 
 586      00
 587 0414 00       		.ascii	"\000"
 588 0415 01       		.ascii	"\001"
 589 0416 00       		.ascii	"\000"
 590 0417 00000000 		.ascii	"\000\000\000\000\000\000\000\000"
 590      00000000 
 591 041f A9010000 		.ascii	"\251\001\000\000"
 592 0423 56656374 		.ascii	"VectorA8\000"
 592      6F724138 
 592      00
 593 042c 00       		.ascii	"\000"
 594 042d 01       		.ascii	"\001"
 595 042e 00       		.ascii	"\000"
 596 042f 00000000 		.ascii	"\000\000\000\000\000\000\000\000"
 596      00000000 
 597 0437 AF010000 		.ascii	"\257\001\000\000"
 598 043b 56656374 		.ascii	"VectorAC\000"
 598      6F724143 
 598      00
 599 0444 00       		.ascii	"\000"
 600 0445 01       		.ascii	"\001"
 601 0446 00       		.ascii	"\000"
 602 0447 00000000 		.ascii	"\000\000\000\000\000\000\000\000"
 602      00000000 
 603 044f B5010000 		.ascii	"\265\001\000\000"
 604 0453 56656374 		.ascii	"VectorB0\000"
 604      6F724230 
 604      00
 605 045c 00       		.ascii	"\000"
 606 045d 01       		.ascii	"\001"
 607 045e 00       		.ascii	"\000"
 608 045f 00000000 		.ascii	"\000\000\000\000\000\000\000\000"
 608      00000000 
ARM GAS  /tmp/cckr9yGK.s 			page 35


 609 0467 BB010000 		.ascii	"\273\001\000\000"
 610 046b 56656374 		.ascii	"VectorB4\000"
 610      6F724234 
 610      00
 611 0474 00       		.ascii	"\000"
 612 0475 01       		.ascii	"\001"
 613 0476 00       		.ascii	"\000"
 614 0477 00000000 		.ascii	"\000\000\000\000\000\000\000\000"
 614      00000000 
 615 047f C1010000 		.ascii	"\301\001\000\000"
 616 0483 56656374 		.ascii	"VectorB8\000"
 616      6F724238 
 616      00
 617 048c 00       		.ascii	"\000"
 618 048d 01       		.ascii	"\001"
 619 048e 00       		.ascii	"\000"
 620 048f 00000000 		.ascii	"\000\000\000\000\000\000\000\000"
 620      00000000 
 621 0497 C7010000 		.ascii	"\307\001\000\000"
 622 049b 56656374 		.ascii	"VectorBC\000"
 622      6F724243 
 622      00
 623 04a4 00       		.ascii	"\000"
 624 04a5 01       		.ascii	"\001"
 625 04a6 00       		.ascii	"\000"
 626 04a7 00000000 		.ascii	"\000\000\000\000\000\000\000\000"
 626      00000000 
 627 04af CD010000 		.ascii	"\315\001\000\000"
 628 04b3 5F766563 		.ascii	"_vectors\000"
 628      746F7273 
 628      00
 629 04bc 00       		.ascii	"\000"
 630 04bd 00       		.ascii	"\000"
 631 04be 00       		.ascii	"\000"
 632 04bf 00000000 		.ascii	"\000\000\000\000\000\000\000\000"
 632      00000000 
 633 04c7 22020000 		.ascii	"\"\002\000\000"
 634 04cb 5F5F6D61 		.ascii	"__main_stack_end__\000"
 634      696E5F73 
 634      7461636B 
 634      5F656E64 
 634      5F5F00
 635 04de 00       		.ascii	"\000"
 636 04df 02       		.ascii	"\002"
 637 04e0 00       		.ascii	"\000"
 638 04e1 00000000 		.ascii	"\000\000\000\000\000\000\000\000"
 638      00000000 
 639 04e9 24020000 		.ascii	"$\002\000\000"
 640 04ed 52657365 		.ascii	"Reset_Handler\000"
 640      745F4861 
 640      6E646C65 
 640      7200
 641 04fb 00       		.ascii	"\000"
 642 04fc 02       		.ascii	"\002"
 643 04fd 00       		.ascii	"\000"
 644 04fe 00000000 		.ascii	"\000\000\000\000\000\000\000\000"
 644      00000000 
ARM GAS  /tmp/cckr9yGK.s 			page 36


 645 0506 CF010000 		.ascii	"\317\001\000\000"
 646              		.text
 647              		.section	.gnu.lto_.opts,"",%progbits
 648 0000 272D666D 		.ascii	"'-fmath-errno' '-fsigned-zeros' '-ftrapping-math' '"
 648      6174682D 
 648      6572726E 
 648      6F272027 
 648      2D667369 
 649 0033 2D666E6F 		.ascii	"-fno-trapv' '-fno-strict-overflow' '-fno-openmp' '-"
 649      2D747261 
 649      70762720 
 649      272D666E 
 649      6F2D7374 
 650 0066 666E6F2D 		.ascii	"fno-openacc' '-mcpu=cortex-m0' '-mno-thumb-interwor"
 650      6F70656E 
 650      61636327 
 650      20272D6D 
 650      6370753D 
 651 0099 6B272027 		.ascii	"k' '-mthumb' '-ggdb' '-O0' '-fomit-frame-pointer' '"
 651      2D6D7468 
 651      756D6227 
 651      20272D67 
 651      67646227 
 652 00cc 2D66616C 		.ascii	"-falign-functions=16' '-ffunction-sections' '-fdata"
 652      69676E2D 
 652      66756E63 
 652      74696F6E 
 652      733D3136 
 653 00ff 2D736563 		.ascii	"-sections' '-fno-common' '-flto'\000"
 653      74696F6E 
 653      73272027 
 653      2D666E6F 
 653      2D636F6D 
 654              		.text
 655              		.comm	__gnu_lto_v1,1,1
 656              		.comm	__gnu_lto_slim,1,1
 657              		.ident	"GCC: (GNU Tools for ARM Embedded Processors) 5.4.1 20160609 (release) [ARM/embedded-5-bran
ARM GAS  /tmp/cckr9yGK.s 			page 37


DEFINED SYMBOLS
                            *ABS*:0000000000000000 vectors.c
                            *COM*:0000000000000001 __gnu_lto_v1
                            *COM*:0000000000000001 __gnu_lto_slim

NO UNDEFINED SYMBOLS
